ARM GAS  /tmp/ccb4rQkY.s 			page 1


   1              		.syntax unified
   2              		.cpu cortex-m3
   3              		.fpu softvfp
   4              		.eabi_attribute 20, 1
   5              		.eabi_attribute 21, 1
   6              		.eabi_attribute 23, 3
   7              		.eabi_attribute 24, 1
   8              		.eabi_attribute 25, 1
   9              		.eabi_attribute 26, 1
  10              		.eabi_attribute 30, 2
  11              		.eabi_attribute 34, 1
  12              		.eabi_attribute 18, 4
  13              		.thumb
  14              		.file	"board.c"
  15              		.text
  16              	.Ltext0:
  17              		.cfi_sections	.debug_frame
  18              		.section	.text.__early_init,"ax",%progbits
  19              		.align	2
  20              		.global	__early_init
  21              		.thumb
  22              		.thumb_func
  23              		.type	__early_init, %function
  24              	__early_init:
  25              	.LFB63:
  26              		.file 1 "../../boards/TF_OSC/board.c"
  27              		.loc 1 40 0
  28              		.cfi_startproc
  29              		@ args = 0, pretend = 0, frame = 0
  30              		@ frame_needed = 0, uses_anonymous_args = 0
  31              		@ link register save eliminated.
  32              		.loc 1 42 0
  33 0000 FFF7FEBF 		b	stm32_clock_init
  34              	.LVL0:
  35              		.cfi_endproc
  36              	.LFE63:
  37              		.size	__early_init, .-__early_init
  38              		.section	.text.boardInit,"ax",%progbits
  39              		.align	2
  40              		.global	boardInit
  41              		.thumb
  42              		.thumb_func
  43              		.type	boardInit, %function
  44              	boardInit:
  45              	.LFB64:
  46              		.loc 1 48 0
  47              		.cfi_startproc
  48              		@ args = 0, pretend = 0, frame = 0
  49              		@ frame_needed = 0, uses_anonymous_args = 0
  50              		@ link register save eliminated.
  51              		.loc 1 49 0
  52 0000 024B     		ldr	r3, .L3
  53 0002 5A68     		ldr	r2, [r3, #4]
  54 0004 42F08062 		orr	r2, r2, #67108864
  55 0008 5A60     		str	r2, [r3, #4]
  56 000a 7047     		bx	lr
  57              	.L4:
ARM GAS  /tmp/ccb4rQkY.s 			page 2


  58              		.align	2
  59              	.L3:
  60 000c 00000140 		.word	1073807360
  61              		.cfi_endproc
  62              	.LFE64:
  63              		.size	boardInit, .-boardInit
  64              		.global	pal_default_config
  65              		.section	.rodata.pal_default_config,"a",%progbits
  66              		.align	2
  67              		.type	pal_default_config, %object
  68              		.size	pal_default_config, 48
  69              	pal_default_config:
  70 0000 FFFFFFFF 		.word	-1
  71 0004 88888888 		.word	-2004318072
  72 0008 88888888 		.word	-2004318072
  73 000c FFFFFFFF 		.word	-1
  74 0010 88888888 		.word	-2004318072
  75 0014 88888888 		.word	-2004318072
  76 0018 FFFFFFFF 		.word	-1
  77 001c 88888888 		.word	-2004318072
  78 0020 88888888 		.word	-2004318072
  79 0024 FFFFFFFF 		.word	-1
  80 0028 88888888 		.word	-2004318072
  81 002c 88888888 		.word	-2004318072
  82              		.text
  83              	.Letext0:
  84              		.file 2 "/usr/include/newlib/machine/_default_types.h"
  85              		.file 3 "/usr/include/newlib/stdint.h"
  86              		.file 4 "../../os/hal/platforms/STM32F1xx/stm32f10x.h"
  87              		.file 5 "../../os/hal/platforms/STM32/GPIOv1/pal_lld.h"
  88              		.file 6 "../../os/ports/common/ARMCMx/CMSIS/include/core_cm3.h"
  89              		.file 7 "../../os/hal/platforms/STM32F1xx/hal_lld.h"
  90              		.section	.debug_info,"",%progbits
  91              	.Ldebug_info0:
  92 0000 F4010000 		.4byte	0x1f4
  93 0004 0400     		.2byte	0x4
  94 0006 00000000 		.4byte	.Ldebug_abbrev0
  95 000a 04       		.byte	0x4
  96 000b 01       		.uleb128 0x1
  97 000c C1010000 		.4byte	.LASF30
  98 0010 01       		.byte	0x1
  99 0011 1E000000 		.4byte	.LASF31
 100 0015 09010000 		.4byte	.LASF32
 101 0019 00000000 		.4byte	.Ldebug_ranges0+0
 102 001d 00000000 		.4byte	0
 103 0021 00000000 		.4byte	.Ldebug_line0
 104 0025 02       		.uleb128 0x2
 105 0026 04       		.byte	0x4
 106 0027 05       		.byte	0x5
 107 0028 696E7400 		.ascii	"int\000"
 108 002c 03       		.uleb128 0x3
 109 002d 04       		.byte	0x4
 110 002e 07       		.byte	0x7
 111 002f 3A000000 		.4byte	.LASF0
 112 0033 03       		.uleb128 0x3
 113 0034 01       		.byte	0x1
 114 0035 06       		.byte	0x6
ARM GAS  /tmp/ccb4rQkY.s 			page 3


 115 0036 B5010000 		.4byte	.LASF1
 116 003a 03       		.uleb128 0x3
 117 003b 01       		.byte	0x1
 118 003c 08       		.byte	0x8
 119 003d 6D000000 		.4byte	.LASF2
 120 0041 03       		.uleb128 0x3
 121 0042 02       		.byte	0x2
 122 0043 05       		.byte	0x5
 123 0044 89010000 		.4byte	.LASF3
 124 0048 03       		.uleb128 0x3
 125 0049 02       		.byte	0x2
 126 004a 07       		.byte	0x7
 127 004b B1000000 		.4byte	.LASF4
 128 004f 04       		.uleb128 0x4
 129 0050 14000000 		.4byte	.LASF6
 130 0054 02       		.byte	0x2
 131 0055 3F       		.byte	0x3f
 132 0056 5A000000 		.4byte	0x5a
 133 005a 03       		.uleb128 0x3
 134 005b 04       		.byte	0x4
 135 005c 05       		.byte	0x5
 136 005d A7010000 		.4byte	.LASF5
 137 0061 04       		.uleb128 0x4
 138 0062 F7000000 		.4byte	.LASF7
 139 0066 02       		.byte	0x2
 140 0067 41       		.byte	0x41
 141 0068 6C000000 		.4byte	0x6c
 142 006c 03       		.uleb128 0x3
 143 006d 04       		.byte	0x4
 144 006e 07       		.byte	0x7
 145 006f 9F000000 		.4byte	.LASF8
 146 0073 03       		.uleb128 0x3
 147 0074 08       		.byte	0x8
 148 0075 05       		.byte	0x5
 149 0076 7B010000 		.4byte	.LASF9
 150 007a 03       		.uleb128 0x3
 151 007b 08       		.byte	0x8
 152 007c 07       		.byte	0x7
 153 007d 56000000 		.4byte	.LASF10
 154 0081 04       		.uleb128 0x4
 155 0082 6A010000 		.4byte	.LASF11
 156 0086 03       		.byte	0x3
 157 0087 41       		.byte	0x41
 158 0088 4F000000 		.4byte	0x4f
 159 008c 04       		.uleb128 0x4
 160 008d C4000000 		.4byte	.LASF12
 161 0091 03       		.byte	0x3
 162 0092 42       		.byte	0x42
 163 0093 61000000 		.4byte	0x61
 164 0097 03       		.uleb128 0x3
 165 0098 01       		.byte	0x1
 166 0099 02       		.byte	0x2
 167 009a 49020000 		.4byte	.LASF13
 168 009e 05       		.uleb128 0x5
 169 009f 8C000000 		.4byte	0x8c
 170 00a3 03       		.uleb128 0x3
 171 00a4 04       		.byte	0x4
ARM GAS  /tmp/ccb4rQkY.s 			page 4


 172 00a5 07       		.byte	0x7
 173 00a6 72010000 		.4byte	.LASF14
 174 00aa 03       		.uleb128 0x3
 175 00ab 01       		.byte	0x1
 176 00ac 08       		.byte	0x8
 177 00ad 4E010000 		.4byte	.LASF15
 178 00b1 06       		.uleb128 0x6
 179 00b2 8C000000 		.4byte	0x8c
 180 00b6 C1000000 		.4byte	0xc1
 181 00ba 07       		.uleb128 0x7
 182 00bb A3000000 		.4byte	0xa3
 183 00bf 03       		.byte	0x3
 184 00c0 00       		.byte	0
 185 00c1 05       		.uleb128 0x5
 186 00c2 81000000 		.4byte	0x81
 187 00c6 08       		.uleb128 0x8
 188 00c7 20       		.byte	0x20
 189 00c8 04       		.byte	0x4
 190 00c9 0704     		.2byte	0x407
 191 00cb 11010000 		.4byte	0x111
 192 00cf 09       		.uleb128 0x9
 193 00d0 B0010000 		.4byte	.LASF16
 194 00d4 04       		.byte	0x4
 195 00d5 0904     		.2byte	0x409
 196 00d7 9E000000 		.4byte	0x9e
 197 00db 00       		.byte	0
 198 00dc 09       		.uleb128 0x9
 199 00dd 47000000 		.4byte	.LASF17
 200 00e1 04       		.byte	0x4
 201 00e2 0A04     		.2byte	0x40a
 202 00e4 9E000000 		.4byte	0x9e
 203 00e8 04       		.byte	0x4
 204 00e9 09       		.uleb128 0x9
 205 00ea 02010000 		.4byte	.LASF18
 206 00ee 04       		.byte	0x4
 207 00ef 0B04     		.2byte	0x40b
 208 00f1 11010000 		.4byte	0x111
 209 00f5 08       		.byte	0x8
 210 00f6 09       		.uleb128 0x9
 211 00f7 4C000000 		.4byte	.LASF19
 212 00fb 04       		.byte	0x4
 213 00fc 0C04     		.2byte	0x40c
 214 00fe 8C000000 		.4byte	0x8c
 215 0102 18       		.byte	0x18
 216 0103 09       		.uleb128 0x9
 217 0104 9A010000 		.4byte	.LASF20
 218 0108 04       		.byte	0x4
 219 0109 0D04     		.2byte	0x40d
 220 010b 9E000000 		.4byte	0x9e
 221 010f 1C       		.byte	0x1c
 222 0110 00       		.byte	0
 223 0111 05       		.uleb128 0x5
 224 0112 B1000000 		.4byte	0xb1
 225 0116 0A       		.uleb128 0xa
 226 0117 00000000 		.4byte	.LASF21
 227 011b 04       		.byte	0x4
 228 011c 0E04     		.2byte	0x40e
ARM GAS  /tmp/ccb4rQkY.s 			page 5


 229 011e C6000000 		.4byte	0xc6
 230 0122 0B       		.uleb128 0xb
 231 0123 0C       		.byte	0xc
 232 0124 05       		.byte	0x5
 233 0125 38       		.byte	0x38
 234 0126 4F010000 		.4byte	0x14f
 235 012a 0C       		.uleb128 0xc
 236 012b 6F647200 		.ascii	"odr\000"
 237 012f 05       		.byte	0x5
 238 0130 3A       		.byte	0x3a
 239 0131 8C000000 		.4byte	0x8c
 240 0135 00       		.byte	0
 241 0136 0C       		.uleb128 0xc
 242 0137 63726C00 		.ascii	"crl\000"
 243 013b 05       		.byte	0x5
 244 013c 3C       		.byte	0x3c
 245 013d 8C000000 		.4byte	0x8c
 246 0141 04       		.byte	0x4
 247 0142 0C       		.uleb128 0xc
 248 0143 63726800 		.ascii	"crh\000"
 249 0147 05       		.byte	0x5
 250 0148 3E       		.byte	0x3e
 251 0149 8C000000 		.4byte	0x8c
 252 014d 08       		.byte	0x8
 253 014e 00       		.byte	0
 254 014f 04       		.uleb128 0x4
 255 0150 7B000000 		.4byte	.LASF22
 256 0154 05       		.byte	0x5
 257 0155 3F       		.byte	0x3f
 258 0156 22010000 		.4byte	0x122
 259 015a 0B       		.uleb128 0xb
 260 015b 30       		.byte	0x30
 261 015c 05       		.byte	0x5
 262 015d 48       		.byte	0x48
 263 015e 93010000 		.4byte	0x193
 264 0162 0D       		.uleb128 0xd
 265 0163 A0010000 		.4byte	.LASF23
 266 0167 05       		.byte	0x5
 267 0168 4A       		.byte	0x4a
 268 0169 4F010000 		.4byte	0x14f
 269 016d 00       		.byte	0
 270 016e 0D       		.uleb128 0xd
 271 016f 47010000 		.4byte	.LASF24
 272 0173 05       		.byte	0x5
 273 0174 4C       		.byte	0x4c
 274 0175 4F010000 		.4byte	0x14f
 275 0179 0C       		.byte	0xc
 276 017a 0D       		.uleb128 0xd
 277 017b 93010000 		.4byte	.LASF25
 278 017f 05       		.byte	0x5
 279 0180 4E       		.byte	0x4e
 280 0181 4F010000 		.4byte	0x14f
 281 0185 18       		.byte	0x18
 282 0186 0D       		.uleb128 0xd
 283 0187 0D000000 		.4byte	.LASF26
 284 018b 05       		.byte	0x5
 285 018c 50       		.byte	0x50
ARM GAS  /tmp/ccb4rQkY.s 			page 6


 286 018d 4F010000 		.4byte	0x14f
 287 0191 24       		.byte	0x24
 288 0192 00       		.byte	0
 289 0193 04       		.uleb128 0x4
 290 0194 DA000000 		.4byte	.LASF27
 291 0198 05       		.byte	0x5
 292 0199 5D       		.byte	0x5d
 293 019a 5A010000 		.4byte	0x15a
 294 019e 0E       		.uleb128 0xe
 295 019f 5D010000 		.4byte	.LASF33
 296 01a3 01       		.byte	0x1
 297 01a4 28       		.byte	0x28
 298 01a5 00000000 		.4byte	.LFB63
 299 01a9 04000000 		.4byte	.LFE63-.LFB63
 300 01ad 01       		.uleb128 0x1
 301 01ae 9C       		.byte	0x9c
 302 01af BD010000 		.4byte	0x1bd
 303 01b3 0F       		.uleb128 0xf
 304 01b4 04000000 		.4byte	.LVL0
 305 01b8 F0010000 		.4byte	0x1f0
 306 01bc 00       		.byte	0
 307 01bd 10       		.uleb128 0x10
 308 01be 53010000 		.4byte	.LASF34
 309 01c2 01       		.byte	0x1
 310 01c3 30       		.byte	0x30
 311 01c4 00000000 		.4byte	.LFB64
 312 01c8 10000000 		.4byte	.LFE64-.LFB64
 313 01cc 01       		.uleb128 0x1
 314 01cd 9C       		.byte	0x9c
 315 01ce 11       		.uleb128 0x11
 316 01cf CD000000 		.4byte	.LASF28
 317 01d3 06       		.byte	0x6
 318 01d4 0706     		.2byte	0x607
 319 01d6 C1000000 		.4byte	0xc1
 320 01da 12       		.uleb128 0x12
 321 01db E4000000 		.4byte	.LASF29
 322 01df 01       		.byte	0x1
 323 01e0 1A       		.byte	0x1a
 324 01e1 EB010000 		.4byte	0x1eb
 325 01e5 05       		.uleb128 0x5
 326 01e6 03       		.byte	0x3
 327 01e7 00000000 		.4byte	pal_default_config
 328 01eb 13       		.uleb128 0x13
 329 01ec 93010000 		.4byte	0x193
 330 01f0 14       		.uleb128 0x14
 331 01f1 8E000000 		.4byte	.LASF35
 332 01f5 07       		.byte	0x7
 333 01f6 F8       		.byte	0xf8
 334 01f7 00       		.byte	0
 335              		.section	.debug_abbrev,"",%progbits
 336              	.Ldebug_abbrev0:
 337 0000 01       		.uleb128 0x1
 338 0001 11       		.uleb128 0x11
 339 0002 01       		.byte	0x1
 340 0003 25       		.uleb128 0x25
 341 0004 0E       		.uleb128 0xe
 342 0005 13       		.uleb128 0x13
ARM GAS  /tmp/ccb4rQkY.s 			page 7


 343 0006 0B       		.uleb128 0xb
 344 0007 03       		.uleb128 0x3
 345 0008 0E       		.uleb128 0xe
 346 0009 1B       		.uleb128 0x1b
 347 000a 0E       		.uleb128 0xe
 348 000b 55       		.uleb128 0x55
 349 000c 17       		.uleb128 0x17
 350 000d 11       		.uleb128 0x11
 351 000e 01       		.uleb128 0x1
 352 000f 10       		.uleb128 0x10
 353 0010 17       		.uleb128 0x17
 354 0011 00       		.byte	0
 355 0012 00       		.byte	0
 356 0013 02       		.uleb128 0x2
 357 0014 24       		.uleb128 0x24
 358 0015 00       		.byte	0
 359 0016 0B       		.uleb128 0xb
 360 0017 0B       		.uleb128 0xb
 361 0018 3E       		.uleb128 0x3e
 362 0019 0B       		.uleb128 0xb
 363 001a 03       		.uleb128 0x3
 364 001b 08       		.uleb128 0x8
 365 001c 00       		.byte	0
 366 001d 00       		.byte	0
 367 001e 03       		.uleb128 0x3
 368 001f 24       		.uleb128 0x24
 369 0020 00       		.byte	0
 370 0021 0B       		.uleb128 0xb
 371 0022 0B       		.uleb128 0xb
 372 0023 3E       		.uleb128 0x3e
 373 0024 0B       		.uleb128 0xb
 374 0025 03       		.uleb128 0x3
 375 0026 0E       		.uleb128 0xe
 376 0027 00       		.byte	0
 377 0028 00       		.byte	0
 378 0029 04       		.uleb128 0x4
 379 002a 16       		.uleb128 0x16
 380 002b 00       		.byte	0
 381 002c 03       		.uleb128 0x3
 382 002d 0E       		.uleb128 0xe
 383 002e 3A       		.uleb128 0x3a
 384 002f 0B       		.uleb128 0xb
 385 0030 3B       		.uleb128 0x3b
 386 0031 0B       		.uleb128 0xb
 387 0032 49       		.uleb128 0x49
 388 0033 13       		.uleb128 0x13
 389 0034 00       		.byte	0
 390 0035 00       		.byte	0
 391 0036 05       		.uleb128 0x5
 392 0037 35       		.uleb128 0x35
 393 0038 00       		.byte	0
 394 0039 49       		.uleb128 0x49
 395 003a 13       		.uleb128 0x13
 396 003b 00       		.byte	0
 397 003c 00       		.byte	0
 398 003d 06       		.uleb128 0x6
 399 003e 01       		.uleb128 0x1
ARM GAS  /tmp/ccb4rQkY.s 			page 8


 400 003f 01       		.byte	0x1
 401 0040 49       		.uleb128 0x49
 402 0041 13       		.uleb128 0x13
 403 0042 01       		.uleb128 0x1
 404 0043 13       		.uleb128 0x13
 405 0044 00       		.byte	0
 406 0045 00       		.byte	0
 407 0046 07       		.uleb128 0x7
 408 0047 21       		.uleb128 0x21
 409 0048 00       		.byte	0
 410 0049 49       		.uleb128 0x49
 411 004a 13       		.uleb128 0x13
 412 004b 2F       		.uleb128 0x2f
 413 004c 0B       		.uleb128 0xb
 414 004d 00       		.byte	0
 415 004e 00       		.byte	0
 416 004f 08       		.uleb128 0x8
 417 0050 13       		.uleb128 0x13
 418 0051 01       		.byte	0x1
 419 0052 0B       		.uleb128 0xb
 420 0053 0B       		.uleb128 0xb
 421 0054 3A       		.uleb128 0x3a
 422 0055 0B       		.uleb128 0xb
 423 0056 3B       		.uleb128 0x3b
 424 0057 05       		.uleb128 0x5
 425 0058 01       		.uleb128 0x1
 426 0059 13       		.uleb128 0x13
 427 005a 00       		.byte	0
 428 005b 00       		.byte	0
 429 005c 09       		.uleb128 0x9
 430 005d 0D       		.uleb128 0xd
 431 005e 00       		.byte	0
 432 005f 03       		.uleb128 0x3
 433 0060 0E       		.uleb128 0xe
 434 0061 3A       		.uleb128 0x3a
 435 0062 0B       		.uleb128 0xb
 436 0063 3B       		.uleb128 0x3b
 437 0064 05       		.uleb128 0x5
 438 0065 49       		.uleb128 0x49
 439 0066 13       		.uleb128 0x13
 440 0067 38       		.uleb128 0x38
 441 0068 0B       		.uleb128 0xb
 442 0069 00       		.byte	0
 443 006a 00       		.byte	0
 444 006b 0A       		.uleb128 0xa
 445 006c 16       		.uleb128 0x16
 446 006d 00       		.byte	0
 447 006e 03       		.uleb128 0x3
 448 006f 0E       		.uleb128 0xe
 449 0070 3A       		.uleb128 0x3a
 450 0071 0B       		.uleb128 0xb
 451 0072 3B       		.uleb128 0x3b
 452 0073 05       		.uleb128 0x5
 453 0074 49       		.uleb128 0x49
 454 0075 13       		.uleb128 0x13
 455 0076 00       		.byte	0
 456 0077 00       		.byte	0
ARM GAS  /tmp/ccb4rQkY.s 			page 9


 457 0078 0B       		.uleb128 0xb
 458 0079 13       		.uleb128 0x13
 459 007a 01       		.byte	0x1
 460 007b 0B       		.uleb128 0xb
 461 007c 0B       		.uleb128 0xb
 462 007d 3A       		.uleb128 0x3a
 463 007e 0B       		.uleb128 0xb
 464 007f 3B       		.uleb128 0x3b
 465 0080 0B       		.uleb128 0xb
 466 0081 01       		.uleb128 0x1
 467 0082 13       		.uleb128 0x13
 468 0083 00       		.byte	0
 469 0084 00       		.byte	0
 470 0085 0C       		.uleb128 0xc
 471 0086 0D       		.uleb128 0xd
 472 0087 00       		.byte	0
 473 0088 03       		.uleb128 0x3
 474 0089 08       		.uleb128 0x8
 475 008a 3A       		.uleb128 0x3a
 476 008b 0B       		.uleb128 0xb
 477 008c 3B       		.uleb128 0x3b
 478 008d 0B       		.uleb128 0xb
 479 008e 49       		.uleb128 0x49
 480 008f 13       		.uleb128 0x13
 481 0090 38       		.uleb128 0x38
 482 0091 0B       		.uleb128 0xb
 483 0092 00       		.byte	0
 484 0093 00       		.byte	0
 485 0094 0D       		.uleb128 0xd
 486 0095 0D       		.uleb128 0xd
 487 0096 00       		.byte	0
 488 0097 03       		.uleb128 0x3
 489 0098 0E       		.uleb128 0xe
 490 0099 3A       		.uleb128 0x3a
 491 009a 0B       		.uleb128 0xb
 492 009b 3B       		.uleb128 0x3b
 493 009c 0B       		.uleb128 0xb
 494 009d 49       		.uleb128 0x49
 495 009e 13       		.uleb128 0x13
 496 009f 38       		.uleb128 0x38
 497 00a0 0B       		.uleb128 0xb
 498 00a1 00       		.byte	0
 499 00a2 00       		.byte	0
 500 00a3 0E       		.uleb128 0xe
 501 00a4 2E       		.uleb128 0x2e
 502 00a5 01       		.byte	0x1
 503 00a6 3F       		.uleb128 0x3f
 504 00a7 19       		.uleb128 0x19
 505 00a8 03       		.uleb128 0x3
 506 00a9 0E       		.uleb128 0xe
 507 00aa 3A       		.uleb128 0x3a
 508 00ab 0B       		.uleb128 0xb
 509 00ac 3B       		.uleb128 0x3b
 510 00ad 0B       		.uleb128 0xb
 511 00ae 27       		.uleb128 0x27
 512 00af 19       		.uleb128 0x19
 513 00b0 11       		.uleb128 0x11
ARM GAS  /tmp/ccb4rQkY.s 			page 10


 514 00b1 01       		.uleb128 0x1
 515 00b2 12       		.uleb128 0x12
 516 00b3 06       		.uleb128 0x6
 517 00b4 40       		.uleb128 0x40
 518 00b5 18       		.uleb128 0x18
 519 00b6 9742     		.uleb128 0x2117
 520 00b8 19       		.uleb128 0x19
 521 00b9 01       		.uleb128 0x1
 522 00ba 13       		.uleb128 0x13
 523 00bb 00       		.byte	0
 524 00bc 00       		.byte	0
 525 00bd 0F       		.uleb128 0xf
 526 00be 898201   		.uleb128 0x4109
 527 00c1 00       		.byte	0
 528 00c2 11       		.uleb128 0x11
 529 00c3 01       		.uleb128 0x1
 530 00c4 9542     		.uleb128 0x2115
 531 00c6 19       		.uleb128 0x19
 532 00c7 31       		.uleb128 0x31
 533 00c8 13       		.uleb128 0x13
 534 00c9 00       		.byte	0
 535 00ca 00       		.byte	0
 536 00cb 10       		.uleb128 0x10
 537 00cc 2E       		.uleb128 0x2e
 538 00cd 00       		.byte	0
 539 00ce 3F       		.uleb128 0x3f
 540 00cf 19       		.uleb128 0x19
 541 00d0 03       		.uleb128 0x3
 542 00d1 0E       		.uleb128 0xe
 543 00d2 3A       		.uleb128 0x3a
 544 00d3 0B       		.uleb128 0xb
 545 00d4 3B       		.uleb128 0x3b
 546 00d5 0B       		.uleb128 0xb
 547 00d6 27       		.uleb128 0x27
 548 00d7 19       		.uleb128 0x19
 549 00d8 11       		.uleb128 0x11
 550 00d9 01       		.uleb128 0x1
 551 00da 12       		.uleb128 0x12
 552 00db 06       		.uleb128 0x6
 553 00dc 40       		.uleb128 0x40
 554 00dd 18       		.uleb128 0x18
 555 00de 9742     		.uleb128 0x2117
 556 00e0 19       		.uleb128 0x19
 557 00e1 00       		.byte	0
 558 00e2 00       		.byte	0
 559 00e3 11       		.uleb128 0x11
 560 00e4 34       		.uleb128 0x34
 561 00e5 00       		.byte	0
 562 00e6 03       		.uleb128 0x3
 563 00e7 0E       		.uleb128 0xe
 564 00e8 3A       		.uleb128 0x3a
 565 00e9 0B       		.uleb128 0xb
 566 00ea 3B       		.uleb128 0x3b
 567 00eb 05       		.uleb128 0x5
 568 00ec 49       		.uleb128 0x49
 569 00ed 13       		.uleb128 0x13
 570 00ee 3F       		.uleb128 0x3f
ARM GAS  /tmp/ccb4rQkY.s 			page 11


 571 00ef 19       		.uleb128 0x19
 572 00f0 3C       		.uleb128 0x3c
 573 00f1 19       		.uleb128 0x19
 574 00f2 00       		.byte	0
 575 00f3 00       		.byte	0
 576 00f4 12       		.uleb128 0x12
 577 00f5 34       		.uleb128 0x34
 578 00f6 00       		.byte	0
 579 00f7 03       		.uleb128 0x3
 580 00f8 0E       		.uleb128 0xe
 581 00f9 3A       		.uleb128 0x3a
 582 00fa 0B       		.uleb128 0xb
 583 00fb 3B       		.uleb128 0x3b
 584 00fc 0B       		.uleb128 0xb
 585 00fd 49       		.uleb128 0x49
 586 00fe 13       		.uleb128 0x13
 587 00ff 3F       		.uleb128 0x3f
 588 0100 19       		.uleb128 0x19
 589 0101 02       		.uleb128 0x2
 590 0102 18       		.uleb128 0x18
 591 0103 00       		.byte	0
 592 0104 00       		.byte	0
 593 0105 13       		.uleb128 0x13
 594 0106 26       		.uleb128 0x26
 595 0107 00       		.byte	0
 596 0108 49       		.uleb128 0x49
 597 0109 13       		.uleb128 0x13
 598 010a 00       		.byte	0
 599 010b 00       		.byte	0
 600 010c 14       		.uleb128 0x14
 601 010d 2E       		.uleb128 0x2e
 602 010e 00       		.byte	0
 603 010f 3F       		.uleb128 0x3f
 604 0110 19       		.uleb128 0x19
 605 0111 03       		.uleb128 0x3
 606 0112 0E       		.uleb128 0xe
 607 0113 3A       		.uleb128 0x3a
 608 0114 0B       		.uleb128 0xb
 609 0115 3B       		.uleb128 0x3b
 610 0116 0B       		.uleb128 0xb
 611 0117 27       		.uleb128 0x27
 612 0118 19       		.uleb128 0x19
 613 0119 3C       		.uleb128 0x3c
 614 011a 19       		.uleb128 0x19
 615 011b 00       		.byte	0
 616 011c 00       		.byte	0
 617 011d 00       		.byte	0
 618              		.section	.debug_aranges,"",%progbits
 619 0000 24000000 		.4byte	0x24
 620 0004 0200     		.2byte	0x2
 621 0006 00000000 		.4byte	.Ldebug_info0
 622 000a 04       		.byte	0x4
 623 000b 00       		.byte	0
 624 000c 0000     		.2byte	0
 625 000e 0000     		.2byte	0
 626 0010 00000000 		.4byte	.LFB63
 627 0014 04000000 		.4byte	.LFE63-.LFB63
ARM GAS  /tmp/ccb4rQkY.s 			page 12


 628 0018 00000000 		.4byte	.LFB64
 629 001c 10000000 		.4byte	.LFE64-.LFB64
 630 0020 00000000 		.4byte	0
 631 0024 00000000 		.4byte	0
 632              		.section	.debug_ranges,"",%progbits
 633              	.Ldebug_ranges0:
 634 0000 00000000 		.4byte	.LFB63
 635 0004 04000000 		.4byte	.LFE63
 636 0008 00000000 		.4byte	.LFB64
 637 000c 10000000 		.4byte	.LFE64
 638 0010 00000000 		.4byte	0
 639 0014 00000000 		.4byte	0
 640              		.section	.debug_line,"",%progbits
 641              	.Ldebug_line0:
 642 0000 4F010000 		.section	.debug_str,"MS",%progbits,1
 642      02002901 
 642      00000201 
 642      FB0E0D00 
 642      01010101 
 643              	.LASF21:
 644 0000 4146494F 		.ascii	"AFIO_TypeDef\000"
 644      5F547970 
 644      65446566 
 644      00
 645              	.LASF26:
 646 000d 50444461 		.ascii	"PDData\000"
 646      746100
 647              	.LASF6:
 648 0014 5F5F696E 		.ascii	"__int32_t\000"
 648      7433325F 
 648      7400
 649              	.LASF31:
 650 001e 2E2E2F2E 		.ascii	"../../boards/TF_OSC/board.c\000"
 650      2E2F626F 
 650      61726473 
 650      2F54465F 
 650      4F53432F 
 651              	.LASF0:
 652 003a 756E7369 		.ascii	"unsigned int\000"
 652      676E6564 
 652      20696E74 
 652      00
 653              	.LASF17:
 654 0047 4D415052 		.ascii	"MAPR\000"
 654      00
 655              	.LASF19:
 656 004c 52455345 		.ascii	"RESERVED0\000"
 656      52564544 
 656      3000
 657              	.LASF10:
 658 0056 6C6F6E67 		.ascii	"long long unsigned int\000"
 658      206C6F6E 
 658      6720756E 
 658      7369676E 
 658      65642069 
 659              	.LASF2:
 660 006d 756E7369 		.ascii	"unsigned char\000"
ARM GAS  /tmp/ccb4rQkY.s 			page 13


 660      676E6564 
 660      20636861 
 660      7200
 661              	.LASF22:
 662 007b 73746D33 		.ascii	"stm32_gpio_setup_t\000"
 662      325F6770 
 662      696F5F73 
 662      65747570 
 662      5F7400
 663              	.LASF35:
 664 008e 73746D33 		.ascii	"stm32_clock_init\000"
 664      325F636C 
 664      6F636B5F 
 664      696E6974 
 664      00
 665              	.LASF8:
 666 009f 6C6F6E67 		.ascii	"long unsigned int\000"
 666      20756E73 
 666      69676E65 
 666      6420696E 
 666      7400
 667              	.LASF4:
 668 00b1 73686F72 		.ascii	"short unsigned int\000"
 668      7420756E 
 668      7369676E 
 668      65642069 
 668      6E7400
 669              	.LASF12:
 670 00c4 75696E74 		.ascii	"uint32_t\000"
 670      33325F74 
 670      00
 671              	.LASF28:
 672 00cd 49544D5F 		.ascii	"ITM_RxBuffer\000"
 672      52784275 
 672      66666572 
 672      00
 673              	.LASF27:
 674 00da 50414C43 		.ascii	"PALConfig\000"
 674      6F6E6669 
 674      6700
 675              	.LASF29:
 676 00e4 70616C5F 		.ascii	"pal_default_config\000"
 676      64656661 
 676      756C745F 
 676      636F6E66 
 676      696700
 677              	.LASF7:
 678 00f7 5F5F7569 		.ascii	"__uint32_t\000"
 678      6E743332 
 678      5F7400
 679              	.LASF18:
 680 0102 45585449 		.ascii	"EXTICR\000"
 680      435200
 681              	.LASF32:
 682 0109 2F686F6D 		.ascii	"/home/development/Projects/openpv/TF_OSC_ChibiOS/jo"
 682      652F6465 
 682      76656C6F 
ARM GAS  /tmp/ccb4rQkY.s 			page 14


 682      706D656E 
 682      742F5072 
 683 013c 6D626C6F 		.ascii	"mblo/BASIC\000"
 683      2F424153 
 683      494300
 684              	.LASF24:
 685 0147 50424461 		.ascii	"PBData\000"
 685      746100
 686              	.LASF15:
 687 014e 63686172 		.ascii	"char\000"
 687      00
 688              	.LASF34:
 689 0153 626F6172 		.ascii	"boardInit\000"
 689      64496E69 
 689      7400
 690              	.LASF33:
 691 015d 5F5F6561 		.ascii	"__early_init\000"
 691      726C795F 
 691      696E6974 
 691      00
 692              	.LASF11:
 693 016a 696E7433 		.ascii	"int32_t\000"
 693      325F7400 
 694              	.LASF14:
 695 0172 73697A65 		.ascii	"sizetype\000"
 695      74797065 
 695      00
 696              	.LASF9:
 697 017b 6C6F6E67 		.ascii	"long long int\000"
 697      206C6F6E 
 697      6720696E 
 697      7400
 698              	.LASF3:
 699 0189 73686F72 		.ascii	"short int\000"
 699      7420696E 
 699      7400
 700              	.LASF25:
 701 0193 50434461 		.ascii	"PCData\000"
 701      746100
 702              	.LASF20:
 703 019a 4D415052 		.ascii	"MAPR2\000"
 703      3200
 704              	.LASF23:
 705 01a0 50414461 		.ascii	"PAData\000"
 705      746100
 706              	.LASF5:
 707 01a7 6C6F6E67 		.ascii	"long int\000"
 707      20696E74 
 707      00
 708              	.LASF16:
 709 01b0 45564352 		.ascii	"EVCR\000"
 709      00
 710              	.LASF1:
 711 01b5 7369676E 		.ascii	"signed char\000"
 711      65642063 
 711      68617200 
 712              	.LASF30:
ARM GAS  /tmp/ccb4rQkY.s 			page 15


 713 01c1 474E5520 		.ascii	"GNU C 4.8.3 -mcpu=cortex-m3 -mno-thumb-interwork -m"
 713      4320342E 
 713      382E3320 
 713      2D6D6370 
 713      753D636F 
 714 01f4 7468756D 		.ascii	"thumb -ggdb -O2 -fomit-frame-pointer -ffunction-sec"
 714      62202D67 
 714      67646220 
 714      2D4F3220 
 714      2D666F6D 
 715 0227 74696F6E 		.ascii	"tions -fdata-sections -fno-common\000"
 715      73202D66 
 715      64617461 
 715      2D736563 
 715      74696F6E 
 716              	.LASF13:
 717 0249 5F426F6F 		.ascii	"_Bool\000"
 717      6C00
 718              		.ident	"GCC: (4.8.3-18ubuntu2+12) 4.8.3"
ARM GAS  /tmp/ccb4rQkY.s 			page 16


DEFINED SYMBOLS
                            *ABS*:00000000 board.c
     /tmp/ccb4rQkY.s:19     .text.__early_init:00000000 $t
     /tmp/ccb4rQkY.s:24     .text.__early_init:00000000 __early_init
     /tmp/ccb4rQkY.s:39     .text.boardInit:00000000 $t
     /tmp/ccb4rQkY.s:44     .text.boardInit:00000000 boardInit
     /tmp/ccb4rQkY.s:60     .text.boardInit:0000000c $d
     /tmp/ccb4rQkY.s:69     .rodata.pal_default_config:00000000 pal_default_config
     /tmp/ccb4rQkY.s:66     .rodata.pal_default_config:00000000 $d
                     .debug_frame:00000010 $d

UNDEFINED SYMBOLS
stm32_clock_init
