ARM GAS  /tmp/cctkIrJw.s 			page 1


   1              		.syntax unified
   2              		.cpu cortex-m3
   3              		.fpu softvfp
   4              		.eabi_attribute 20, 1
   5              		.eabi_attribute 21, 1
   6              		.eabi_attribute 23, 3
   7              		.eabi_attribute 24, 1
   8              		.eabi_attribute 25, 1
   9              		.eabi_attribute 26, 1
  10              		.eabi_attribute 30, 2
  11              		.eabi_attribute 34, 1
  12              		.eabi_attribute 18, 4
  13              		.thumb
  14              		.file	"chcore_v7m.c"
  15              		.text
  16              	.Ltext0:
  17              		.cfi_sections	.debug_frame
  18              		.section	.text._port_switch_from_isr,"ax",%progbits
  19              		.align	2
  20              		.global	_port_switch_from_isr
  21              		.thumb
  22              		.thumb_func
  23              		.type	_port_switch_from_isr, %function
  24              	_port_switch_from_isr:
  25              	.LFB11:
  26              		.file 1 "../../os/ports/GCC/ARMCMx/chcore_v7m.c"
  27              		.loc 1 207 0
  28              		.cfi_startproc
  29              		@ Naked Function: prologue and epilogue provided by programmer.
  30              		@ args = 0, pretend = 0, frame = 0
  31              		@ frame_needed = 0, uses_anonymous_args = 0
  32              		.loc 1 210 0
  33 0000 FFF7FEFF 		bl	chSchDoReschedule
  34              	.LVL0:
  35              		.loc 1 212 0
  36              	@ 212 "../../os/ports/GCC/ARMCMx/chcore_v7m.c" 1
  37              		_port_exit_from_isr:
  38              	@ 0 "" 2
  39              		.loc 1 214 0
  40              	@ 214 "../../os/ports/GCC/ARMCMx/chcore_v7m.c" 1
  41 0004 00DF     		svc     #0
  42              	@ 0 "" 2
  43              		.loc 1 221 0
  44              		.thumb
  45              		.cfi_endproc
  46              	.LFE11:
  47              		.size	_port_switch_from_isr, .-_port_switch_from_isr
  48 0006 00BF     		.section	.text.SVCallVector,"ax",%progbits
  49              		.align	2
  50              		.global	SVCallVector
  51              		.thumb
  52              		.thumb_func
  53              		.type	SVCallVector, %function
  54              	SVCallVector:
  55              	.LFB8:
  56              		.loc 1 65 0
  57              		.cfi_startproc
ARM GAS  /tmp/cctkIrJw.s 			page 2


  58              		@ args = 0, pretend = 0, frame = 0
  59              		@ frame_needed = 0, uses_anonymous_args = 0
  60              		@ link register save eliminated.
  61              		.loc 1 69 0
  62              	@ 69 "../../os/ports/GCC/ARMCMx/chcore_v7m.c" 1
  63 0000 EFF30983 		mrs     r3, PSP
  64              	@ 0 "" 2
  65              	.LVL1:
  66              		.loc 1 73 0
  67              		.thumb
  68 0004 2033     		adds	r3, r3, #32
  69              	.LVL2:
  70              		.loc 1 80 0
  71              	@ 80 "../../os/ports/GCC/ARMCMx/chcore_v7m.c" 1
  72 0006 83F30988 		msr     PSP, r3
  73              	@ 0 "" 2
  74              		.thumb
  75              	.LBB2:
  76              		.loc 1 81 0
  77 000a 0023     		movs	r3, #0
  78              	.LVL3:
  79              	@ 81 "../../os/ports/GCC/ARMCMx/chcore_v7m.c" 1
  80 000c 83F31188 		msr     BASEPRI, r3
  81              	@ 0 "" 2
  82              		.thumb
  83 0010 7047     		bx	lr
  84              	.LBE2:
  85              		.cfi_endproc
  86              	.LFE8:
  87              		.size	SVCallVector, .-SVCallVector
  88 0012 00BF     		.section	.text._port_init,"ax",%progbits
  89              		.align	2
  90              		.global	_port_init
  91              		.thumb
  92              		.thumb_func
  93              		.type	_port_init, %function
  94              	_port_init:
  95              	.LFB9:
  96              		.loc 1 118 0
  97              		.cfi_startproc
  98              		@ args = 0, pretend = 0, frame = 0
  99              		@ frame_needed = 0, uses_anonymous_args = 0
 100 0000 08B5     		push	{r3, lr}
 101              		.cfi_def_cfa_offset 8
 102              		.cfi_offset 3, -8
 103              		.cfi_offset 14, -4
 104              		.loc 1 122 0
 105 0002 094A     		ldr	r2, .L4
 106              		.loc 1 121 0
 107 0004 094B     		ldr	r3, .L4+4
 108 0006 0021     		movs	r1, #0
 109 0008 9960     		str	r1, [r3, #8]
 110              		.loc 1 125 0
 111 000a 0720     		movs	r0, #7
 112              		.loc 1 122 0
 113 000c DA60     		str	r2, [r3, #12]
 114              		.loc 1 125 0
ARM GAS  /tmp/cctkIrJw.s 			page 3


 115 000e 1021     		movs	r1, #16
 116 0010 FFF7FEFF 		bl	nvicSetSystemHandlerPriority
 117              	.LVL4:
 118              		.loc 1 127 0
 119 0014 0A20     		movs	r0, #10
 120 0016 2021     		movs	r1, #32
 121 0018 FFF7FEFF 		bl	nvicSetSystemHandlerPriority
 122              	.LVL5:
 123              		.loc 1 131 0
 124 001c BDE80840 		pop	{r3, lr}
 125              		.loc 1 129 0
 126 0020 0B20     		movs	r0, #11
 127 0022 8021     		movs	r1, #128
 128 0024 FFF7FEBF 		b	nvicSetSystemHandlerPriority
 129              	.LVL6:
 130              	.L5:
 131              		.align	2
 132              	.L4:
 133 0028 0003FA05 		.word	100270848
 134 002c 00ED00E0 		.word	-536810240
 135              		.cfi_endproc
 136              	.LFE9:
 137              		.size	_port_init, .-_port_init
 138              		.section	.text._port_irq_epilogue,"ax",%progbits
 139              		.align	2
 140              		.global	_port_irq_epilogue
 141              		.thumb
 142              		.thumb_func
 143              		.type	_port_irq_epilogue, %function
 144              	_port_irq_epilogue:
 145              	.LFB10:
 146              		.loc 1 148 0
 147              		.cfi_startproc
 148              		@ args = 0, pretend = 0, frame = 0
 149              		@ frame_needed = 0, uses_anonymous_args = 0
 150              		@ link register save eliminated.
 151              	.LBB3:
 152              		.loc 1 150 0
 153 0000 2023     		movs	r3, #32
 154              	@ 150 "../../os/ports/GCC/ARMCMx/chcore_v7m.c" 1
 155 0002 83F31188 		msr     BASEPRI, r3
 156              	@ 0 "" 2
 157              		.thumb
 158              	.LBE3:
 159              		.loc 1 151 0
 160 0006 164B     		ldr	r3, .L14
 161 0008 5B68     		ldr	r3, [r3, #4]
 162 000a 13F40063 		ands	r3, r3, #2048
 163 000e 19D0     		beq	.L7
 164              	.LBB4:
 165              		.loc 1 155 0
 166              	@ 155 "../../os/ports/GCC/ARMCMx/chcore_v7m.c" 1
 167 0010 EFF30983 		mrs     r3, PSP
 168              	@ 0 "" 2
 169              	.LVL7:
 170              		.loc 1 159 0
 171              		.thumb
ARM GAS  /tmp/cctkIrJw.s 			page 4


 172 0014 A3F12002 		sub	r2, r3, #32
 173              	.LVL8:
 174              		.loc 1 160 0
 175              	@ 160 "../../os/ports/GCC/ARMCMx/chcore_v7m.c" 1
 176 0018 82F30988 		msr     PSP, r2
 177              	@ 0 "" 2
 178              		.loc 1 165 0
 179              		.thumb
 180 001c 1149     		ldr	r1, .L14+4
 181              		.loc 1 161 0
 182 001e 4FF08070 		mov	r0, #16777216
 183              		.loc 1 165 0
 184 0022 8A69     		ldr	r2, [r1, #24]
 185              	.LVL9:
 186              		.loc 1 161 0
 187 0024 43F8040C 		str	r0, [r3, #-4]
 188              		.loc 1 165 0
 189 0028 D07F     		ldrb	r0, [r2, #31]	@ zero_extendqisi2
 190 002a 0968     		ldr	r1, [r1]
 191 002c 9268     		ldr	r2, [r2, #8]
 192 002e 8968     		ldr	r1, [r1, #8]
 193 0030 58B1     		cbz	r0, .L8
 194              		.loc 1 165 0 is_stmt 0 discriminator 1
 195 0032 9142     		cmp	r1, r2
 196 0034 94BF     		ite	ls
 197 0036 0022     		movls	r2, #0
 198 0038 0122     		movhi	r2, #1
 199 003a 62B1     		cbz	r2, .L10
 200              	.L13:
 201              		.loc 1 167 0 is_stmt 1
 202 003c 0A4A     		ldr	r2, .L14+8
 203 003e 43F8082C 		str	r2, [r3, #-8]
 204 0042 7047     		bx	lr
 205              	.LVL10:
 206              	.L7:
 207              	.LBE4:
 208              	.LBB5:
 209              		.loc 1 197 0
 210              	@ 197 "../../os/ports/GCC/ARMCMx/chcore_v7m.c" 1
 211 0044 83F31188 		msr     BASEPRI, r3
 212              	@ 0 "" 2
 213              		.thumb
 214 0048 7047     		bx	lr
 215              	.LVL11:
 216              	.L8:
 217              	.LBE5:
 218              	.LBB6:
 219              		.loc 1 165 0 discriminator 2
 220 004a 9142     		cmp	r1, r2
 221 004c 34BF     		ite	cc
 222 004e 0022     		movcc	r2, #0
 223 0050 0122     		movcs	r2, #1
 224 0052 002A     		cmp	r2, #0
 225 0054 F2D1     		bne	.L13
 226              	.L10:
 227              		.loc 1 176 0
 228 0056 054A     		ldr	r2, .L14+12
ARM GAS  /tmp/cctkIrJw.s 			page 5


 229 0058 43F8082C 		str	r2, [r3, #-8]
 230 005c 7047     		bx	lr
 231              	.L15:
 232 005e 00BF     		.align	2
 233              	.L14:
 234 0060 00ED00E0 		.word	-536810240
 235 0064 00000000 		.word	rlist
 236 0068 00000000 		.word	_port_switch_from_isr
 237 006c 04000000 		.word	_port_exit_from_isr
 238              	.LBE6:
 239              		.cfi_endproc
 240              	.LFE10:
 241              		.size	_port_irq_epilogue, .-_port_irq_epilogue
 242              		.section	.text.SysTickVector,"ax",%progbits
 243              		.align	2
 244              		.global	SysTickVector
 245              		.thumb
 246              		.thumb_func
 247              		.type	SysTickVector, %function
 248              	SysTickVector:
 249              	.LFB7:
 250              		.loc 1 47 0
 251              		.cfi_startproc
 252              		@ args = 0, pretend = 0, frame = 0
 253              		@ frame_needed = 0, uses_anonymous_args = 0
 254 0000 08B5     		push	{r3, lr}
 255              		.cfi_def_cfa_offset 8
 256              		.cfi_offset 3, -8
 257              		.cfi_offset 14, -4
 258              	.LBB7:
 259              		.loc 1 51 0
 260 0002 2023     		movs	r3, #32
 261              	@ 51 "../../os/ports/GCC/ARMCMx/chcore_v7m.c" 1
 262 0004 83F31188 		msr     BASEPRI, r3
 263              	@ 0 "" 2
 264              		.thumb
 265              	.LBE7:
 266              		.loc 1 52 0
 267 0008 FFF7FEFF 		bl	chSysTimerHandlerI
 268              	.LVL12:
 269              	.LBB8:
 270              		.loc 1 53 0
 271 000c 0023     		movs	r3, #0
 272              	@ 53 "../../os/ports/GCC/ARMCMx/chcore_v7m.c" 1
 273 000e 83F31188 		msr     BASEPRI, r3
 274              	@ 0 "" 2
 275              		.thumb
 276              	.LBE8:
 277              		.loc 1 56 0
 278 0012 BDE80840 		pop	{r3, lr}
 279              		.loc 1 55 0
 280 0016 FFF7FEBF 		b	_port_irq_epilogue
 281              	.LVL13:
 282              		.cfi_endproc
 283              	.LFE7:
 284              		.size	SysTickVector, .-SysTickVector
 285 001a 00BF     		.section	.text._port_switch,"ax",%progbits
ARM GAS  /tmp/cctkIrJw.s 			page 6


 286              		.align	2
 287              		.global	_port_switch
 288              		.thumb
 289              		.thumb_func
 290              		.type	_port_switch, %function
 291              	_port_switch:
 292              	.LFB12:
 293              		.loc 1 236 0
 294              		.cfi_startproc
 295              		@ Naked Function: prologue and epilogue provided by programmer.
 296              		@ args = 0, pretend = 0, frame = 0
 297              		@ frame_needed = 0, uses_anonymous_args = 0
 298              	.LVL14:
 299              		.loc 1 238 0
 300              	@ 238 "../../os/ports/GCC/ARMCMx/chcore_v7m.c" 1
 301 0000 2DE9F04F 		push    {r4, r5, r6, r7, r8, r9, r10, r11, lr}
 302              	@ 0 "" 2
 303              		.loc 1 244 0
 304              	@ 244 "../../os/ports/GCC/ARMCMx/chcore_v7m.c" 1
 305 0004 C1F80CD0 		str     sp, [r1, #12]                          
 306 0008 D0F80CD0 		ldr     sp, [r0, #12]
 307              	@ 0 "" 2
 308              		.loc 1 250 0
 309              	@ 250 "../../os/ports/GCC/ARMCMx/chcore_v7m.c" 1
 310 000c BDE8F08F 		pop     {r4, r5, r6, r7, r8, r9, r10, r11, pc}
 311              	@ 0 "" 2
 312              		.loc 1 252 0
 313              		.thumb
 314              		.cfi_endproc
 315              	.LFE12:
 316              		.size	_port_switch, .-_port_switch
 317              		.section	.text._port_thread_start,"ax",%progbits
 318              		.align	2
 319              		.global	_port_thread_start
 320              		.thumb
 321              		.thumb_func
 322              		.type	_port_thread_start, %function
 323              	_port_thread_start:
 324              	.LFB13:
 325              		.loc 1 259 0
 326              		.cfi_startproc
 327              		@ args = 0, pretend = 0, frame = 0
 328              		@ frame_needed = 0, uses_anonymous_args = 0
 329              		@ link register save eliminated.
 330              	.LBB9:
 331              		.loc 1 261 0
 332 0000 0023     		movs	r3, #0
 333              	@ 261 "../../os/ports/GCC/ARMCMx/chcore_v7m.c" 1
 334 0002 83F31188 		msr     BASEPRI, r3
 335              	@ 0 "" 2
 336              		.thumb
 337              	.LBE9:
 338              		.loc 1 262 0
 339              	@ 262 "../../os/ports/GCC/ARMCMx/chcore_v7m.c" 1
 340 0006 2846     		mov     r0, r5                                 
 341 0008 A047     		blx     r4                                     
 342 000a FFF7FEFF 		bl      chThdExit
ARM GAS  /tmp/cctkIrJw.s 			page 7


 343              	@ 0 "" 2
 344              		.thumb
 345 000e 7047     		bx	lr
 346              		.cfi_endproc
 347              	.LFE13:
 348              		.size	_port_thread_start, .-_port_thread_start
 349              		.text
 350              	.Letext0:
 351              		.file 2 "/usr/include/newlib/machine/_default_types.h"
 352              		.file 3 "/usr/include/newlib/stdint.h"
 353              		.file 4 "../../os/ports/GCC/ARMCMx/chtypes.h"
 354              		.file 5 "../../os/kernel/include/chlists.h"
 355              		.file 6 "../../os/kernel/include/chthreads.h"
 356              		.file 7 "../../os/ports/GCC/ARMCMx/chcore_v7m.h"
 357              		.file 8 "../../os/ports/common/ARMCMx/nvic.h"
 358              		.file 9 "../../os/kernel/include/chschd.h"
 359              		.file 10 "../../os/kernel/include/chmtx.h"
 360              		.file 11 "../../os/kernel/include/chsys.h"
 361              		.section	.debug_info,"",%progbits
 362              	.Ldebug_info0:
 363 0000 F0070000 		.4byte	0x7f0
 364 0004 0400     		.2byte	0x4
 365 0006 00000000 		.4byte	.Ldebug_abbrev0
 366 000a 04       		.byte	0x4
 367 000b 01       		.uleb128 0x1
 368 000c 4E020000 		.4byte	.LASF96
 369 0010 01       		.byte	0x1
 370 0011 7D030000 		.4byte	.LASF97
 371 0015 D6030000 		.4byte	.LASF98
 372 0019 18000000 		.4byte	.Ldebug_ranges0+0x18
 373 001d 00000000 		.4byte	0
 374 0021 00000000 		.4byte	.Ldebug_line0
 375 0025 02       		.uleb128 0x2
 376 0026 04       		.byte	0x4
 377 0027 05       		.byte	0x5
 378 0028 696E7400 		.ascii	"int\000"
 379 002c 03       		.uleb128 0x3
 380 002d 04       		.byte	0x4
 381 002e 07       		.byte	0x7
 382 002f 2A010000 		.4byte	.LASF0
 383 0033 03       		.uleb128 0x3
 384 0034 01       		.byte	0x1
 385 0035 06       		.byte	0x6
 386 0036 82000000 		.4byte	.LASF1
 387 003a 04       		.uleb128 0x4
 388 003b 14000000 		.4byte	.LASF5
 389 003f 02       		.byte	0x2
 390 0040 1D       		.byte	0x1d
 391 0041 45000000 		.4byte	0x45
 392 0045 03       		.uleb128 0x3
 393 0046 01       		.byte	0x1
 394 0047 08       		.byte	0x8
 395 0048 E4020000 		.4byte	.LASF2
 396 004c 03       		.uleb128 0x3
 397 004d 02       		.byte	0x2
 398 004e 05       		.byte	0x5
 399 004f 02030000 		.4byte	.LASF3
ARM GAS  /tmp/cctkIrJw.s 			page 8


 400 0053 03       		.uleb128 0x3
 401 0054 02       		.byte	0x2
 402 0055 07       		.byte	0x7
 403 0056 87010000 		.4byte	.LASF4
 404 005a 04       		.uleb128 0x4
 405 005b C0030000 		.4byte	.LASF6
 406 005f 02       		.byte	0x2
 407 0060 3F       		.byte	0x3f
 408 0061 65000000 		.4byte	0x65
 409 0065 03       		.uleb128 0x3
 410 0066 04       		.byte	0x4
 411 0067 05       		.byte	0x5
 412 0068 A8000000 		.4byte	.LASF7
 413 006c 04       		.uleb128 0x4
 414 006d E7000000 		.4byte	.LASF8
 415 0071 02       		.byte	0x2
 416 0072 41       		.byte	0x41
 417 0073 77000000 		.4byte	0x77
 418 0077 03       		.uleb128 0x3
 419 0078 04       		.byte	0x4
 420 0079 07       		.byte	0x7
 421 007a 52010000 		.4byte	.LASF9
 422 007e 03       		.uleb128 0x3
 423 007f 08       		.byte	0x8
 424 0080 05       		.byte	0x5
 425 0081 74000000 		.4byte	.LASF10
 426 0085 03       		.uleb128 0x3
 427 0086 08       		.byte	0x8
 428 0087 07       		.byte	0x7
 429 0088 47000000 		.4byte	.LASF11
 430 008c 04       		.uleb128 0x4
 431 008d 3B040000 		.4byte	.LASF12
 432 0091 03       		.byte	0x3
 433 0092 2A       		.byte	0x2a
 434 0093 3A000000 		.4byte	0x3a
 435 0097 04       		.uleb128 0x4
 436 0098 DC020000 		.4byte	.LASF13
 437 009c 03       		.byte	0x3
 438 009d 41       		.byte	0x41
 439 009e 5A000000 		.4byte	0x5a
 440 00a2 04       		.uleb128 0x4
 441 00a3 52030000 		.4byte	.LASF14
 442 00a7 03       		.byte	0x3
 443 00a8 42       		.byte	0x42
 444 00a9 6C000000 		.4byte	0x6c
 445 00ad 03       		.uleb128 0x3
 446 00ae 01       		.byte	0x1
 447 00af 02       		.byte	0x2
 448 00b0 D6020000 		.4byte	.LASF15
 449 00b4 04       		.uleb128 0x4
 450 00b5 D1010000 		.4byte	.LASF16
 451 00b9 04       		.byte	0x4
 452 00ba 2C       		.byte	0x2c
 453 00bb 8C000000 		.4byte	0x8c
 454 00bf 04       		.uleb128 0x4
 455 00c0 BE000000 		.4byte	.LASF17
 456 00c4 04       		.byte	0x4
ARM GAS  /tmp/cctkIrJw.s 			page 9


 457 00c5 2D       		.byte	0x2d
 458 00c6 8C000000 		.4byte	0x8c
 459 00ca 04       		.uleb128 0x4
 460 00cb 32020000 		.4byte	.LASF18
 461 00cf 04       		.byte	0x4
 462 00d0 2E       		.byte	0x2e
 463 00d1 8C000000 		.4byte	0x8c
 464 00d5 04       		.uleb128 0x4
 465 00d6 9E000000 		.4byte	.LASF19
 466 00da 04       		.byte	0x4
 467 00db 2F       		.byte	0x2f
 468 00dc 8C000000 		.4byte	0x8c
 469 00e0 04       		.uleb128 0x4
 470 00e1 46020000 		.4byte	.LASF20
 471 00e5 04       		.byte	0x4
 472 00e6 30       		.byte	0x30
 473 00e7 A2000000 		.4byte	0xa2
 474 00eb 04       		.uleb128 0x4
 475 00ec 9F010000 		.4byte	.LASF21
 476 00f0 04       		.byte	0x4
 477 00f1 31       		.byte	0x31
 478 00f2 97000000 		.4byte	0x97
 479 00f6 04       		.uleb128 0x4
 480 00f7 E5010000 		.4byte	.LASF22
 481 00fb 04       		.byte	0x4
 482 00fc 33       		.byte	0x33
 483 00fd A2000000 		.4byte	0xa2
 484 0101 04       		.uleb128 0x4
 485 0102 AB030000 		.4byte	.LASF23
 486 0106 04       		.byte	0x4
 487 0107 35       		.byte	0x35
 488 0108 A2000000 		.4byte	0xa2
 489 010c 04       		.uleb128 0x4
 490 010d 40030000 		.4byte	.LASF24
 491 0111 05       		.byte	0x5
 492 0112 2A       		.byte	0x2a
 493 0113 17010000 		.4byte	0x117
 494 0117 05       		.uleb128 0x5
 495 0118 40030000 		.4byte	.LASF24
 496 011c 48       		.byte	0x48
 497 011d 06       		.byte	0x6
 498 011e 5E       		.byte	0x5e
 499 011f 14020000 		.4byte	0x214
 500 0123 06       		.uleb128 0x6
 501 0124 31030000 		.4byte	.LASF25
 502 0128 06       		.byte	0x6
 503 0129 5F       		.byte	0x5f
 504 012a 35020000 		.4byte	0x235
 505 012e 00       		.byte	0
 506 012f 06       		.uleb128 0x6
 507 0130 3F020000 		.4byte	.LASF26
 508 0134 06       		.byte	0x6
 509 0135 61       		.byte	0x61
 510 0136 35020000 		.4byte	0x235
 511 013a 04       		.byte	0x4
 512 013b 06       		.uleb128 0x6
 513 013c 6D000000 		.4byte	.LASF27
ARM GAS  /tmp/cctkIrJw.s 			page 10


 514 0140 06       		.byte	0x6
 515 0141 63       		.byte	0x63
 516 0142 E0000000 		.4byte	0xe0
 517 0146 08       		.byte	0x8
 518 0147 06       		.uleb128 0x6
 519 0148 6F040000 		.4byte	.LASF28
 520 014c 06       		.byte	0x6
 521 014d 64       		.byte	0x64
 522 014e 57030000 		.4byte	0x357
 523 0152 0C       		.byte	0xc
 524 0153 06       		.uleb128 0x6
 525 0154 DA000000 		.4byte	.LASF29
 526 0158 06       		.byte	0x6
 527 0159 66       		.byte	0x66
 528 015a 35020000 		.4byte	0x235
 529 015e 10       		.byte	0x10
 530 015f 06       		.uleb128 0x6
 531 0160 05020000 		.4byte	.LASF30
 532 0164 06       		.byte	0x6
 533 0165 67       		.byte	0x67
 534 0166 35020000 		.4byte	0x235
 535 016a 14       		.byte	0x14
 536 016b 06       		.uleb128 0x6
 537 016c 55040000 		.4byte	.LASF31
 538 0170 06       		.byte	0x6
 539 0171 6E       		.byte	0x6e
 540 0172 D0050000 		.4byte	0x5d0
 541 0176 18       		.byte	0x18
 542 0177 06       		.uleb128 0x6
 543 0178 0C030000 		.4byte	.LASF32
 544 017c 06       		.byte	0x6
 545 017d 79       		.byte	0x79
 546 017e BF000000 		.4byte	0xbf
 547 0182 1C       		.byte	0x1c
 548 0183 06       		.uleb128 0x6
 549 0184 38030000 		.4byte	.LASF33
 550 0188 06       		.byte	0x6
 551 0189 7D       		.byte	0x7d
 552 018a B4000000 		.4byte	0xb4
 553 018e 1D       		.byte	0x1d
 554 018f 06       		.uleb128 0x6
 555 0190 1F040000 		.4byte	.LASF34
 556 0194 06       		.byte	0x6
 557 0195 82       		.byte	0x82
 558 0196 CA000000 		.4byte	0xca
 559 019a 1E       		.byte	0x1e
 560 019b 06       		.uleb128 0x6
 561 019c 14030000 		.4byte	.LASF35
 562 01a0 06       		.byte	0x6
 563 01a1 88       		.byte	0x88
 564 01a2 D5000000 		.4byte	0xd5
 565 01a6 1F       		.byte	0x1f
 566 01a7 06       		.uleb128 0x6
 567 01a8 CA030000 		.4byte	.LASF36
 568 01ac 06       		.byte	0x6
 569 01ad 8F       		.byte	0x8f
 570 01ae F8040000 		.4byte	0x4f8
ARM GAS  /tmp/cctkIrJw.s 			page 11


 571 01b2 20       		.byte	0x20
 572 01b3 07       		.uleb128 0x7
 573 01b4 705F7500 		.ascii	"p_u\000"
 574 01b8 06       		.byte	0x6
 575 01b9 B4       		.byte	0xb4
 576 01ba 9B050000 		.4byte	0x59b
 577 01be 24       		.byte	0x24
 578 01bf 06       		.uleb128 0x6
 579 01c0 75040000 		.4byte	.LASF37
 580 01c4 06       		.byte	0x6
 581 01c5 B9       		.byte	0xb9
 582 01c6 5B020000 		.4byte	0x25b
 583 01ca 28       		.byte	0x28
 584 01cb 06       		.uleb128 0x6
 585 01cc 14040000 		.4byte	.LASF38
 586 01d0 06       		.byte	0x6
 587 01d1 BF       		.byte	0xbf
 588 01d2 3B020000 		.4byte	0x23b
 589 01d6 2C       		.byte	0x2c
 590 01d7 06       		.uleb128 0x6
 591 01d8 07000000 		.4byte	.LASF39
 592 01dc 06       		.byte	0x6
 593 01dd C3       		.byte	0xc3
 594 01de EB000000 		.4byte	0xeb
 595 01e2 34       		.byte	0x34
 596 01e3 06       		.uleb128 0x6
 597 01e4 47030000 		.4byte	.LASF40
 598 01e8 06       		.byte	0x6
 599 01e9 C9       		.byte	0xc9
 600 01ea F6000000 		.4byte	0xf6
 601 01ee 38       		.byte	0x38
 602 01ef 06       		.uleb128 0x6
 603 01f0 F8020000 		.4byte	.LASF41
 604 01f4 06       		.byte	0x6
 605 01f5 D0       		.byte	0xd0
 606 01f6 E2050000 		.4byte	0x5e2
 607 01fa 3C       		.byte	0x3c
 608 01fb 06       		.uleb128 0x6
 609 01fc B5030000 		.4byte	.LASF42
 610 0200 06       		.byte	0x6
 611 0201 D4       		.byte	0xd4
 612 0202 E0000000 		.4byte	0xe0
 613 0206 40       		.byte	0x40
 614 0207 06       		.uleb128 0x6
 615 0208 8E000000 		.4byte	.LASF43
 616 020c 06       		.byte	0x6
 617 020d DA       		.byte	0xda
 618 020e 71020000 		.4byte	0x271
 619 0212 44       		.byte	0x44
 620 0213 00       		.byte	0
 621 0214 08       		.uleb128 0x8
 622 0215 08       		.byte	0x8
 623 0216 05       		.byte	0x5
 624 0217 61       		.byte	0x61
 625 0218 35020000 		.4byte	0x235
 626 021c 06       		.uleb128 0x6
 627 021d 31030000 		.4byte	.LASF25
ARM GAS  /tmp/cctkIrJw.s 			page 12


 628 0221 05       		.byte	0x5
 629 0222 62       		.byte	0x62
 630 0223 35020000 		.4byte	0x235
 631 0227 00       		.byte	0
 632 0228 06       		.uleb128 0x6
 633 0229 3F020000 		.4byte	.LASF26
 634 022d 05       		.byte	0x5
 635 022e 64       		.byte	0x64
 636 022f 35020000 		.4byte	0x235
 637 0233 04       		.byte	0x4
 638 0234 00       		.byte	0
 639 0235 09       		.uleb128 0x9
 640 0236 04       		.byte	0x4
 641 0237 0C010000 		.4byte	0x10c
 642 023b 04       		.uleb128 0x4
 643 023c 13020000 		.4byte	.LASF44
 644 0240 05       		.byte	0x5
 645 0241 66       		.byte	0x66
 646 0242 14020000 		.4byte	0x214
 647 0246 08       		.uleb128 0x8
 648 0247 04       		.byte	0x4
 649 0248 05       		.byte	0x5
 650 0249 6B       		.byte	0x6b
 651 024a 5B020000 		.4byte	0x25b
 652 024e 06       		.uleb128 0x6
 653 024f 31030000 		.4byte	.LASF25
 654 0253 05       		.byte	0x5
 655 0254 6D       		.byte	0x6d
 656 0255 35020000 		.4byte	0x235
 657 0259 00       		.byte	0
 658 025a 00       		.byte	0
 659 025b 04       		.uleb128 0x4
 660 025c D9010000 		.4byte	.LASF45
 661 0260 05       		.byte	0x5
 662 0261 70       		.byte	0x70
 663 0262 46020000 		.4byte	0x246
 664 0266 04       		.uleb128 0x4
 665 0267 0F010000 		.4byte	.LASF46
 666 026b 07       		.byte	0x7
 667 026c E5       		.byte	0xe5
 668 026d 71020000 		.4byte	0x271
 669 0271 0A       		.uleb128 0xa
 670 0272 04       		.byte	0x4
 671 0273 05       		.uleb128 0x5
 672 0274 3E010000 		.4byte	.LASF47
 673 0278 20       		.byte	0x20
 674 0279 07       		.byte	0x7
 675 027a ED       		.byte	0xed
 676 027b DB020000 		.4byte	0x2db
 677 027f 07       		.uleb128 0x7
 678 0280 723000   		.ascii	"r0\000"
 679 0283 07       		.byte	0x7
 680 0284 EE       		.byte	0xee
 681 0285 66020000 		.4byte	0x266
 682 0289 00       		.byte	0
 683 028a 07       		.uleb128 0x7
 684 028b 723100   		.ascii	"r1\000"
ARM GAS  /tmp/cctkIrJw.s 			page 13


 685 028e 07       		.byte	0x7
 686 028f EF       		.byte	0xef
 687 0290 66020000 		.4byte	0x266
 688 0294 04       		.byte	0x4
 689 0295 07       		.uleb128 0x7
 690 0296 723200   		.ascii	"r2\000"
 691 0299 07       		.byte	0x7
 692 029a F0       		.byte	0xf0
 693 029b 66020000 		.4byte	0x266
 694 029f 08       		.byte	0x8
 695 02a0 07       		.uleb128 0x7
 696 02a1 723300   		.ascii	"r3\000"
 697 02a4 07       		.byte	0x7
 698 02a5 F1       		.byte	0xf1
 699 02a6 66020000 		.4byte	0x266
 700 02aa 0C       		.byte	0xc
 701 02ab 07       		.uleb128 0x7
 702 02ac 72313200 		.ascii	"r12\000"
 703 02b0 07       		.byte	0x7
 704 02b1 F2       		.byte	0xf2
 705 02b2 66020000 		.4byte	0x266
 706 02b6 10       		.byte	0x10
 707 02b7 06       		.uleb128 0x6
 708 02b8 37010000 		.4byte	.LASF48
 709 02bc 07       		.byte	0x7
 710 02bd F3       		.byte	0xf3
 711 02be 66020000 		.4byte	0x266
 712 02c2 14       		.byte	0x14
 713 02c3 07       		.uleb128 0x7
 714 02c4 706300   		.ascii	"pc\000"
 715 02c7 07       		.byte	0x7
 716 02c8 F4       		.byte	0xf4
 717 02c9 66020000 		.4byte	0x266
 718 02cd 18       		.byte	0x18
 719 02ce 06       		.uleb128 0x6
 720 02cf 1E030000 		.4byte	.LASF49
 721 02d3 07       		.byte	0x7
 722 02d4 F5       		.byte	0xf5
 723 02d5 66020000 		.4byte	0x266
 724 02d9 1C       		.byte	0x1c
 725 02da 00       		.byte	0
 726 02db 0B       		.uleb128 0xb
 727 02dc 00000000 		.4byte	.LASF50
 728 02e0 24       		.byte	0x24
 729 02e1 07       		.byte	0x7
 730 02e2 0C01     		.2byte	0x10c
 731 02e4 57030000 		.4byte	0x357
 732 02e8 0C       		.uleb128 0xc
 733 02e9 723400   		.ascii	"r4\000"
 734 02ec 07       		.byte	0x7
 735 02ed 1F01     		.2byte	0x11f
 736 02ef 66020000 		.4byte	0x266
 737 02f3 00       		.byte	0
 738 02f4 0C       		.uleb128 0xc
 739 02f5 723500   		.ascii	"r5\000"
 740 02f8 07       		.byte	0x7
 741 02f9 2001     		.2byte	0x120
ARM GAS  /tmp/cctkIrJw.s 			page 14


 742 02fb 66020000 		.4byte	0x266
 743 02ff 04       		.byte	0x4
 744 0300 0C       		.uleb128 0xc
 745 0301 723600   		.ascii	"r6\000"
 746 0304 07       		.byte	0x7
 747 0305 2101     		.2byte	0x121
 748 0307 66020000 		.4byte	0x266
 749 030b 08       		.byte	0x8
 750 030c 0C       		.uleb128 0xc
 751 030d 723700   		.ascii	"r7\000"
 752 0310 07       		.byte	0x7
 753 0311 2201     		.2byte	0x122
 754 0313 66020000 		.4byte	0x266
 755 0317 0C       		.byte	0xc
 756 0318 0C       		.uleb128 0xc
 757 0319 723800   		.ascii	"r8\000"
 758 031c 07       		.byte	0x7
 759 031d 2301     		.2byte	0x123
 760 031f 66020000 		.4byte	0x266
 761 0323 10       		.byte	0x10
 762 0324 0C       		.uleb128 0xc
 763 0325 723900   		.ascii	"r9\000"
 764 0328 07       		.byte	0x7
 765 0329 2401     		.2byte	0x124
 766 032b 66020000 		.4byte	0x266
 767 032f 14       		.byte	0x14
 768 0330 0C       		.uleb128 0xc
 769 0331 72313000 		.ascii	"r10\000"
 770 0335 07       		.byte	0x7
 771 0336 2501     		.2byte	0x125
 772 0338 66020000 		.4byte	0x266
 773 033c 18       		.byte	0x18
 774 033d 0C       		.uleb128 0xc
 775 033e 72313100 		.ascii	"r11\000"
 776 0342 07       		.byte	0x7
 777 0343 2601     		.2byte	0x126
 778 0345 66020000 		.4byte	0x266
 779 0349 1C       		.byte	0x1c
 780 034a 0C       		.uleb128 0xc
 781 034b 6C7200   		.ascii	"lr\000"
 782 034e 07       		.byte	0x7
 783 034f 2701     		.2byte	0x127
 784 0351 66020000 		.4byte	0x266
 785 0355 20       		.byte	0x20
 786 0356 00       		.byte	0
 787 0357 0B       		.uleb128 0xb
 788 0358 7F010000 		.4byte	.LASF51
 789 035c 04       		.byte	0x4
 790 035d 07       		.byte	0x7
 791 035e 3101     		.2byte	0x131
 792 0360 72030000 		.4byte	0x372
 793 0364 0C       		.uleb128 0xc
 794 0365 72313300 		.ascii	"r13\000"
 795 0369 07       		.byte	0x7
 796 036a 3201     		.2byte	0x132
 797 036c 72030000 		.4byte	0x372
 798 0370 00       		.byte	0
ARM GAS  /tmp/cctkIrJw.s 			page 15


 799 0371 00       		.byte	0
 800 0372 09       		.uleb128 0x9
 801 0373 04       		.byte	0x4
 802 0374 DB020000 		.4byte	0x2db
 803 0378 04       		.uleb128 0x4
 804 0379 75030000 		.4byte	.LASF52
 805 037d 08       		.byte	0x8
 806 037e 3A       		.byte	0x3a
 807 037f 83030000 		.4byte	0x383
 808 0383 0D       		.uleb128 0xd
 809 0384 A2000000 		.4byte	0xa2
 810 0388 03       		.uleb128 0x3
 811 0389 04       		.byte	0x4
 812 038a 07       		.byte	0x7
 813 038b F7010000 		.4byte	.LASF53
 814 038f 08       		.uleb128 0x8
 815 0390 8C       		.byte	0x8c
 816 0391 08       		.byte	0x8
 817 0392 89       		.byte	0x89
 818 0393 94040000 		.4byte	0x494
 819 0397 06       		.uleb128 0x6
 820 0398 67000000 		.4byte	.LASF54
 821 039c 08       		.byte	0x8
 822 039d 8A       		.byte	0x8a
 823 039e 78030000 		.4byte	0x378
 824 03a2 00       		.byte	0
 825 03a3 06       		.uleb128 0x6
 826 03a4 9A010000 		.4byte	.LASF55
 827 03a8 08       		.byte	0x8
 828 03a9 8B       		.byte	0x8b
 829 03aa 78030000 		.4byte	0x378
 830 03ae 04       		.byte	0x4
 831 03af 06       		.uleb128 0x6
 832 03b0 64010000 		.4byte	.LASF56
 833 03b4 08       		.byte	0x8
 834 03b5 8C       		.byte	0x8c
 835 03b6 78030000 		.4byte	0x378
 836 03ba 08       		.byte	0x8
 837 03bb 06       		.uleb128 0x6
 838 03bc A5010000 		.4byte	.LASF57
 839 03c0 08       		.byte	0x8
 840 03c1 8D       		.byte	0x8d
 841 03c2 78030000 		.4byte	0x378
 842 03c6 0C       		.byte	0xc
 843 03c7 07       		.uleb128 0x7
 844 03c8 53435200 		.ascii	"SCR\000"
 845 03cc 08       		.byte	0x8
 846 03cd 8E       		.byte	0x8e
 847 03ce 78030000 		.4byte	0x378
 848 03d2 10       		.byte	0x10
 849 03d3 07       		.uleb128 0x7
 850 03d4 43435200 		.ascii	"CCR\000"
 851 03d8 08       		.byte	0x8
 852 03d9 8F       		.byte	0x8f
 853 03da 78030000 		.4byte	0x378
 854 03de 14       		.byte	0x14
 855 03df 06       		.uleb128 0x6
ARM GAS  /tmp/cctkIrJw.s 			page 16


 856 03e0 D1030000 		.4byte	.LASF58
 857 03e4 08       		.byte	0x8
 858 03e5 90       		.byte	0x90
 859 03e6 A4040000 		.4byte	0x4a4
 860 03ea 18       		.byte	0x18
 861 03eb 06       		.uleb128 0x6
 862 03ec F2020000 		.4byte	.LASF59
 863 03f0 08       		.byte	0x8
 864 03f1 91       		.byte	0x91
 865 03f2 78030000 		.4byte	0x378
 866 03f6 24       		.byte	0x24
 867 03f7 06       		.uleb128 0x6
 868 03f8 00020000 		.4byte	.LASF60
 869 03fc 08       		.byte	0x8
 870 03fd 92       		.byte	0x92
 871 03fe 78030000 		.4byte	0x378
 872 0402 28       		.byte	0x28
 873 0403 06       		.uleb128 0x6
 874 0404 62040000 		.4byte	.LASF61
 875 0408 08       		.byte	0x8
 876 0409 93       		.byte	0x93
 877 040a 78030000 		.4byte	0x378
 878 040e 2C       		.byte	0x2c
 879 040f 06       		.uleb128 0x6
 880 0410 AB010000 		.4byte	.LASF62
 881 0414 08       		.byte	0x8
 882 0415 94       		.byte	0x94
 883 0416 78030000 		.4byte	0x378
 884 041a 30       		.byte	0x30
 885 041b 06       		.uleb128 0x6
 886 041c B8010000 		.4byte	.LASF63
 887 0420 08       		.byte	0x8
 888 0421 95       		.byte	0x95
 889 0422 78030000 		.4byte	0x378
 890 0426 34       		.byte	0x34
 891 0427 06       		.uleb128 0x6
 892 0428 E2000000 		.4byte	.LASF64
 893 042c 08       		.byte	0x8
 894 042d 96       		.byte	0x96
 895 042e 78030000 		.4byte	0x378
 896 0432 38       		.byte	0x38
 897 0433 06       		.uleb128 0x6
 898 0434 63030000 		.4byte	.LASF65
 899 0438 08       		.byte	0x8
 900 0439 97       		.byte	0x97
 901 043a 78030000 		.4byte	0x378
 902 043e 3C       		.byte	0x3c
 903 043f 07       		.uleb128 0x7
 904 0440 50465200 		.ascii	"PFR\000"
 905 0444 08       		.byte	0x8
 906 0445 98       		.byte	0x98
 907 0446 B9040000 		.4byte	0x4b9
 908 044a 40       		.byte	0x40
 909 044b 07       		.uleb128 0x7
 910 044c 44465200 		.ascii	"DFR\000"
 911 0450 08       		.byte	0x8
 912 0451 99       		.byte	0x99
ARM GAS  /tmp/cctkIrJw.s 			page 17


 913 0452 78030000 		.4byte	0x378
 914 0456 48       		.byte	0x48
 915 0457 07       		.uleb128 0x7
 916 0458 41445200 		.ascii	"ADR\000"
 917 045c 08       		.byte	0x8
 918 045d 9A       		.byte	0x9a
 919 045e 78030000 		.4byte	0x378
 920 0462 4C       		.byte	0x4c
 921 0463 06       		.uleb128 0x6
 922 0464 30040000 		.4byte	.LASF66
 923 0468 08       		.byte	0x8
 924 0469 9B       		.byte	0x9b
 925 046a CE040000 		.4byte	0x4ce
 926 046e 50       		.byte	0x50
 927 046f 07       		.uleb128 0x7
 928 0470 53415200 		.ascii	"SAR\000"
 929 0474 08       		.byte	0x8
 930 0475 9C       		.byte	0x9c
 931 0476 E3040000 		.4byte	0x4e3
 932 047a 60       		.byte	0x60
 933 047b 06       		.uleb128 0x6
 934 047c 68030000 		.4byte	.LASF67
 935 0480 08       		.byte	0x8
 936 0481 9D       		.byte	0x9d
 937 0482 E8040000 		.4byte	0x4e8
 938 0486 74       		.byte	0x74
 939 0487 06       		.uleb128 0x6
 940 0488 5C040000 		.4byte	.LASF68
 941 048c 08       		.byte	0x8
 942 048d 9E       		.byte	0x9e
 943 048e 78030000 		.4byte	0x378
 944 0492 88       		.byte	0x88
 945 0493 00       		.byte	0
 946 0494 0E       		.uleb128 0xe
 947 0495 78030000 		.4byte	0x378
 948 0499 A4040000 		.4byte	0x4a4
 949 049d 0F       		.uleb128 0xf
 950 049e 88030000 		.4byte	0x388
 951 04a2 02       		.byte	0x2
 952 04a3 00       		.byte	0
 953 04a4 0D       		.uleb128 0xd
 954 04a5 94040000 		.4byte	0x494
 955 04a9 0E       		.uleb128 0xe
 956 04aa 78030000 		.4byte	0x378
 957 04ae B9040000 		.4byte	0x4b9
 958 04b2 0F       		.uleb128 0xf
 959 04b3 88030000 		.4byte	0x388
 960 04b7 01       		.byte	0x1
 961 04b8 00       		.byte	0
 962 04b9 0D       		.uleb128 0xd
 963 04ba A9040000 		.4byte	0x4a9
 964 04be 0E       		.uleb128 0xe
 965 04bf 78030000 		.4byte	0x378
 966 04c3 CE040000 		.4byte	0x4ce
 967 04c7 0F       		.uleb128 0xf
 968 04c8 88030000 		.4byte	0x388
 969 04cc 03       		.byte	0x3
ARM GAS  /tmp/cctkIrJw.s 			page 18


 970 04cd 00       		.byte	0
 971 04ce 0D       		.uleb128 0xd
 972 04cf BE040000 		.4byte	0x4be
 973 04d3 0E       		.uleb128 0xe
 974 04d4 78030000 		.4byte	0x378
 975 04d8 E3040000 		.4byte	0x4e3
 976 04dc 0F       		.uleb128 0xf
 977 04dd 88030000 		.4byte	0x388
 978 04e1 04       		.byte	0x4
 979 04e2 00       		.byte	0
 980 04e3 0D       		.uleb128 0xd
 981 04e4 D3040000 		.4byte	0x4d3
 982 04e8 0D       		.uleb128 0xd
 983 04e9 D3040000 		.4byte	0x4d3
 984 04ed 04       		.uleb128 0x4
 985 04ee 1E000000 		.4byte	.LASF69
 986 04f2 08       		.byte	0x8
 987 04f3 9F       		.byte	0x9f
 988 04f4 8F030000 		.4byte	0x38f
 989 04f8 0D       		.uleb128 0xd
 990 04f9 01010000 		.4byte	0x101
 991 04fd 08       		.uleb128 0x8
 992 04fe 1C       		.byte	0x1c
 993 04ff 09       		.byte	0x9
 994 0500 5E       		.byte	0x5e
 995 0501 4E050000 		.4byte	0x54e
 996 0505 06       		.uleb128 0x6
 997 0506 5B030000 		.4byte	.LASF70
 998 050a 09       		.byte	0x9
 999 050b 5F       		.byte	0x5f
 1000 050c 3B020000 		.4byte	0x23b
 1001 0510 00       		.byte	0
 1002 0511 06       		.uleb128 0x6
 1003 0512 23030000 		.4byte	.LASF71
 1004 0516 09       		.byte	0x9
 1005 0517 60       		.byte	0x60
 1006 0518 E0000000 		.4byte	0xe0
 1007 051c 08       		.byte	0x8
 1008 051d 06       		.uleb128 0x6
 1009 051e 0D020000 		.4byte	.LASF72
 1010 0522 09       		.byte	0x9
 1011 0523 62       		.byte	0x62
 1012 0524 57030000 		.4byte	0x357
 1013 0528 0C       		.byte	0xc
 1014 0529 06       		.uleb128 0x6
 1015 052a B0010000 		.4byte	.LASF73
 1016 052e 09       		.byte	0x9
 1017 052f 65       		.byte	0x65
 1018 0530 35020000 		.4byte	0x235
 1019 0534 10       		.byte	0x10
 1020 0535 06       		.uleb128 0x6
 1021 0536 2A020000 		.4byte	.LASF74
 1022 053a 09       		.byte	0x9
 1023 053b 66       		.byte	0x66
 1024 053c 35020000 		.4byte	0x235
 1025 0540 14       		.byte	0x14
 1026 0541 06       		.uleb128 0x6
ARM GAS  /tmp/cctkIrJw.s 			page 19


 1027 0542 20020000 		.4byte	.LASF75
 1028 0546 09       		.byte	0x9
 1029 0547 69       		.byte	0x69
 1030 0548 35020000 		.4byte	0x235
 1031 054c 18       		.byte	0x18
 1032 054d 00       		.byte	0
 1033 054e 04       		.uleb128 0x4
 1034 054f 26040000 		.4byte	.LASF76
 1035 0553 09       		.byte	0x9
 1036 0554 6B       		.byte	0x6b
 1037 0555 FD040000 		.4byte	0x4fd
 1038 0559 05       		.uleb128 0x5
 1039 055a F1010000 		.4byte	.LASF77
 1040 055e 10       		.byte	0x10
 1041 055f 0A       		.byte	0xa
 1042 0560 2C       		.byte	0x2c
 1043 0561 8A050000 		.4byte	0x58a
 1044 0565 06       		.uleb128 0x6
 1045 0566 96000000 		.4byte	.LASF78
 1046 056a 0A       		.byte	0xa
 1047 056b 2D       		.byte	0x2d
 1048 056c 3B020000 		.4byte	0x23b
 1049 0570 00       		.byte	0
 1050 0571 06       		.uleb128 0x6
 1051 0572 67040000 		.4byte	.LASF79
 1052 0576 0A       		.byte	0xa
 1053 0577 2F       		.byte	0x2f
 1054 0578 35020000 		.4byte	0x235
 1055 057c 08       		.byte	0x8
 1056 057d 06       		.uleb128 0x6
 1057 057e A4030000 		.4byte	.LASF80
 1058 0582 0A       		.byte	0xa
 1059 0583 31       		.byte	0x31
 1060 0584 8A050000 		.4byte	0x58a
 1061 0588 0C       		.byte	0xc
 1062 0589 00       		.byte	0
 1063 058a 09       		.uleb128 0x9
 1064 058b 04       		.byte	0x4
 1065 058c 59050000 		.4byte	0x559
 1066 0590 04       		.uleb128 0x4
 1067 0591 F1010000 		.4byte	.LASF77
 1068 0595 0A       		.byte	0xa
 1069 0596 33       		.byte	0x33
 1070 0597 59050000 		.4byte	0x559
 1071 059b 10       		.uleb128 0x10
 1072 059c 04       		.byte	0x4
 1073 059d 06       		.byte	0x6
 1074 059e 96       		.byte	0x96
 1075 059f D0050000 		.4byte	0x5d0
 1076 05a3 11       		.uleb128 0x11
 1077 05a4 0D000000 		.4byte	.LASF81
 1078 05a8 06       		.byte	0x6
 1079 05a9 9D       		.byte	0x9d
 1080 05aa EB000000 		.4byte	0xeb
 1081 05ae 11       		.uleb128 0x11
 1082 05af 5E000000 		.4byte	.LASF82
 1083 05b3 06       		.byte	0x6
ARM GAS  /tmp/cctkIrJw.s 			page 20


 1084 05b4 A4       		.byte	0xa4
 1085 05b5 EB000000 		.4byte	0xeb
 1086 05b9 11       		.uleb128 0x11
 1087 05ba 4E040000 		.4byte	.LASF83
 1088 05be 06       		.byte	0x6
 1089 05bf AB       		.byte	0xab
 1090 05c0 71020000 		.4byte	0x271
 1091 05c4 11       		.uleb128 0x11
 1092 05c5 2A030000 		.4byte	.LASF84
 1093 05c9 06       		.byte	0x6
 1094 05ca B2       		.byte	0xb2
 1095 05cb F6000000 		.4byte	0xf6
 1096 05cf 00       		.byte	0
 1097 05d0 09       		.uleb128 0x9
 1098 05d1 04       		.byte	0x4
 1099 05d2 D6050000 		.4byte	0x5d6
 1100 05d6 12       		.uleb128 0x12
 1101 05d7 DB050000 		.4byte	0x5db
 1102 05db 03       		.uleb128 0x3
 1103 05dc 01       		.byte	0x1
 1104 05dd 08       		.byte	0x8
 1105 05de 70030000 		.4byte	.LASF85
 1106 05e2 09       		.uleb128 0x9
 1107 05e3 04       		.byte	0x4
 1108 05e4 90050000 		.4byte	0x590
 1109 05e8 13       		.uleb128 0x13
 1110 05e9 69010000 		.4byte	.LASF86
 1111 05ed 01       		.byte	0x1
 1112 05ee CF       		.byte	0xcf
 1113 05ef 00000000 		.4byte	.LFB11
 1114 05f3 06000000 		.4byte	.LFE11-.LFB11
 1115 05f7 01       		.uleb128 0x1
 1116 05f8 9C       		.byte	0x9c
 1117 05f9 07060000 		.4byte	0x607
 1118 05fd 14       		.uleb128 0x14
 1119 05fe 04000000 		.4byte	.LVL0
 1120 0602 CE070000 		.4byte	0x7ce
 1121 0606 00       		.byte	0
 1122 0607 13       		.uleb128 0x13
 1123 0608 B1000000 		.4byte	.LASF87
 1124 060c 01       		.byte	0x1
 1125 060d 41       		.byte	0x41
 1126 060e 00000000 		.4byte	.LFB8
 1127 0612 12000000 		.4byte	.LFE8-.LFB8
 1128 0616 01       		.uleb128 0x1
 1129 0617 9C       		.byte	0x9c
 1130 0618 43060000 		.4byte	0x643
 1131 061c 15       		.uleb128 0x15
 1132 061d 3A020000 		.4byte	.LASF88
 1133 0621 01       		.byte	0x1
 1134 0622 42       		.byte	0x42
 1135 0623 43060000 		.4byte	0x643
 1136 0627 00000000 		.4byte	.LLST0
 1137 062b 16       		.uleb128 0x16
 1138 062c 0A000000 		.4byte	.LBB2
 1139 0630 08000000 		.4byte	.LBE2-.LBB2
 1140 0634 17       		.uleb128 0x17
ARM GAS  /tmp/cctkIrJw.s 			page 21


 1141 0635 746D7000 		.ascii	"tmp\000"
 1142 0639 01       		.byte	0x1
 1143 063a 51       		.byte	0x51
 1144 063b A2000000 		.4byte	0xa2
 1145 063f 01       		.uleb128 0x1
 1146 0640 53       		.byte	0x53
 1147 0641 00       		.byte	0
 1148 0642 00       		.byte	0
 1149 0643 09       		.uleb128 0x9
 1150 0644 04       		.byte	0x4
 1151 0645 73020000 		.4byte	0x273
 1152 0649 13       		.uleb128 0x13
 1153 064a 43040000 		.4byte	.LASF89
 1154 064e 01       		.byte	0x1
 1155 064f 76       		.byte	0x76
 1156 0650 00000000 		.4byte	.LFB9
 1157 0654 30000000 		.4byte	.LFE9-.LFB9
 1158 0658 01       		.uleb128 0x1
 1159 0659 9C       		.byte	0x9c
 1160 065a A5060000 		.4byte	0x6a5
 1161 065e 18       		.uleb128 0x18
 1162 065f 14000000 		.4byte	.LVL4
 1163 0663 D5070000 		.4byte	0x7d5
 1164 0667 76060000 		.4byte	0x676
 1165 066b 19       		.uleb128 0x19
 1166 066c 01       		.uleb128 0x1
 1167 066d 51       		.byte	0x51
 1168 066e 01       		.uleb128 0x1
 1169 066f 40       		.byte	0x40
 1170 0670 19       		.uleb128 0x19
 1171 0671 01       		.uleb128 0x1
 1172 0672 50       		.byte	0x50
 1173 0673 01       		.uleb128 0x1
 1174 0674 37       		.byte	0x37
 1175 0675 00       		.byte	0
 1176 0676 18       		.uleb128 0x18
 1177 0677 1C000000 		.4byte	.LVL5
 1178 067b D5070000 		.4byte	0x7d5
 1179 067f 8F060000 		.4byte	0x68f
 1180 0683 19       		.uleb128 0x19
 1181 0684 01       		.uleb128 0x1
 1182 0685 51       		.byte	0x51
 1183 0686 02       		.uleb128 0x2
 1184 0687 08       		.byte	0x8
 1185 0688 20       		.byte	0x20
 1186 0689 19       		.uleb128 0x19
 1187 068a 01       		.uleb128 0x1
 1188 068b 50       		.byte	0x50
 1189 068c 01       		.uleb128 0x1
 1190 068d 3A       		.byte	0x3a
 1191 068e 00       		.byte	0
 1192 068f 1A       		.uleb128 0x1a
 1193 0690 28000000 		.4byte	.LVL6
 1194 0694 D5070000 		.4byte	0x7d5
 1195 0698 19       		.uleb128 0x19
 1196 0699 01       		.uleb128 0x1
 1197 069a 51       		.byte	0x51
ARM GAS  /tmp/cctkIrJw.s 			page 22


 1198 069b 02       		.uleb128 0x2
 1199 069c 08       		.byte	0x8
 1200 069d 80       		.byte	0x80
 1201 069e 19       		.uleb128 0x19
 1202 069f 01       		.uleb128 0x1
 1203 06a0 50       		.byte	0x50
 1204 06a1 01       		.uleb128 0x1
 1205 06a2 3B       		.byte	0x3b
 1206 06a3 00       		.byte	0
 1207 06a4 00       		.byte	0
 1208 06a5 13       		.uleb128 0x13
 1209 06a6 BE010000 		.4byte	.LASF90
 1210 06aa 01       		.byte	0x1
 1211 06ab 94       		.byte	0x94
 1212 06ac 00000000 		.4byte	.LFB10
 1213 06b0 70000000 		.4byte	.LFE10-.LFB10
 1214 06b4 01       		.uleb128 0x1
 1215 06b5 9C       		.byte	0x9c
 1216 06b6 06070000 		.4byte	0x706
 1217 06ba 1B       		.uleb128 0x1b
 1218 06bb 00000000 		.4byte	.LBB3
 1219 06bf 06000000 		.4byte	.LBE3-.LBB3
 1220 06c3 D5060000 		.4byte	0x6d5
 1221 06c7 17       		.uleb128 0x17
 1222 06c8 746D7000 		.ascii	"tmp\000"
 1223 06cc 01       		.byte	0x1
 1224 06cd 96       		.byte	0x96
 1225 06ce A2000000 		.4byte	0xa2
 1226 06d2 01       		.uleb128 0x1
 1227 06d3 53       		.byte	0x53
 1228 06d4 00       		.byte	0
 1229 06d5 1C       		.uleb128 0x1c
 1230 06d6 00000000 		.4byte	.Ldebug_ranges0+0
 1231 06da EE060000 		.4byte	0x6ee
 1232 06de 15       		.uleb128 0x15
 1233 06df 3A020000 		.4byte	.LASF88
 1234 06e3 01       		.byte	0x1
 1235 06e4 98       		.byte	0x98
 1236 06e5 43060000 		.4byte	0x643
 1237 06e9 20000000 		.4byte	.LLST1
 1238 06ed 00       		.byte	0
 1239 06ee 16       		.uleb128 0x16
 1240 06ef 44000000 		.4byte	.LBB5
 1241 06f3 06000000 		.4byte	.LBE5-.LBB5
 1242 06f7 17       		.uleb128 0x17
 1243 06f8 746D7000 		.ascii	"tmp\000"
 1244 06fc 01       		.byte	0x1
 1245 06fd C5       		.byte	0xc5
 1246 06fe A2000000 		.4byte	0xa2
 1247 0702 01       		.uleb128 0x1
 1248 0703 53       		.byte	0x53
 1249 0704 00       		.byte	0
 1250 0705 00       		.byte	0
 1251 0706 13       		.uleb128 0x13
 1252 0707 39000000 		.4byte	.LASF91
 1253 070b 01       		.byte	0x1
 1254 070c 2F       		.byte	0x2f
ARM GAS  /tmp/cctkIrJw.s 			page 23


 1255 070d 00000000 		.4byte	.LFB7
 1256 0711 1A000000 		.4byte	.LFE7-.LFB7
 1257 0715 01       		.uleb128 0x1
 1258 0716 9C       		.byte	0x9c
 1259 0717 64070000 		.4byte	0x764
 1260 071b 1B       		.uleb128 0x1b
 1261 071c 02000000 		.4byte	.LBB7
 1262 0720 06000000 		.4byte	.LBE7-.LBB7
 1263 0724 36070000 		.4byte	0x736
 1264 0728 17       		.uleb128 0x17
 1265 0729 746D7000 		.ascii	"tmp\000"
 1266 072d 01       		.byte	0x1
 1267 072e 33       		.byte	0x33
 1268 072f A2000000 		.4byte	0xa2
 1269 0733 01       		.uleb128 0x1
 1270 0734 53       		.byte	0x53
 1271 0735 00       		.byte	0
 1272 0736 1B       		.uleb128 0x1b
 1273 0737 0C000000 		.4byte	.LBB8
 1274 073b 06000000 		.4byte	.LBE8-.LBB8
 1275 073f 51070000 		.4byte	0x751
 1276 0743 17       		.uleb128 0x17
 1277 0744 746D7000 		.ascii	"tmp\000"
 1278 0748 01       		.byte	0x1
 1279 0749 35       		.byte	0x35
 1280 074a A2000000 		.4byte	0xa2
 1281 074e 01       		.uleb128 0x1
 1282 074f 53       		.byte	0x53
 1283 0750 00       		.byte	0
 1284 0751 14       		.uleb128 0x14
 1285 0752 0C000000 		.4byte	.LVL12
 1286 0756 EC070000 		.4byte	0x7ec
 1287 075a 1D       		.uleb128 0x1d
 1288 075b 1A000000 		.4byte	.LVL13
 1289 075f A5060000 		.4byte	0x6a5
 1290 0763 00       		.byte	0
 1291 0764 13       		.uleb128 0x13
 1292 0765 45010000 		.4byte	.LASF92
 1293 0769 01       		.byte	0x1
 1294 076a EC       		.byte	0xec
 1295 076b 00000000 		.4byte	.LFB12
 1296 076f 10000000 		.4byte	.LFE12-.LFB12
 1297 0773 01       		.uleb128 0x1
 1298 0774 9C       		.byte	0x9c
 1299 0775 94070000 		.4byte	0x794
 1300 0779 1E       		.uleb128 0x1e
 1301 077a 6E747000 		.ascii	"ntp\000"
 1302 077e 01       		.byte	0x1
 1303 077f EC       		.byte	0xec
 1304 0780 35020000 		.4byte	0x235
 1305 0784 01       		.uleb128 0x1
 1306 0785 50       		.byte	0x50
 1307 0786 1E       		.uleb128 0x1e
 1308 0787 6F747000 		.ascii	"otp\000"
 1309 078b 01       		.byte	0x1
 1310 078c EC       		.byte	0xec
 1311 078d 35020000 		.4byte	0x235
ARM GAS  /tmp/cctkIrJw.s 			page 24


 1312 0791 01       		.uleb128 0x1
 1313 0792 51       		.byte	0x51
 1314 0793 00       		.byte	0
 1315 0794 1F       		.uleb128 0x1f
 1316 0795 C7000000 		.4byte	.LASF93
 1317 0799 01       		.byte	0x1
 1318 079a 0301     		.2byte	0x103
 1319 079c 00000000 		.4byte	.LFB13
 1320 07a0 10000000 		.4byte	.LFE13-.LFB13
 1321 07a4 01       		.uleb128 0x1
 1322 07a5 9C       		.byte	0x9c
 1323 07a6 C3070000 		.4byte	0x7c3
 1324 07aa 16       		.uleb128 0x16
 1325 07ab 00000000 		.4byte	.LBB9
 1326 07af 06000000 		.4byte	.LBE9-.LBB9
 1327 07b3 20       		.uleb128 0x20
 1328 07b4 746D7000 		.ascii	"tmp\000"
 1329 07b8 01       		.byte	0x1
 1330 07b9 0501     		.2byte	0x105
 1331 07bb A2000000 		.4byte	0xa2
 1332 07bf 01       		.uleb128 0x1
 1333 07c0 53       		.byte	0x53
 1334 07c1 00       		.byte	0
 1335 07c2 00       		.byte	0
 1336 07c3 21       		.uleb128 0x21
 1337 07c4 35040000 		.4byte	.LASF99
 1338 07c8 09       		.byte	0x9
 1339 07c9 6F       		.byte	0x6f
 1340 07ca 4E050000 		.4byte	0x54e
 1341 07ce 22       		.uleb128 0x22
 1342 07cf 18010000 		.4byte	.LASF94
 1343 07d3 09       		.byte	0x9
 1344 07d4 A8       		.byte	0xa8
 1345 07d5 23       		.uleb128 0x23
 1346 07d6 F2000000 		.4byte	.LASF100
 1347 07da 08       		.byte	0x8
 1348 07db 2501     		.2byte	0x125
 1349 07dd EC070000 		.4byte	0x7ec
 1350 07e1 24       		.uleb128 0x24
 1351 07e2 A2000000 		.4byte	0xa2
 1352 07e6 24       		.uleb128 0x24
 1353 07e7 A2000000 		.4byte	0xa2
 1354 07eb 00       		.byte	0
 1355 07ec 22       		.uleb128 0x22
 1356 07ed 26000000 		.4byte	.LASF95
 1357 07f1 0B       		.byte	0xb
 1358 07f2 F7       		.byte	0xf7
 1359 07f3 00       		.byte	0
 1360              		.section	.debug_abbrev,"",%progbits
 1361              	.Ldebug_abbrev0:
 1362 0000 01       		.uleb128 0x1
 1363 0001 11       		.uleb128 0x11
 1364 0002 01       		.byte	0x1
 1365 0003 25       		.uleb128 0x25
 1366 0004 0E       		.uleb128 0xe
 1367 0005 13       		.uleb128 0x13
 1368 0006 0B       		.uleb128 0xb
ARM GAS  /tmp/cctkIrJw.s 			page 25


 1369 0007 03       		.uleb128 0x3
 1370 0008 0E       		.uleb128 0xe
 1371 0009 1B       		.uleb128 0x1b
 1372 000a 0E       		.uleb128 0xe
 1373 000b 55       		.uleb128 0x55
 1374 000c 17       		.uleb128 0x17
 1375 000d 11       		.uleb128 0x11
 1376 000e 01       		.uleb128 0x1
 1377 000f 10       		.uleb128 0x10
 1378 0010 17       		.uleb128 0x17
 1379 0011 00       		.byte	0
 1380 0012 00       		.byte	0
 1381 0013 02       		.uleb128 0x2
 1382 0014 24       		.uleb128 0x24
 1383 0015 00       		.byte	0
 1384 0016 0B       		.uleb128 0xb
 1385 0017 0B       		.uleb128 0xb
 1386 0018 3E       		.uleb128 0x3e
 1387 0019 0B       		.uleb128 0xb
 1388 001a 03       		.uleb128 0x3
 1389 001b 08       		.uleb128 0x8
 1390 001c 00       		.byte	0
 1391 001d 00       		.byte	0
 1392 001e 03       		.uleb128 0x3
 1393 001f 24       		.uleb128 0x24
 1394 0020 00       		.byte	0
 1395 0021 0B       		.uleb128 0xb
 1396 0022 0B       		.uleb128 0xb
 1397 0023 3E       		.uleb128 0x3e
 1398 0024 0B       		.uleb128 0xb
 1399 0025 03       		.uleb128 0x3
 1400 0026 0E       		.uleb128 0xe
 1401 0027 00       		.byte	0
 1402 0028 00       		.byte	0
 1403 0029 04       		.uleb128 0x4
 1404 002a 16       		.uleb128 0x16
 1405 002b 00       		.byte	0
 1406 002c 03       		.uleb128 0x3
 1407 002d 0E       		.uleb128 0xe
 1408 002e 3A       		.uleb128 0x3a
 1409 002f 0B       		.uleb128 0xb
 1410 0030 3B       		.uleb128 0x3b
 1411 0031 0B       		.uleb128 0xb
 1412 0032 49       		.uleb128 0x49
 1413 0033 13       		.uleb128 0x13
 1414 0034 00       		.byte	0
 1415 0035 00       		.byte	0
 1416 0036 05       		.uleb128 0x5
 1417 0037 13       		.uleb128 0x13
 1418 0038 01       		.byte	0x1
 1419 0039 03       		.uleb128 0x3
 1420 003a 0E       		.uleb128 0xe
 1421 003b 0B       		.uleb128 0xb
 1422 003c 0B       		.uleb128 0xb
 1423 003d 3A       		.uleb128 0x3a
 1424 003e 0B       		.uleb128 0xb
 1425 003f 3B       		.uleb128 0x3b
ARM GAS  /tmp/cctkIrJw.s 			page 26


 1426 0040 0B       		.uleb128 0xb
 1427 0041 01       		.uleb128 0x1
 1428 0042 13       		.uleb128 0x13
 1429 0043 00       		.byte	0
 1430 0044 00       		.byte	0
 1431 0045 06       		.uleb128 0x6
 1432 0046 0D       		.uleb128 0xd
 1433 0047 00       		.byte	0
 1434 0048 03       		.uleb128 0x3
 1435 0049 0E       		.uleb128 0xe
 1436 004a 3A       		.uleb128 0x3a
 1437 004b 0B       		.uleb128 0xb
 1438 004c 3B       		.uleb128 0x3b
 1439 004d 0B       		.uleb128 0xb
 1440 004e 49       		.uleb128 0x49
 1441 004f 13       		.uleb128 0x13
 1442 0050 38       		.uleb128 0x38
 1443 0051 0B       		.uleb128 0xb
 1444 0052 00       		.byte	0
 1445 0053 00       		.byte	0
 1446 0054 07       		.uleb128 0x7
 1447 0055 0D       		.uleb128 0xd
 1448 0056 00       		.byte	0
 1449 0057 03       		.uleb128 0x3
 1450 0058 08       		.uleb128 0x8
 1451 0059 3A       		.uleb128 0x3a
 1452 005a 0B       		.uleb128 0xb
 1453 005b 3B       		.uleb128 0x3b
 1454 005c 0B       		.uleb128 0xb
 1455 005d 49       		.uleb128 0x49
 1456 005e 13       		.uleb128 0x13
 1457 005f 38       		.uleb128 0x38
 1458 0060 0B       		.uleb128 0xb
 1459 0061 00       		.byte	0
 1460 0062 00       		.byte	0
 1461 0063 08       		.uleb128 0x8
 1462 0064 13       		.uleb128 0x13
 1463 0065 01       		.byte	0x1
 1464 0066 0B       		.uleb128 0xb
 1465 0067 0B       		.uleb128 0xb
 1466 0068 3A       		.uleb128 0x3a
 1467 0069 0B       		.uleb128 0xb
 1468 006a 3B       		.uleb128 0x3b
 1469 006b 0B       		.uleb128 0xb
 1470 006c 01       		.uleb128 0x1
 1471 006d 13       		.uleb128 0x13
 1472 006e 00       		.byte	0
 1473 006f 00       		.byte	0
 1474 0070 09       		.uleb128 0x9
 1475 0071 0F       		.uleb128 0xf
 1476 0072 00       		.byte	0
 1477 0073 0B       		.uleb128 0xb
 1478 0074 0B       		.uleb128 0xb
 1479 0075 49       		.uleb128 0x49
 1480 0076 13       		.uleb128 0x13
 1481 0077 00       		.byte	0
 1482 0078 00       		.byte	0
ARM GAS  /tmp/cctkIrJw.s 			page 27


 1483 0079 0A       		.uleb128 0xa
 1484 007a 0F       		.uleb128 0xf
 1485 007b 00       		.byte	0
 1486 007c 0B       		.uleb128 0xb
 1487 007d 0B       		.uleb128 0xb
 1488 007e 00       		.byte	0
 1489 007f 00       		.byte	0
 1490 0080 0B       		.uleb128 0xb
 1491 0081 13       		.uleb128 0x13
 1492 0082 01       		.byte	0x1
 1493 0083 03       		.uleb128 0x3
 1494 0084 0E       		.uleb128 0xe
 1495 0085 0B       		.uleb128 0xb
 1496 0086 0B       		.uleb128 0xb
 1497 0087 3A       		.uleb128 0x3a
 1498 0088 0B       		.uleb128 0xb
 1499 0089 3B       		.uleb128 0x3b
 1500 008a 05       		.uleb128 0x5
 1501 008b 01       		.uleb128 0x1
 1502 008c 13       		.uleb128 0x13
 1503 008d 00       		.byte	0
 1504 008e 00       		.byte	0
 1505 008f 0C       		.uleb128 0xc
 1506 0090 0D       		.uleb128 0xd
 1507 0091 00       		.byte	0
 1508 0092 03       		.uleb128 0x3
 1509 0093 08       		.uleb128 0x8
 1510 0094 3A       		.uleb128 0x3a
 1511 0095 0B       		.uleb128 0xb
 1512 0096 3B       		.uleb128 0x3b
 1513 0097 05       		.uleb128 0x5
 1514 0098 49       		.uleb128 0x49
 1515 0099 13       		.uleb128 0x13
 1516 009a 38       		.uleb128 0x38
 1517 009b 0B       		.uleb128 0xb
 1518 009c 00       		.byte	0
 1519 009d 00       		.byte	0
 1520 009e 0D       		.uleb128 0xd
 1521 009f 35       		.uleb128 0x35
 1522 00a0 00       		.byte	0
 1523 00a1 49       		.uleb128 0x49
 1524 00a2 13       		.uleb128 0x13
 1525 00a3 00       		.byte	0
 1526 00a4 00       		.byte	0
 1527 00a5 0E       		.uleb128 0xe
 1528 00a6 01       		.uleb128 0x1
 1529 00a7 01       		.byte	0x1
 1530 00a8 49       		.uleb128 0x49
 1531 00a9 13       		.uleb128 0x13
 1532 00aa 01       		.uleb128 0x1
 1533 00ab 13       		.uleb128 0x13
 1534 00ac 00       		.byte	0
 1535 00ad 00       		.byte	0
 1536 00ae 0F       		.uleb128 0xf
 1537 00af 21       		.uleb128 0x21
 1538 00b0 00       		.byte	0
 1539 00b1 49       		.uleb128 0x49
ARM GAS  /tmp/cctkIrJw.s 			page 28


 1540 00b2 13       		.uleb128 0x13
 1541 00b3 2F       		.uleb128 0x2f
 1542 00b4 0B       		.uleb128 0xb
 1543 00b5 00       		.byte	0
 1544 00b6 00       		.byte	0
 1545 00b7 10       		.uleb128 0x10
 1546 00b8 17       		.uleb128 0x17
 1547 00b9 01       		.byte	0x1
 1548 00ba 0B       		.uleb128 0xb
 1549 00bb 0B       		.uleb128 0xb
 1550 00bc 3A       		.uleb128 0x3a
 1551 00bd 0B       		.uleb128 0xb
 1552 00be 3B       		.uleb128 0x3b
 1553 00bf 0B       		.uleb128 0xb
 1554 00c0 01       		.uleb128 0x1
 1555 00c1 13       		.uleb128 0x13
 1556 00c2 00       		.byte	0
 1557 00c3 00       		.byte	0
 1558 00c4 11       		.uleb128 0x11
 1559 00c5 0D       		.uleb128 0xd
 1560 00c6 00       		.byte	0
 1561 00c7 03       		.uleb128 0x3
 1562 00c8 0E       		.uleb128 0xe
 1563 00c9 3A       		.uleb128 0x3a
 1564 00ca 0B       		.uleb128 0xb
 1565 00cb 3B       		.uleb128 0x3b
 1566 00cc 0B       		.uleb128 0xb
 1567 00cd 49       		.uleb128 0x49
 1568 00ce 13       		.uleb128 0x13
 1569 00cf 00       		.byte	0
 1570 00d0 00       		.byte	0
 1571 00d1 12       		.uleb128 0x12
 1572 00d2 26       		.uleb128 0x26
 1573 00d3 00       		.byte	0
 1574 00d4 49       		.uleb128 0x49
 1575 00d5 13       		.uleb128 0x13
 1576 00d6 00       		.byte	0
 1577 00d7 00       		.byte	0
 1578 00d8 13       		.uleb128 0x13
 1579 00d9 2E       		.uleb128 0x2e
 1580 00da 01       		.byte	0x1
 1581 00db 3F       		.uleb128 0x3f
 1582 00dc 19       		.uleb128 0x19
 1583 00dd 03       		.uleb128 0x3
 1584 00de 0E       		.uleb128 0xe
 1585 00df 3A       		.uleb128 0x3a
 1586 00e0 0B       		.uleb128 0xb
 1587 00e1 3B       		.uleb128 0x3b
 1588 00e2 0B       		.uleb128 0xb
 1589 00e3 27       		.uleb128 0x27
 1590 00e4 19       		.uleb128 0x19
 1591 00e5 11       		.uleb128 0x11
 1592 00e6 01       		.uleb128 0x1
 1593 00e7 12       		.uleb128 0x12
 1594 00e8 06       		.uleb128 0x6
 1595 00e9 40       		.uleb128 0x40
 1596 00ea 18       		.uleb128 0x18
ARM GAS  /tmp/cctkIrJw.s 			page 29


 1597 00eb 9742     		.uleb128 0x2117
 1598 00ed 19       		.uleb128 0x19
 1599 00ee 01       		.uleb128 0x1
 1600 00ef 13       		.uleb128 0x13
 1601 00f0 00       		.byte	0
 1602 00f1 00       		.byte	0
 1603 00f2 14       		.uleb128 0x14
 1604 00f3 898201   		.uleb128 0x4109
 1605 00f6 00       		.byte	0
 1606 00f7 11       		.uleb128 0x11
 1607 00f8 01       		.uleb128 0x1
 1608 00f9 31       		.uleb128 0x31
 1609 00fa 13       		.uleb128 0x13
 1610 00fb 00       		.byte	0
 1611 00fc 00       		.byte	0
 1612 00fd 15       		.uleb128 0x15
 1613 00fe 34       		.uleb128 0x34
 1614 00ff 00       		.byte	0
 1615 0100 03       		.uleb128 0x3
 1616 0101 0E       		.uleb128 0xe
 1617 0102 3A       		.uleb128 0x3a
 1618 0103 0B       		.uleb128 0xb
 1619 0104 3B       		.uleb128 0x3b
 1620 0105 0B       		.uleb128 0xb
 1621 0106 49       		.uleb128 0x49
 1622 0107 13       		.uleb128 0x13
 1623 0108 02       		.uleb128 0x2
 1624 0109 17       		.uleb128 0x17
 1625 010a 00       		.byte	0
 1626 010b 00       		.byte	0
 1627 010c 16       		.uleb128 0x16
 1628 010d 0B       		.uleb128 0xb
 1629 010e 01       		.byte	0x1
 1630 010f 11       		.uleb128 0x11
 1631 0110 01       		.uleb128 0x1
 1632 0111 12       		.uleb128 0x12
 1633 0112 06       		.uleb128 0x6
 1634 0113 00       		.byte	0
 1635 0114 00       		.byte	0
 1636 0115 17       		.uleb128 0x17
 1637 0116 34       		.uleb128 0x34
 1638 0117 00       		.byte	0
 1639 0118 03       		.uleb128 0x3
 1640 0119 08       		.uleb128 0x8
 1641 011a 3A       		.uleb128 0x3a
 1642 011b 0B       		.uleb128 0xb
 1643 011c 3B       		.uleb128 0x3b
 1644 011d 0B       		.uleb128 0xb
 1645 011e 49       		.uleb128 0x49
 1646 011f 13       		.uleb128 0x13
 1647 0120 02       		.uleb128 0x2
 1648 0121 18       		.uleb128 0x18
 1649 0122 00       		.byte	0
 1650 0123 00       		.byte	0
 1651 0124 18       		.uleb128 0x18
 1652 0125 898201   		.uleb128 0x4109
 1653 0128 01       		.byte	0x1
ARM GAS  /tmp/cctkIrJw.s 			page 30


 1654 0129 11       		.uleb128 0x11
 1655 012a 01       		.uleb128 0x1
 1656 012b 31       		.uleb128 0x31
 1657 012c 13       		.uleb128 0x13
 1658 012d 01       		.uleb128 0x1
 1659 012e 13       		.uleb128 0x13
 1660 012f 00       		.byte	0
 1661 0130 00       		.byte	0
 1662 0131 19       		.uleb128 0x19
 1663 0132 8A8201   		.uleb128 0x410a
 1664 0135 00       		.byte	0
 1665 0136 02       		.uleb128 0x2
 1666 0137 18       		.uleb128 0x18
 1667 0138 9142     		.uleb128 0x2111
 1668 013a 18       		.uleb128 0x18
 1669 013b 00       		.byte	0
 1670 013c 00       		.byte	0
 1671 013d 1A       		.uleb128 0x1a
 1672 013e 898201   		.uleb128 0x4109
 1673 0141 01       		.byte	0x1
 1674 0142 11       		.uleb128 0x11
 1675 0143 01       		.uleb128 0x1
 1676 0144 9542     		.uleb128 0x2115
 1677 0146 19       		.uleb128 0x19
 1678 0147 31       		.uleb128 0x31
 1679 0148 13       		.uleb128 0x13
 1680 0149 00       		.byte	0
 1681 014a 00       		.byte	0
 1682 014b 1B       		.uleb128 0x1b
 1683 014c 0B       		.uleb128 0xb
 1684 014d 01       		.byte	0x1
 1685 014e 11       		.uleb128 0x11
 1686 014f 01       		.uleb128 0x1
 1687 0150 12       		.uleb128 0x12
 1688 0151 06       		.uleb128 0x6
 1689 0152 01       		.uleb128 0x1
 1690 0153 13       		.uleb128 0x13
 1691 0154 00       		.byte	0
 1692 0155 00       		.byte	0
 1693 0156 1C       		.uleb128 0x1c
 1694 0157 0B       		.uleb128 0xb
 1695 0158 01       		.byte	0x1
 1696 0159 55       		.uleb128 0x55
 1697 015a 17       		.uleb128 0x17
 1698 015b 01       		.uleb128 0x1
 1699 015c 13       		.uleb128 0x13
 1700 015d 00       		.byte	0
 1701 015e 00       		.byte	0
 1702 015f 1D       		.uleb128 0x1d
 1703 0160 898201   		.uleb128 0x4109
 1704 0163 00       		.byte	0
 1705 0164 11       		.uleb128 0x11
 1706 0165 01       		.uleb128 0x1
 1707 0166 9542     		.uleb128 0x2115
 1708 0168 19       		.uleb128 0x19
 1709 0169 31       		.uleb128 0x31
 1710 016a 13       		.uleb128 0x13
ARM GAS  /tmp/cctkIrJw.s 			page 31


 1711 016b 00       		.byte	0
 1712 016c 00       		.byte	0
 1713 016d 1E       		.uleb128 0x1e
 1714 016e 05       		.uleb128 0x5
 1715 016f 00       		.byte	0
 1716 0170 03       		.uleb128 0x3
 1717 0171 08       		.uleb128 0x8
 1718 0172 3A       		.uleb128 0x3a
 1719 0173 0B       		.uleb128 0xb
 1720 0174 3B       		.uleb128 0x3b
 1721 0175 0B       		.uleb128 0xb
 1722 0176 49       		.uleb128 0x49
 1723 0177 13       		.uleb128 0x13
 1724 0178 02       		.uleb128 0x2
 1725 0179 18       		.uleb128 0x18
 1726 017a 00       		.byte	0
 1727 017b 00       		.byte	0
 1728 017c 1F       		.uleb128 0x1f
 1729 017d 2E       		.uleb128 0x2e
 1730 017e 01       		.byte	0x1
 1731 017f 3F       		.uleb128 0x3f
 1732 0180 19       		.uleb128 0x19
 1733 0181 03       		.uleb128 0x3
 1734 0182 0E       		.uleb128 0xe
 1735 0183 3A       		.uleb128 0x3a
 1736 0184 0B       		.uleb128 0xb
 1737 0185 3B       		.uleb128 0x3b
 1738 0186 05       		.uleb128 0x5
 1739 0187 27       		.uleb128 0x27
 1740 0188 19       		.uleb128 0x19
 1741 0189 11       		.uleb128 0x11
 1742 018a 01       		.uleb128 0x1
 1743 018b 12       		.uleb128 0x12
 1744 018c 06       		.uleb128 0x6
 1745 018d 40       		.uleb128 0x40
 1746 018e 18       		.uleb128 0x18
 1747 018f 9742     		.uleb128 0x2117
 1748 0191 19       		.uleb128 0x19
 1749 0192 01       		.uleb128 0x1
 1750 0193 13       		.uleb128 0x13
 1751 0194 00       		.byte	0
 1752 0195 00       		.byte	0
 1753 0196 20       		.uleb128 0x20
 1754 0197 34       		.uleb128 0x34
 1755 0198 00       		.byte	0
 1756 0199 03       		.uleb128 0x3
 1757 019a 08       		.uleb128 0x8
 1758 019b 3A       		.uleb128 0x3a
 1759 019c 0B       		.uleb128 0xb
 1760 019d 3B       		.uleb128 0x3b
 1761 019e 05       		.uleb128 0x5
 1762 019f 49       		.uleb128 0x49
 1763 01a0 13       		.uleb128 0x13
 1764 01a1 02       		.uleb128 0x2
 1765 01a2 18       		.uleb128 0x18
 1766 01a3 00       		.byte	0
 1767 01a4 00       		.byte	0
ARM GAS  /tmp/cctkIrJw.s 			page 32


 1768 01a5 21       		.uleb128 0x21
 1769 01a6 34       		.uleb128 0x34
 1770 01a7 00       		.byte	0
 1771 01a8 03       		.uleb128 0x3
 1772 01a9 0E       		.uleb128 0xe
 1773 01aa 3A       		.uleb128 0x3a
 1774 01ab 0B       		.uleb128 0xb
 1775 01ac 3B       		.uleb128 0x3b
 1776 01ad 0B       		.uleb128 0xb
 1777 01ae 49       		.uleb128 0x49
 1778 01af 13       		.uleb128 0x13
 1779 01b0 3F       		.uleb128 0x3f
 1780 01b1 19       		.uleb128 0x19
 1781 01b2 3C       		.uleb128 0x3c
 1782 01b3 19       		.uleb128 0x19
 1783 01b4 00       		.byte	0
 1784 01b5 00       		.byte	0
 1785 01b6 22       		.uleb128 0x22
 1786 01b7 2E       		.uleb128 0x2e
 1787 01b8 00       		.byte	0
 1788 01b9 3F       		.uleb128 0x3f
 1789 01ba 19       		.uleb128 0x19
 1790 01bb 03       		.uleb128 0x3
 1791 01bc 0E       		.uleb128 0xe
 1792 01bd 3A       		.uleb128 0x3a
 1793 01be 0B       		.uleb128 0xb
 1794 01bf 3B       		.uleb128 0x3b
 1795 01c0 0B       		.uleb128 0xb
 1796 01c1 27       		.uleb128 0x27
 1797 01c2 19       		.uleb128 0x19
 1798 01c3 3C       		.uleb128 0x3c
 1799 01c4 19       		.uleb128 0x19
 1800 01c5 00       		.byte	0
 1801 01c6 00       		.byte	0
 1802 01c7 23       		.uleb128 0x23
 1803 01c8 2E       		.uleb128 0x2e
 1804 01c9 01       		.byte	0x1
 1805 01ca 3F       		.uleb128 0x3f
 1806 01cb 19       		.uleb128 0x19
 1807 01cc 03       		.uleb128 0x3
 1808 01cd 0E       		.uleb128 0xe
 1809 01ce 3A       		.uleb128 0x3a
 1810 01cf 0B       		.uleb128 0xb
 1811 01d0 3B       		.uleb128 0x3b
 1812 01d1 05       		.uleb128 0x5
 1813 01d2 27       		.uleb128 0x27
 1814 01d3 19       		.uleb128 0x19
 1815 01d4 3C       		.uleb128 0x3c
 1816 01d5 19       		.uleb128 0x19
 1817 01d6 01       		.uleb128 0x1
 1818 01d7 13       		.uleb128 0x13
 1819 01d8 00       		.byte	0
 1820 01d9 00       		.byte	0
 1821 01da 24       		.uleb128 0x24
 1822 01db 05       		.uleb128 0x5
 1823 01dc 00       		.byte	0
 1824 01dd 49       		.uleb128 0x49
ARM GAS  /tmp/cctkIrJw.s 			page 33


 1825 01de 13       		.uleb128 0x13
 1826 01df 00       		.byte	0
 1827 01e0 00       		.byte	0
 1828 01e1 00       		.byte	0
 1829              		.section	.debug_loc,"",%progbits
 1830              	.Ldebug_loc0:
 1831              	.LLST0:
 1832 0000 04000000 		.4byte	.LVL1
 1833 0004 06000000 		.4byte	.LVL2
 1834 0008 0300     		.2byte	0x3
 1835 000a 73       		.byte	0x73
 1836 000b 20       		.sleb128 32
 1837 000c 9F       		.byte	0x9f
 1838 000d 06000000 		.4byte	.LVL2
 1839 0011 0C000000 		.4byte	.LVL3
 1840 0015 0100     		.2byte	0x1
 1841 0017 53       		.byte	0x53
 1842 0018 00000000 		.4byte	0
 1843 001c 00000000 		.4byte	0
 1844              	.LLST1:
 1845 0020 14000000 		.4byte	.LVL7
 1846 0024 18000000 		.4byte	.LVL8
 1847 0028 0300     		.2byte	0x3
 1848 002a 73       		.byte	0x73
 1849 002b 60       		.sleb128 -32
 1850 002c 9F       		.byte	0x9f
 1851 002d 18000000 		.4byte	.LVL8
 1852 0031 24000000 		.4byte	.LVL9
 1853 0035 0100     		.2byte	0x1
 1854 0037 52       		.byte	0x52
 1855 0038 24000000 		.4byte	.LVL9
 1856 003c 44000000 		.4byte	.LVL10
 1857 0040 0300     		.2byte	0x3
 1858 0042 73       		.byte	0x73
 1859 0043 60       		.sleb128 -32
 1860 0044 9F       		.byte	0x9f
 1861 0045 4A000000 		.4byte	.LVL11
 1862 0049 70000000 		.4byte	.LFE10
 1863 004d 0300     		.2byte	0x3
 1864 004f 73       		.byte	0x73
 1865 0050 60       		.sleb128 -32
 1866 0051 9F       		.byte	0x9f
 1867 0052 00000000 		.4byte	0
 1868 0056 00000000 		.4byte	0
 1869              		.section	.debug_aranges,"",%progbits
 1870 0000 4C000000 		.4byte	0x4c
 1871 0004 0200     		.2byte	0x2
 1872 0006 00000000 		.4byte	.Ldebug_info0
 1873 000a 04       		.byte	0x4
 1874 000b 00       		.byte	0
 1875 000c 0000     		.2byte	0
 1876 000e 0000     		.2byte	0
 1877 0010 00000000 		.4byte	.LFB11
 1878 0014 06000000 		.4byte	.LFE11-.LFB11
 1879 0018 00000000 		.4byte	.LFB8
 1880 001c 12000000 		.4byte	.LFE8-.LFB8
 1881 0020 00000000 		.4byte	.LFB9
ARM GAS  /tmp/cctkIrJw.s 			page 34


 1882 0024 30000000 		.4byte	.LFE9-.LFB9
 1883 0028 00000000 		.4byte	.LFB10
 1884 002c 70000000 		.4byte	.LFE10-.LFB10
 1885 0030 00000000 		.4byte	.LFB7
 1886 0034 1A000000 		.4byte	.LFE7-.LFB7
 1887 0038 00000000 		.4byte	.LFB12
 1888 003c 10000000 		.4byte	.LFE12-.LFB12
 1889 0040 00000000 		.4byte	.LFB13
 1890 0044 10000000 		.4byte	.LFE13-.LFB13
 1891 0048 00000000 		.4byte	0
 1892 004c 00000000 		.4byte	0
 1893              		.section	.debug_ranges,"",%progbits
 1894              	.Ldebug_ranges0:
 1895 0000 10000000 		.4byte	.LBB4
 1896 0004 44000000 		.4byte	.LBE4
 1897 0008 4A000000 		.4byte	.LBB6
 1898 000c 70000000 		.4byte	.LBE6
 1899 0010 00000000 		.4byte	0
 1900 0014 00000000 		.4byte	0
 1901 0018 00000000 		.4byte	.LFB11
 1902 001c 06000000 		.4byte	.LFE11
 1903 0020 00000000 		.4byte	.LFB8
 1904 0024 12000000 		.4byte	.LFE8
 1905 0028 00000000 		.4byte	.LFB9
 1906 002c 30000000 		.4byte	.LFE9
 1907 0030 00000000 		.4byte	.LFB10
 1908 0034 70000000 		.4byte	.LFE10
 1909 0038 00000000 		.4byte	.LFB7
 1910 003c 1A000000 		.4byte	.LFE7
 1911 0040 00000000 		.4byte	.LFB12
 1912 0044 10000000 		.4byte	.LFE12
 1913 0048 00000000 		.4byte	.LFB13
 1914 004c 10000000 		.4byte	.LFE13
 1915 0050 00000000 		.4byte	0
 1916 0054 00000000 		.4byte	0
 1917              		.section	.debug_line,"",%progbits
 1918              	.Ldebug_line0:
 1919 0000 D9010000 		.section	.debug_str,"MS",%progbits,1
 1919      02002701 
 1919      00000201 
 1919      FB0E0D00 
 1919      01010101 
 1920              	.LASF50:
 1921 0000 696E7463 		.ascii	"intctx\000"
 1921      747800
 1922              	.LASF39:
 1923 0007 705F6D73 		.ascii	"p_msg\000"
 1923      6700
 1924              	.LASF81:
 1925 000d 7264796D 		.ascii	"rdymsg\000"
 1925      736700
 1926              	.LASF5:
 1927 0014 5F5F7569 		.ascii	"__uint8_t\000"
 1927      6E74385F 
 1927      7400
 1928              	.LASF69:
 1929 001e 434D785F 		.ascii	"CMx_SCB\000"
ARM GAS  /tmp/cctkIrJw.s 			page 35


 1929      53434200 
 1930              	.LASF95:
 1931 0026 63685379 		.ascii	"chSysTimerHandlerI\000"
 1931      7354696D 
 1931      65724861 
 1931      6E646C65 
 1931      724900
 1932              	.LASF91:
 1933 0039 53797354 		.ascii	"SysTickVector\000"
 1933      69636B56 
 1933      6563746F 
 1933      7200
 1934              	.LASF11:
 1935 0047 6C6F6E67 		.ascii	"long long unsigned int\000"
 1935      206C6F6E 
 1935      6720756E 
 1935      7369676E 
 1935      65642069 
 1936              	.LASF82:
 1937 005e 65786974 		.ascii	"exitcode\000"
 1937      636F6465 
 1937      00
 1938              	.LASF54:
 1939 0067 43505549 		.ascii	"CPUID\000"
 1939      4400
 1940              	.LASF27:
 1941 006d 705F7072 		.ascii	"p_prio\000"
 1941      696F00
 1942              	.LASF10:
 1943 0074 6C6F6E67 		.ascii	"long long int\000"
 1943      206C6F6E 
 1943      6720696E 
 1943      7400
 1944              	.LASF1:
 1945 0082 7369676E 		.ascii	"signed char\000"
 1945      65642063 
 1945      68617200 
 1946              	.LASF43:
 1947 008e 705F6D70 		.ascii	"p_mpool\000"
 1947      6F6F6C00 
 1948              	.LASF78:
 1949 0096 6D5F7175 		.ascii	"m_queue\000"
 1949      65756500 
 1950              	.LASF19:
 1951 009e 74736C69 		.ascii	"tslices_t\000"
 1951      6365735F 
 1951      7400
 1952              	.LASF7:
 1953 00a8 6C6F6E67 		.ascii	"long int\000"
 1953      20696E74 
 1953      00
 1954              	.LASF87:
 1955 00b1 53564361 		.ascii	"SVCallVector\000"
 1955      6C6C5665 
 1955      63746F72 
 1955      00
 1956              	.LASF17:
ARM GAS  /tmp/cctkIrJw.s 			page 36


 1957 00be 74737461 		.ascii	"tstate_t\000"
 1957      74655F74 
 1957      00
 1958              	.LASF93:
 1959 00c7 5F706F72 		.ascii	"_port_thread_start\000"
 1959      745F7468 
 1959      72656164 
 1959      5F737461 
 1959      727400
 1960              	.LASF29:
 1961 00da 705F6E65 		.ascii	"p_newer\000"
 1961      77657200 
 1962              	.LASF64:
 1963 00e2 42464152 		.ascii	"BFAR\000"
 1963      00
 1964              	.LASF8:
 1965 00e7 5F5F7569 		.ascii	"__uint32_t\000"
 1965      6E743332 
 1965      5F7400
 1966              	.LASF100:
 1967 00f2 6E766963 		.ascii	"nvicSetSystemHandlerPriority\000"
 1967      53657453 
 1967      79737465 
 1967      6D48616E 
 1967      646C6572 
 1968              	.LASF46:
 1969 010f 72656761 		.ascii	"regarm_t\000"
 1969      726D5F74 
 1969      00
 1970              	.LASF94:
 1971 0118 63685363 		.ascii	"chSchDoReschedule\000"
 1971      68446F52 
 1971      65736368 
 1971      6564756C 
 1971      6500
 1972              	.LASF0:
 1973 012a 756E7369 		.ascii	"unsigned int\000"
 1973      676E6564 
 1973      20696E74 
 1973      00
 1974              	.LASF48:
 1975 0137 6C725F74 		.ascii	"lr_thd\000"
 1975      686400
 1976              	.LASF47:
 1977 013e 65787463 		.ascii	"extctx\000"
 1977      747800
 1978              	.LASF92:
 1979 0145 5F706F72 		.ascii	"_port_switch\000"
 1979      745F7377 
 1979      69746368 
 1979      00
 1980              	.LASF9:
 1981 0152 6C6F6E67 		.ascii	"long unsigned int\000"
 1981      20756E73 
 1981      69676E65 
 1981      6420696E 
 1981      7400
ARM GAS  /tmp/cctkIrJw.s 			page 37


 1982              	.LASF56:
 1983 0164 56544F52 		.ascii	"VTOR\000"
 1983      00
 1984              	.LASF86:
 1985 0169 5F706F72 		.ascii	"_port_switch_from_isr\000"
 1985      745F7377 
 1985      69746368 
 1985      5F66726F 
 1985      6D5F6973 
 1986              	.LASF51:
 1987 017f 636F6E74 		.ascii	"context\000"
 1987      65787400 
 1988              	.LASF4:
 1989 0187 73686F72 		.ascii	"short unsigned int\000"
 1989      7420756E 
 1989      7369676E 
 1989      65642069 
 1989      6E7400
 1990              	.LASF55:
 1991 019a 49435352 		.ascii	"ICSR\000"
 1991      00
 1992              	.LASF21:
 1993 019f 6D73675F 		.ascii	"msg_t\000"
 1993      7400
 1994              	.LASF57:
 1995 01a5 41495243 		.ascii	"AIRCR\000"
 1995      5200
 1996              	.LASF62:
 1997 01ab 44465352 		.ascii	"DFSR\000"
 1997      00
 1998              	.LASF73:
 1999 01b0 725F6E65 		.ascii	"r_newer\000"
 1999      77657200 
 2000              	.LASF63:
 2001 01b8 4D4D4641 		.ascii	"MMFAR\000"
 2001      5200
 2002              	.LASF90:
 2003 01be 5F706F72 		.ascii	"_port_irq_epilogue\000"
 2003      745F6972 
 2003      715F6570 
 2003      696C6F67 
 2003      756500
 2004              	.LASF16:
 2005 01d1 746D6F64 		.ascii	"tmode_t\000"
 2005      655F7400 
 2006              	.LASF45:
 2007 01d9 54687265 		.ascii	"ThreadsList\000"
 2007      6164734C 
 2007      69737400 
 2008              	.LASF22:
 2009 01e5 6576656E 		.ascii	"eventmask_t\000"
 2009      746D6173 
 2009      6B5F7400 
 2010              	.LASF77:
 2011 01f1 4D757465 		.ascii	"Mutex\000"
 2011      7800
 2012              	.LASF53:
ARM GAS  /tmp/cctkIrJw.s 			page 38


 2013 01f7 73697A65 		.ascii	"sizetype\000"
 2013      74797065 
 2013      00
 2014              	.LASF60:
 2015 0200 43465352 		.ascii	"CFSR\000"
 2015      00
 2016              	.LASF30:
 2017 0205 705F6F6C 		.ascii	"p_older\000"
 2017      64657200 
 2018              	.LASF72:
 2019 020d 725F6374 		.ascii	"r_ctx\000"
 2019      7800
 2020              	.LASF44:
 2021 0213 54687265 		.ascii	"ThreadsQueue\000"
 2021      61647351 
 2021      75657565 
 2021      00
 2022              	.LASF75:
 2023 0220 725F6375 		.ascii	"r_current\000"
 2023      7272656E 
 2023      7400
 2024              	.LASF74:
 2025 022a 725F6F6C 		.ascii	"r_older\000"
 2025      64657200 
 2026              	.LASF18:
 2027 0232 74726566 		.ascii	"trefs_t\000"
 2027      735F7400 
 2028              	.LASF88:
 2029 023a 63747870 		.ascii	"ctxp\000"
 2029      00
 2030              	.LASF26:
 2031 023f 705F7072 		.ascii	"p_prev\000"
 2031      657600
 2032              	.LASF20:
 2033 0246 74707269 		.ascii	"tprio_t\000"
 2033      6F5F7400 
 2034              	.LASF96:
 2035 024e 474E5520 		.ascii	"GNU C 4.8.3 -mcpu=cortex-m3 -mno-thumb-interwork -m"
 2035      4320342E 
 2035      382E3320 
 2035      2D6D6370 
 2035      753D636F 
 2036 0281 7468756D 		.ascii	"thumb -ggdb -O2 -fomit-frame-pointer -ffunction-sec"
 2036      62202D67 
 2036      67646220 
 2036      2D4F3220 
 2036      2D666F6D 
 2037 02b4 74696F6E 		.ascii	"tions -fdata-sections -fno-common\000"
 2037      73202D66 
 2037      64617461 
 2037      2D736563 
 2037      74696F6E 
 2038              	.LASF15:
 2039 02d6 5F426F6F 		.ascii	"_Bool\000"
 2039      6C00
 2040              	.LASF13:
 2041 02dc 696E7433 		.ascii	"int32_t\000"
ARM GAS  /tmp/cctkIrJw.s 			page 39


 2041      325F7400 
 2042              	.LASF2:
 2043 02e4 756E7369 		.ascii	"unsigned char\000"
 2043      676E6564 
 2043      20636861 
 2043      7200
 2044              	.LASF59:
 2045 02f2 53484353 		.ascii	"SHCSR\000"
 2045      5200
 2046              	.LASF41:
 2047 02f8 705F6D74 		.ascii	"p_mtxlist\000"
 2047      786C6973 
 2047      7400
 2048              	.LASF3:
 2049 0302 73686F72 		.ascii	"short int\000"
 2049      7420696E 
 2049      7400
 2050              	.LASF32:
 2051 030c 705F7374 		.ascii	"p_state\000"
 2051      61746500 
 2052              	.LASF35:
 2053 0314 705F7072 		.ascii	"p_preempt\000"
 2053      65656D70 
 2053      7400
 2054              	.LASF49:
 2055 031e 78707372 		.ascii	"xpsr\000"
 2055      00
 2056              	.LASF71:
 2057 0323 725F7072 		.ascii	"r_prio\000"
 2057      696F00
 2058              	.LASF84:
 2059 032a 65776D61 		.ascii	"ewmask\000"
 2059      736B00
 2060              	.LASF25:
 2061 0331 705F6E65 		.ascii	"p_next\000"
 2061      787400
 2062              	.LASF33:
 2063 0338 705F666C 		.ascii	"p_flags\000"
 2063      61677300 
 2064              	.LASF24:
 2065 0340 54687265 		.ascii	"Thread\000"
 2065      616400
 2066              	.LASF40:
 2067 0347 705F6570 		.ascii	"p_epending\000"
 2067      656E6469 
 2067      6E6700
 2068              	.LASF14:
 2069 0352 75696E74 		.ascii	"uint32_t\000"
 2069      33325F74 
 2069      00
 2070              	.LASF70:
 2071 035b 725F7175 		.ascii	"r_queue\000"
 2071      65756500 
 2072              	.LASF65:
 2073 0363 41465352 		.ascii	"AFSR\000"
 2073      00
 2074              	.LASF67:
ARM GAS  /tmp/cctkIrJw.s 			page 40


 2075 0368 756E7573 		.ascii	"unused1\000"
 2075      65643100 
 2076              	.LASF85:
 2077 0370 63686172 		.ascii	"char\000"
 2077      00
 2078              	.LASF52:
 2079 0375 494F5245 		.ascii	"IOREG32\000"
 2079      47333200 
 2080              	.LASF97:
 2081 037d 2E2E2F2E 		.ascii	"../../os/ports/GCC/ARMCMx/chcore_v7m.c\000"
 2081      2E2F6F73 
 2081      2F706F72 
 2081      74732F47 
 2081      43432F41 
 2082              	.LASF80:
 2083 03a4 6D5F6E65 		.ascii	"m_next\000"
 2083      787400
 2084              	.LASF23:
 2085 03ab 73797374 		.ascii	"systime_t\000"
 2085      696D655F 
 2085      7400
 2086              	.LASF42:
 2087 03b5 705F7265 		.ascii	"p_realprio\000"
 2087      616C7072 
 2087      696F00
 2088              	.LASF6:
 2089 03c0 5F5F696E 		.ascii	"__int32_t\000"
 2089      7433325F 
 2089      7400
 2090              	.LASF36:
 2091 03ca 705F7469 		.ascii	"p_time\000"
 2091      6D6500
 2092              	.LASF58:
 2093 03d1 53485052 		.ascii	"SHPR\000"
 2093      00
 2094              	.LASF98:
 2095 03d6 2F686F6D 		.ascii	"/home/development/Projects/openpv/TF_OSC_ChibiOS/jo"
 2095      652F6465 
 2095      76656C6F 
 2095      706D656E 
 2095      742F5072 
 2096 0409 6D626C6F 		.ascii	"mblo/BASIC\000"
 2096      2F424153 
 2096      494300
 2097              	.LASF38:
 2098 0414 705F6D73 		.ascii	"p_msgqueue\000"
 2098      67717565 
 2098      756500
 2099              	.LASF34:
 2100 041f 705F7265 		.ascii	"p_refs\000"
 2100      667300
 2101              	.LASF76:
 2102 0426 52656164 		.ascii	"ReadyList\000"
 2102      794C6973 
 2102      7400
 2103              	.LASF66:
 2104 0430 4D4D4652 		.ascii	"MMFR\000"
ARM GAS  /tmp/cctkIrJw.s 			page 41


 2104      00
 2105              	.LASF99:
 2106 0435 726C6973 		.ascii	"rlist\000"
 2106      7400
 2107              	.LASF12:
 2108 043b 75696E74 		.ascii	"uint8_t\000"
 2108      385F7400 
 2109              	.LASF89:
 2110 0443 5F706F72 		.ascii	"_port_init\000"
 2110      745F696E 
 2110      697400
 2111              	.LASF83:
 2112 044e 77746F62 		.ascii	"wtobjp\000"
 2112      6A7000
 2113              	.LASF31:
 2114 0455 705F6E61 		.ascii	"p_name\000"
 2114      6D6500
 2115              	.LASF68:
 2116 045c 43504143 		.ascii	"CPACR\000"
 2116      5200
 2117              	.LASF61:
 2118 0462 48465352 		.ascii	"HFSR\000"
 2118      00
 2119              	.LASF79:
 2120 0467 6D5F6F77 		.ascii	"m_owner\000"
 2120      6E657200 
 2121              	.LASF28:
 2122 046f 705F6374 		.ascii	"p_ctx\000"
 2122      7800
 2123              	.LASF37:
 2124 0475 705F7761 		.ascii	"p_waiting\000"
 2124      6974696E 
 2124      6700
 2125              		.ident	"GCC: (4.8.3-18ubuntu2+12) 4.8.3"
ARM GAS  /tmp/cctkIrJw.s 			page 42


DEFINED SYMBOLS
                            *ABS*:00000000 chcore_v7m.c
     /tmp/cctkIrJw.s:19     .text._port_switch_from_isr:00000000 $t
     /tmp/cctkIrJw.s:24     .text._port_switch_from_isr:00000000 _port_switch_from_isr
     /tmp/cctkIrJw.s:37     .text._port_switch_from_isr:00000004 _port_exit_from_isr
     /tmp/cctkIrJw.s:49     .text.SVCallVector:00000000 $t
     /tmp/cctkIrJw.s:54     .text.SVCallVector:00000000 SVCallVector
     /tmp/cctkIrJw.s:89     .text._port_init:00000000 $t
     /tmp/cctkIrJw.s:94     .text._port_init:00000000 _port_init
     /tmp/cctkIrJw.s:133    .text._port_init:00000028 $d
     /tmp/cctkIrJw.s:139    .text._port_irq_epilogue:00000000 $t
     /tmp/cctkIrJw.s:144    .text._port_irq_epilogue:00000000 _port_irq_epilogue
     /tmp/cctkIrJw.s:234    .text._port_irq_epilogue:00000060 $d
     /tmp/cctkIrJw.s:243    .text.SysTickVector:00000000 $t
     /tmp/cctkIrJw.s:248    .text.SysTickVector:00000000 SysTickVector
     /tmp/cctkIrJw.s:286    .text._port_switch:00000000 $t
     /tmp/cctkIrJw.s:291    .text._port_switch:00000000 _port_switch
     /tmp/cctkIrJw.s:318    .text._port_thread_start:00000000 $t
     /tmp/cctkIrJw.s:323    .text._port_thread_start:00000000 _port_thread_start
                     .debug_frame:00000010 $d

UNDEFINED SYMBOLS
chSchDoReschedule
nvicSetSystemHandlerPriority
rlist
chSysTimerHandlerI
chThdExit
