ARM GAS  /tmp/ccu25vh6.s 			page 1


   1              		.syntax unified
   2              		.cpu cortex-m3
   3              		.fpu softvfp
   4              		.eabi_attribute 20, 1
   5              		.eabi_attribute 21, 1
   6              		.eabi_attribute 23, 3
   7              		.eabi_attribute 24, 1
   8              		.eabi_attribute 25, 1
   9              		.eabi_attribute 26, 1
  10              		.eabi_attribute 30, 2
  11              		.eabi_attribute 34, 1
  12              		.eabi_attribute 18, 4
  13              		.thumb
  14              		.file	"chdynamic.c"
  15              		.text
  16              	.Ltext0:
  17              		.cfi_sections	.debug_frame
  18              		.section	.text.chThdAddRef,"ax",%progbits
  19              		.align	2
  20              		.global	chThdAddRef
  21              		.thumb
  22              		.thumb_func
  23              		.type	chThdAddRef, %function
  24              	chThdAddRef:
  25              	.LFB7:
  26              		.file 1 "../../os/kernel/src/chdynamic.c"
  27              		.loc 1 52 0
  28              		.cfi_startproc
  29              		@ args = 0, pretend = 0, frame = 0
  30              		@ frame_needed = 0, uses_anonymous_args = 0
  31              		@ link register save eliminated.
  32              	.LVL0:
  33              	.LBB2:
  34              		.loc 1 54 0
  35 0000 2023     		movs	r3, #32
  36              	@ 54 "../../os/kernel/src/chdynamic.c" 1
  37 0002 83F31188 		msr     BASEPRI, r3
  38              	@ 0 "" 2
  39              		.thumb
  40              	.LBE2:
  41              		.loc 1 56 0
  42 0006 817F     		ldrb	r1, [r0, #30]	@ zero_extendqisi2
  43              	.LBB3:
  44              		.loc 1 57 0
  45 0008 0023     		movs	r3, #0
  46              	.LBE3:
  47              		.loc 1 56 0
  48 000a 0131     		adds	r1, r1, #1
  49 000c 8177     		strb	r1, [r0, #30]
  50              	.LBB4:
  51              		.loc 1 57 0
  52              	@ 57 "../../os/kernel/src/chdynamic.c" 1
  53 000e 83F31188 		msr     BASEPRI, r3
  54              	@ 0 "" 2
  55              		.thumb
  56              	.LBE4:
  57              		.loc 1 59 0
ARM GAS  /tmp/ccu25vh6.s 			page 2


  58 0012 7047     		bx	lr
  59              		.cfi_endproc
  60              	.LFE7:
  61              		.size	chThdAddRef, .-chThdAddRef
  62              		.section	.text.chThdRelease,"ax",%progbits
  63              		.align	2
  64              		.global	chThdRelease
  65              		.thumb
  66              		.thumb_func
  67              		.type	chThdRelease, %function
  68              	chThdRelease:
  69              	.LFB8:
  70              		.loc 1 74 0
  71              		.cfi_startproc
  72              		@ args = 0, pretend = 0, frame = 0
  73              		@ frame_needed = 0, uses_anonymous_args = 0
  74              		@ link register save eliminated.
  75              	.LVL1:
  76              		.loc 1 74 0
  77 0000 0146     		mov	r1, r0
  78              	.LBB5:
  79              		.loc 1 77 0
  80 0002 2023     		movs	r3, #32
  81              	@ 77 "../../os/kernel/src/chdynamic.c" 1
  82 0004 83F31188 		msr     BASEPRI, r3
  83              	@ 0 "" 2
  84              		.thumb
  85              	.LBE5:
  86              		.loc 1 79 0
  87 0008 827F     		ldrb	r2, [r0, #30]	@ zero_extendqisi2
  88              	.LBB6:
  89              		.loc 1 80 0
  90 000a 0023     		movs	r3, #0
  91              	.LBE6:
  92              		.loc 1 79 0
  93 000c 013A     		subs	r2, r2, #1
  94 000e D2B2     		uxtb	r2, r2
  95 0010 8277     		strb	r2, [r0, #30]
  96              	.LVL2:
  97              	.LBB7:
  98              		.loc 1 80 0
  99              	@ 80 "../../os/kernel/src/chdynamic.c" 1
 100 0012 83F31188 		msr     BASEPRI, r3
 101              	@ 0 "" 2
 102              		.thumb
 103              	.LBE7:
 104              		.loc 1 85 0
 105 0016 12B9     		cbnz	r2, .L2
 106              		.loc 1 85 0 is_stmt 0 discriminator 1
 107 0018 037F     		ldrb	r3, [r0, #28]	@ zero_extendqisi2
 108 001a 0E2B     		cmp	r3, #14
 109 001c 00D0     		beq	.L7
 110              	.L2:
 111 001e 7047     		bx	lr
 112              	.L7:
 113              		.loc 1 86 0 is_stmt 1
 114 0020 437F     		ldrb	r3, [r0, #29]	@ zero_extendqisi2
ARM GAS  /tmp/ccu25vh6.s 			page 3


 115 0022 03F00303 		and	r3, r3, #3
 116 0026 012B     		cmp	r3, #1
 117 0028 02D0     		beq	.L4
 118 002a 022B     		cmp	r3, #2
 119 002c 07D0     		beq	.L5
 120 002e 7047     		bx	lr
 121              	.L4:
 122              		.loc 1 90 0
 123 0030 0269     		ldr	r2, [r0, #16]
 124              	.LVL3:
 125 0032 4369     		ldr	r3, [r0, #20]
 126 0034 1A61     		str	r2, [r3, #16]
 127 0036 0269     		ldr	r2, [r0, #16]
 128 0038 5361     		str	r3, [r2, #20]
 129              		.loc 1 92 0
 130 003a FFF7FEBF 		b	chHeapFree
 131              	.LVL4:
 132              	.L5:
 133              		.loc 1 98 0
 134 003e 0269     		ldr	r2, [r0, #16]
 135              	.LVL5:
 136 0040 4369     		ldr	r3, [r0, #20]
 137              		.loc 1 100 0
 138 0042 406C     		ldr	r0, [r0, #68]
 139              	.LVL6:
 140              		.loc 1 98 0
 141 0044 1A61     		str	r2, [r3, #16]
 142 0046 0A69     		ldr	r2, [r1, #16]
 143 0048 5361     		str	r3, [r2, #20]
 144              		.loc 1 100 0
 145 004a FFF7FEBF 		b	chPoolFree
 146              	.LVL7:
 147              		.cfi_endproc
 148              	.LFE8:
 149              		.size	chThdRelease, .-chThdRelease
 150 004e 00BF     		.section	.text.chThdCreateFromHeap,"ax",%progbits
 151              		.align	2
 152              		.global	chThdCreateFromHeap
 153              		.thumb
 154              		.thumb_func
 155              		.type	chThdCreateFromHeap, %function
 156              	chThdCreateFromHeap:
 157              	.LFB9:
 158              		.loc 1 131 0
 159              		.cfi_startproc
 160              		@ args = 4, pretend = 0, frame = 0
 161              		@ frame_needed = 0, uses_anonymous_args = 0
 162              	.LVL8:
 163 0000 F0B5     		push	{r4, r5, r6, r7, lr}
 164              		.cfi_def_cfa_offset 20
 165              		.cfi_offset 4, -20
 166              		.cfi_offset 5, -16
 167              		.cfi_offset 6, -12
 168              		.cfi_offset 7, -8
 169              		.cfi_offset 14, -4
 170 0002 83B0     		sub	sp, sp, #12
 171              		.cfi_def_cfa_offset 32
ARM GAS  /tmp/ccu25vh6.s 			page 4


 172              		.loc 1 131 0
 173 0004 1746     		mov	r7, r2
 174 0006 1D46     		mov	r5, r3
 175 0008 0E46     		mov	r6, r1
 176              		.loc 1 135 0
 177 000a FFF7FEFF 		bl	chHeapAlloc
 178              	.LVL9:
 179              		.loc 1 136 0
 180 000e 98B1     		cbz	r0, .L9
 181              	.LBB8:
 182              		.loc 1 148 0
 183 0010 2023     		movs	r3, #32
 184              	@ 148 "../../os/kernel/src/chdynamic.c" 1
 185 0012 83F31188 		msr     BASEPRI, r3
 186              	@ 0 "" 2
 187              		.thumb
 188              	.LBE8:
 189              		.loc 1 149 0
 190 0016 089B     		ldr	r3, [sp, #32]
 191 0018 3146     		mov	r1, r6
 192 001a 0093     		str	r3, [sp]
 193 001c 3A46     		mov	r2, r7
 194 001e 2B46     		mov	r3, r5
 195 0020 FFF7FEFF 		bl	chThdCreateI
 196              	.LVL10:
 197              		.loc 1 150 0
 198 0024 0123     		movs	r3, #1
 199 0026 4377     		strb	r3, [r0, #29]
 200              		.loc 1 151 0
 201 0028 0021     		movs	r1, #0
 202              		.loc 1 149 0
 203 002a 0446     		mov	r4, r0
 204              	.LVL11:
 205              		.loc 1 151 0
 206 002c FFF7FEFF 		bl	chSchWakeupS
 207              	.LVL12:
 208              	.LBB9:
 209              		.loc 1 152 0
 210 0030 0023     		movs	r3, #0
 211              	@ 152 "../../os/kernel/src/chdynamic.c" 1
 212 0032 83F31188 		msr     BASEPRI, r3
 213              	@ 0 "" 2
 214              		.thumb
 215              	.LBE9:
 216              		.loc 1 153 0
 217 0036 2046     		mov	r0, r4
 218              	.LVL13:
 219              	.L9:
 220              		.loc 1 154 0
 221 0038 03B0     		add	sp, sp, #12
 222              		@ sp needed
 223 003a F0BD     		pop	{r4, r5, r6, r7, pc}
 224              		.cfi_endproc
 225              	.LFE9:
 226              		.size	chThdCreateFromHeap, .-chThdCreateFromHeap
 227              		.section	.text.chThdCreateFromMemoryPool,"ax",%progbits
 228              		.align	2
ARM GAS  /tmp/ccu25vh6.s 			page 5


 229              		.global	chThdCreateFromMemoryPool
 230              		.thumb
 231              		.thumb_func
 232              		.type	chThdCreateFromMemoryPool, %function
 233              	chThdCreateFromMemoryPool:
 234              	.LFB10:
 235              		.loc 1 180 0
 236              		.cfi_startproc
 237              		@ args = 0, pretend = 0, frame = 0
 238              		@ frame_needed = 0, uses_anonymous_args = 0
 239              	.LVL14:
 240 0000 2DE9F041 		push	{r4, r5, r6, r7, r8, lr}
 241              		.cfi_def_cfa_offset 24
 242              		.cfi_offset 4, -24
 243              		.cfi_offset 5, -20
 244              		.cfi_offset 6, -16
 245              		.cfi_offset 7, -12
 246              		.cfi_offset 8, -8
 247              		.cfi_offset 14, -4
 248 0004 82B0     		sub	sp, sp, #8
 249              		.cfi_def_cfa_offset 32
 250              		.loc 1 180 0
 251 0006 8846     		mov	r8, r1
 252 0008 1646     		mov	r6, r2
 253 000a 1F46     		mov	r7, r3
 254 000c 0546     		mov	r5, r0
 255              		.loc 1 186 0
 256 000e FFF7FEFF 		bl	chPoolAlloc
 257              	.LVL15:
 258              		.loc 1 187 0
 259 0012 98B1     		cbz	r0, .L12
 260              	.LBB10:
 261              		.loc 1 199 0
 262 0014 2023     		movs	r3, #32
 263              	@ 199 "../../os/kernel/src/chdynamic.c" 1
 264 0016 83F31188 		msr     BASEPRI, r3
 265              	@ 0 "" 2
 266              		.thumb
 267              	.LBE10:
 268              		.loc 1 200 0
 269 001a 6968     		ldr	r1, [r5, #4]
 270 001c 4246     		mov	r2, r8
 271 001e 3346     		mov	r3, r6
 272 0020 0097     		str	r7, [sp]
 273 0022 FFF7FEFF 		bl	chThdCreateI
 274              	.LVL16:
 275              		.loc 1 201 0
 276 0026 0223     		movs	r3, #2
 277 0028 4377     		strb	r3, [r0, #29]
 278              		.loc 1 202 0
 279 002a 4564     		str	r5, [r0, #68]
 280              		.loc 1 203 0
 281 002c 0021     		movs	r1, #0
 282              		.loc 1 200 0
 283 002e 0446     		mov	r4, r0
 284              	.LVL17:
 285              		.loc 1 203 0
ARM GAS  /tmp/ccu25vh6.s 			page 6


 286 0030 FFF7FEFF 		bl	chSchWakeupS
 287              	.LVL18:
 288              	.LBB11:
 289              		.loc 1 204 0
 290 0034 0023     		movs	r3, #0
 291              	@ 204 "../../os/kernel/src/chdynamic.c" 1
 292 0036 83F31188 		msr     BASEPRI, r3
 293              	@ 0 "" 2
 294              		.thumb
 295              	.LBE11:
 296              		.loc 1 205 0
 297 003a 2046     		mov	r0, r4
 298              	.LVL19:
 299              	.L12:
 300              		.loc 1 206 0
 301 003c 02B0     		add	sp, sp, #8
 302              		@ sp needed
 303 003e BDE8F081 		pop	{r4, r5, r6, r7, r8, pc}
 304              		.cfi_endproc
 305              	.LFE10:
 306              		.size	chThdCreateFromMemoryPool, .-chThdCreateFromMemoryPool
 307 0042 00BF     		.text
 308              	.Letext0:
 309              		.file 2 "/usr/lib/gcc/arm-none-eabi/4.8/include/stddef.h"
 310              		.file 3 "/usr/include/newlib/machine/_default_types.h"
 311              		.file 4 "/usr/include/newlib/stdint.h"
 312              		.file 5 "../../os/ports/GCC/ARMCMx/chtypes.h"
 313              		.file 6 "../../os/kernel/include/chlists.h"
 314              		.file 7 "../../os/kernel/include/chthreads.h"
 315              		.file 8 "../../os/ports/GCC/ARMCMx/chcore_v7m.h"
 316              		.file 9 "../../os/kernel/include/chmtx.h"
 317              		.file 10 "../../os/kernel/include/chmemcore.h"
 318              		.file 11 "../../os/kernel/include/chheap.h"
 319              		.file 12 "../../os/kernel/include/chmempools.h"
 320              		.file 13 "../../os/kernel/include/chschd.h"
 321              		.section	.debug_info,"",%progbits
 322              	.Ldebug_info0:
 323 0000 88080000 		.4byte	0x888
 324 0004 0400     		.2byte	0x4
 325 0006 00000000 		.4byte	.Ldebug_abbrev0
 326 000a 04       		.byte	0x4
 327 000b 01       		.uleb128 0x1
 328 000c 5D020000 		.4byte	.LASF92
 329 0010 01       		.byte	0x1
 330 0011 15000000 		.4byte	.LASF93
 331 0015 BF030000 		.4byte	.LASF94
 332 0019 30000000 		.4byte	.Ldebug_ranges0+0x30
 333 001d 00000000 		.4byte	0
 334 0021 00000000 		.4byte	.Ldebug_line0
 335 0025 02       		.uleb128 0x2
 336 0026 04       		.byte	0x4
 337 0027 05       		.byte	0x5
 338 0028 696E7400 		.ascii	"int\000"
 339 002c 03       		.uleb128 0x3
 340 002d 35000000 		.4byte	.LASF2
 341 0031 02       		.byte	0x2
 342 0032 D4       		.byte	0xd4
ARM GAS  /tmp/ccu25vh6.s 			page 7


 343 0033 37000000 		.4byte	0x37
 344 0037 04       		.uleb128 0x4
 345 0038 04       		.byte	0x4
 346 0039 07       		.byte	0x7
 347 003a 6F010000 		.4byte	.LASF0
 348 003e 04       		.uleb128 0x4
 349 003f 01       		.byte	0x1
 350 0040 06       		.byte	0x6
 351 0041 B5000000 		.4byte	.LASF1
 352 0045 03       		.uleb128 0x3
 353 0046 4C000000 		.4byte	.LASF3
 354 004a 03       		.byte	0x3
 355 004b 1D       		.byte	0x1d
 356 004c 50000000 		.4byte	0x50
 357 0050 04       		.uleb128 0x4
 358 0051 01       		.byte	0x1
 359 0052 08       		.byte	0x8
 360 0053 F3020000 		.4byte	.LASF4
 361 0057 04       		.uleb128 0x4
 362 0058 02       		.byte	0x2
 363 0059 05       		.byte	0x5
 364 005a 16030000 		.4byte	.LASF5
 365 005e 04       		.uleb128 0x4
 366 005f 02       		.byte	0x2
 367 0060 07       		.byte	0x7
 368 0061 9B010000 		.4byte	.LASF6
 369 0065 03       		.uleb128 0x3
 370 0066 AE030000 		.4byte	.LASF7
 371 006a 03       		.byte	0x3
 372 006b 3F       		.byte	0x3f
 373 006c 70000000 		.4byte	0x70
 374 0070 04       		.uleb128 0x4
 375 0071 04       		.byte	0x4
 376 0072 05       		.byte	0x5
 377 0073 F9000000 		.4byte	.LASF8
 378 0077 03       		.uleb128 0x3
 379 0078 49010000 		.4byte	.LASF9
 380 007c 03       		.byte	0x3
 381 007d 41       		.byte	0x41
 382 007e 82000000 		.4byte	0x82
 383 0082 04       		.uleb128 0x4
 384 0083 04       		.byte	0x4
 385 0084 07       		.byte	0x7
 386 0085 7C010000 		.4byte	.LASF10
 387 0089 04       		.uleb128 0x4
 388 008a 08       		.byte	0x8
 389 008b 05       		.byte	0x5
 390 008c A7000000 		.4byte	.LASF11
 391 0090 03       		.uleb128 0x3
 392 0091 2E020000 		.4byte	.LASF12
 393 0095 03       		.byte	0x3
 394 0096 5B       		.byte	0x5b
 395 0097 9B000000 		.4byte	0x9b
 396 009b 04       		.uleb128 0x4
 397 009c 08       		.byte	0x8
 398 009d 07       		.byte	0x7
 399 009e 6E000000 		.4byte	.LASF13
ARM GAS  /tmp/ccu25vh6.s 			page 8


 400 00a2 03       		.uleb128 0x3
 401 00a3 28040000 		.4byte	.LASF14
 402 00a7 04       		.byte	0x4
 403 00a8 2A       		.byte	0x2a
 404 00a9 45000000 		.4byte	0x45
 405 00ad 03       		.uleb128 0x3
 406 00ae EB020000 		.4byte	.LASF15
 407 00b2 04       		.byte	0x4
 408 00b3 41       		.byte	0x41
 409 00b4 65000000 		.4byte	0x65
 410 00b8 03       		.uleb128 0x3
 411 00b9 7F030000 		.4byte	.LASF16
 412 00bd 04       		.byte	0x4
 413 00be 42       		.byte	0x42
 414 00bf 77000000 		.4byte	0x77
 415 00c3 03       		.uleb128 0x3
 416 00c4 43000000 		.4byte	.LASF17
 417 00c8 04       		.byte	0x4
 418 00c9 4E       		.byte	0x4e
 419 00ca 90000000 		.4byte	0x90
 420 00ce 04       		.uleb128 0x4
 421 00cf 01       		.byte	0x1
 422 00d0 02       		.byte	0x2
 423 00d1 E5020000 		.4byte	.LASF18
 424 00d5 03       		.uleb128 0x3
 425 00d6 B4010000 		.4byte	.LASF19
 426 00da 05       		.byte	0x5
 427 00db 2C       		.byte	0x2c
 428 00dc A2000000 		.4byte	0xa2
 429 00e0 03       		.uleb128 0x3
 430 00e1 16010000 		.4byte	.LASF20
 431 00e5 05       		.byte	0x5
 432 00e6 2D       		.byte	0x2d
 433 00e7 A2000000 		.4byte	0xa2
 434 00eb 03       		.uleb128 0x3
 435 00ec 41020000 		.4byte	.LASF21
 436 00f0 05       		.byte	0x5
 437 00f1 2E       		.byte	0x2e
 438 00f2 A2000000 		.4byte	0xa2
 439 00f6 03       		.uleb128 0x3
 440 00f7 E2000000 		.4byte	.LASF22
 441 00fb 05       		.byte	0x5
 442 00fc 2F       		.byte	0x2f
 443 00fd A2000000 		.4byte	0xa2
 444 0101 03       		.uleb128 0x3
 445 0102 55020000 		.4byte	.LASF23
 446 0106 05       		.byte	0x5
 447 0107 30       		.byte	0x30
 448 0108 B8000000 		.4byte	0xb8
 449 010c 03       		.uleb128 0x3
 450 010d AE010000 		.4byte	.LASF24
 451 0111 05       		.byte	0x5
 452 0112 31       		.byte	0x31
 453 0113 AD000000 		.4byte	0xad
 454 0117 03       		.uleb128 0x3
 455 0118 C8010000 		.4byte	.LASF25
 456 011c 05       		.byte	0x5
ARM GAS  /tmp/ccu25vh6.s 			page 9


 457 011d 33       		.byte	0x33
 458 011e B8000000 		.4byte	0xb8
 459 0122 03       		.uleb128 0x3
 460 0123 99030000 		.4byte	.LASF26
 461 0127 05       		.byte	0x5
 462 0128 35       		.byte	0x35
 463 0129 B8000000 		.4byte	0xb8
 464 012d 03       		.uleb128 0x3
 465 012e 61030000 		.4byte	.LASF27
 466 0132 06       		.byte	0x6
 467 0133 2A       		.byte	0x2a
 468 0134 38010000 		.4byte	0x138
 469 0138 05       		.uleb128 0x5
 470 0139 61030000 		.4byte	.LASF27
 471 013d 48       		.byte	0x48
 472 013e 07       		.byte	0x7
 473 013f 5E       		.byte	0x5e
 474 0140 35020000 		.4byte	0x235
 475 0144 06       		.uleb128 0x6
 476 0145 45030000 		.4byte	.LASF28
 477 0149 07       		.byte	0x7
 478 014a 5F       		.byte	0x5f
 479 014b 56020000 		.4byte	0x256
 480 014f 00       		.byte	0
 481 0150 06       		.uleb128 0x6
 482 0151 4E020000 		.4byte	.LASF29
 483 0155 07       		.byte	0x7
 484 0156 61       		.byte	0x61
 485 0157 56020000 		.4byte	0x256
 486 015b 04       		.byte	0x4
 487 015c 06       		.uleb128 0x6
 488 015d A0000000 		.4byte	.LASF30
 489 0161 07       		.byte	0x7
 490 0162 63       		.byte	0x63
 491 0163 01010000 		.4byte	0x101
 492 0167 08       		.byte	0x8
 493 0168 06       		.uleb128 0x6
 494 0169 5D040000 		.4byte	.LASF31
 495 016d 07       		.byte	0x7
 496 016e 64       		.byte	0x64
 497 016f 1B030000 		.4byte	0x31b
 498 0173 0C       		.byte	0xc
 499 0174 06       		.uleb128 0x6
 500 0175 27010000 		.4byte	.LASF32
 501 0179 07       		.byte	0x7
 502 017a 66       		.byte	0x66
 503 017b 56020000 		.4byte	0x256
 504 017f 10       		.byte	0x10
 505 0180 06       		.uleb128 0x6
 506 0181 FA010000 		.4byte	.LASF33
 507 0185 07       		.byte	0x7
 508 0186 67       		.byte	0x67
 509 0187 56020000 		.4byte	0x256
 510 018b 14       		.byte	0x14
 511 018c 06       		.uleb128 0x6
 512 018d 4E040000 		.4byte	.LASF34
 513 0191 07       		.byte	0x7
ARM GAS  /tmp/ccu25vh6.s 			page 10


 514 0192 6E       		.byte	0x6e
 515 0193 DD040000 		.4byte	0x4dd
 516 0197 18       		.byte	0x18
 517 0198 06       		.uleb128 0x6
 518 0199 20030000 		.4byte	.LASF35
 519 019d 07       		.byte	0x7
 520 019e 79       		.byte	0x79
 521 019f E0000000 		.4byte	0xe0
 522 01a3 1C       		.byte	0x1c
 523 01a4 06       		.uleb128 0x6
 524 01a5 4C030000 		.4byte	.LASF36
 525 01a9 07       		.byte	0x7
 526 01aa 7D       		.byte	0x7d
 527 01ab D5000000 		.4byte	0xd5
 528 01af 1D       		.byte	0x1d
 529 01b0 06       		.uleb128 0x6
 530 01b1 21040000 		.4byte	.LASF37
 531 01b5 07       		.byte	0x7
 532 01b6 82       		.byte	0x82
 533 01b7 EB000000 		.4byte	0xeb
 534 01bb 1E       		.byte	0x1e
 535 01bc 06       		.uleb128 0x6
 536 01bd 28030000 		.4byte	.LASF38
 537 01c1 07       		.byte	0x7
 538 01c2 88       		.byte	0x88
 539 01c3 F6000000 		.4byte	0xf6
 540 01c7 1F       		.byte	0x1f
 541 01c8 06       		.uleb128 0x6
 542 01c9 B8030000 		.4byte	.LASF39
 543 01cd 07       		.byte	0x7
 544 01ce 8F       		.byte	0x8f
 545 01cf 43030000 		.4byte	0x343
 546 01d3 20       		.byte	0x20
 547 01d4 07       		.uleb128 0x7
 548 01d5 705F7500 		.ascii	"p_u\000"
 549 01d9 07       		.byte	0x7
 550 01da B4       		.byte	0xb4
 551 01db A8040000 		.4byte	0x4a8
 552 01df 24       		.byte	0x24
 553 01e0 06       		.uleb128 0x6
 554 01e1 63040000 		.4byte	.LASF40
 555 01e5 07       		.byte	0x7
 556 01e6 B9       		.byte	0xb9
 557 01e7 7C020000 		.4byte	0x27c
 558 01eb 28       		.byte	0x28
 559 01ec 06       		.uleb128 0x6
 560 01ed FD030000 		.4byte	.LASF41
 561 01f1 07       		.byte	0x7
 562 01f2 BF       		.byte	0xbf
 563 01f3 5C020000 		.4byte	0x25c
 564 01f7 2C       		.byte	0x2c
 565 01f8 06       		.uleb128 0x6
 566 01f9 0F000000 		.4byte	.LASF42
 567 01fd 07       		.byte	0x7
 568 01fe C3       		.byte	0xc3
 569 01ff 0C010000 		.4byte	0x10c
 570 0203 34       		.byte	0x34
ARM GAS  /tmp/ccu25vh6.s 			page 11


 571 0204 06       		.uleb128 0x6
 572 0205 74030000 		.4byte	.LASF43
 573 0209 07       		.byte	0x7
 574 020a C9       		.byte	0xc9
 575 020b 17010000 		.4byte	0x117
 576 020f 38       		.byte	0x38
 577 0210 06       		.uleb128 0x6
 578 0211 0C030000 		.4byte	.LASF44
 579 0215 07       		.byte	0x7
 580 0216 D0       		.byte	0xd0
 581 0217 EF040000 		.4byte	0x4ef
 582 021b 3C       		.byte	0x3c
 583 021c 06       		.uleb128 0x6
 584 021d A3030000 		.4byte	.LASF45
 585 0221 07       		.byte	0x7
 586 0222 D4       		.byte	0xd4
 587 0223 01010000 		.4byte	0x101
 588 0227 40       		.byte	0x40
 589 0228 06       		.uleb128 0x6
 590 0229 C7000000 		.4byte	.LASF46
 591 022d 07       		.byte	0x7
 592 022e DA       		.byte	0xda
 593 022f 92020000 		.4byte	0x292
 594 0233 44       		.byte	0x44
 595 0234 00       		.byte	0
 596 0235 08       		.uleb128 0x8
 597 0236 08       		.byte	0x8
 598 0237 06       		.byte	0x6
 599 0238 61       		.byte	0x61
 600 0239 56020000 		.4byte	0x256
 601 023d 06       		.uleb128 0x6
 602 023e 45030000 		.4byte	.LASF28
 603 0242 06       		.byte	0x6
 604 0243 62       		.byte	0x62
 605 0244 56020000 		.4byte	0x256
 606 0248 00       		.byte	0
 607 0249 06       		.uleb128 0x6
 608 024a 4E020000 		.4byte	.LASF29
 609 024e 06       		.byte	0x6
 610 024f 64       		.byte	0x64
 611 0250 56020000 		.4byte	0x256
 612 0254 04       		.byte	0x4
 613 0255 00       		.byte	0
 614 0256 09       		.uleb128 0x9
 615 0257 04       		.byte	0x4
 616 0258 2D010000 		.4byte	0x12d
 617 025c 03       		.uleb128 0x3
 618 025d 02020000 		.4byte	.LASF47
 619 0261 06       		.byte	0x6
 620 0262 66       		.byte	0x66
 621 0263 35020000 		.4byte	0x235
 622 0267 08       		.uleb128 0x8
 623 0268 04       		.byte	0x4
 624 0269 06       		.byte	0x6
 625 026a 6B       		.byte	0x6b
 626 026b 7C020000 		.4byte	0x27c
 627 026f 06       		.uleb128 0x6
ARM GAS  /tmp/ccu25vh6.s 			page 12


 628 0270 45030000 		.4byte	.LASF28
 629 0274 06       		.byte	0x6
 630 0275 6D       		.byte	0x6d
 631 0276 56020000 		.4byte	0x256
 632 027a 00       		.byte	0
 633 027b 00       		.byte	0
 634 027c 03       		.uleb128 0x3
 635 027d BC010000 		.4byte	.LASF48
 636 0281 06       		.byte	0x6
 637 0282 70       		.byte	0x70
 638 0283 67020000 		.4byte	0x267
 639 0287 03       		.uleb128 0x3
 640 0288 60010000 		.4byte	.LASF49
 641 028c 08       		.byte	0x8
 642 028d E5       		.byte	0xe5
 643 028e 92020000 		.4byte	0x292
 644 0292 0A       		.uleb128 0xa
 645 0293 04       		.byte	0x4
 646 0294 03       		.uleb128 0x3
 647 0295 E6010000 		.4byte	.LASF50
 648 0299 08       		.byte	0x8
 649 029a EB       		.byte	0xeb
 650 029b C3000000 		.4byte	0xc3
 651 029f 0B       		.uleb128 0xb
 652 02a0 00000000 		.4byte	.LASF51
 653 02a4 24       		.byte	0x24
 654 02a5 08       		.byte	0x8
 655 02a6 0C01     		.2byte	0x10c
 656 02a8 1B030000 		.4byte	0x31b
 657 02ac 0C       		.uleb128 0xc
 658 02ad 723400   		.ascii	"r4\000"
 659 02b0 08       		.byte	0x8
 660 02b1 1F01     		.2byte	0x11f
 661 02b3 87020000 		.4byte	0x287
 662 02b7 00       		.byte	0
 663 02b8 0C       		.uleb128 0xc
 664 02b9 723500   		.ascii	"r5\000"
 665 02bc 08       		.byte	0x8
 666 02bd 2001     		.2byte	0x120
 667 02bf 87020000 		.4byte	0x287
 668 02c3 04       		.byte	0x4
 669 02c4 0C       		.uleb128 0xc
 670 02c5 723600   		.ascii	"r6\000"
 671 02c8 08       		.byte	0x8
 672 02c9 2101     		.2byte	0x121
 673 02cb 87020000 		.4byte	0x287
 674 02cf 08       		.byte	0x8
 675 02d0 0C       		.uleb128 0xc
 676 02d1 723700   		.ascii	"r7\000"
 677 02d4 08       		.byte	0x8
 678 02d5 2201     		.2byte	0x122
 679 02d7 87020000 		.4byte	0x287
 680 02db 0C       		.byte	0xc
 681 02dc 0C       		.uleb128 0xc
 682 02dd 723800   		.ascii	"r8\000"
 683 02e0 08       		.byte	0x8
 684 02e1 2301     		.2byte	0x123
ARM GAS  /tmp/ccu25vh6.s 			page 13


 685 02e3 87020000 		.4byte	0x287
 686 02e7 10       		.byte	0x10
 687 02e8 0C       		.uleb128 0xc
 688 02e9 723900   		.ascii	"r9\000"
 689 02ec 08       		.byte	0x8
 690 02ed 2401     		.2byte	0x124
 691 02ef 87020000 		.4byte	0x287
 692 02f3 14       		.byte	0x14
 693 02f4 0C       		.uleb128 0xc
 694 02f5 72313000 		.ascii	"r10\000"
 695 02f9 08       		.byte	0x8
 696 02fa 2501     		.2byte	0x125
 697 02fc 87020000 		.4byte	0x287
 698 0300 18       		.byte	0x18
 699 0301 0C       		.uleb128 0xc
 700 0302 72313100 		.ascii	"r11\000"
 701 0306 08       		.byte	0x8
 702 0307 2601     		.2byte	0x126
 703 0309 87020000 		.4byte	0x287
 704 030d 1C       		.byte	0x1c
 705 030e 0C       		.uleb128 0xc
 706 030f 6C7200   		.ascii	"lr\000"
 707 0312 08       		.byte	0x8
 708 0313 2701     		.2byte	0x127
 709 0315 87020000 		.4byte	0x287
 710 0319 20       		.byte	0x20
 711 031a 00       		.byte	0
 712 031b 0B       		.uleb128 0xb
 713 031c 8E010000 		.4byte	.LASF52
 714 0320 04       		.byte	0x4
 715 0321 08       		.byte	0x8
 716 0322 3101     		.2byte	0x131
 717 0324 36030000 		.4byte	0x336
 718 0328 0C       		.uleb128 0xc
 719 0329 72313300 		.ascii	"r13\000"
 720 032d 08       		.byte	0x8
 721 032e 3201     		.2byte	0x132
 722 0330 36030000 		.4byte	0x336
 723 0334 00       		.byte	0
 724 0335 00       		.byte	0
 725 0336 09       		.uleb128 0x9
 726 0337 04       		.byte	0x4
 727 0338 9F020000 		.4byte	0x29f
 728 033c 04       		.uleb128 0x4
 729 033d 04       		.byte	0x4
 730 033e 07       		.byte	0x7
 731 033f F1010000 		.4byte	.LASF53
 732 0343 0D       		.uleb128 0xd
 733 0344 22010000 		.4byte	0x122
 734 0348 05       		.uleb128 0x5
 735 0349 D4010000 		.4byte	.LASF54
 736 034d 10       		.byte	0x10
 737 034e 09       		.byte	0x9
 738 034f 2C       		.byte	0x2c
 739 0350 79030000 		.4byte	0x379
 740 0354 06       		.uleb128 0x6
 741 0355 CF000000 		.4byte	.LASF55
ARM GAS  /tmp/ccu25vh6.s 			page 14


 742 0359 09       		.byte	0x9
 743 035a 2D       		.byte	0x2d
 744 035b 5C020000 		.4byte	0x25c
 745 035f 00       		.byte	0
 746 0360 06       		.uleb128 0x6
 747 0361 55040000 		.4byte	.LASF56
 748 0365 09       		.byte	0x9
 749 0366 2F       		.byte	0x2f
 750 0367 56020000 		.4byte	0x256
 751 036b 08       		.byte	0x8
 752 036c 06       		.uleb128 0x6
 753 036d 92030000 		.4byte	.LASF57
 754 0371 09       		.byte	0x9
 755 0372 31       		.byte	0x31
 756 0373 79030000 		.4byte	0x379
 757 0377 0C       		.byte	0xc
 758 0378 00       		.byte	0
 759 0379 09       		.uleb128 0x9
 760 037a 04       		.byte	0x4
 761 037b 48030000 		.4byte	0x348
 762 037f 03       		.uleb128 0x3
 763 0380 D4010000 		.4byte	.LASF54
 764 0384 09       		.byte	0x9
 765 0385 33       		.byte	0x33
 766 0386 48030000 		.4byte	0x348
 767 038a 03       		.uleb128 0x3
 768 038b 61000000 		.4byte	.LASF58
 769 038f 0A       		.byte	0xa
 770 0390 2C       		.byte	0x2c
 771 0391 95030000 		.4byte	0x395
 772 0395 09       		.uleb128 0x9
 773 0396 04       		.byte	0x4
 774 0397 9B030000 		.4byte	0x39b
 775 039b 0E       		.uleb128 0xe
 776 039c 92020000 		.4byte	0x292
 777 03a0 AA030000 		.4byte	0x3aa
 778 03a4 0F       		.uleb128 0xf
 779 03a5 2C000000 		.4byte	0x2c
 780 03a9 00       		.byte	0
 781 03aa 03       		.uleb128 0x3
 782 03ab 23020000 		.4byte	.LASF59
 783 03af 0B       		.byte	0xb
 784 03b0 34       		.byte	0x34
 785 03b1 B5030000 		.4byte	0x3b5
 786 03b5 05       		.uleb128 0x5
 787 03b6 6D040000 		.4byte	.LASF60
 788 03ba 20       		.byte	0x20
 789 03bb 0B       		.byte	0xb
 790 03bc 47       		.byte	0x47
 791 03bd E6030000 		.4byte	0x3e6
 792 03c1 06       		.uleb128 0x6
 793 03c2 01030000 		.4byte	.LASF61
 794 03c6 0B       		.byte	0xb
 795 03c7 48       		.byte	0x48
 796 03c8 8A030000 		.4byte	0x38a
 797 03cc 00       		.byte	0
 798 03cd 06       		.uleb128 0x6
ARM GAS  /tmp/ccu25vh6.s 			page 15


 799 03ce 8E000000 		.4byte	.LASF62
 800 03d2 0B       		.byte	0xb
 801 03d3 4A       		.byte	0x4a
 802 03d4 05040000 		.4byte	0x405
 803 03d8 08       		.byte	0x8
 804 03d9 06       		.uleb128 0x6
 805 03da C1000000 		.4byte	.LASF63
 806 03de 0B       		.byte	0xb
 807 03df 4C       		.byte	0x4c
 808 03e0 7F030000 		.4byte	0x37f
 809 03e4 10       		.byte	0x10
 810 03e5 00       		.byte	0
 811 03e6 10       		.uleb128 0x10
 812 03e7 04       		.byte	0x4
 813 03e8 0B       		.byte	0xb
 814 03e9 3C       		.byte	0x3c
 815 03ea 05040000 		.4byte	0x405
 816 03ee 11       		.uleb128 0x11
 817 03ef 9B000000 		.4byte	.LASF64
 818 03f3 0B       		.byte	0xb
 819 03f4 3D       		.byte	0x3d
 820 03f5 26040000 		.4byte	0x426
 821 03f9 11       		.uleb128 0x11
 822 03fa 88030000 		.4byte	.LASF65
 823 03fe 0B       		.byte	0xb
 824 03ff 3E       		.byte	0x3e
 825 0400 2C040000 		.4byte	0x42c
 826 0404 00       		.byte	0
 827 0405 12       		.uleb128 0x12
 828 0406 32030000 		.4byte	.LASF95
 829 040a 08       		.byte	0x8
 830 040b 0B       		.byte	0xb
 831 040c 39       		.byte	0x39
 832 040d 26040000 		.4byte	0x426
 833 0411 11       		.uleb128 0x11
 834 0412 69010000 		.4byte	.LASF66
 835 0416 0B       		.byte	0xb
 836 0417 3A       		.byte	0x3a
 837 0418 94020000 		.4byte	0x294
 838 041c 13       		.uleb128 0x13
 839 041d 6800     		.ascii	"h\000"
 840 041f 0B       		.byte	0xb
 841 0420 41       		.byte	0x41
 842 0421 32040000 		.4byte	0x432
 843 0425 00       		.byte	0
 844 0426 09       		.uleb128 0x9
 845 0427 04       		.byte	0x4
 846 0428 05040000 		.4byte	0x405
 847 042c 09       		.uleb128 0x9
 848 042d 04       		.byte	0x4
 849 042e AA030000 		.4byte	0x3aa
 850 0432 08       		.uleb128 0x8
 851 0433 08       		.byte	0x8
 852 0434 0B       		.byte	0xb
 853 0435 3B       		.byte	0x3b
 854 0436 51040000 		.4byte	0x451
 855 043a 07       		.uleb128 0x7
ARM GAS  /tmp/ccu25vh6.s 			page 16


 856 043b 7500     		.ascii	"u\000"
 857 043d 0B       		.byte	0xb
 858 043e 3F       		.byte	0x3f
 859 043f E6030000 		.4byte	0x3e6
 860 0443 00       		.byte	0
 861 0444 06       		.uleb128 0x6
 862 0445 96010000 		.4byte	.LASF67
 863 0449 0B       		.byte	0xb
 864 044a 40       		.byte	0x40
 865 044b 2C000000 		.4byte	0x2c
 866 044f 04       		.byte	0x4
 867 0450 00       		.byte	0
 868 0451 05       		.uleb128 0x5
 869 0452 15040000 		.4byte	.LASF68
 870 0456 04       		.byte	0x4
 871 0457 0C       		.byte	0xc
 872 0458 2C       		.byte	0x2c
 873 0459 6A040000 		.4byte	0x46a
 874 045d 06       		.uleb128 0x6
 875 045e 39020000 		.4byte	.LASF69
 876 0462 0C       		.byte	0xc
 877 0463 2D       		.byte	0x2d
 878 0464 6A040000 		.4byte	0x46a
 879 0468 00       		.byte	0
 880 0469 00       		.byte	0
 881 046a 09       		.uleb128 0x9
 882 046b 04       		.byte	0x4
 883 046c 51040000 		.4byte	0x451
 884 0470 08       		.uleb128 0x8
 885 0471 0C       		.byte	0xc
 886 0472 0C       		.byte	0xc
 887 0473 34       		.byte	0x34
 888 0474 9D040000 		.4byte	0x49d
 889 0478 06       		.uleb128 0x6
 890 0479 1F010000 		.4byte	.LASF70
 891 047d 0C       		.byte	0xc
 892 047e 35       		.byte	0x35
 893 047f 6A040000 		.4byte	0x46a
 894 0483 00       		.byte	0
 895 0484 06       		.uleb128 0x6
 896 0485 0F020000 		.4byte	.LASF71
 897 0489 0C       		.byte	0xc
 898 048a 36       		.byte	0x36
 899 048b 2C000000 		.4byte	0x2c
 900 048f 04       		.byte	0x4
 901 0490 06       		.uleb128 0x6
 902 0491 54010000 		.4byte	.LASF72
 903 0495 0C       		.byte	0xc
 904 0496 38       		.byte	0x38
 905 0497 8A030000 		.4byte	0x38a
 906 049b 08       		.byte	0x8
 907 049c 00       		.byte	0
 908 049d 03       		.uleb128 0x3
 909 049e 56000000 		.4byte	.LASF73
 910 04a2 0C       		.byte	0xc
 911 04a3 3A       		.byte	0x3a
 912 04a4 70040000 		.4byte	0x470
ARM GAS  /tmp/ccu25vh6.s 			page 17


 913 04a8 10       		.uleb128 0x10
 914 04a9 04       		.byte	0x4
 915 04aa 07       		.byte	0x7
 916 04ab 96       		.byte	0x96
 917 04ac DD040000 		.4byte	0x4dd
 918 04b0 11       		.uleb128 0x11
 919 04b1 3C000000 		.4byte	.LASF74
 920 04b5 07       		.byte	0x7
 921 04b6 9D       		.byte	0x9d
 922 04b7 0C010000 		.4byte	0x10c
 923 04bb 11       		.uleb128 0x11
 924 04bc 85000000 		.4byte	.LASF75
 925 04c0 07       		.byte	0x7
 926 04c1 A4       		.byte	0xa4
 927 04c2 0C010000 		.4byte	0x10c
 928 04c6 11       		.uleb128 0x11
 929 04c7 47040000 		.4byte	.LASF76
 930 04cb 07       		.byte	0x7
 931 04cc AB       		.byte	0xab
 932 04cd 92020000 		.4byte	0x292
 933 04d1 11       		.uleb128 0x11
 934 04d2 3E030000 		.4byte	.LASF77
 935 04d6 07       		.byte	0x7
 936 04d7 B2       		.byte	0xb2
 937 04d8 17010000 		.4byte	0x117
 938 04dc 00       		.byte	0
 939 04dd 09       		.uleb128 0x9
 940 04de 04       		.byte	0x4
 941 04df E3040000 		.4byte	0x4e3
 942 04e3 14       		.uleb128 0x14
 943 04e4 E8040000 		.4byte	0x4e8
 944 04e8 04       		.uleb128 0x4
 945 04e9 01       		.byte	0x1
 946 04ea 08       		.byte	0x8
 947 04eb 8D030000 		.4byte	.LASF78
 948 04ef 09       		.uleb128 0x9
 949 04f0 04       		.byte	0x4
 950 04f1 7F030000 		.4byte	0x37f
 951 04f5 03       		.uleb128 0x3
 952 04f6 07000000 		.4byte	.LASF79
 953 04fa 07       		.byte	0x7
 954 04fb E5       		.byte	0xe5
 955 04fc 00050000 		.4byte	0x500
 956 0500 09       		.uleb128 0x9
 957 0501 04       		.byte	0x4
 958 0502 06050000 		.4byte	0x506
 959 0506 0E       		.uleb128 0xe
 960 0507 0C010000 		.4byte	0x10c
 961 050b 15050000 		.4byte	0x515
 962 050f 0F       		.uleb128 0xf
 963 0510 92020000 		.4byte	0x292
 964 0514 00       		.byte	0
 965 0515 15       		.uleb128 0x15
 966 0516 DA010000 		.4byte	.LASF81
 967 051a 01       		.byte	0x1
 968 051b 34       		.byte	0x34
 969 051c 56020000 		.4byte	0x256
ARM GAS  /tmp/ccu25vh6.s 			page 18


 970 0520 00000000 		.4byte	.LFB7
 971 0524 14000000 		.4byte	.LFE7-.LFB7
 972 0528 01       		.uleb128 0x1
 973 0529 9C       		.byte	0x9c
 974 052a 69050000 		.4byte	0x569
 975 052e 16       		.uleb128 0x16
 976 052f 747000   		.ascii	"tp\000"
 977 0532 01       		.byte	0x1
 978 0533 34       		.byte	0x34
 979 0534 56020000 		.4byte	0x256
 980 0538 01       		.uleb128 0x1
 981 0539 50       		.byte	0x50
 982 053a 17       		.uleb128 0x17
 983 053b 00000000 		.4byte	.LBB2
 984 053f 06000000 		.4byte	.LBE2-.LBB2
 985 0543 55050000 		.4byte	0x555
 986 0547 18       		.uleb128 0x18
 987 0548 746D7000 		.ascii	"tmp\000"
 988 054c 01       		.byte	0x1
 989 054d 36       		.byte	0x36
 990 054e B8000000 		.4byte	0xb8
 991 0552 01       		.uleb128 0x1
 992 0553 53       		.byte	0x53
 993 0554 00       		.byte	0
 994 0555 19       		.uleb128 0x19
 995 0556 00000000 		.4byte	.Ldebug_ranges0+0
 996 055a 18       		.uleb128 0x18
 997 055b 746D7000 		.ascii	"tmp\000"
 998 055f 01       		.byte	0x1
 999 0560 39       		.byte	0x39
 1000 0561 B8000000 		.4byte	0xb8
 1001 0565 01       		.uleb128 0x1
 1002 0566 53       		.byte	0x53
 1003 0567 00       		.byte	0
 1004 0568 00       		.byte	0
 1005 0569 1A       		.uleb128 0x1a
 1006 056a 54030000 		.4byte	.LASF96
 1007 056e 01       		.byte	0x1
 1008 056f 4A       		.byte	0x4a
 1009 0570 00000000 		.4byte	.LFB8
 1010 0574 4E000000 		.4byte	.LFE8-.LFB8
 1011 0578 01       		.uleb128 0x1
 1012 0579 9C       		.byte	0x9c
 1013 057a F4050000 		.4byte	0x5f4
 1014 057e 1B       		.uleb128 0x1b
 1015 057f 747000   		.ascii	"tp\000"
 1016 0582 01       		.byte	0x1
 1017 0583 4A       		.byte	0x4a
 1018 0584 56020000 		.4byte	0x256
 1019 0588 00000000 		.4byte	.LLST0
 1020 058c 1C       		.uleb128 0x1c
 1021 058d 49020000 		.4byte	.LASF80
 1022 0591 01       		.byte	0x1
 1023 0592 4B       		.byte	0x4b
 1024 0593 EB000000 		.4byte	0xeb
 1025 0597 45000000 		.4byte	.LLST1
 1026 059b 17       		.uleb128 0x17
ARM GAS  /tmp/ccu25vh6.s 			page 19


 1027 059c 02000000 		.4byte	.LBB5
 1028 05a0 06000000 		.4byte	.LBE5-.LBB5
 1029 05a4 B6050000 		.4byte	0x5b6
 1030 05a8 18       		.uleb128 0x18
 1031 05a9 746D7000 		.ascii	"tmp\000"
 1032 05ad 01       		.byte	0x1
 1033 05ae 4D       		.byte	0x4d
 1034 05af B8000000 		.4byte	0xb8
 1035 05b3 01       		.uleb128 0x1
 1036 05b4 53       		.byte	0x53
 1037 05b5 00       		.byte	0
 1038 05b6 1D       		.uleb128 0x1d
 1039 05b7 18000000 		.4byte	.Ldebug_ranges0+0x18
 1040 05bb CD050000 		.4byte	0x5cd
 1041 05bf 18       		.uleb128 0x18
 1042 05c0 746D7000 		.ascii	"tmp\000"
 1043 05c4 01       		.byte	0x1
 1044 05c5 50       		.byte	0x50
 1045 05c6 B8000000 		.4byte	0xb8
 1046 05ca 01       		.uleb128 0x1
 1047 05cb 53       		.byte	0x53
 1048 05cc 00       		.byte	0
 1049 05cd 1E       		.uleb128 0x1e
 1050 05ce 3E000000 		.4byte	.LVL4
 1051 05d2 F9070000 		.4byte	0x7f9
 1052 05d6 E2050000 		.4byte	0x5e2
 1053 05da 1F       		.uleb128 0x1f
 1054 05db 01       		.uleb128 0x1
 1055 05dc 50       		.byte	0x50
 1056 05dd 03       		.uleb128 0x3
 1057 05de F3       		.byte	0xf3
 1058 05df 01       		.uleb128 0x1
 1059 05e0 50       		.byte	0x50
 1060 05e1 00       		.byte	0
 1061 05e2 20       		.uleb128 0x20
 1062 05e3 4E000000 		.4byte	.LVL7
 1063 05e7 0A080000 		.4byte	0x80a
 1064 05eb 1F       		.uleb128 0x1f
 1065 05ec 01       		.uleb128 0x1
 1066 05ed 51       		.byte	0x51
 1067 05ee 03       		.uleb128 0x3
 1068 05ef F3       		.byte	0xf3
 1069 05f0 01       		.uleb128 0x1
 1070 05f1 50       		.byte	0x50
 1071 05f2 00       		.byte	0
 1072 05f3 00       		.byte	0
 1073 05f4 15       		.uleb128 0x15
 1074 05f5 02010000 		.4byte	.LASF82
 1075 05f9 01       		.byte	0x1
 1076 05fa 82       		.byte	0x82
 1077 05fb 56020000 		.4byte	0x256
 1078 05ff 00000000 		.4byte	.LFB9
 1079 0603 3C000000 		.4byte	.LFE9-.LFB9
 1080 0607 01       		.uleb128 0x1
 1081 0608 9C       		.byte	0x9c
 1082 0609 02070000 		.4byte	0x702
 1083 060d 21       		.uleb128 0x21
ARM GAS  /tmp/ccu25vh6.s 			page 20


 1084 060e 95000000 		.4byte	.LASF83
 1085 0612 01       		.byte	0x1
 1086 0613 82       		.byte	0x82
 1087 0614 2C040000 		.4byte	0x42c
 1088 0618 63000000 		.4byte	.LLST2
 1089 061c 21       		.uleb128 0x21
 1090 061d 96010000 		.4byte	.LASF67
 1091 0621 01       		.byte	0x1
 1092 0622 82       		.byte	0x82
 1093 0623 2C000000 		.4byte	0x2c
 1094 0627 84000000 		.4byte	.LLST3
 1095 062b 21       		.uleb128 0x21
 1096 062c 1E020000 		.4byte	.LASF84
 1097 0630 01       		.byte	0x1
 1098 0631 83       		.byte	0x83
 1099 0632 01010000 		.4byte	0x101
 1100 0636 A2000000 		.4byte	.LLST4
 1101 063a 1B       		.uleb128 0x1b
 1102 063b 706600   		.ascii	"pf\000"
 1103 063e 01       		.byte	0x1
 1104 063f 83       		.byte	0x83
 1105 0640 F5040000 		.4byte	0x4f5
 1106 0644 C0000000 		.4byte	.LLST5
 1107 0648 16       		.uleb128 0x16
 1108 0649 61726700 		.ascii	"arg\000"
 1109 064d 01       		.byte	0x1
 1110 064e 83       		.byte	0x83
 1111 064f 92020000 		.4byte	0x292
 1112 0653 02       		.uleb128 0x2
 1113 0654 91       		.byte	0x91
 1114 0655 00       		.sleb128 0
 1115 0656 22       		.uleb128 0x22
 1116 0657 77737000 		.ascii	"wsp\000"
 1117 065b 01       		.byte	0x1
 1118 065c 84       		.byte	0x84
 1119 065d 92020000 		.4byte	0x292
 1120 0661 DE000000 		.4byte	.LLST6
 1121 0665 22       		.uleb128 0x22
 1122 0666 747000   		.ascii	"tp\000"
 1123 0669 01       		.byte	0x1
 1124 066a 85       		.byte	0x85
 1125 066b 56020000 		.4byte	0x256
 1126 066f F1000000 		.4byte	.LLST7
 1127 0673 17       		.uleb128 0x17
 1128 0674 10000000 		.4byte	.LBB8
 1129 0678 06000000 		.4byte	.LBE8-.LBB8
 1130 067c 8E060000 		.4byte	0x68e
 1131 0680 18       		.uleb128 0x18
 1132 0681 746D7000 		.ascii	"tmp\000"
 1133 0685 01       		.byte	0x1
 1134 0686 94       		.byte	0x94
 1135 0687 B8000000 		.4byte	0xb8
 1136 068b 01       		.uleb128 0x1
 1137 068c 53       		.byte	0x53
 1138 068d 00       		.byte	0
 1139 068e 17       		.uleb128 0x17
 1140 068f 30000000 		.4byte	.LBB9
ARM GAS  /tmp/ccu25vh6.s 			page 21


 1141 0693 06000000 		.4byte	.LBE9-.LBB9
 1142 0697 A9060000 		.4byte	0x6a9
 1143 069b 18       		.uleb128 0x18
 1144 069c 746D7000 		.ascii	"tmp\000"
 1145 06a0 01       		.byte	0x1
 1146 06a1 98       		.byte	0x98
 1147 06a2 B8000000 		.4byte	0xb8
 1148 06a6 01       		.uleb128 0x1
 1149 06a7 53       		.byte	0x53
 1150 06a8 00       		.byte	0
 1151 06a9 23       		.uleb128 0x23
 1152 06aa 0E000000 		.4byte	.LVL9
 1153 06ae 20080000 		.4byte	0x820
 1154 06b2 C4060000 		.4byte	0x6c4
 1155 06b6 1F       		.uleb128 0x1f
 1156 06b7 01       		.uleb128 0x1
 1157 06b8 51       		.byte	0x51
 1158 06b9 02       		.uleb128 0x2
 1159 06ba 76       		.byte	0x76
 1160 06bb 00       		.sleb128 0
 1161 06bc 1F       		.uleb128 0x1f
 1162 06bd 01       		.uleb128 0x1
 1163 06be 50       		.byte	0x50
 1164 06bf 03       		.uleb128 0x3
 1165 06c0 F3       		.byte	0xf3
 1166 06c1 01       		.uleb128 0x1
 1167 06c2 50       		.byte	0x50
 1168 06c3 00       		.byte	0
 1169 06c4 23       		.uleb128 0x23
 1170 06c5 24000000 		.4byte	.LVL10
 1171 06c9 3A080000 		.4byte	0x83a
 1172 06cd EC060000 		.4byte	0x6ec
 1173 06d1 1F       		.uleb128 0x1f
 1174 06d2 01       		.uleb128 0x1
 1175 06d3 53       		.byte	0x53
 1176 06d4 02       		.uleb128 0x2
 1177 06d5 75       		.byte	0x75
 1178 06d6 00       		.sleb128 0
 1179 06d7 1F       		.uleb128 0x1f
 1180 06d8 01       		.uleb128 0x1
 1181 06d9 52       		.byte	0x52
 1182 06da 02       		.uleb128 0x2
 1183 06db 77       		.byte	0x77
 1184 06dc 00       		.sleb128 0
 1185 06dd 1F       		.uleb128 0x1f
 1186 06de 01       		.uleb128 0x1
 1187 06df 51       		.byte	0x51
 1188 06e0 02       		.uleb128 0x2
 1189 06e1 76       		.byte	0x76
 1190 06e2 00       		.sleb128 0
 1191 06e3 1F       		.uleb128 0x1f
 1192 06e4 02       		.uleb128 0x2
 1193 06e5 7D       		.byte	0x7d
 1194 06e6 00       		.sleb128 0
 1195 06e7 03       		.uleb128 0x3
 1196 06e8 91       		.byte	0x91
 1197 06e9 00       		.sleb128 0
ARM GAS  /tmp/ccu25vh6.s 			page 22


 1198 06ea 06       		.byte	0x6
 1199 06eb 00       		.byte	0
 1200 06ec 24       		.uleb128 0x24
 1201 06ed 30000000 		.4byte	.LVL12
 1202 06f1 64080000 		.4byte	0x864
 1203 06f5 1F       		.uleb128 0x1f
 1204 06f6 01       		.uleb128 0x1
 1205 06f7 51       		.byte	0x51
 1206 06f8 01       		.uleb128 0x1
 1207 06f9 30       		.byte	0x30
 1208 06fa 1F       		.uleb128 0x1f
 1209 06fb 01       		.uleb128 0x1
 1210 06fc 50       		.byte	0x50
 1211 06fd 02       		.uleb128 0x2
 1212 06fe 74       		.byte	0x74
 1213 06ff 00       		.sleb128 0
 1214 0700 00       		.byte	0
 1215 0701 00       		.byte	0
 1216 0702 15       		.uleb128 0x15
 1217 0703 2F010000 		.4byte	.LASF85
 1218 0707 01       		.byte	0x1
 1219 0708 B3       		.byte	0xb3
 1220 0709 56020000 		.4byte	0x256
 1221 070d 00000000 		.4byte	.LFB10
 1222 0711 42000000 		.4byte	.LFE10-.LFB10
 1223 0715 01       		.uleb128 0x1
 1224 0716 9C       		.byte	0x9c
 1225 0717 F3070000 		.4byte	0x7f3
 1226 071b 1B       		.uleb128 0x1b
 1227 071c 6D7000   		.ascii	"mp\000"
 1228 071f 01       		.byte	0x1
 1229 0720 B3       		.byte	0xb3
 1230 0721 F3070000 		.4byte	0x7f3
 1231 0725 0F010000 		.4byte	.LLST8
 1232 0729 21       		.uleb128 0x21
 1233 072a 1E020000 		.4byte	.LASF84
 1234 072e 01       		.byte	0x1
 1235 072f B3       		.byte	0xb3
 1236 0730 01010000 		.4byte	0x101
 1237 0734 2D010000 		.4byte	.LLST9
 1238 0738 1B       		.uleb128 0x1b
 1239 0739 706600   		.ascii	"pf\000"
 1240 073c 01       		.byte	0x1
 1241 073d B4       		.byte	0xb4
 1242 073e F5040000 		.4byte	0x4f5
 1243 0742 4B010000 		.4byte	.LLST10
 1244 0746 1B       		.uleb128 0x1b
 1245 0747 61726700 		.ascii	"arg\000"
 1246 074b 01       		.byte	0x1
 1247 074c B4       		.byte	0xb4
 1248 074d 92020000 		.4byte	0x292
 1249 0751 69010000 		.4byte	.LLST11
 1250 0755 22       		.uleb128 0x22
 1251 0756 77737000 		.ascii	"wsp\000"
 1252 075a 01       		.byte	0x1
 1253 075b B5       		.byte	0xb5
 1254 075c 92020000 		.4byte	0x292
ARM GAS  /tmp/ccu25vh6.s 			page 23


 1255 0760 87010000 		.4byte	.LLST12
 1256 0764 22       		.uleb128 0x22
 1257 0765 747000   		.ascii	"tp\000"
 1258 0768 01       		.byte	0x1
 1259 0769 B6       		.byte	0xb6
 1260 076a 56020000 		.4byte	0x256
 1261 076e 9A010000 		.4byte	.LLST13
 1262 0772 17       		.uleb128 0x17
 1263 0773 14000000 		.4byte	.LBB10
 1264 0777 06000000 		.4byte	.LBE10-.LBB10
 1265 077b 8D070000 		.4byte	0x78d
 1266 077f 18       		.uleb128 0x18
 1267 0780 746D7000 		.ascii	"tmp\000"
 1268 0784 01       		.byte	0x1
 1269 0785 C7       		.byte	0xc7
 1270 0786 B8000000 		.4byte	0xb8
 1271 078a 01       		.uleb128 0x1
 1272 078b 53       		.byte	0x53
 1273 078c 00       		.byte	0
 1274 078d 17       		.uleb128 0x17
 1275 078e 34000000 		.4byte	.LBB11
 1276 0792 06000000 		.4byte	.LBE11-.LBB11
 1277 0796 A8070000 		.4byte	0x7a8
 1278 079a 18       		.uleb128 0x18
 1279 079b 746D7000 		.ascii	"tmp\000"
 1280 079f 01       		.byte	0x1
 1281 07a0 CC       		.byte	0xcc
 1282 07a1 B8000000 		.4byte	0xb8
 1283 07a5 01       		.uleb128 0x1
 1284 07a6 53       		.byte	0x53
 1285 07a7 00       		.byte	0
 1286 07a8 23       		.uleb128 0x23
 1287 07a9 12000000 		.4byte	.LVL15
 1288 07ad 7A080000 		.4byte	0x87a
 1289 07b1 BC070000 		.4byte	0x7bc
 1290 07b5 1F       		.uleb128 0x1f
 1291 07b6 01       		.uleb128 0x1
 1292 07b7 50       		.byte	0x50
 1293 07b8 02       		.uleb128 0x2
 1294 07b9 75       		.byte	0x75
 1295 07ba 00       		.sleb128 0
 1296 07bb 00       		.byte	0
 1297 07bc 23       		.uleb128 0x23
 1298 07bd 26000000 		.4byte	.LVL16
 1299 07c1 3A080000 		.4byte	0x83a
 1300 07c5 DD070000 		.4byte	0x7dd
 1301 07c9 1F       		.uleb128 0x1f
 1302 07ca 01       		.uleb128 0x1
 1303 07cb 53       		.byte	0x53
 1304 07cc 02       		.uleb128 0x2
 1305 07cd 76       		.byte	0x76
 1306 07ce 00       		.sleb128 0
 1307 07cf 1F       		.uleb128 0x1f
 1308 07d0 01       		.uleb128 0x1
 1309 07d1 52       		.byte	0x52
 1310 07d2 02       		.uleb128 0x2
 1311 07d3 78       		.byte	0x78
ARM GAS  /tmp/ccu25vh6.s 			page 24


 1312 07d4 00       		.sleb128 0
 1313 07d5 1F       		.uleb128 0x1f
 1314 07d6 02       		.uleb128 0x2
 1315 07d7 7D       		.byte	0x7d
 1316 07d8 00       		.sleb128 0
 1317 07d9 02       		.uleb128 0x2
 1318 07da 77       		.byte	0x77
 1319 07db 00       		.sleb128 0
 1320 07dc 00       		.byte	0
 1321 07dd 24       		.uleb128 0x24
 1322 07de 34000000 		.4byte	.LVL18
 1323 07e2 64080000 		.4byte	0x864
 1324 07e6 1F       		.uleb128 0x1f
 1325 07e7 01       		.uleb128 0x1
 1326 07e8 51       		.byte	0x51
 1327 07e9 01       		.uleb128 0x1
 1328 07ea 30       		.byte	0x30
 1329 07eb 1F       		.uleb128 0x1f
 1330 07ec 01       		.uleb128 0x1
 1331 07ed 50       		.byte	0x50
 1332 07ee 02       		.uleb128 0x2
 1333 07ef 74       		.byte	0x74
 1334 07f0 00       		.sleb128 0
 1335 07f1 00       		.byte	0
 1336 07f2 00       		.byte	0
 1337 07f3 09       		.uleb128 0x9
 1338 07f4 04       		.byte	0x4
 1339 07f5 9D040000 		.4byte	0x49d
 1340 07f9 25       		.uleb128 0x25
 1341 07fa D7000000 		.4byte	.LASF86
 1342 07fe 0B       		.byte	0xb
 1343 07ff 5A       		.byte	0x5a
 1344 0800 0A080000 		.4byte	0x80a
 1345 0804 0F       		.uleb128 0xf
 1346 0805 92020000 		.4byte	0x292
 1347 0809 00       		.byte	0
 1348 080a 25       		.uleb128 0x25
 1349 080b 3C040000 		.4byte	.LASF87
 1350 080f 0C       		.byte	0xc
 1351 0810 84       		.byte	0x84
 1352 0811 20080000 		.4byte	0x820
 1353 0815 0F       		.uleb128 0xf
 1354 0816 F3070000 		.4byte	0x7f3
 1355 081a 0F       		.uleb128 0xf
 1356 081b 92020000 		.4byte	0x292
 1357 081f 00       		.byte	0
 1358 0820 26       		.uleb128 0x26
 1359 0821 68030000 		.4byte	.LASF88
 1360 0825 0B       		.byte	0xb
 1361 0826 59       		.byte	0x59
 1362 0827 92020000 		.4byte	0x292
 1363 082b 3A080000 		.4byte	0x83a
 1364 082f 0F       		.uleb128 0xf
 1365 0830 2C040000 		.4byte	0x42c
 1366 0834 0F       		.uleb128 0xf
 1367 0835 2C000000 		.4byte	0x2c
 1368 0839 00       		.byte	0
ARM GAS  /tmp/ccu25vh6.s 			page 25


 1369 083a 27       		.uleb128 0x27
 1370 083b EC000000 		.4byte	.LASF89
 1371 083f 07       		.byte	0x7
 1372 0840 6E01     		.2byte	0x16e
 1373 0842 56020000 		.4byte	0x256
 1374 0846 64080000 		.4byte	0x864
 1375 084a 0F       		.uleb128 0xf
 1376 084b 92020000 		.4byte	0x292
 1377 084f 0F       		.uleb128 0xf
 1378 0850 2C000000 		.4byte	0x2c
 1379 0854 0F       		.uleb128 0xf
 1380 0855 01010000 		.4byte	0x101
 1381 0859 0F       		.uleb128 0xf
 1382 085a F5040000 		.4byte	0x4f5
 1383 085e 0F       		.uleb128 0xf
 1384 085f 92020000 		.4byte	0x292
 1385 0863 00       		.byte	0
 1386 0864 25       		.uleb128 0x25
 1387 0865 08040000 		.4byte	.LASF90
 1388 0869 0D       		.byte	0xd
 1389 086a 99       		.byte	0x99
 1390 086b 7A080000 		.4byte	0x87a
 1391 086f 0F       		.uleb128 0xf
 1392 0870 56020000 		.4byte	0x256
 1393 0874 0F       		.uleb128 0xf
 1394 0875 0C010000 		.4byte	0x10c
 1395 0879 00       		.byte	0
 1396 087a 28       		.uleb128 0x28
 1397 087b 30040000 		.4byte	.LASF91
 1398 087f 0C       		.byte	0xc
 1399 0880 82       		.byte	0x82
 1400 0881 92020000 		.4byte	0x292
 1401 0885 0F       		.uleb128 0xf
 1402 0886 F3070000 		.4byte	0x7f3
 1403 088a 00       		.byte	0
 1404 088b 00       		.byte	0
 1405              		.section	.debug_abbrev,"",%progbits
 1406              	.Ldebug_abbrev0:
 1407 0000 01       		.uleb128 0x1
 1408 0001 11       		.uleb128 0x11
 1409 0002 01       		.byte	0x1
 1410 0003 25       		.uleb128 0x25
 1411 0004 0E       		.uleb128 0xe
 1412 0005 13       		.uleb128 0x13
 1413 0006 0B       		.uleb128 0xb
 1414 0007 03       		.uleb128 0x3
 1415 0008 0E       		.uleb128 0xe
 1416 0009 1B       		.uleb128 0x1b
 1417 000a 0E       		.uleb128 0xe
 1418 000b 55       		.uleb128 0x55
 1419 000c 17       		.uleb128 0x17
 1420 000d 11       		.uleb128 0x11
 1421 000e 01       		.uleb128 0x1
 1422 000f 10       		.uleb128 0x10
 1423 0010 17       		.uleb128 0x17
 1424 0011 00       		.byte	0
 1425 0012 00       		.byte	0
ARM GAS  /tmp/ccu25vh6.s 			page 26


 1426 0013 02       		.uleb128 0x2
 1427 0014 24       		.uleb128 0x24
 1428 0015 00       		.byte	0
 1429 0016 0B       		.uleb128 0xb
 1430 0017 0B       		.uleb128 0xb
 1431 0018 3E       		.uleb128 0x3e
 1432 0019 0B       		.uleb128 0xb
 1433 001a 03       		.uleb128 0x3
 1434 001b 08       		.uleb128 0x8
 1435 001c 00       		.byte	0
 1436 001d 00       		.byte	0
 1437 001e 03       		.uleb128 0x3
 1438 001f 16       		.uleb128 0x16
 1439 0020 00       		.byte	0
 1440 0021 03       		.uleb128 0x3
 1441 0022 0E       		.uleb128 0xe
 1442 0023 3A       		.uleb128 0x3a
 1443 0024 0B       		.uleb128 0xb
 1444 0025 3B       		.uleb128 0x3b
 1445 0026 0B       		.uleb128 0xb
 1446 0027 49       		.uleb128 0x49
 1447 0028 13       		.uleb128 0x13
 1448 0029 00       		.byte	0
 1449 002a 00       		.byte	0
 1450 002b 04       		.uleb128 0x4
 1451 002c 24       		.uleb128 0x24
 1452 002d 00       		.byte	0
 1453 002e 0B       		.uleb128 0xb
 1454 002f 0B       		.uleb128 0xb
 1455 0030 3E       		.uleb128 0x3e
 1456 0031 0B       		.uleb128 0xb
 1457 0032 03       		.uleb128 0x3
 1458 0033 0E       		.uleb128 0xe
 1459 0034 00       		.byte	0
 1460 0035 00       		.byte	0
 1461 0036 05       		.uleb128 0x5
 1462 0037 13       		.uleb128 0x13
 1463 0038 01       		.byte	0x1
 1464 0039 03       		.uleb128 0x3
 1465 003a 0E       		.uleb128 0xe
 1466 003b 0B       		.uleb128 0xb
 1467 003c 0B       		.uleb128 0xb
 1468 003d 3A       		.uleb128 0x3a
 1469 003e 0B       		.uleb128 0xb
 1470 003f 3B       		.uleb128 0x3b
 1471 0040 0B       		.uleb128 0xb
 1472 0041 01       		.uleb128 0x1
 1473 0042 13       		.uleb128 0x13
 1474 0043 00       		.byte	0
 1475 0044 00       		.byte	0
 1476 0045 06       		.uleb128 0x6
 1477 0046 0D       		.uleb128 0xd
 1478 0047 00       		.byte	0
 1479 0048 03       		.uleb128 0x3
 1480 0049 0E       		.uleb128 0xe
 1481 004a 3A       		.uleb128 0x3a
 1482 004b 0B       		.uleb128 0xb
ARM GAS  /tmp/ccu25vh6.s 			page 27


 1483 004c 3B       		.uleb128 0x3b
 1484 004d 0B       		.uleb128 0xb
 1485 004e 49       		.uleb128 0x49
 1486 004f 13       		.uleb128 0x13
 1487 0050 38       		.uleb128 0x38
 1488 0051 0B       		.uleb128 0xb
 1489 0052 00       		.byte	0
 1490 0053 00       		.byte	0
 1491 0054 07       		.uleb128 0x7
 1492 0055 0D       		.uleb128 0xd
 1493 0056 00       		.byte	0
 1494 0057 03       		.uleb128 0x3
 1495 0058 08       		.uleb128 0x8
 1496 0059 3A       		.uleb128 0x3a
 1497 005a 0B       		.uleb128 0xb
 1498 005b 3B       		.uleb128 0x3b
 1499 005c 0B       		.uleb128 0xb
 1500 005d 49       		.uleb128 0x49
 1501 005e 13       		.uleb128 0x13
 1502 005f 38       		.uleb128 0x38
 1503 0060 0B       		.uleb128 0xb
 1504 0061 00       		.byte	0
 1505 0062 00       		.byte	0
 1506 0063 08       		.uleb128 0x8
 1507 0064 13       		.uleb128 0x13
 1508 0065 01       		.byte	0x1
 1509 0066 0B       		.uleb128 0xb
 1510 0067 0B       		.uleb128 0xb
 1511 0068 3A       		.uleb128 0x3a
 1512 0069 0B       		.uleb128 0xb
 1513 006a 3B       		.uleb128 0x3b
 1514 006b 0B       		.uleb128 0xb
 1515 006c 01       		.uleb128 0x1
 1516 006d 13       		.uleb128 0x13
 1517 006e 00       		.byte	0
 1518 006f 00       		.byte	0
 1519 0070 09       		.uleb128 0x9
 1520 0071 0F       		.uleb128 0xf
 1521 0072 00       		.byte	0
 1522 0073 0B       		.uleb128 0xb
 1523 0074 0B       		.uleb128 0xb
 1524 0075 49       		.uleb128 0x49
 1525 0076 13       		.uleb128 0x13
 1526 0077 00       		.byte	0
 1527 0078 00       		.byte	0
 1528 0079 0A       		.uleb128 0xa
 1529 007a 0F       		.uleb128 0xf
 1530 007b 00       		.byte	0
 1531 007c 0B       		.uleb128 0xb
 1532 007d 0B       		.uleb128 0xb
 1533 007e 00       		.byte	0
 1534 007f 00       		.byte	0
 1535 0080 0B       		.uleb128 0xb
 1536 0081 13       		.uleb128 0x13
 1537 0082 01       		.byte	0x1
 1538 0083 03       		.uleb128 0x3
 1539 0084 0E       		.uleb128 0xe
ARM GAS  /tmp/ccu25vh6.s 			page 28


 1540 0085 0B       		.uleb128 0xb
 1541 0086 0B       		.uleb128 0xb
 1542 0087 3A       		.uleb128 0x3a
 1543 0088 0B       		.uleb128 0xb
 1544 0089 3B       		.uleb128 0x3b
 1545 008a 05       		.uleb128 0x5
 1546 008b 01       		.uleb128 0x1
 1547 008c 13       		.uleb128 0x13
 1548 008d 00       		.byte	0
 1549 008e 00       		.byte	0
 1550 008f 0C       		.uleb128 0xc
 1551 0090 0D       		.uleb128 0xd
 1552 0091 00       		.byte	0
 1553 0092 03       		.uleb128 0x3
 1554 0093 08       		.uleb128 0x8
 1555 0094 3A       		.uleb128 0x3a
 1556 0095 0B       		.uleb128 0xb
 1557 0096 3B       		.uleb128 0x3b
 1558 0097 05       		.uleb128 0x5
 1559 0098 49       		.uleb128 0x49
 1560 0099 13       		.uleb128 0x13
 1561 009a 38       		.uleb128 0x38
 1562 009b 0B       		.uleb128 0xb
 1563 009c 00       		.byte	0
 1564 009d 00       		.byte	0
 1565 009e 0D       		.uleb128 0xd
 1566 009f 35       		.uleb128 0x35
 1567 00a0 00       		.byte	0
 1568 00a1 49       		.uleb128 0x49
 1569 00a2 13       		.uleb128 0x13
 1570 00a3 00       		.byte	0
 1571 00a4 00       		.byte	0
 1572 00a5 0E       		.uleb128 0xe
 1573 00a6 15       		.uleb128 0x15
 1574 00a7 01       		.byte	0x1
 1575 00a8 27       		.uleb128 0x27
 1576 00a9 19       		.uleb128 0x19
 1577 00aa 49       		.uleb128 0x49
 1578 00ab 13       		.uleb128 0x13
 1579 00ac 01       		.uleb128 0x1
 1580 00ad 13       		.uleb128 0x13
 1581 00ae 00       		.byte	0
 1582 00af 00       		.byte	0
 1583 00b0 0F       		.uleb128 0xf
 1584 00b1 05       		.uleb128 0x5
 1585 00b2 00       		.byte	0
 1586 00b3 49       		.uleb128 0x49
 1587 00b4 13       		.uleb128 0x13
 1588 00b5 00       		.byte	0
 1589 00b6 00       		.byte	0
 1590 00b7 10       		.uleb128 0x10
 1591 00b8 17       		.uleb128 0x17
 1592 00b9 01       		.byte	0x1
 1593 00ba 0B       		.uleb128 0xb
 1594 00bb 0B       		.uleb128 0xb
 1595 00bc 3A       		.uleb128 0x3a
 1596 00bd 0B       		.uleb128 0xb
ARM GAS  /tmp/ccu25vh6.s 			page 29


 1597 00be 3B       		.uleb128 0x3b
 1598 00bf 0B       		.uleb128 0xb
 1599 00c0 01       		.uleb128 0x1
 1600 00c1 13       		.uleb128 0x13
 1601 00c2 00       		.byte	0
 1602 00c3 00       		.byte	0
 1603 00c4 11       		.uleb128 0x11
 1604 00c5 0D       		.uleb128 0xd
 1605 00c6 00       		.byte	0
 1606 00c7 03       		.uleb128 0x3
 1607 00c8 0E       		.uleb128 0xe
 1608 00c9 3A       		.uleb128 0x3a
 1609 00ca 0B       		.uleb128 0xb
 1610 00cb 3B       		.uleb128 0x3b
 1611 00cc 0B       		.uleb128 0xb
 1612 00cd 49       		.uleb128 0x49
 1613 00ce 13       		.uleb128 0x13
 1614 00cf 00       		.byte	0
 1615 00d0 00       		.byte	0
 1616 00d1 12       		.uleb128 0x12
 1617 00d2 17       		.uleb128 0x17
 1618 00d3 01       		.byte	0x1
 1619 00d4 03       		.uleb128 0x3
 1620 00d5 0E       		.uleb128 0xe
 1621 00d6 0B       		.uleb128 0xb
 1622 00d7 0B       		.uleb128 0xb
 1623 00d8 3A       		.uleb128 0x3a
 1624 00d9 0B       		.uleb128 0xb
 1625 00da 3B       		.uleb128 0x3b
 1626 00db 0B       		.uleb128 0xb
 1627 00dc 01       		.uleb128 0x1
 1628 00dd 13       		.uleb128 0x13
 1629 00de 00       		.byte	0
 1630 00df 00       		.byte	0
 1631 00e0 13       		.uleb128 0x13
 1632 00e1 0D       		.uleb128 0xd
 1633 00e2 00       		.byte	0
 1634 00e3 03       		.uleb128 0x3
 1635 00e4 08       		.uleb128 0x8
 1636 00e5 3A       		.uleb128 0x3a
 1637 00e6 0B       		.uleb128 0xb
 1638 00e7 3B       		.uleb128 0x3b
 1639 00e8 0B       		.uleb128 0xb
 1640 00e9 49       		.uleb128 0x49
 1641 00ea 13       		.uleb128 0x13
 1642 00eb 00       		.byte	0
 1643 00ec 00       		.byte	0
 1644 00ed 14       		.uleb128 0x14
 1645 00ee 26       		.uleb128 0x26
 1646 00ef 00       		.byte	0
 1647 00f0 49       		.uleb128 0x49
 1648 00f1 13       		.uleb128 0x13
 1649 00f2 00       		.byte	0
 1650 00f3 00       		.byte	0
 1651 00f4 15       		.uleb128 0x15
 1652 00f5 2E       		.uleb128 0x2e
 1653 00f6 01       		.byte	0x1
ARM GAS  /tmp/ccu25vh6.s 			page 30


 1654 00f7 3F       		.uleb128 0x3f
 1655 00f8 19       		.uleb128 0x19
 1656 00f9 03       		.uleb128 0x3
 1657 00fa 0E       		.uleb128 0xe
 1658 00fb 3A       		.uleb128 0x3a
 1659 00fc 0B       		.uleb128 0xb
 1660 00fd 3B       		.uleb128 0x3b
 1661 00fe 0B       		.uleb128 0xb
 1662 00ff 27       		.uleb128 0x27
 1663 0100 19       		.uleb128 0x19
 1664 0101 49       		.uleb128 0x49
 1665 0102 13       		.uleb128 0x13
 1666 0103 11       		.uleb128 0x11
 1667 0104 01       		.uleb128 0x1
 1668 0105 12       		.uleb128 0x12
 1669 0106 06       		.uleb128 0x6
 1670 0107 40       		.uleb128 0x40
 1671 0108 18       		.uleb128 0x18
 1672 0109 9742     		.uleb128 0x2117
 1673 010b 19       		.uleb128 0x19
 1674 010c 01       		.uleb128 0x1
 1675 010d 13       		.uleb128 0x13
 1676 010e 00       		.byte	0
 1677 010f 00       		.byte	0
 1678 0110 16       		.uleb128 0x16
 1679 0111 05       		.uleb128 0x5
 1680 0112 00       		.byte	0
 1681 0113 03       		.uleb128 0x3
 1682 0114 08       		.uleb128 0x8
 1683 0115 3A       		.uleb128 0x3a
 1684 0116 0B       		.uleb128 0xb
 1685 0117 3B       		.uleb128 0x3b
 1686 0118 0B       		.uleb128 0xb
 1687 0119 49       		.uleb128 0x49
 1688 011a 13       		.uleb128 0x13
 1689 011b 02       		.uleb128 0x2
 1690 011c 18       		.uleb128 0x18
 1691 011d 00       		.byte	0
 1692 011e 00       		.byte	0
 1693 011f 17       		.uleb128 0x17
 1694 0120 0B       		.uleb128 0xb
 1695 0121 01       		.byte	0x1
 1696 0122 11       		.uleb128 0x11
 1697 0123 01       		.uleb128 0x1
 1698 0124 12       		.uleb128 0x12
 1699 0125 06       		.uleb128 0x6
 1700 0126 01       		.uleb128 0x1
 1701 0127 13       		.uleb128 0x13
 1702 0128 00       		.byte	0
 1703 0129 00       		.byte	0
 1704 012a 18       		.uleb128 0x18
 1705 012b 34       		.uleb128 0x34
 1706 012c 00       		.byte	0
 1707 012d 03       		.uleb128 0x3
 1708 012e 08       		.uleb128 0x8
 1709 012f 3A       		.uleb128 0x3a
 1710 0130 0B       		.uleb128 0xb
ARM GAS  /tmp/ccu25vh6.s 			page 31


 1711 0131 3B       		.uleb128 0x3b
 1712 0132 0B       		.uleb128 0xb
 1713 0133 49       		.uleb128 0x49
 1714 0134 13       		.uleb128 0x13
 1715 0135 02       		.uleb128 0x2
 1716 0136 18       		.uleb128 0x18
 1717 0137 00       		.byte	0
 1718 0138 00       		.byte	0
 1719 0139 19       		.uleb128 0x19
 1720 013a 0B       		.uleb128 0xb
 1721 013b 01       		.byte	0x1
 1722 013c 55       		.uleb128 0x55
 1723 013d 17       		.uleb128 0x17
 1724 013e 00       		.byte	0
 1725 013f 00       		.byte	0
 1726 0140 1A       		.uleb128 0x1a
 1727 0141 2E       		.uleb128 0x2e
 1728 0142 01       		.byte	0x1
 1729 0143 3F       		.uleb128 0x3f
 1730 0144 19       		.uleb128 0x19
 1731 0145 03       		.uleb128 0x3
 1732 0146 0E       		.uleb128 0xe
 1733 0147 3A       		.uleb128 0x3a
 1734 0148 0B       		.uleb128 0xb
 1735 0149 3B       		.uleb128 0x3b
 1736 014a 0B       		.uleb128 0xb
 1737 014b 27       		.uleb128 0x27
 1738 014c 19       		.uleb128 0x19
 1739 014d 11       		.uleb128 0x11
 1740 014e 01       		.uleb128 0x1
 1741 014f 12       		.uleb128 0x12
 1742 0150 06       		.uleb128 0x6
 1743 0151 40       		.uleb128 0x40
 1744 0152 18       		.uleb128 0x18
 1745 0153 9742     		.uleb128 0x2117
 1746 0155 19       		.uleb128 0x19
 1747 0156 01       		.uleb128 0x1
 1748 0157 13       		.uleb128 0x13
 1749 0158 00       		.byte	0
 1750 0159 00       		.byte	0
 1751 015a 1B       		.uleb128 0x1b
 1752 015b 05       		.uleb128 0x5
 1753 015c 00       		.byte	0
 1754 015d 03       		.uleb128 0x3
 1755 015e 08       		.uleb128 0x8
 1756 015f 3A       		.uleb128 0x3a
 1757 0160 0B       		.uleb128 0xb
 1758 0161 3B       		.uleb128 0x3b
 1759 0162 0B       		.uleb128 0xb
 1760 0163 49       		.uleb128 0x49
 1761 0164 13       		.uleb128 0x13
 1762 0165 02       		.uleb128 0x2
 1763 0166 17       		.uleb128 0x17
 1764 0167 00       		.byte	0
 1765 0168 00       		.byte	0
 1766 0169 1C       		.uleb128 0x1c
 1767 016a 34       		.uleb128 0x34
ARM GAS  /tmp/ccu25vh6.s 			page 32


 1768 016b 00       		.byte	0
 1769 016c 03       		.uleb128 0x3
 1770 016d 0E       		.uleb128 0xe
 1771 016e 3A       		.uleb128 0x3a
 1772 016f 0B       		.uleb128 0xb
 1773 0170 3B       		.uleb128 0x3b
 1774 0171 0B       		.uleb128 0xb
 1775 0172 49       		.uleb128 0x49
 1776 0173 13       		.uleb128 0x13
 1777 0174 02       		.uleb128 0x2
 1778 0175 17       		.uleb128 0x17
 1779 0176 00       		.byte	0
 1780 0177 00       		.byte	0
 1781 0178 1D       		.uleb128 0x1d
 1782 0179 0B       		.uleb128 0xb
 1783 017a 01       		.byte	0x1
 1784 017b 55       		.uleb128 0x55
 1785 017c 17       		.uleb128 0x17
 1786 017d 01       		.uleb128 0x1
 1787 017e 13       		.uleb128 0x13
 1788 017f 00       		.byte	0
 1789 0180 00       		.byte	0
 1790 0181 1E       		.uleb128 0x1e
 1791 0182 898201   		.uleb128 0x4109
 1792 0185 01       		.byte	0x1
 1793 0186 11       		.uleb128 0x11
 1794 0187 01       		.uleb128 0x1
 1795 0188 9542     		.uleb128 0x2115
 1796 018a 19       		.uleb128 0x19
 1797 018b 31       		.uleb128 0x31
 1798 018c 13       		.uleb128 0x13
 1799 018d 01       		.uleb128 0x1
 1800 018e 13       		.uleb128 0x13
 1801 018f 00       		.byte	0
 1802 0190 00       		.byte	0
 1803 0191 1F       		.uleb128 0x1f
 1804 0192 8A8201   		.uleb128 0x410a
 1805 0195 00       		.byte	0
 1806 0196 02       		.uleb128 0x2
 1807 0197 18       		.uleb128 0x18
 1808 0198 9142     		.uleb128 0x2111
 1809 019a 18       		.uleb128 0x18
 1810 019b 00       		.byte	0
 1811 019c 00       		.byte	0
 1812 019d 20       		.uleb128 0x20
 1813 019e 898201   		.uleb128 0x4109
 1814 01a1 01       		.byte	0x1
 1815 01a2 11       		.uleb128 0x11
 1816 01a3 01       		.uleb128 0x1
 1817 01a4 9542     		.uleb128 0x2115
 1818 01a6 19       		.uleb128 0x19
 1819 01a7 31       		.uleb128 0x31
 1820 01a8 13       		.uleb128 0x13
 1821 01a9 00       		.byte	0
 1822 01aa 00       		.byte	0
 1823 01ab 21       		.uleb128 0x21
 1824 01ac 05       		.uleb128 0x5
ARM GAS  /tmp/ccu25vh6.s 			page 33


 1825 01ad 00       		.byte	0
 1826 01ae 03       		.uleb128 0x3
 1827 01af 0E       		.uleb128 0xe
 1828 01b0 3A       		.uleb128 0x3a
 1829 01b1 0B       		.uleb128 0xb
 1830 01b2 3B       		.uleb128 0x3b
 1831 01b3 0B       		.uleb128 0xb
 1832 01b4 49       		.uleb128 0x49
 1833 01b5 13       		.uleb128 0x13
 1834 01b6 02       		.uleb128 0x2
 1835 01b7 17       		.uleb128 0x17
 1836 01b8 00       		.byte	0
 1837 01b9 00       		.byte	0
 1838 01ba 22       		.uleb128 0x22
 1839 01bb 34       		.uleb128 0x34
 1840 01bc 00       		.byte	0
 1841 01bd 03       		.uleb128 0x3
 1842 01be 08       		.uleb128 0x8
 1843 01bf 3A       		.uleb128 0x3a
 1844 01c0 0B       		.uleb128 0xb
 1845 01c1 3B       		.uleb128 0x3b
 1846 01c2 0B       		.uleb128 0xb
 1847 01c3 49       		.uleb128 0x49
 1848 01c4 13       		.uleb128 0x13
 1849 01c5 02       		.uleb128 0x2
 1850 01c6 17       		.uleb128 0x17
 1851 01c7 00       		.byte	0
 1852 01c8 00       		.byte	0
 1853 01c9 23       		.uleb128 0x23
 1854 01ca 898201   		.uleb128 0x4109
 1855 01cd 01       		.byte	0x1
 1856 01ce 11       		.uleb128 0x11
 1857 01cf 01       		.uleb128 0x1
 1858 01d0 31       		.uleb128 0x31
 1859 01d1 13       		.uleb128 0x13
 1860 01d2 01       		.uleb128 0x1
 1861 01d3 13       		.uleb128 0x13
 1862 01d4 00       		.byte	0
 1863 01d5 00       		.byte	0
 1864 01d6 24       		.uleb128 0x24
 1865 01d7 898201   		.uleb128 0x4109
 1866 01da 01       		.byte	0x1
 1867 01db 11       		.uleb128 0x11
 1868 01dc 01       		.uleb128 0x1
 1869 01dd 31       		.uleb128 0x31
 1870 01de 13       		.uleb128 0x13
 1871 01df 00       		.byte	0
 1872 01e0 00       		.byte	0
 1873 01e1 25       		.uleb128 0x25
 1874 01e2 2E       		.uleb128 0x2e
 1875 01e3 01       		.byte	0x1
 1876 01e4 3F       		.uleb128 0x3f
 1877 01e5 19       		.uleb128 0x19
 1878 01e6 03       		.uleb128 0x3
 1879 01e7 0E       		.uleb128 0xe
 1880 01e8 3A       		.uleb128 0x3a
 1881 01e9 0B       		.uleb128 0xb
ARM GAS  /tmp/ccu25vh6.s 			page 34


 1882 01ea 3B       		.uleb128 0x3b
 1883 01eb 0B       		.uleb128 0xb
 1884 01ec 27       		.uleb128 0x27
 1885 01ed 19       		.uleb128 0x19
 1886 01ee 3C       		.uleb128 0x3c
 1887 01ef 19       		.uleb128 0x19
 1888 01f0 01       		.uleb128 0x1
 1889 01f1 13       		.uleb128 0x13
 1890 01f2 00       		.byte	0
 1891 01f3 00       		.byte	0
 1892 01f4 26       		.uleb128 0x26
 1893 01f5 2E       		.uleb128 0x2e
 1894 01f6 01       		.byte	0x1
 1895 01f7 3F       		.uleb128 0x3f
 1896 01f8 19       		.uleb128 0x19
 1897 01f9 03       		.uleb128 0x3
 1898 01fa 0E       		.uleb128 0xe
 1899 01fb 3A       		.uleb128 0x3a
 1900 01fc 0B       		.uleb128 0xb
 1901 01fd 3B       		.uleb128 0x3b
 1902 01fe 0B       		.uleb128 0xb
 1903 01ff 27       		.uleb128 0x27
 1904 0200 19       		.uleb128 0x19
 1905 0201 49       		.uleb128 0x49
 1906 0202 13       		.uleb128 0x13
 1907 0203 3C       		.uleb128 0x3c
 1908 0204 19       		.uleb128 0x19
 1909 0205 01       		.uleb128 0x1
 1910 0206 13       		.uleb128 0x13
 1911 0207 00       		.byte	0
 1912 0208 00       		.byte	0
 1913 0209 27       		.uleb128 0x27
 1914 020a 2E       		.uleb128 0x2e
 1915 020b 01       		.byte	0x1
 1916 020c 3F       		.uleb128 0x3f
 1917 020d 19       		.uleb128 0x19
 1918 020e 03       		.uleb128 0x3
 1919 020f 0E       		.uleb128 0xe
 1920 0210 3A       		.uleb128 0x3a
 1921 0211 0B       		.uleb128 0xb
 1922 0212 3B       		.uleb128 0x3b
 1923 0213 05       		.uleb128 0x5
 1924 0214 27       		.uleb128 0x27
 1925 0215 19       		.uleb128 0x19
 1926 0216 49       		.uleb128 0x49
 1927 0217 13       		.uleb128 0x13
 1928 0218 3C       		.uleb128 0x3c
 1929 0219 19       		.uleb128 0x19
 1930 021a 01       		.uleb128 0x1
 1931 021b 13       		.uleb128 0x13
 1932 021c 00       		.byte	0
 1933 021d 00       		.byte	0
 1934 021e 28       		.uleb128 0x28
 1935 021f 2E       		.uleb128 0x2e
 1936 0220 01       		.byte	0x1
 1937 0221 3F       		.uleb128 0x3f
 1938 0222 19       		.uleb128 0x19
ARM GAS  /tmp/ccu25vh6.s 			page 35


 1939 0223 03       		.uleb128 0x3
 1940 0224 0E       		.uleb128 0xe
 1941 0225 3A       		.uleb128 0x3a
 1942 0226 0B       		.uleb128 0xb
 1943 0227 3B       		.uleb128 0x3b
 1944 0228 0B       		.uleb128 0xb
 1945 0229 27       		.uleb128 0x27
 1946 022a 19       		.uleb128 0x19
 1947 022b 49       		.uleb128 0x49
 1948 022c 13       		.uleb128 0x13
 1949 022d 3C       		.uleb128 0x3c
 1950 022e 19       		.uleb128 0x19
 1951 022f 00       		.byte	0
 1952 0230 00       		.byte	0
 1953 0231 00       		.byte	0
 1954              		.section	.debug_loc,"",%progbits
 1955              	.Ldebug_loc0:
 1956              	.LLST0:
 1957 0000 00000000 		.4byte	.LVL1
 1958 0004 3D000000 		.4byte	.LVL4-1
 1959 0008 0100     		.2byte	0x1
 1960 000a 50       		.byte	0x50
 1961 000b 3D000000 		.4byte	.LVL4-1
 1962 000f 3E000000 		.4byte	.LVL4
 1963 0013 0400     		.2byte	0x4
 1964 0015 F3       		.byte	0xf3
 1965 0016 01       		.uleb128 0x1
 1966 0017 50       		.byte	0x50
 1967 0018 9F       		.byte	0x9f
 1968 0019 3E000000 		.4byte	.LVL4
 1969 001d 44000000 		.4byte	.LVL6
 1970 0021 0100     		.2byte	0x1
 1971 0023 50       		.byte	0x50
 1972 0024 44000000 		.4byte	.LVL6
 1973 0028 4D000000 		.4byte	.LVL7-1
 1974 002c 0100     		.2byte	0x1
 1975 002e 51       		.byte	0x51
 1976 002f 4D000000 		.4byte	.LVL7-1
 1977 0033 4E000000 		.4byte	.LFE8
 1978 0037 0400     		.2byte	0x4
 1979 0039 F3       		.byte	0xf3
 1980 003a 01       		.uleb128 0x1
 1981 003b 50       		.byte	0x50
 1982 003c 9F       		.byte	0x9f
 1983 003d 00000000 		.4byte	0
 1984 0041 00000000 		.4byte	0
 1985              	.LLST1:
 1986 0045 12000000 		.4byte	.LVL2
 1987 0049 32000000 		.4byte	.LVL3
 1988 004d 0100     		.2byte	0x1
 1989 004f 52       		.byte	0x52
 1990 0050 3E000000 		.4byte	.LVL4
 1991 0054 40000000 		.4byte	.LVL5
 1992 0058 0100     		.2byte	0x1
 1993 005a 52       		.byte	0x52
 1994 005b 00000000 		.4byte	0
 1995 005f 00000000 		.4byte	0
ARM GAS  /tmp/ccu25vh6.s 			page 36


 1996              	.LLST2:
 1997 0063 00000000 		.4byte	.LVL8
 1998 0067 0D000000 		.4byte	.LVL9-1
 1999 006b 0100     		.2byte	0x1
 2000 006d 50       		.byte	0x50
 2001 006e 0D000000 		.4byte	.LVL9-1
 2002 0072 3C000000 		.4byte	.LFE9
 2003 0076 0400     		.2byte	0x4
 2004 0078 F3       		.byte	0xf3
 2005 0079 01       		.uleb128 0x1
 2006 007a 50       		.byte	0x50
 2007 007b 9F       		.byte	0x9f
 2008 007c 00000000 		.4byte	0
 2009 0080 00000000 		.4byte	0
 2010              	.LLST3:
 2011 0084 00000000 		.4byte	.LVL8
 2012 0088 0D000000 		.4byte	.LVL9-1
 2013 008c 0100     		.2byte	0x1
 2014 008e 51       		.byte	0x51
 2015 008f 0D000000 		.4byte	.LVL9-1
 2016 0093 3C000000 		.4byte	.LFE9
 2017 0097 0100     		.2byte	0x1
 2018 0099 56       		.byte	0x56
 2019 009a 00000000 		.4byte	0
 2020 009e 00000000 		.4byte	0
 2021              	.LLST4:
 2022 00a2 00000000 		.4byte	.LVL8
 2023 00a6 0D000000 		.4byte	.LVL9-1
 2024 00aa 0100     		.2byte	0x1
 2025 00ac 52       		.byte	0x52
 2026 00ad 0D000000 		.4byte	.LVL9-1
 2027 00b1 3C000000 		.4byte	.LFE9
 2028 00b5 0100     		.2byte	0x1
 2029 00b7 57       		.byte	0x57
 2030 00b8 00000000 		.4byte	0
 2031 00bc 00000000 		.4byte	0
 2032              	.LLST5:
 2033 00c0 00000000 		.4byte	.LVL8
 2034 00c4 0D000000 		.4byte	.LVL9-1
 2035 00c8 0100     		.2byte	0x1
 2036 00ca 53       		.byte	0x53
 2037 00cb 0D000000 		.4byte	.LVL9-1
 2038 00cf 3C000000 		.4byte	.LFE9
 2039 00d3 0100     		.2byte	0x1
 2040 00d5 55       		.byte	0x55
 2041 00d6 00000000 		.4byte	0
 2042 00da 00000000 		.4byte	0
 2043              	.LLST6:
 2044 00de 0E000000 		.4byte	.LVL9
 2045 00e2 23000000 		.4byte	.LVL10-1
 2046 00e6 0100     		.2byte	0x1
 2047 00e8 50       		.byte	0x50
 2048 00e9 00000000 		.4byte	0
 2049 00ed 00000000 		.4byte	0
 2050              	.LLST7:
 2051 00f1 2C000000 		.4byte	.LVL11
 2052 00f5 2F000000 		.4byte	.LVL12-1
ARM GAS  /tmp/ccu25vh6.s 			page 37


 2053 00f9 0100     		.2byte	0x1
 2054 00fb 50       		.byte	0x50
 2055 00fc 2F000000 		.4byte	.LVL12-1
 2056 0100 38000000 		.4byte	.LVL13
 2057 0104 0100     		.2byte	0x1
 2058 0106 54       		.byte	0x54
 2059 0107 00000000 		.4byte	0
 2060 010b 00000000 		.4byte	0
 2061              	.LLST8:
 2062 010f 00000000 		.4byte	.LVL14
 2063 0113 11000000 		.4byte	.LVL15-1
 2064 0117 0100     		.2byte	0x1
 2065 0119 50       		.byte	0x50
 2066 011a 11000000 		.4byte	.LVL15-1
 2067 011e 42000000 		.4byte	.LFE10
 2068 0122 0100     		.2byte	0x1
 2069 0124 55       		.byte	0x55
 2070 0125 00000000 		.4byte	0
 2071 0129 00000000 		.4byte	0
 2072              	.LLST9:
 2073 012d 00000000 		.4byte	.LVL14
 2074 0131 11000000 		.4byte	.LVL15-1
 2075 0135 0100     		.2byte	0x1
 2076 0137 51       		.byte	0x51
 2077 0138 11000000 		.4byte	.LVL15-1
 2078 013c 42000000 		.4byte	.LFE10
 2079 0140 0100     		.2byte	0x1
 2080 0142 58       		.byte	0x58
 2081 0143 00000000 		.4byte	0
 2082 0147 00000000 		.4byte	0
 2083              	.LLST10:
 2084 014b 00000000 		.4byte	.LVL14
 2085 014f 11000000 		.4byte	.LVL15-1
 2086 0153 0100     		.2byte	0x1
 2087 0155 52       		.byte	0x52
 2088 0156 11000000 		.4byte	.LVL15-1
 2089 015a 42000000 		.4byte	.LFE10
 2090 015e 0100     		.2byte	0x1
 2091 0160 56       		.byte	0x56
 2092 0161 00000000 		.4byte	0
 2093 0165 00000000 		.4byte	0
 2094              	.LLST11:
 2095 0169 00000000 		.4byte	.LVL14
 2096 016d 11000000 		.4byte	.LVL15-1
 2097 0171 0100     		.2byte	0x1
 2098 0173 53       		.byte	0x53
 2099 0174 11000000 		.4byte	.LVL15-1
 2100 0178 42000000 		.4byte	.LFE10
 2101 017c 0100     		.2byte	0x1
 2102 017e 57       		.byte	0x57
 2103 017f 00000000 		.4byte	0
 2104 0183 00000000 		.4byte	0
 2105              	.LLST12:
 2106 0187 12000000 		.4byte	.LVL15
 2107 018b 25000000 		.4byte	.LVL16-1
 2108 018f 0100     		.2byte	0x1
 2109 0191 50       		.byte	0x50
ARM GAS  /tmp/ccu25vh6.s 			page 38


 2110 0192 00000000 		.4byte	0
 2111 0196 00000000 		.4byte	0
 2112              	.LLST13:
 2113 019a 30000000 		.4byte	.LVL17
 2114 019e 33000000 		.4byte	.LVL18-1
 2115 01a2 0100     		.2byte	0x1
 2116 01a4 50       		.byte	0x50
 2117 01a5 33000000 		.4byte	.LVL18-1
 2118 01a9 3C000000 		.4byte	.LVL19
 2119 01ad 0100     		.2byte	0x1
 2120 01af 54       		.byte	0x54
 2121 01b0 00000000 		.4byte	0
 2122 01b4 00000000 		.4byte	0
 2123              		.section	.debug_aranges,"",%progbits
 2124 0000 34000000 		.4byte	0x34
 2125 0004 0200     		.2byte	0x2
 2126 0006 00000000 		.4byte	.Ldebug_info0
 2127 000a 04       		.byte	0x4
 2128 000b 00       		.byte	0
 2129 000c 0000     		.2byte	0
 2130 000e 0000     		.2byte	0
 2131 0010 00000000 		.4byte	.LFB7
 2132 0014 14000000 		.4byte	.LFE7-.LFB7
 2133 0018 00000000 		.4byte	.LFB8
 2134 001c 4E000000 		.4byte	.LFE8-.LFB8
 2135 0020 00000000 		.4byte	.LFB9
 2136 0024 3C000000 		.4byte	.LFE9-.LFB9
 2137 0028 00000000 		.4byte	.LFB10
 2138 002c 42000000 		.4byte	.LFE10-.LFB10
 2139 0030 00000000 		.4byte	0
 2140 0034 00000000 		.4byte	0
 2141              		.section	.debug_ranges,"",%progbits
 2142              	.Ldebug_ranges0:
 2143 0000 08000000 		.4byte	.LBB3
 2144 0004 0A000000 		.4byte	.LBE3
 2145 0008 0E000000 		.4byte	.LBB4
 2146 000c 12000000 		.4byte	.LBE4
 2147 0010 00000000 		.4byte	0
 2148 0014 00000000 		.4byte	0
 2149 0018 0A000000 		.4byte	.LBB6
 2150 001c 0C000000 		.4byte	.LBE6
 2151 0020 12000000 		.4byte	.LBB7
 2152 0024 16000000 		.4byte	.LBE7
 2153 0028 00000000 		.4byte	0
 2154 002c 00000000 		.4byte	0
 2155 0030 00000000 		.4byte	.LFB7
 2156 0034 14000000 		.4byte	.LFE7
 2157 0038 00000000 		.4byte	.LFB8
 2158 003c 4E000000 		.4byte	.LFE8
 2159 0040 00000000 		.4byte	.LFB9
 2160 0044 3C000000 		.4byte	.LFE9
 2161 0048 00000000 		.4byte	.LFB10
 2162 004c 42000000 		.4byte	.LFE10
 2163 0050 00000000 		.4byte	0
 2164 0054 00000000 		.4byte	0
 2165              		.section	.debug_line,"",%progbits
 2166              	.Ldebug_line0:
ARM GAS  /tmp/ccu25vh6.s 			page 39


 2167 0000 E3010000 		.section	.debug_str,"MS",%progbits,1
 2167      02006601 
 2167      00000201 
 2167      FB0E0D00 
 2167      01010101 
 2168              	.LASF51:
 2169 0000 696E7463 		.ascii	"intctx\000"
 2169      747800
 2170              	.LASF79:
 2171 0007 7466756E 		.ascii	"tfunc_t\000"
 2171      635F7400 
 2172              	.LASF42:
 2173 000f 705F6D73 		.ascii	"p_msg\000"
 2173      6700
 2174              	.LASF93:
 2175 0015 2E2E2F2E 		.ascii	"../../os/kernel/src/chdynamic.c\000"
 2175      2E2F6F73 
 2175      2F6B6572 
 2175      6E656C2F 
 2175      7372632F 
 2176              	.LASF2:
 2177 0035 73697A65 		.ascii	"size_t\000"
 2177      5F7400
 2178              	.LASF74:
 2179 003c 7264796D 		.ascii	"rdymsg\000"
 2179      736700
 2180              	.LASF17:
 2181 0043 75696E74 		.ascii	"uint64_t\000"
 2181      36345F74 
 2181      00
 2182              	.LASF3:
 2183 004c 5F5F7569 		.ascii	"__uint8_t\000"
 2183      6E74385F 
 2183      7400
 2184              	.LASF73:
 2185 0056 4D656D6F 		.ascii	"MemoryPool\000"
 2185      7279506F 
 2185      6F6C00
 2186              	.LASF58:
 2187 0061 6D656D67 		.ascii	"memgetfunc_t\000"
 2187      65746675 
 2187      6E635F74 
 2187      00
 2188              	.LASF13:
 2189 006e 6C6F6E67 		.ascii	"long long unsigned int\000"
 2189      206C6F6E 
 2189      6720756E 
 2189      7369676E 
 2189      65642069 
 2190              	.LASF75:
 2191 0085 65786974 		.ascii	"exitcode\000"
 2191      636F6465 
 2191      00
 2192              	.LASF62:
 2193 008e 685F6672 		.ascii	"h_free\000"
 2193      656500
 2194              	.LASF83:
ARM GAS  /tmp/ccu25vh6.s 			page 40


 2195 0095 68656170 		.ascii	"heapp\000"
 2195      7000
 2196              	.LASF64:
 2197 009b 6E657874 		.ascii	"next\000"
 2197      00
 2198              	.LASF30:
 2199 00a0 705F7072 		.ascii	"p_prio\000"
 2199      696F00
 2200              	.LASF11:
 2201 00a7 6C6F6E67 		.ascii	"long long int\000"
 2201      206C6F6E 
 2201      6720696E 
 2201      7400
 2202              	.LASF1:
 2203 00b5 7369676E 		.ascii	"signed char\000"
 2203      65642063 
 2203      68617200 
 2204              	.LASF63:
 2205 00c1 685F6D74 		.ascii	"h_mtx\000"
 2205      7800
 2206              	.LASF46:
 2207 00c7 705F6D70 		.ascii	"p_mpool\000"
 2207      6F6F6C00 
 2208              	.LASF55:
 2209 00cf 6D5F7175 		.ascii	"m_queue\000"
 2209      65756500 
 2210              	.LASF86:
 2211 00d7 63684865 		.ascii	"chHeapFree\000"
 2211      61704672 
 2211      656500
 2212              	.LASF22:
 2213 00e2 74736C69 		.ascii	"tslices_t\000"
 2213      6365735F 
 2213      7400
 2214              	.LASF89:
 2215 00ec 63685468 		.ascii	"chThdCreateI\000"
 2215      64437265 
 2215      61746549 
 2215      00
 2216              	.LASF8:
 2217 00f9 6C6F6E67 		.ascii	"long int\000"
 2217      20696E74 
 2217      00
 2218              	.LASF82:
 2219 0102 63685468 		.ascii	"chThdCreateFromHeap\000"
 2219      64437265 
 2219      61746546 
 2219      726F6D48 
 2219      65617000 
 2220              	.LASF20:
 2221 0116 74737461 		.ascii	"tstate_t\000"
 2221      74655F74 
 2221      00
 2222              	.LASF70:
 2223 011f 6D705F6E 		.ascii	"mp_next\000"
 2223      65787400 
 2224              	.LASF32:
ARM GAS  /tmp/ccu25vh6.s 			page 41


 2225 0127 705F6E65 		.ascii	"p_newer\000"
 2225      77657200 
 2226              	.LASF85:
 2227 012f 63685468 		.ascii	"chThdCreateFromMemoryPool\000"
 2227      64437265 
 2227      61746546 
 2227      726F6D4D 
 2227      656D6F72 
 2228              	.LASF9:
 2229 0149 5F5F7569 		.ascii	"__uint32_t\000"
 2229      6E743332 
 2229      5F7400
 2230              	.LASF72:
 2231 0154 6D705F70 		.ascii	"mp_provider\000"
 2231      726F7669 
 2231      64657200 
 2232              	.LASF49:
 2233 0160 72656761 		.ascii	"regarm_t\000"
 2233      726D5F74 
 2233      00
 2234              	.LASF66:
 2235 0169 616C6967 		.ascii	"align\000"
 2235      6E00
 2236              	.LASF0:
 2237 016f 756E7369 		.ascii	"unsigned int\000"
 2237      676E6564 
 2237      20696E74 
 2237      00
 2238              	.LASF10:
 2239 017c 6C6F6E67 		.ascii	"long unsigned int\000"
 2239      20756E73 
 2239      69676E65 
 2239      6420696E 
 2239      7400
 2240              	.LASF52:
 2241 018e 636F6E74 		.ascii	"context\000"
 2241      65787400 
 2242              	.LASF67:
 2243 0196 73697A65 		.ascii	"size\000"
 2243      00
 2244              	.LASF6:
 2245 019b 73686F72 		.ascii	"short unsigned int\000"
 2245      7420756E 
 2245      7369676E 
 2245      65642069 
 2245      6E7400
 2246              	.LASF24:
 2247 01ae 6D73675F 		.ascii	"msg_t\000"
 2247      7400
 2248              	.LASF19:
 2249 01b4 746D6F64 		.ascii	"tmode_t\000"
 2249      655F7400 
 2250              	.LASF48:
 2251 01bc 54687265 		.ascii	"ThreadsList\000"
 2251      6164734C 
 2251      69737400 
 2252              	.LASF25:
ARM GAS  /tmp/ccu25vh6.s 			page 42


 2253 01c8 6576656E 		.ascii	"eventmask_t\000"
 2253      746D6173 
 2253      6B5F7400 
 2254              	.LASF54:
 2255 01d4 4D757465 		.ascii	"Mutex\000"
 2255      7800
 2256              	.LASF81:
 2257 01da 63685468 		.ascii	"chThdAddRef\000"
 2257      64416464 
 2257      52656600 
 2258              	.LASF50:
 2259 01e6 73746B61 		.ascii	"stkalign_t\000"
 2259      6C69676E 
 2259      5F7400
 2260              	.LASF53:
 2261 01f1 73697A65 		.ascii	"sizetype\000"
 2261      74797065 
 2261      00
 2262              	.LASF33:
 2263 01fa 705F6F6C 		.ascii	"p_older\000"
 2263      64657200 
 2264              	.LASF47:
 2265 0202 54687265 		.ascii	"ThreadsQueue\000"
 2265      61647351 
 2265      75657565 
 2265      00
 2266              	.LASF71:
 2267 020f 6D705F6F 		.ascii	"mp_object_size\000"
 2267      626A6563 
 2267      745F7369 
 2267      7A6500
 2268              	.LASF84:
 2269 021e 7072696F 		.ascii	"prio\000"
 2269      00
 2270              	.LASF59:
 2271 0223 4D656D6F 		.ascii	"MemoryHeap\000"
 2271      72794865 
 2271      617000
 2272              	.LASF12:
 2273 022e 5F5F7569 		.ascii	"__uint64_t\000"
 2273      6E743634 
 2273      5F7400
 2274              	.LASF69:
 2275 0239 70685F6E 		.ascii	"ph_next\000"
 2275      65787400 
 2276              	.LASF21:
 2277 0241 74726566 		.ascii	"trefs_t\000"
 2277      735F7400 
 2278              	.LASF80:
 2279 0249 72656673 		.ascii	"refs\000"
 2279      00
 2280              	.LASF29:
 2281 024e 705F7072 		.ascii	"p_prev\000"
 2281      657600
 2282              	.LASF23:
 2283 0255 74707269 		.ascii	"tprio_t\000"
 2283      6F5F7400 
ARM GAS  /tmp/ccu25vh6.s 			page 43


 2284              	.LASF92:
 2285 025d 474E5520 		.ascii	"GNU C 4.8.3 -mcpu=cortex-m3 -mno-thumb-interwork -m"
 2285      4320342E 
 2285      382E3320 
 2285      2D6D6370 
 2285      753D636F 
 2286 0290 7468756D 		.ascii	"thumb -ggdb -O2 -fomit-frame-pointer -ffunction-sec"
 2286      62202D67 
 2286      67646220 
 2286      2D4F3220 
 2286      2D666F6D 
 2287 02c3 74696F6E 		.ascii	"tions -fdata-sections -fno-common\000"
 2287      73202D66 
 2287      64617461 
 2287      2D736563 
 2287      74696F6E 
 2288              	.LASF18:
 2289 02e5 5F426F6F 		.ascii	"_Bool\000"
 2289      6C00
 2290              	.LASF15:
 2291 02eb 696E7433 		.ascii	"int32_t\000"
 2291      325F7400 
 2292              	.LASF4:
 2293 02f3 756E7369 		.ascii	"unsigned char\000"
 2293      676E6564 
 2293      20636861 
 2293      7200
 2294              	.LASF61:
 2295 0301 685F7072 		.ascii	"h_provider\000"
 2295      6F766964 
 2295      657200
 2296              	.LASF44:
 2297 030c 705F6D74 		.ascii	"p_mtxlist\000"
 2297      786C6973 
 2297      7400
 2298              	.LASF5:
 2299 0316 73686F72 		.ascii	"short int\000"
 2299      7420696E 
 2299      7400
 2300              	.LASF35:
 2301 0320 705F7374 		.ascii	"p_state\000"
 2301      61746500 
 2302              	.LASF38:
 2303 0328 705F7072 		.ascii	"p_preempt\000"
 2303      65656D70 
 2303      7400
 2304              	.LASF95:
 2305 0332 68656170 		.ascii	"heap_header\000"
 2305      5F686561 
 2305      64657200 
 2306              	.LASF77:
 2307 033e 65776D61 		.ascii	"ewmask\000"
 2307      736B00
 2308              	.LASF28:
 2309 0345 705F6E65 		.ascii	"p_next\000"
 2309      787400
 2310              	.LASF36:
ARM GAS  /tmp/ccu25vh6.s 			page 44


 2311 034c 705F666C 		.ascii	"p_flags\000"
 2311      61677300 
 2312              	.LASF96:
 2313 0354 63685468 		.ascii	"chThdRelease\000"
 2313      6452656C 
 2313      65617365 
 2313      00
 2314              	.LASF27:
 2315 0361 54687265 		.ascii	"Thread\000"
 2315      616400
 2316              	.LASF88:
 2317 0368 63684865 		.ascii	"chHeapAlloc\000"
 2317      6170416C 
 2317      6C6F6300 
 2318              	.LASF43:
 2319 0374 705F6570 		.ascii	"p_epending\000"
 2319      656E6469 
 2319      6E6700
 2320              	.LASF16:
 2321 037f 75696E74 		.ascii	"uint32_t\000"
 2321      33325F74 
 2321      00
 2322              	.LASF65:
 2323 0388 68656170 		.ascii	"heap\000"
 2323      00
 2324              	.LASF78:
 2325 038d 63686172 		.ascii	"char\000"
 2325      00
 2326              	.LASF57:
 2327 0392 6D5F6E65 		.ascii	"m_next\000"
 2327      787400
 2328              	.LASF26:
 2329 0399 73797374 		.ascii	"systime_t\000"
 2329      696D655F 
 2329      7400
 2330              	.LASF45:
 2331 03a3 705F7265 		.ascii	"p_realprio\000"
 2331      616C7072 
 2331      696F00
 2332              	.LASF7:
 2333 03ae 5F5F696E 		.ascii	"__int32_t\000"
 2333      7433325F 
 2333      7400
 2334              	.LASF39:
 2335 03b8 705F7469 		.ascii	"p_time\000"
 2335      6D6500
 2336              	.LASF94:
 2337 03bf 2F686F6D 		.ascii	"/home/development/Projects/openpv/TF_OSC_ChibiOS/jo"
 2337      652F6465 
 2337      76656C6F 
 2337      706D656E 
 2337      742F5072 
 2338 03f2 6D626C6F 		.ascii	"mblo/BASIC\000"
 2338      2F424153 
 2338      494300
 2339              	.LASF41:
 2340 03fd 705F6D73 		.ascii	"p_msgqueue\000"
ARM GAS  /tmp/ccu25vh6.s 			page 45


 2340      67717565 
 2340      756500
 2341              	.LASF90:
 2342 0408 63685363 		.ascii	"chSchWakeupS\000"
 2342      6857616B 
 2342      65757053 
 2342      00
 2343              	.LASF68:
 2344 0415 706F6F6C 		.ascii	"pool_header\000"
 2344      5F686561 
 2344      64657200 
 2345              	.LASF37:
 2346 0421 705F7265 		.ascii	"p_refs\000"
 2346      667300
 2347              	.LASF14:
 2348 0428 75696E74 		.ascii	"uint8_t\000"
 2348      385F7400 
 2349              	.LASF91:
 2350 0430 6368506F 		.ascii	"chPoolAlloc\000"
 2350      6F6C416C 
 2350      6C6F6300 
 2351              	.LASF87:
 2352 043c 6368506F 		.ascii	"chPoolFree\000"
 2352      6F6C4672 
 2352      656500
 2353              	.LASF76:
 2354 0447 77746F62 		.ascii	"wtobjp\000"
 2354      6A7000
 2355              	.LASF34:
 2356 044e 705F6E61 		.ascii	"p_name\000"
 2356      6D6500
 2357              	.LASF56:
 2358 0455 6D5F6F77 		.ascii	"m_owner\000"
 2358      6E657200 
 2359              	.LASF31:
 2360 045d 705F6374 		.ascii	"p_ctx\000"
 2360      7800
 2361              	.LASF40:
 2362 0463 705F7761 		.ascii	"p_waiting\000"
 2362      6974696E 
 2362      6700
 2363              	.LASF60:
 2364 046d 6D656D6F 		.ascii	"memory_heap\000"
 2364      72795F68 
 2364      65617000 
 2365              		.ident	"GCC: (4.8.3-18ubuntu2+12) 4.8.3"
ARM GAS  /tmp/ccu25vh6.s 			page 46


DEFINED SYMBOLS
                            *ABS*:00000000 chdynamic.c
     /tmp/ccu25vh6.s:19     .text.chThdAddRef:00000000 $t
     /tmp/ccu25vh6.s:24     .text.chThdAddRef:00000000 chThdAddRef
     /tmp/ccu25vh6.s:63     .text.chThdRelease:00000000 $t
     /tmp/ccu25vh6.s:68     .text.chThdRelease:00000000 chThdRelease
     /tmp/ccu25vh6.s:151    .text.chThdCreateFromHeap:00000000 $t
     /tmp/ccu25vh6.s:156    .text.chThdCreateFromHeap:00000000 chThdCreateFromHeap
     /tmp/ccu25vh6.s:228    .text.chThdCreateFromMemoryPool:00000000 $t
     /tmp/ccu25vh6.s:233    .text.chThdCreateFromMemoryPool:00000000 chThdCreateFromMemoryPool
                     .debug_frame:00000010 $d

UNDEFINED SYMBOLS
chHeapFree
chPoolFree
chHeapAlloc
chThdCreateI
chSchWakeupS
chPoolAlloc
