ARM GAS  /tmp/cc50Ck8s.s 			page 1


   1              		.syntax unified
   2              		.cpu cortex-m3
   3              		.fpu softvfp
   4              		.eabi_attribute 20, 1
   5              		.eabi_attribute 21, 1
   6              		.eabi_attribute 23, 3
   7              		.eabi_attribute 24, 1
   8              		.eabi_attribute 25, 1
   9              		.eabi_attribute 26, 1
  10              		.eabi_attribute 30, 2
  11              		.eabi_attribute 34, 1
  12              		.eabi_attribute 18, 4
  13              		.thumb
  14              		.file	"chmempools.c"
  15              		.text
  16              	.Ltext0:
  17              		.cfi_sections	.debug_frame
  18              		.section	.text.chPoolInit,"ax",%progbits
  19              		.align	2
  20              		.global	chPoolInit
  21              		.thumb
  22              		.thumb_func
  23              		.type	chPoolInit, %function
  24              	chPoolInit:
  25              	.LFB7:
  26              		.file 1 "../../os/kernel/src/chmempools.c"
  27              		.loc 1 62 0
  28              		.cfi_startproc
  29              		@ args = 0, pretend = 0, frame = 0
  30              		@ frame_needed = 0, uses_anonymous_args = 0
  31              		@ link register save eliminated.
  32              	.LVL0:
  33              		.loc 1 66 0
  34 0000 0023     		movs	r3, #0
  35              		.loc 1 67 0
  36 0002 4160     		str	r1, [r0, #4]
  37              		.loc 1 68 0
  38 0004 8260     		str	r2, [r0, #8]
  39              		.loc 1 66 0
  40 0006 0360     		str	r3, [r0]
  41 0008 7047     		bx	lr
  42              		.cfi_endproc
  43              	.LFE7:
  44              		.size	chPoolInit, .-chPoolInit
  45 000a 00BF     		.section	.text.chPoolLoadArray,"ax",%progbits
  46              		.align	2
  47              		.global	chPoolLoadArray
  48              		.thumb
  49              		.thumb_func
  50              		.type	chPoolLoadArray, %function
  51              	chPoolLoadArray:
  52              	.LFB8:
  53              		.loc 1 84 0
  54              		.cfi_startproc
  55              		@ args = 0, pretend = 0, frame = 0
  56              		@ frame_needed = 0, uses_anonymous_args = 0
  57              		@ link register save eliminated.
ARM GAS  /tmp/cc50Ck8s.s 			page 2


  58              	.LVL1:
  59 0000 10B4     		push	{r4}
  60              		.cfi_def_cfa_offset 4
  61              		.cfi_offset 4, -4
  62              		.loc 1 88 0
  63 0002 62B1     		cbz	r2, .L2
  64              	.LVL2:
  65              	.L5:
  66              	.LBB16:
  67              	.LBB17:
  68              		.loc 1 173 0
  69 0004 2023     		movs	r3, #32
  70              	@ 173 "../../os/kernel/src/chmempools.c" 1
  71 0006 83F31188 		msr     BASEPRI, r3
  72              	@ 0 "" 2
  73              	.LVL3:
  74              		.thumb
  75              	.LBE17:
  76              	.LBB18:
  77              	.LBB19:
  78              		.loc 1 155 0
  79 000a 0468     		ldr	r4, [r0]
  80              	.LBE19:
  81              	.LBE18:
  82              	.LBB21:
  83              		.loc 1 175 0
  84 000c 0023     		movs	r3, #0
  85              	.LBE21:
  86              	.LBB22:
  87              	.LBB20:
  88              		.loc 1 155 0
  89 000e 0C60     		str	r4, [r1]
  90              		.loc 1 156 0
  91 0010 0160     		str	r1, [r0]
  92              	.LBE20:
  93              	.LBE22:
  94              	.LBB23:
  95              		.loc 1 175 0
  96              	@ 175 "../../os/kernel/src/chmempools.c" 1
  97 0012 83F31188 		msr     BASEPRI, r3
  98              	@ 0 "" 2
  99              		.thumb
 100              	.LBE23:
 101              	.LBE16:
 102              		.loc 1 90 0
 103 0016 4368     		ldr	r3, [r0, #4]
 104              		.loc 1 88 0
 105 0018 013A     		subs	r2, r2, #1
 106              	.LVL4:
 107              		.loc 1 90 0
 108 001a 1944     		add	r1, r1, r3
 109              	.LVL5:
 110              		.loc 1 88 0
 111 001c F2D1     		bne	.L5
 112              	.LVL6:
 113              	.L2:
 114              		.loc 1 93 0
ARM GAS  /tmp/cc50Ck8s.s 			page 3


 115 001e 5DF8044B 		ldr	r4, [sp], #4
 116 0022 7047     		bx	lr
 117              		.cfi_endproc
 118              	.LFE8:
 119              		.size	chPoolLoadArray, .-chPoolLoadArray
 120              		.section	.text.chPoolAllocI,"ax",%progbits
 121              		.align	2
 122              		.global	chPoolAllocI
 123              		.thumb
 124              		.thumb_func
 125              		.type	chPoolAllocI, %function
 126              	chPoolAllocI:
 127              	.LFB9:
 128              		.loc 1 105 0
 129              		.cfi_startproc
 130              		@ args = 0, pretend = 0, frame = 0
 131              		@ frame_needed = 0, uses_anonymous_args = 0
 132              	.LVL7:
 133 0000 08B5     		push	{r3, lr}
 134              		.cfi_def_cfa_offset 8
 135              		.cfi_offset 3, -8
 136              		.cfi_offset 14, -4
 137              		.loc 1 105 0
 138 0002 0346     		mov	r3, r0
 139              		.loc 1 111 0
 140 0004 0068     		ldr	r0, [r0]
 141              	.LVL8:
 142 0006 10B1     		cbz	r0, .L12
 143              		.loc 1 112 0
 144 0008 0268     		ldr	r2, [r0]
 145 000a 1A60     		str	r2, [r3]
 146 000c 08BD     		pop	{r3, pc}
 147              	.LVL9:
 148              	.L12:
 149              		.loc 1 113 0
 150 000e 9A68     		ldr	r2, [r3, #8]
 151 0010 0AB1     		cbz	r2, .L13
 152              		.loc 1 114 0
 153 0012 5868     		ldr	r0, [r3, #4]
 154              	.LVL10:
 155 0014 9047     		blx	r2
 156              	.LVL11:
 157              	.L13:
 158              		.loc 1 116 0
 159 0016 08BD     		pop	{r3, pc}
 160              		.cfi_endproc
 161              	.LFE9:
 162              		.size	chPoolAllocI, .-chPoolAllocI
 163              		.section	.text.chPoolAlloc,"ax",%progbits
 164              		.align	2
 165              		.global	chPoolAlloc
 166              		.thumb
 167              		.thumb_func
 168              		.type	chPoolAlloc, %function
 169              	chPoolAlloc:
 170              	.LFB10:
 171              		.loc 1 128 0
ARM GAS  /tmp/cc50Ck8s.s 			page 4


 172              		.cfi_startproc
 173              		@ args = 0, pretend = 0, frame = 0
 174              		@ frame_needed = 0, uses_anonymous_args = 0
 175              	.LVL12:
 176 0000 08B5     		push	{r3, lr}
 177              		.cfi_def_cfa_offset 8
 178              		.cfi_offset 3, -8
 179              		.cfi_offset 14, -4
 180              		.loc 1 128 0
 181 0002 0246     		mov	r2, r0
 182              	.LBB24:
 183              		.loc 1 131 0
 184 0004 2023     		movs	r3, #32
 185              	@ 131 "../../os/kernel/src/chmempools.c" 1
 186 0006 83F31188 		msr     BASEPRI, r3
 187              	@ 0 "" 2
 188              	.LVL13:
 189              		.thumb
 190              	.LBE24:
 191              	.LBB25:
 192              	.LBB26:
 193              		.loc 1 111 0
 194 000a 0068     		ldr	r0, [r0]
 195              	.LVL14:
 196 000c 28B1     		cbz	r0, .L18
 197              		.loc 1 112 0
 198 000e 0368     		ldr	r3, [r0]
 199 0010 1360     		str	r3, [r2]
 200              	.L19:
 201              	.LBE26:
 202              	.LBE25:
 203              	.LBB28:
 204              		.loc 1 133 0
 205 0012 0023     		movs	r3, #0
 206              	@ 133 "../../os/kernel/src/chmempools.c" 1
 207 0014 83F31188 		msr     BASEPRI, r3
 208              	@ 0 "" 2
 209              		.thumb
 210              	.LBE28:
 211              		.loc 1 135 0
 212 0018 08BD     		pop	{r3, pc}
 213              	.L18:
 214              	.LBB29:
 215              	.LBB27:
 216              		.loc 1 113 0
 217 001a 9368     		ldr	r3, [r2, #8]
 218 001c 002B     		cmp	r3, #0
 219 001e F8D0     		beq	.L19
 220              		.loc 1 114 0
 221 0020 5068     		ldr	r0, [r2, #4]
 222              	.LVL15:
 223 0022 9847     		blx	r3
 224              	.LVL16:
 225              	.LBE27:
 226              	.LBE29:
 227              	.LBB30:
 228              		.loc 1 133 0
ARM GAS  /tmp/cc50Ck8s.s 			page 5


 229 0024 0023     		movs	r3, #0
 230              	@ 133 "../../os/kernel/src/chmempools.c" 1
 231 0026 83F31188 		msr     BASEPRI, r3
 232              	@ 0 "" 2
 233              		.thumb
 234              	.LBE30:
 235              		.loc 1 135 0
 236 002a 08BD     		pop	{r3, pc}
 237              		.cfi_endproc
 238              	.LFE10:
 239              		.size	chPoolAlloc, .-chPoolAlloc
 240              		.section	.text.chPoolFreeI,"ax",%progbits
 241              		.align	2
 242              		.global	chPoolFreeI
 243              		.thumb
 244              		.thumb_func
 245              		.type	chPoolFreeI, %function
 246              	chPoolFreeI:
 247              	.LFB11:
 248              		.loc 1 149 0
 249              		.cfi_startproc
 250              		@ args = 0, pretend = 0, frame = 0
 251              		@ frame_needed = 0, uses_anonymous_args = 0
 252              		@ link register save eliminated.
 253              	.LVL17:
 254              		.loc 1 155 0
 255 0000 0368     		ldr	r3, [r0]
 256              	.LVL18:
 257 0002 0B60     		str	r3, [r1]
 258              		.loc 1 156 0
 259 0004 0160     		str	r1, [r0]
 260 0006 7047     		bx	lr
 261              		.cfi_endproc
 262              	.LFE11:
 263              		.size	chPoolFreeI, .-chPoolFreeI
 264              		.section	.text.chPoolFree,"ax",%progbits
 265              		.align	2
 266              		.global	chPoolFree
 267              		.thumb
 268              		.thumb_func
 269              		.type	chPoolFree, %function
 270              	chPoolFree:
 271              	.LFB12:
 272              		.loc 1 171 0
 273              		.cfi_startproc
 274              		@ args = 0, pretend = 0, frame = 0
 275              		@ frame_needed = 0, uses_anonymous_args = 0
 276              		@ link register save eliminated.
 277              	.LVL19:
 278              	.LBB31:
 279              		.loc 1 173 0
 280 0000 2023     		movs	r3, #32
 281              	@ 173 "../../os/kernel/src/chmempools.c" 1
 282 0002 83F31188 		msr     BASEPRI, r3
 283              	@ 0 "" 2
 284              	.LVL20:
 285              		.thumb
ARM GAS  /tmp/cc50Ck8s.s 			page 6


 286              	.LBE31:
 287              	.LBB32:
 288              	.LBB33:
 289              		.loc 1 155 0
 290 0006 0268     		ldr	r2, [r0]
 291              	.LBE33:
 292              	.LBE32:
 293              	.LBB35:
 294              		.loc 1 175 0
 295 0008 0023     		movs	r3, #0
 296              	.LBE35:
 297              	.LBB36:
 298              	.LBB34:
 299              		.loc 1 155 0
 300 000a 0A60     		str	r2, [r1]
 301              		.loc 1 156 0
 302 000c 0160     		str	r1, [r0]
 303              	.LBE34:
 304              	.LBE36:
 305              	.LBB37:
 306              		.loc 1 175 0
 307              	@ 175 "../../os/kernel/src/chmempools.c" 1
 308 000e 83F31188 		msr     BASEPRI, r3
 309              	@ 0 "" 2
 310              		.thumb
 311 0012 7047     		bx	lr
 312              	.LBE37:
 313              		.cfi_endproc
 314              	.LFE12:
 315              		.size	chPoolFree, .-chPoolFree
 316              		.text
 317              	.Letext0:
 318              		.file 2 "/usr/lib/gcc/arm-none-eabi/4.8/include/stddef.h"
 319              		.file 3 "/usr/include/newlib/machine/_default_types.h"
 320              		.file 4 "/usr/include/newlib/stdint.h"
 321              		.file 5 "../../os/kernel/include/chmemcore.h"
 322              		.file 6 "../../os/kernel/include/chmempools.h"
 323              		.section	.debug_info,"",%progbits
 324              	.Ldebug_info0:
 325 0000 04040000 		.4byte	0x404
 326 0004 0400     		.2byte	0x4
 327 0006 00000000 		.4byte	.Ldebug_abbrev0
 328 000a 04       		.byte	0x4
 329 000b 01       		.uleb128 0x1
 330 000c C0010000 		.4byte	.LASF30
 331 0010 01       		.byte	0x1
 332 0011 7B000000 		.4byte	.LASF31
 333 0015 D0000000 		.4byte	.LASF32
 334 0019 90000000 		.4byte	.Ldebug_ranges0+0x90
 335 001d 00000000 		.4byte	0
 336 0021 00000000 		.4byte	.Ldebug_line0
 337 0025 02       		.uleb128 0x2
 338 0026 04       		.byte	0x4
 339 0027 05       		.byte	0x5
 340 0028 696E7400 		.ascii	"int\000"
 341 002c 03       		.uleb128 0x3
 342 002d 0A000000 		.4byte	.LASF2
ARM GAS  /tmp/cc50Ck8s.s 			page 7


 343 0031 02       		.byte	0x2
 344 0032 D4       		.byte	0xd4
 345 0033 37000000 		.4byte	0x37
 346 0037 04       		.uleb128 0x4
 347 0038 04       		.byte	0x4
 348 0039 07       		.byte	0x7
 349 003a 1B010000 		.4byte	.LASF0
 350 003e 04       		.uleb128 0x4
 351 003f 01       		.byte	0x1
 352 0040 06       		.byte	0x6
 353 0041 AC010000 		.4byte	.LASF1
 354 0045 03       		.uleb128 0x3
 355 0046 00000000 		.4byte	.LASF3
 356 004a 03       		.byte	0x3
 357 004b 1D       		.byte	0x1d
 358 004c 50000000 		.4byte	0x50
 359 0050 04       		.uleb128 0x4
 360 0051 01       		.byte	0x1
 361 0052 08       		.byte	0x8
 362 0053 9C000000 		.4byte	.LASF4
 363 0057 04       		.uleb128 0x4
 364 0058 02       		.byte	0x2
 365 0059 05       		.byte	0x5
 366 005a 84010000 		.4byte	.LASF5
 367 005e 04       		.uleb128 0x4
 368 005f 02       		.byte	0x2
 369 0060 07       		.byte	0x7
 370 0061 53000000 		.4byte	.LASF6
 371 0065 04       		.uleb128 0x4
 372 0066 04       		.byte	0x4
 373 0067 05       		.byte	0x5
 374 0068 A3010000 		.4byte	.LASF7
 375 006c 03       		.uleb128 0x3
 376 006d AA000000 		.4byte	.LASF8
 377 0071 03       		.byte	0x3
 378 0072 41       		.byte	0x41
 379 0073 77000000 		.4byte	0x77
 380 0077 04       		.uleb128 0x4
 381 0078 04       		.byte	0x4
 382 0079 07       		.byte	0x7
 383 007a 41000000 		.4byte	.LASF9
 384 007e 04       		.uleb128 0x4
 385 007f 08       		.byte	0x8
 386 0080 05       		.byte	0x5
 387 0081 58010000 		.4byte	.LASF10
 388 0085 04       		.uleb128 0x4
 389 0086 08       		.byte	0x8
 390 0087 07       		.byte	0x7
 391 0088 28010000 		.4byte	.LASF11
 392 008c 03       		.uleb128 0x3
 393 008d 3F010000 		.4byte	.LASF12
 394 0091 04       		.byte	0x4
 395 0092 2A       		.byte	0x2a
 396 0093 45000000 		.4byte	0x45
 397 0097 03       		.uleb128 0x3
 398 0098 9A010000 		.4byte	.LASF13
 399 009c 04       		.byte	0x4
ARM GAS  /tmp/cc50Ck8s.s 			page 8


 400 009d 42       		.byte	0x42
 401 009e 6C000000 		.4byte	0x6c
 402 00a2 04       		.uleb128 0x4
 403 00a3 01       		.byte	0x1
 404 00a4 02       		.byte	0x2
 405 00a5 48020000 		.4byte	.LASF14
 406 00a9 05       		.uleb128 0x5
 407 00aa 04       		.byte	0x4
 408 00ab 04       		.uleb128 0x4
 409 00ac 04       		.byte	0x4
 410 00ad 07       		.byte	0x7
 411 00ae 4F010000 		.4byte	.LASF15
 412 00b2 03       		.uleb128 0x3
 413 00b3 6B010000 		.4byte	.LASF16
 414 00b7 05       		.byte	0x5
 415 00b8 2C       		.byte	0x2c
 416 00b9 BD000000 		.4byte	0xbd
 417 00bd 06       		.uleb128 0x6
 418 00be 04       		.byte	0x4
 419 00bf C3000000 		.4byte	0xc3
 420 00c3 07       		.uleb128 0x7
 421 00c4 A9000000 		.4byte	0xa9
 422 00c8 D2000000 		.4byte	0xd2
 423 00cc 08       		.uleb128 0x8
 424 00cd 2C000000 		.4byte	0x2c
 425 00d1 00       		.byte	0
 426 00d2 09       		.uleb128 0x9
 427 00d3 30000000 		.4byte	.LASF33
 428 00d7 04       		.byte	0x4
 429 00d8 06       		.byte	0x6
 430 00d9 2C       		.byte	0x2c
 431 00da EB000000 		.4byte	0xeb
 432 00de 0A       		.uleb128 0xa
 433 00df 47010000 		.4byte	.LASF17
 434 00e3 06       		.byte	0x6
 435 00e4 2D       		.byte	0x2d
 436 00e5 EB000000 		.4byte	0xeb
 437 00e9 00       		.byte	0
 438 00ea 00       		.byte	0
 439 00eb 06       		.uleb128 0x6
 440 00ec 04       		.byte	0x4
 441 00ed D2000000 		.4byte	0xd2
 442 00f1 0B       		.uleb128 0xb
 443 00f2 0C       		.byte	0xc
 444 00f3 06       		.byte	0x6
 445 00f4 34       		.byte	0x34
 446 00f5 1E010000 		.4byte	0x11e
 447 00f9 0A       		.uleb128 0xa
 448 00fa B8010000 		.4byte	.LASF18
 449 00fe 06       		.byte	0x6
 450 00ff 35       		.byte	0x35
 451 0100 EB000000 		.4byte	0xeb
 452 0104 00       		.byte	0
 453 0105 0A       		.uleb128 0xa
 454 0106 11000000 		.4byte	.LASF19
 455 010a 06       		.byte	0x6
 456 010b 36       		.byte	0x36
ARM GAS  /tmp/cc50Ck8s.s 			page 9


 457 010c 2C000000 		.4byte	0x2c
 458 0110 04       		.byte	0x4
 459 0111 0A       		.uleb128 0xa
 460 0112 78010000 		.4byte	.LASF20
 461 0116 06       		.byte	0x6
 462 0117 38       		.byte	0x38
 463 0118 B2000000 		.4byte	0xb2
 464 011c 08       		.byte	0x8
 465 011d 00       		.byte	0
 466 011e 03       		.uleb128 0x3
 467 011f C0000000 		.4byte	.LASF21
 468 0123 06       		.byte	0x6
 469 0124 3A       		.byte	0x3a
 470 0125 F1000000 		.4byte	0xf1
 471 0129 04       		.uleb128 0x4
 472 012a 01       		.byte	0x1
 473 012b 08       		.byte	0x8
 474 012c 66010000 		.4byte	.LASF22
 475 0130 0C       		.uleb128 0xc
 476 0131 0E010000 		.4byte	.LASF34
 477 0135 01       		.byte	0x1
 478 0136 69       		.byte	0x69
 479 0137 A9000000 		.4byte	0xa9
 480 013b 01       		.byte	0x1
 481 013c 56010000 		.4byte	0x156
 482 0140 0D       		.uleb128 0xd
 483 0141 6D7000   		.ascii	"mp\000"
 484 0144 01       		.byte	0x1
 485 0145 69       		.byte	0x69
 486 0146 56010000 		.4byte	0x156
 487 014a 0E       		.uleb128 0xe
 488 014b CB000000 		.4byte	.LASF23
 489 014f 01       		.byte	0x1
 490 0150 6A       		.byte	0x6a
 491 0151 A9000000 		.4byte	0xa9
 492 0155 00       		.byte	0
 493 0156 06       		.uleb128 0x6
 494 0157 04       		.byte	0x4
 495 0158 1E010000 		.4byte	0x11e
 496 015c 0F       		.uleb128 0xf
 497 015d 6F000000 		.4byte	.LASF24
 498 0161 01       		.byte	0x1
 499 0162 95       		.byte	0x95
 500 0163 01       		.byte	0x1
 501 0164 89010000 		.4byte	0x189
 502 0168 0D       		.uleb128 0xd
 503 0169 6D7000   		.ascii	"mp\000"
 504 016c 01       		.byte	0x1
 505 016d 95       		.byte	0x95
 506 016e 56010000 		.4byte	0x156
 507 0172 10       		.uleb128 0x10
 508 0173 CB000000 		.4byte	.LASF23
 509 0177 01       		.byte	0x1
 510 0178 95       		.byte	0x95
 511 0179 A9000000 		.4byte	0xa9
 512 017d 11       		.uleb128 0x11
 513 017e 70687000 		.ascii	"php\000"
ARM GAS  /tmp/cc50Ck8s.s 			page 10


 514 0182 01       		.byte	0x1
 515 0183 96       		.byte	0x96
 516 0184 EB000000 		.4byte	0xeb
 517 0188 00       		.byte	0
 518 0189 0F       		.uleb128 0xf
 519 018a B5000000 		.4byte	.LASF25
 520 018e 01       		.byte	0x1
 521 018f AB       		.byte	0xab
 522 0190 01       		.byte	0x1
 523 0191 C9010000 		.4byte	0x1c9
 524 0195 0D       		.uleb128 0xd
 525 0196 6D7000   		.ascii	"mp\000"
 526 0199 01       		.byte	0x1
 527 019a AB       		.byte	0xab
 528 019b 56010000 		.4byte	0x156
 529 019f 10       		.uleb128 0x10
 530 01a0 CB000000 		.4byte	.LASF23
 531 01a4 01       		.byte	0x1
 532 01a5 AB       		.byte	0xab
 533 01a6 A9000000 		.4byte	0xa9
 534 01aa 12       		.uleb128 0x12
 535 01ab BB010000 		.4byte	0x1bb
 536 01af 11       		.uleb128 0x11
 537 01b0 746D7000 		.ascii	"tmp\000"
 538 01b4 01       		.byte	0x1
 539 01b5 AD       		.byte	0xad
 540 01b6 97000000 		.4byte	0x97
 541 01ba 00       		.byte	0
 542 01bb 13       		.uleb128 0x13
 543 01bc 11       		.uleb128 0x11
 544 01bd 746D7000 		.ascii	"tmp\000"
 545 01c1 01       		.byte	0x1
 546 01c2 AF       		.byte	0xaf
 547 01c3 97000000 		.4byte	0x97
 548 01c7 00       		.byte	0
 549 01c8 00       		.byte	0
 550 01c9 14       		.uleb128 0x14
 551 01ca 4E020000 		.4byte	.LASF28
 552 01ce 01       		.byte	0x1
 553 01cf 3E       		.byte	0x3e
 554 01d0 00000000 		.4byte	.LFB7
 555 01d4 0A000000 		.4byte	.LFE7-.LFB7
 556 01d8 01       		.uleb128 0x1
 557 01d9 9C       		.byte	0x9c
 558 01da 05020000 		.4byte	0x205
 559 01de 15       		.uleb128 0x15
 560 01df 6D7000   		.ascii	"mp\000"
 561 01e2 01       		.byte	0x1
 562 01e3 3E       		.byte	0x3e
 563 01e4 56010000 		.4byte	0x156
 564 01e8 01       		.uleb128 0x1
 565 01e9 50       		.byte	0x50
 566 01ea 16       		.uleb128 0x16
 567 01eb 3C000000 		.4byte	.LASF26
 568 01ef 01       		.byte	0x1
 569 01f0 3E       		.byte	0x3e
 570 01f1 2C000000 		.4byte	0x2c
ARM GAS  /tmp/cc50Ck8s.s 			page 11


 571 01f5 01       		.uleb128 0x1
 572 01f6 51       		.byte	0x51
 573 01f7 16       		.uleb128 0x16
 574 01f8 66000000 		.4byte	.LASF27
 575 01fc 01       		.byte	0x1
 576 01fd 3E       		.byte	0x3e
 577 01fe B2000000 		.4byte	0xb2
 578 0202 01       		.uleb128 0x1
 579 0203 52       		.byte	0x52
 580 0204 00       		.byte	0
 581 0205 14       		.uleb128 0x14
 582 0206 20000000 		.4byte	.LASF29
 583 020a 01       		.byte	0x1
 584 020b 54       		.byte	0x54
 585 020c 00000000 		.4byte	.LFB8
 586 0210 24000000 		.4byte	.LFE8-.LFB8
 587 0214 01       		.uleb128 0x1
 588 0215 9C       		.byte	0x9c
 589 0216 BA020000 		.4byte	0x2ba
 590 021a 15       		.uleb128 0x15
 591 021b 6D7000   		.ascii	"mp\000"
 592 021e 01       		.byte	0x1
 593 021f 54       		.byte	0x54
 594 0220 56010000 		.4byte	0x156
 595 0224 01       		.uleb128 0x1
 596 0225 50       		.byte	0x50
 597 0226 17       		.uleb128 0x17
 598 0227 7000     		.ascii	"p\000"
 599 0229 01       		.byte	0x1
 600 022a 54       		.byte	0x54
 601 022b A9000000 		.4byte	0xa9
 602 022f 00000000 		.4byte	.LLST0
 603 0233 17       		.uleb128 0x17
 604 0234 6E00     		.ascii	"n\000"
 605 0236 01       		.byte	0x1
 606 0237 54       		.byte	0x54
 607 0238 2C000000 		.4byte	0x2c
 608 023c 1E000000 		.4byte	.LLST1
 609 0240 18       		.uleb128 0x18
 610 0241 89010000 		.4byte	0x189
 611 0245 04000000 		.4byte	.LBB16
 612 0249 12000000 		.4byte	.LBE16-.LBB16
 613 024d 01       		.byte	0x1
 614 024e 59       		.byte	0x59
 615 024f 19       		.uleb128 0x19
 616 0250 9F010000 		.4byte	0x19f
 617 0254 49000000 		.4byte	.LLST2
 618 0258 19       		.uleb128 0x19
 619 0259 95010000 		.4byte	0x195
 620 025d 68000000 		.4byte	.LLST3
 621 0261 1A       		.uleb128 0x1a
 622 0262 04000000 		.4byte	.LBB17
 623 0266 06000000 		.4byte	.LBE17-.LBB17
 624 026a 76020000 		.4byte	0x276
 625 026e 1B       		.uleb128 0x1b
 626 026f AF010000 		.4byte	0x1af
 627 0273 01       		.uleb128 0x1
ARM GAS  /tmp/cc50Ck8s.s 			page 12


 628 0274 53       		.byte	0x53
 629 0275 00       		.byte	0
 630 0276 1C       		.uleb128 0x1c
 631 0277 5C010000 		.4byte	0x15c
 632 027b 0A000000 		.4byte	.LBB18
 633 027f 00000000 		.4byte	.Ldebug_ranges0+0
 634 0283 01       		.byte	0x1
 635 0284 AE       		.byte	0xae
 636 0285 AB020000 		.4byte	0x2ab
 637 0289 19       		.uleb128 0x19
 638 028a 72010000 		.4byte	0x172
 639 028e 7B000000 		.4byte	.LLST4
 640 0292 19       		.uleb128 0x19
 641 0293 68010000 		.4byte	0x168
 642 0297 9A000000 		.4byte	.LLST5
 643 029b 1D       		.uleb128 0x1d
 644 029c 00000000 		.4byte	.Ldebug_ranges0+0
 645 02a0 1E       		.uleb128 0x1e
 646 02a1 7D010000 		.4byte	0x17d
 647 02a5 7B000000 		.4byte	.LLST4
 648 02a9 00       		.byte	0
 649 02aa 00       		.byte	0
 650 02ab 1D       		.uleb128 0x1d
 651 02ac 18000000 		.4byte	.Ldebug_ranges0+0x18
 652 02b0 1B       		.uleb128 0x1b
 653 02b1 BC010000 		.4byte	0x1bc
 654 02b5 01       		.uleb128 0x1
 655 02b6 53       		.byte	0x53
 656 02b7 00       		.byte	0
 657 02b8 00       		.byte	0
 658 02b9 00       		.byte	0
 659 02ba 1F       		.uleb128 0x1f
 660 02bb 30010000 		.4byte	0x130
 661 02bf 00000000 		.4byte	.LFB9
 662 02c3 18000000 		.4byte	.LFE9-.LFB9
 663 02c7 01       		.uleb128 0x1
 664 02c8 9C       		.byte	0x9c
 665 02c9 E0020000 		.4byte	0x2e0
 666 02cd 19       		.uleb128 0x19
 667 02ce 40010000 		.4byte	0x140
 668 02d2 AD000000 		.4byte	.LLST7
 669 02d6 1E       		.uleb128 0x1e
 670 02d7 4A010000 		.4byte	0x14a
 671 02db D9000000 		.4byte	.LLST8
 672 02df 00       		.byte	0
 673 02e0 20       		.uleb128 0x20
 674 02e1 8E010000 		.4byte	.LASF35
 675 02e5 01       		.byte	0x1
 676 02e6 80       		.byte	0x80
 677 02e7 A9000000 		.4byte	0xa9
 678 02eb 00000000 		.4byte	.LFB10
 679 02ef 2C000000 		.4byte	.LFE10-.LFB10
 680 02f3 01       		.uleb128 0x1
 681 02f4 9C       		.byte	0x9c
 682 02f5 6F030000 		.4byte	0x36f
 683 02f9 17       		.uleb128 0x17
 684 02fa 6D7000   		.ascii	"mp\000"
ARM GAS  /tmp/cc50Ck8s.s 			page 13


 685 02fd 01       		.byte	0x1
 686 02fe 80       		.byte	0x80
 687 02ff 56010000 		.4byte	0x156
 688 0303 03010000 		.4byte	.LLST9
 689 0307 21       		.uleb128 0x21
 690 0308 CB000000 		.4byte	.LASF23
 691 030c 01       		.byte	0x1
 692 030d 81       		.byte	0x81
 693 030e A9000000 		.4byte	0xa9
 694 0312 01       		.uleb128 0x1
 695 0313 50       		.byte	0x50
 696 0314 1A       		.uleb128 0x1a
 697 0315 04000000 		.4byte	.LBB24
 698 0319 06000000 		.4byte	.LBE24-.LBB24
 699 031d 2F030000 		.4byte	0x32f
 700 0321 22       		.uleb128 0x22
 701 0322 746D7000 		.ascii	"tmp\000"
 702 0326 01       		.byte	0x1
 703 0327 83       		.byte	0x83
 704 0328 97000000 		.4byte	0x97
 705 032c 01       		.uleb128 0x1
 706 032d 53       		.byte	0x53
 707 032e 00       		.byte	0
 708 032f 1C       		.uleb128 0x1c
 709 0330 30010000 		.4byte	0x130
 710 0334 0A000000 		.4byte	.LBB25
 711 0338 30000000 		.4byte	.Ldebug_ranges0+0x30
 712 033c 01       		.byte	0x1
 713 033d 84       		.byte	0x84
 714 033e 5B030000 		.4byte	0x35b
 715 0342 19       		.uleb128 0x19
 716 0343 40010000 		.4byte	0x140
 717 0347 2F010000 		.4byte	.LLST10
 718 034b 1D       		.uleb128 0x1d
 719 034c 30000000 		.4byte	.Ldebug_ranges0+0x30
 720 0350 1E       		.uleb128 0x1e
 721 0351 4A010000 		.4byte	0x14a
 722 0355 5B010000 		.4byte	.LLST11
 723 0359 00       		.byte	0
 724 035a 00       		.byte	0
 725 035b 1D       		.uleb128 0x1d
 726 035c 48000000 		.4byte	.Ldebug_ranges0+0x48
 727 0360 22       		.uleb128 0x22
 728 0361 746D7000 		.ascii	"tmp\000"
 729 0365 01       		.byte	0x1
 730 0366 85       		.byte	0x85
 731 0367 97000000 		.4byte	0x97
 732 036b 01       		.uleb128 0x1
 733 036c 53       		.byte	0x53
 734 036d 00       		.byte	0
 735 036e 00       		.byte	0
 736 036f 23       		.uleb128 0x23
 737 0370 5C010000 		.4byte	0x15c
 738 0374 00000000 		.4byte	.LFB11
 739 0378 08000000 		.4byte	.LFE11-.LFB11
 740 037c 01       		.uleb128 0x1
 741 037d 9C       		.byte	0x9c
ARM GAS  /tmp/cc50Ck8s.s 			page 14


 742 037e 98030000 		.4byte	0x398
 743 0382 24       		.uleb128 0x24
 744 0383 68010000 		.4byte	0x168
 745 0387 01       		.uleb128 0x1
 746 0388 50       		.byte	0x50
 747 0389 24       		.uleb128 0x24
 748 038a 72010000 		.4byte	0x172
 749 038e 01       		.uleb128 0x1
 750 038f 51       		.byte	0x51
 751 0390 1B       		.uleb128 0x1b
 752 0391 7D010000 		.4byte	0x17d
 753 0395 01       		.uleb128 0x1
 754 0396 51       		.byte	0x51
 755 0397 00       		.byte	0
 756 0398 25       		.uleb128 0x25
 757 0399 89010000 		.4byte	0x189
 758 039d 00000000 		.4byte	.LFB12
 759 03a1 14000000 		.4byte	.LFE12-.LFB12
 760 03a5 01       		.uleb128 0x1
 761 03a6 9C       		.byte	0x9c
 762 03a7 24       		.uleb128 0x24
 763 03a8 95010000 		.4byte	0x195
 764 03ac 01       		.uleb128 0x1
 765 03ad 50       		.byte	0x50
 766 03ae 24       		.uleb128 0x24
 767 03af 9F010000 		.4byte	0x19f
 768 03b3 01       		.uleb128 0x1
 769 03b4 51       		.byte	0x51
 770 03b5 1A       		.uleb128 0x1a
 771 03b6 00000000 		.4byte	.LBB31
 772 03ba 06000000 		.4byte	.LBE31-.LBB31
 773 03be CA030000 		.4byte	0x3ca
 774 03c2 1B       		.uleb128 0x1b
 775 03c3 AF010000 		.4byte	0x1af
 776 03c7 01       		.uleb128 0x1
 777 03c8 53       		.byte	0x53
 778 03c9 00       		.byte	0
 779 03ca 1C       		.uleb128 0x1c
 780 03cb 5C010000 		.4byte	0x15c
 781 03cf 06000000 		.4byte	.LBB32
 782 03d3 60000000 		.4byte	.Ldebug_ranges0+0x60
 783 03d7 01       		.byte	0x1
 784 03d8 AE       		.byte	0xae
 785 03d9 F9030000 		.4byte	0x3f9
 786 03dd 24       		.uleb128 0x24
 787 03de 72010000 		.4byte	0x172
 788 03e2 01       		.uleb128 0x1
 789 03e3 51       		.byte	0x51
 790 03e4 24       		.uleb128 0x24
 791 03e5 68010000 		.4byte	0x168
 792 03e9 01       		.uleb128 0x1
 793 03ea 50       		.byte	0x50
 794 03eb 1D       		.uleb128 0x1d
 795 03ec 60000000 		.4byte	.Ldebug_ranges0+0x60
 796 03f0 1B       		.uleb128 0x1b
 797 03f1 7D010000 		.4byte	0x17d
 798 03f5 01       		.uleb128 0x1
ARM GAS  /tmp/cc50Ck8s.s 			page 15


 799 03f6 51       		.byte	0x51
 800 03f7 00       		.byte	0
 801 03f8 00       		.byte	0
 802 03f9 1D       		.uleb128 0x1d
 803 03fa 78000000 		.4byte	.Ldebug_ranges0+0x78
 804 03fe 1B       		.uleb128 0x1b
 805 03ff BC010000 		.4byte	0x1bc
 806 0403 01       		.uleb128 0x1
 807 0404 53       		.byte	0x53
 808 0405 00       		.byte	0
 809 0406 00       		.byte	0
 810 0407 00       		.byte	0
 811              		.section	.debug_abbrev,"",%progbits
 812              	.Ldebug_abbrev0:
 813 0000 01       		.uleb128 0x1
 814 0001 11       		.uleb128 0x11
 815 0002 01       		.byte	0x1
 816 0003 25       		.uleb128 0x25
 817 0004 0E       		.uleb128 0xe
 818 0005 13       		.uleb128 0x13
 819 0006 0B       		.uleb128 0xb
 820 0007 03       		.uleb128 0x3
 821 0008 0E       		.uleb128 0xe
 822 0009 1B       		.uleb128 0x1b
 823 000a 0E       		.uleb128 0xe
 824 000b 55       		.uleb128 0x55
 825 000c 17       		.uleb128 0x17
 826 000d 11       		.uleb128 0x11
 827 000e 01       		.uleb128 0x1
 828 000f 10       		.uleb128 0x10
 829 0010 17       		.uleb128 0x17
 830 0011 00       		.byte	0
 831 0012 00       		.byte	0
 832 0013 02       		.uleb128 0x2
 833 0014 24       		.uleb128 0x24
 834 0015 00       		.byte	0
 835 0016 0B       		.uleb128 0xb
 836 0017 0B       		.uleb128 0xb
 837 0018 3E       		.uleb128 0x3e
 838 0019 0B       		.uleb128 0xb
 839 001a 03       		.uleb128 0x3
 840 001b 08       		.uleb128 0x8
 841 001c 00       		.byte	0
 842 001d 00       		.byte	0
 843 001e 03       		.uleb128 0x3
 844 001f 16       		.uleb128 0x16
 845 0020 00       		.byte	0
 846 0021 03       		.uleb128 0x3
 847 0022 0E       		.uleb128 0xe
 848 0023 3A       		.uleb128 0x3a
 849 0024 0B       		.uleb128 0xb
 850 0025 3B       		.uleb128 0x3b
 851 0026 0B       		.uleb128 0xb
 852 0027 49       		.uleb128 0x49
 853 0028 13       		.uleb128 0x13
 854 0029 00       		.byte	0
 855 002a 00       		.byte	0
ARM GAS  /tmp/cc50Ck8s.s 			page 16


 856 002b 04       		.uleb128 0x4
 857 002c 24       		.uleb128 0x24
 858 002d 00       		.byte	0
 859 002e 0B       		.uleb128 0xb
 860 002f 0B       		.uleb128 0xb
 861 0030 3E       		.uleb128 0x3e
 862 0031 0B       		.uleb128 0xb
 863 0032 03       		.uleb128 0x3
 864 0033 0E       		.uleb128 0xe
 865 0034 00       		.byte	0
 866 0035 00       		.byte	0
 867 0036 05       		.uleb128 0x5
 868 0037 0F       		.uleb128 0xf
 869 0038 00       		.byte	0
 870 0039 0B       		.uleb128 0xb
 871 003a 0B       		.uleb128 0xb
 872 003b 00       		.byte	0
 873 003c 00       		.byte	0
 874 003d 06       		.uleb128 0x6
 875 003e 0F       		.uleb128 0xf
 876 003f 00       		.byte	0
 877 0040 0B       		.uleb128 0xb
 878 0041 0B       		.uleb128 0xb
 879 0042 49       		.uleb128 0x49
 880 0043 13       		.uleb128 0x13
 881 0044 00       		.byte	0
 882 0045 00       		.byte	0
 883 0046 07       		.uleb128 0x7
 884 0047 15       		.uleb128 0x15
 885 0048 01       		.byte	0x1
 886 0049 27       		.uleb128 0x27
 887 004a 19       		.uleb128 0x19
 888 004b 49       		.uleb128 0x49
 889 004c 13       		.uleb128 0x13
 890 004d 01       		.uleb128 0x1
 891 004e 13       		.uleb128 0x13
 892 004f 00       		.byte	0
 893 0050 00       		.byte	0
 894 0051 08       		.uleb128 0x8
 895 0052 05       		.uleb128 0x5
 896 0053 00       		.byte	0
 897 0054 49       		.uleb128 0x49
 898 0055 13       		.uleb128 0x13
 899 0056 00       		.byte	0
 900 0057 00       		.byte	0
 901 0058 09       		.uleb128 0x9
 902 0059 13       		.uleb128 0x13
 903 005a 01       		.byte	0x1
 904 005b 03       		.uleb128 0x3
 905 005c 0E       		.uleb128 0xe
 906 005d 0B       		.uleb128 0xb
 907 005e 0B       		.uleb128 0xb
 908 005f 3A       		.uleb128 0x3a
 909 0060 0B       		.uleb128 0xb
 910 0061 3B       		.uleb128 0x3b
 911 0062 0B       		.uleb128 0xb
 912 0063 01       		.uleb128 0x1
ARM GAS  /tmp/cc50Ck8s.s 			page 17


 913 0064 13       		.uleb128 0x13
 914 0065 00       		.byte	0
 915 0066 00       		.byte	0
 916 0067 0A       		.uleb128 0xa
 917 0068 0D       		.uleb128 0xd
 918 0069 00       		.byte	0
 919 006a 03       		.uleb128 0x3
 920 006b 0E       		.uleb128 0xe
 921 006c 3A       		.uleb128 0x3a
 922 006d 0B       		.uleb128 0xb
 923 006e 3B       		.uleb128 0x3b
 924 006f 0B       		.uleb128 0xb
 925 0070 49       		.uleb128 0x49
 926 0071 13       		.uleb128 0x13
 927 0072 38       		.uleb128 0x38
 928 0073 0B       		.uleb128 0xb
 929 0074 00       		.byte	0
 930 0075 00       		.byte	0
 931 0076 0B       		.uleb128 0xb
 932 0077 13       		.uleb128 0x13
 933 0078 01       		.byte	0x1
 934 0079 0B       		.uleb128 0xb
 935 007a 0B       		.uleb128 0xb
 936 007b 3A       		.uleb128 0x3a
 937 007c 0B       		.uleb128 0xb
 938 007d 3B       		.uleb128 0x3b
 939 007e 0B       		.uleb128 0xb
 940 007f 01       		.uleb128 0x1
 941 0080 13       		.uleb128 0x13
 942 0081 00       		.byte	0
 943 0082 00       		.byte	0
 944 0083 0C       		.uleb128 0xc
 945 0084 2E       		.uleb128 0x2e
 946 0085 01       		.byte	0x1
 947 0086 3F       		.uleb128 0x3f
 948 0087 19       		.uleb128 0x19
 949 0088 03       		.uleb128 0x3
 950 0089 0E       		.uleb128 0xe
 951 008a 3A       		.uleb128 0x3a
 952 008b 0B       		.uleb128 0xb
 953 008c 3B       		.uleb128 0x3b
 954 008d 0B       		.uleb128 0xb
 955 008e 27       		.uleb128 0x27
 956 008f 19       		.uleb128 0x19
 957 0090 49       		.uleb128 0x49
 958 0091 13       		.uleb128 0x13
 959 0092 20       		.uleb128 0x20
 960 0093 0B       		.uleb128 0xb
 961 0094 01       		.uleb128 0x1
 962 0095 13       		.uleb128 0x13
 963 0096 00       		.byte	0
 964 0097 00       		.byte	0
 965 0098 0D       		.uleb128 0xd
 966 0099 05       		.uleb128 0x5
 967 009a 00       		.byte	0
 968 009b 03       		.uleb128 0x3
 969 009c 08       		.uleb128 0x8
ARM GAS  /tmp/cc50Ck8s.s 			page 18


 970 009d 3A       		.uleb128 0x3a
 971 009e 0B       		.uleb128 0xb
 972 009f 3B       		.uleb128 0x3b
 973 00a0 0B       		.uleb128 0xb
 974 00a1 49       		.uleb128 0x49
 975 00a2 13       		.uleb128 0x13
 976 00a3 00       		.byte	0
 977 00a4 00       		.byte	0
 978 00a5 0E       		.uleb128 0xe
 979 00a6 34       		.uleb128 0x34
 980 00a7 00       		.byte	0
 981 00a8 03       		.uleb128 0x3
 982 00a9 0E       		.uleb128 0xe
 983 00aa 3A       		.uleb128 0x3a
 984 00ab 0B       		.uleb128 0xb
 985 00ac 3B       		.uleb128 0x3b
 986 00ad 0B       		.uleb128 0xb
 987 00ae 49       		.uleb128 0x49
 988 00af 13       		.uleb128 0x13
 989 00b0 00       		.byte	0
 990 00b1 00       		.byte	0
 991 00b2 0F       		.uleb128 0xf
 992 00b3 2E       		.uleb128 0x2e
 993 00b4 01       		.byte	0x1
 994 00b5 3F       		.uleb128 0x3f
 995 00b6 19       		.uleb128 0x19
 996 00b7 03       		.uleb128 0x3
 997 00b8 0E       		.uleb128 0xe
 998 00b9 3A       		.uleb128 0x3a
 999 00ba 0B       		.uleb128 0xb
 1000 00bb 3B       		.uleb128 0x3b
 1001 00bc 0B       		.uleb128 0xb
 1002 00bd 27       		.uleb128 0x27
 1003 00be 19       		.uleb128 0x19
 1004 00bf 20       		.uleb128 0x20
 1005 00c0 0B       		.uleb128 0xb
 1006 00c1 01       		.uleb128 0x1
 1007 00c2 13       		.uleb128 0x13
 1008 00c3 00       		.byte	0
 1009 00c4 00       		.byte	0
 1010 00c5 10       		.uleb128 0x10
 1011 00c6 05       		.uleb128 0x5
 1012 00c7 00       		.byte	0
 1013 00c8 03       		.uleb128 0x3
 1014 00c9 0E       		.uleb128 0xe
 1015 00ca 3A       		.uleb128 0x3a
 1016 00cb 0B       		.uleb128 0xb
 1017 00cc 3B       		.uleb128 0x3b
 1018 00cd 0B       		.uleb128 0xb
 1019 00ce 49       		.uleb128 0x49
 1020 00cf 13       		.uleb128 0x13
 1021 00d0 00       		.byte	0
 1022 00d1 00       		.byte	0
 1023 00d2 11       		.uleb128 0x11
 1024 00d3 34       		.uleb128 0x34
 1025 00d4 00       		.byte	0
 1026 00d5 03       		.uleb128 0x3
ARM GAS  /tmp/cc50Ck8s.s 			page 19


 1027 00d6 08       		.uleb128 0x8
 1028 00d7 3A       		.uleb128 0x3a
 1029 00d8 0B       		.uleb128 0xb
 1030 00d9 3B       		.uleb128 0x3b
 1031 00da 0B       		.uleb128 0xb
 1032 00db 49       		.uleb128 0x49
 1033 00dc 13       		.uleb128 0x13
 1034 00dd 00       		.byte	0
 1035 00de 00       		.byte	0
 1036 00df 12       		.uleb128 0x12
 1037 00e0 0B       		.uleb128 0xb
 1038 00e1 01       		.byte	0x1
 1039 00e2 01       		.uleb128 0x1
 1040 00e3 13       		.uleb128 0x13
 1041 00e4 00       		.byte	0
 1042 00e5 00       		.byte	0
 1043 00e6 13       		.uleb128 0x13
 1044 00e7 0B       		.uleb128 0xb
 1045 00e8 01       		.byte	0x1
 1046 00e9 00       		.byte	0
 1047 00ea 00       		.byte	0
 1048 00eb 14       		.uleb128 0x14
 1049 00ec 2E       		.uleb128 0x2e
 1050 00ed 01       		.byte	0x1
 1051 00ee 3F       		.uleb128 0x3f
 1052 00ef 19       		.uleb128 0x19
 1053 00f0 03       		.uleb128 0x3
 1054 00f1 0E       		.uleb128 0xe
 1055 00f2 3A       		.uleb128 0x3a
 1056 00f3 0B       		.uleb128 0xb
 1057 00f4 3B       		.uleb128 0x3b
 1058 00f5 0B       		.uleb128 0xb
 1059 00f6 27       		.uleb128 0x27
 1060 00f7 19       		.uleb128 0x19
 1061 00f8 11       		.uleb128 0x11
 1062 00f9 01       		.uleb128 0x1
 1063 00fa 12       		.uleb128 0x12
 1064 00fb 06       		.uleb128 0x6
 1065 00fc 40       		.uleb128 0x40
 1066 00fd 18       		.uleb128 0x18
 1067 00fe 9742     		.uleb128 0x2117
 1068 0100 19       		.uleb128 0x19
 1069 0101 01       		.uleb128 0x1
 1070 0102 13       		.uleb128 0x13
 1071 0103 00       		.byte	0
 1072 0104 00       		.byte	0
 1073 0105 15       		.uleb128 0x15
 1074 0106 05       		.uleb128 0x5
 1075 0107 00       		.byte	0
 1076 0108 03       		.uleb128 0x3
 1077 0109 08       		.uleb128 0x8
 1078 010a 3A       		.uleb128 0x3a
 1079 010b 0B       		.uleb128 0xb
 1080 010c 3B       		.uleb128 0x3b
 1081 010d 0B       		.uleb128 0xb
 1082 010e 49       		.uleb128 0x49
 1083 010f 13       		.uleb128 0x13
ARM GAS  /tmp/cc50Ck8s.s 			page 20


 1084 0110 02       		.uleb128 0x2
 1085 0111 18       		.uleb128 0x18
 1086 0112 00       		.byte	0
 1087 0113 00       		.byte	0
 1088 0114 16       		.uleb128 0x16
 1089 0115 05       		.uleb128 0x5
 1090 0116 00       		.byte	0
 1091 0117 03       		.uleb128 0x3
 1092 0118 0E       		.uleb128 0xe
 1093 0119 3A       		.uleb128 0x3a
 1094 011a 0B       		.uleb128 0xb
 1095 011b 3B       		.uleb128 0x3b
 1096 011c 0B       		.uleb128 0xb
 1097 011d 49       		.uleb128 0x49
 1098 011e 13       		.uleb128 0x13
 1099 011f 02       		.uleb128 0x2
 1100 0120 18       		.uleb128 0x18
 1101 0121 00       		.byte	0
 1102 0122 00       		.byte	0
 1103 0123 17       		.uleb128 0x17
 1104 0124 05       		.uleb128 0x5
 1105 0125 00       		.byte	0
 1106 0126 03       		.uleb128 0x3
 1107 0127 08       		.uleb128 0x8
 1108 0128 3A       		.uleb128 0x3a
 1109 0129 0B       		.uleb128 0xb
 1110 012a 3B       		.uleb128 0x3b
 1111 012b 0B       		.uleb128 0xb
 1112 012c 49       		.uleb128 0x49
 1113 012d 13       		.uleb128 0x13
 1114 012e 02       		.uleb128 0x2
 1115 012f 17       		.uleb128 0x17
 1116 0130 00       		.byte	0
 1117 0131 00       		.byte	0
 1118 0132 18       		.uleb128 0x18
 1119 0133 1D       		.uleb128 0x1d
 1120 0134 01       		.byte	0x1
 1121 0135 31       		.uleb128 0x31
 1122 0136 13       		.uleb128 0x13
 1123 0137 11       		.uleb128 0x11
 1124 0138 01       		.uleb128 0x1
 1125 0139 12       		.uleb128 0x12
 1126 013a 06       		.uleb128 0x6
 1127 013b 58       		.uleb128 0x58
 1128 013c 0B       		.uleb128 0xb
 1129 013d 59       		.uleb128 0x59
 1130 013e 0B       		.uleb128 0xb
 1131 013f 00       		.byte	0
 1132 0140 00       		.byte	0
 1133 0141 19       		.uleb128 0x19
 1134 0142 05       		.uleb128 0x5
 1135 0143 00       		.byte	0
 1136 0144 31       		.uleb128 0x31
 1137 0145 13       		.uleb128 0x13
 1138 0146 02       		.uleb128 0x2
 1139 0147 17       		.uleb128 0x17
 1140 0148 00       		.byte	0
ARM GAS  /tmp/cc50Ck8s.s 			page 21


 1141 0149 00       		.byte	0
 1142 014a 1A       		.uleb128 0x1a
 1143 014b 0B       		.uleb128 0xb
 1144 014c 01       		.byte	0x1
 1145 014d 11       		.uleb128 0x11
 1146 014e 01       		.uleb128 0x1
 1147 014f 12       		.uleb128 0x12
 1148 0150 06       		.uleb128 0x6
 1149 0151 01       		.uleb128 0x1
 1150 0152 13       		.uleb128 0x13
 1151 0153 00       		.byte	0
 1152 0154 00       		.byte	0
 1153 0155 1B       		.uleb128 0x1b
 1154 0156 34       		.uleb128 0x34
 1155 0157 00       		.byte	0
 1156 0158 31       		.uleb128 0x31
 1157 0159 13       		.uleb128 0x13
 1158 015a 02       		.uleb128 0x2
 1159 015b 18       		.uleb128 0x18
 1160 015c 00       		.byte	0
 1161 015d 00       		.byte	0
 1162 015e 1C       		.uleb128 0x1c
 1163 015f 1D       		.uleb128 0x1d
 1164 0160 01       		.byte	0x1
 1165 0161 31       		.uleb128 0x31
 1166 0162 13       		.uleb128 0x13
 1167 0163 52       		.uleb128 0x52
 1168 0164 01       		.uleb128 0x1
 1169 0165 55       		.uleb128 0x55
 1170 0166 17       		.uleb128 0x17
 1171 0167 58       		.uleb128 0x58
 1172 0168 0B       		.uleb128 0xb
 1173 0169 59       		.uleb128 0x59
 1174 016a 0B       		.uleb128 0xb
 1175 016b 01       		.uleb128 0x1
 1176 016c 13       		.uleb128 0x13
 1177 016d 00       		.byte	0
 1178 016e 00       		.byte	0
 1179 016f 1D       		.uleb128 0x1d
 1180 0170 0B       		.uleb128 0xb
 1181 0171 01       		.byte	0x1
 1182 0172 55       		.uleb128 0x55
 1183 0173 17       		.uleb128 0x17
 1184 0174 00       		.byte	0
 1185 0175 00       		.byte	0
 1186 0176 1E       		.uleb128 0x1e
 1187 0177 34       		.uleb128 0x34
 1188 0178 00       		.byte	0
 1189 0179 31       		.uleb128 0x31
 1190 017a 13       		.uleb128 0x13
 1191 017b 02       		.uleb128 0x2
 1192 017c 17       		.uleb128 0x17
 1193 017d 00       		.byte	0
 1194 017e 00       		.byte	0
 1195 017f 1F       		.uleb128 0x1f
 1196 0180 2E       		.uleb128 0x2e
 1197 0181 01       		.byte	0x1
ARM GAS  /tmp/cc50Ck8s.s 			page 22


 1198 0182 31       		.uleb128 0x31
 1199 0183 13       		.uleb128 0x13
 1200 0184 11       		.uleb128 0x11
 1201 0185 01       		.uleb128 0x1
 1202 0186 12       		.uleb128 0x12
 1203 0187 06       		.uleb128 0x6
 1204 0188 40       		.uleb128 0x40
 1205 0189 18       		.uleb128 0x18
 1206 018a 9642     		.uleb128 0x2116
 1207 018c 19       		.uleb128 0x19
 1208 018d 01       		.uleb128 0x1
 1209 018e 13       		.uleb128 0x13
 1210 018f 00       		.byte	0
 1211 0190 00       		.byte	0
 1212 0191 20       		.uleb128 0x20
 1213 0192 2E       		.uleb128 0x2e
 1214 0193 01       		.byte	0x1
 1215 0194 3F       		.uleb128 0x3f
 1216 0195 19       		.uleb128 0x19
 1217 0196 03       		.uleb128 0x3
 1218 0197 0E       		.uleb128 0xe
 1219 0198 3A       		.uleb128 0x3a
 1220 0199 0B       		.uleb128 0xb
 1221 019a 3B       		.uleb128 0x3b
 1222 019b 0B       		.uleb128 0xb
 1223 019c 27       		.uleb128 0x27
 1224 019d 19       		.uleb128 0x19
 1225 019e 49       		.uleb128 0x49
 1226 019f 13       		.uleb128 0x13
 1227 01a0 11       		.uleb128 0x11
 1228 01a1 01       		.uleb128 0x1
 1229 01a2 12       		.uleb128 0x12
 1230 01a3 06       		.uleb128 0x6
 1231 01a4 40       		.uleb128 0x40
 1232 01a5 18       		.uleb128 0x18
 1233 01a6 9642     		.uleb128 0x2116
 1234 01a8 19       		.uleb128 0x19
 1235 01a9 01       		.uleb128 0x1
 1236 01aa 13       		.uleb128 0x13
 1237 01ab 00       		.byte	0
 1238 01ac 00       		.byte	0
 1239 01ad 21       		.uleb128 0x21
 1240 01ae 34       		.uleb128 0x34
 1241 01af 00       		.byte	0
 1242 01b0 03       		.uleb128 0x3
 1243 01b1 0E       		.uleb128 0xe
 1244 01b2 3A       		.uleb128 0x3a
 1245 01b3 0B       		.uleb128 0xb
 1246 01b4 3B       		.uleb128 0x3b
 1247 01b5 0B       		.uleb128 0xb
 1248 01b6 49       		.uleb128 0x49
 1249 01b7 13       		.uleb128 0x13
 1250 01b8 02       		.uleb128 0x2
 1251 01b9 18       		.uleb128 0x18
 1252 01ba 00       		.byte	0
 1253 01bb 00       		.byte	0
 1254 01bc 22       		.uleb128 0x22
ARM GAS  /tmp/cc50Ck8s.s 			page 23


 1255 01bd 34       		.uleb128 0x34
 1256 01be 00       		.byte	0
 1257 01bf 03       		.uleb128 0x3
 1258 01c0 08       		.uleb128 0x8
 1259 01c1 3A       		.uleb128 0x3a
 1260 01c2 0B       		.uleb128 0xb
 1261 01c3 3B       		.uleb128 0x3b
 1262 01c4 0B       		.uleb128 0xb
 1263 01c5 49       		.uleb128 0x49
 1264 01c6 13       		.uleb128 0x13
 1265 01c7 02       		.uleb128 0x2
 1266 01c8 18       		.uleb128 0x18
 1267 01c9 00       		.byte	0
 1268 01ca 00       		.byte	0
 1269 01cb 23       		.uleb128 0x23
 1270 01cc 2E       		.uleb128 0x2e
 1271 01cd 01       		.byte	0x1
 1272 01ce 31       		.uleb128 0x31
 1273 01cf 13       		.uleb128 0x13
 1274 01d0 11       		.uleb128 0x11
 1275 01d1 01       		.uleb128 0x1
 1276 01d2 12       		.uleb128 0x12
 1277 01d3 06       		.uleb128 0x6
 1278 01d4 40       		.uleb128 0x40
 1279 01d5 18       		.uleb128 0x18
 1280 01d6 9742     		.uleb128 0x2117
 1281 01d8 19       		.uleb128 0x19
 1282 01d9 01       		.uleb128 0x1
 1283 01da 13       		.uleb128 0x13
 1284 01db 00       		.byte	0
 1285 01dc 00       		.byte	0
 1286 01dd 24       		.uleb128 0x24
 1287 01de 05       		.uleb128 0x5
 1288 01df 00       		.byte	0
 1289 01e0 31       		.uleb128 0x31
 1290 01e1 13       		.uleb128 0x13
 1291 01e2 02       		.uleb128 0x2
 1292 01e3 18       		.uleb128 0x18
 1293 01e4 00       		.byte	0
 1294 01e5 00       		.byte	0
 1295 01e6 25       		.uleb128 0x25
 1296 01e7 2E       		.uleb128 0x2e
 1297 01e8 01       		.byte	0x1
 1298 01e9 31       		.uleb128 0x31
 1299 01ea 13       		.uleb128 0x13
 1300 01eb 11       		.uleb128 0x11
 1301 01ec 01       		.uleb128 0x1
 1302 01ed 12       		.uleb128 0x12
 1303 01ee 06       		.uleb128 0x6
 1304 01ef 40       		.uleb128 0x40
 1305 01f0 18       		.uleb128 0x18
 1306 01f1 9742     		.uleb128 0x2117
 1307 01f3 19       		.uleb128 0x19
 1308 01f4 00       		.byte	0
 1309 01f5 00       		.byte	0
 1310 01f6 00       		.byte	0
 1311              		.section	.debug_loc,"",%progbits
ARM GAS  /tmp/cc50Ck8s.s 			page 24


 1312              	.Ldebug_loc0:
 1313              	.LLST0:
 1314 0000 00000000 		.4byte	.LVL1
 1315 0004 1C000000 		.4byte	.LVL5
 1316 0008 0100     		.2byte	0x1
 1317 000a 51       		.byte	0x51
 1318 000b 1C000000 		.4byte	.LVL5
 1319 000f 24000000 		.4byte	.LFE8
 1320 0013 0100     		.2byte	0x1
 1321 0015 51       		.byte	0x51
 1322 0016 00000000 		.4byte	0
 1323 001a 00000000 		.4byte	0
 1324              	.LLST1:
 1325 001e 00000000 		.4byte	.LVL1
 1326 0022 04000000 		.4byte	.LVL2
 1327 0026 0100     		.2byte	0x1
 1328 0028 52       		.byte	0x52
 1329 0029 04000000 		.4byte	.LVL2
 1330 002d 1A000000 		.4byte	.LVL4
 1331 0031 0100     		.2byte	0x1
 1332 0033 52       		.byte	0x52
 1333 0034 1A000000 		.4byte	.LVL4
 1334 0038 1C000000 		.4byte	.LVL5
 1335 003c 0300     		.2byte	0x3
 1336 003e 72       		.byte	0x72
 1337 003f 01       		.sleb128 1
 1338 0040 9F       		.byte	0x9f
 1339 0041 00000000 		.4byte	0
 1340 0045 00000000 		.4byte	0
 1341              	.LLST2:
 1342 0049 04000000 		.4byte	.LVL2
 1343 004d 1C000000 		.4byte	.LVL5
 1344 0051 0100     		.2byte	0x1
 1345 0053 51       		.byte	0x51
 1346 0054 1C000000 		.4byte	.LVL5
 1347 0058 1E000000 		.4byte	.LVL6
 1348 005c 0200     		.2byte	0x2
 1349 005e 70       		.byte	0x70
 1350 005f 00       		.sleb128 0
 1351 0060 00000000 		.4byte	0
 1352 0064 00000000 		.4byte	0
 1353              	.LLST3:
 1354 0068 04000000 		.4byte	.LVL2
 1355 006c 1E000000 		.4byte	.LVL6
 1356 0070 0100     		.2byte	0x1
 1357 0072 50       		.byte	0x50
 1358 0073 00000000 		.4byte	0
 1359 0077 00000000 		.4byte	0
 1360              	.LLST4:
 1361 007b 0A000000 		.4byte	.LVL3
 1362 007f 1C000000 		.4byte	.LVL5
 1363 0083 0100     		.2byte	0x1
 1364 0085 51       		.byte	0x51
 1365 0086 1C000000 		.4byte	.LVL5
 1366 008a 1E000000 		.4byte	.LVL6
 1367 008e 0200     		.2byte	0x2
 1368 0090 70       		.byte	0x70
ARM GAS  /tmp/cc50Ck8s.s 			page 25


 1369 0091 00       		.sleb128 0
 1370 0092 00000000 		.4byte	0
 1371 0096 00000000 		.4byte	0
 1372              	.LLST5:
 1373 009a 0A000000 		.4byte	.LVL3
 1374 009e 1E000000 		.4byte	.LVL6
 1375 00a2 0100     		.2byte	0x1
 1376 00a4 50       		.byte	0x50
 1377 00a5 00000000 		.4byte	0
 1378 00a9 00000000 		.4byte	0
 1379              	.LLST7:
 1380 00ad 00000000 		.4byte	.LVL7
 1381 00b1 06000000 		.4byte	.LVL8
 1382 00b5 0100     		.2byte	0x1
 1383 00b7 50       		.byte	0x50
 1384 00b8 06000000 		.4byte	.LVL8
 1385 00bc 15000000 		.4byte	.LVL11-1
 1386 00c0 0100     		.2byte	0x1
 1387 00c2 53       		.byte	0x53
 1388 00c3 15000000 		.4byte	.LVL11-1
 1389 00c7 18000000 		.4byte	.LFE9
 1390 00cb 0400     		.2byte	0x4
 1391 00cd F3       		.byte	0xf3
 1392 00ce 01       		.uleb128 0x1
 1393 00cf 50       		.byte	0x50
 1394 00d0 9F       		.byte	0x9f
 1395 00d1 00000000 		.4byte	0
 1396 00d5 00000000 		.4byte	0
 1397              	.LLST8:
 1398 00d9 06000000 		.4byte	.LVL8
 1399 00dd 14000000 		.4byte	.LVL10
 1400 00e1 0100     		.2byte	0x1
 1401 00e3 50       		.byte	0x50
 1402 00e4 14000000 		.4byte	.LVL10
 1403 00e8 15000000 		.4byte	.LVL11-1
 1404 00ec 0200     		.2byte	0x2
 1405 00ee 73       		.byte	0x73
 1406 00ef 00       		.sleb128 0
 1407 00f0 16000000 		.4byte	.LVL11
 1408 00f4 18000000 		.4byte	.LFE9
 1409 00f8 0100     		.2byte	0x1
 1410 00fa 50       		.byte	0x50
 1411 00fb 00000000 		.4byte	0
 1412 00ff 00000000 		.4byte	0
 1413              	.LLST9:
 1414 0103 00000000 		.4byte	.LVL12
 1415 0107 0C000000 		.4byte	.LVL14
 1416 010b 0100     		.2byte	0x1
 1417 010d 50       		.byte	0x50
 1418 010e 0C000000 		.4byte	.LVL14
 1419 0112 23000000 		.4byte	.LVL16-1
 1420 0116 0100     		.2byte	0x1
 1421 0118 52       		.byte	0x52
 1422 0119 23000000 		.4byte	.LVL16-1
 1423 011d 2C000000 		.4byte	.LFE10
 1424 0121 0400     		.2byte	0x4
 1425 0123 F3       		.byte	0xf3
ARM GAS  /tmp/cc50Ck8s.s 			page 26


 1426 0124 01       		.uleb128 0x1
 1427 0125 50       		.byte	0x50
 1428 0126 9F       		.byte	0x9f
 1429 0127 00000000 		.4byte	0
 1430 012b 00000000 		.4byte	0
 1431              	.LLST10:
 1432 012f 0A000000 		.4byte	.LVL13
 1433 0133 0C000000 		.4byte	.LVL14
 1434 0137 0100     		.2byte	0x1
 1435 0139 50       		.byte	0x50
 1436 013a 0C000000 		.4byte	.LVL14
 1437 013e 23000000 		.4byte	.LVL16-1
 1438 0142 0100     		.2byte	0x1
 1439 0144 52       		.byte	0x52
 1440 0145 23000000 		.4byte	.LVL16-1
 1441 0149 2C000000 		.4byte	.LFE10
 1442 014d 0400     		.2byte	0x4
 1443 014f F3       		.byte	0xf3
 1444 0150 01       		.uleb128 0x1
 1445 0151 50       		.byte	0x50
 1446 0152 9F       		.byte	0x9f
 1447 0153 00000000 		.4byte	0
 1448 0157 00000000 		.4byte	0
 1449              	.LLST11:
 1450 015b 0C000000 		.4byte	.LVL14
 1451 015f 22000000 		.4byte	.LVL15
 1452 0163 0100     		.2byte	0x1
 1453 0165 50       		.byte	0x50
 1454 0166 22000000 		.4byte	.LVL15
 1455 016a 23000000 		.4byte	.LVL16-1
 1456 016e 0200     		.2byte	0x2
 1457 0170 72       		.byte	0x72
 1458 0171 00       		.sleb128 0
 1459 0172 24000000 		.4byte	.LVL16
 1460 0176 2C000000 		.4byte	.LFE10
 1461 017a 0100     		.2byte	0x1
 1462 017c 50       		.byte	0x50
 1463 017d 00000000 		.4byte	0
 1464 0181 00000000 		.4byte	0
 1465              		.section	.debug_aranges,"",%progbits
 1466 0000 44000000 		.4byte	0x44
 1467 0004 0200     		.2byte	0x2
 1468 0006 00000000 		.4byte	.Ldebug_info0
 1469 000a 04       		.byte	0x4
 1470 000b 00       		.byte	0
 1471 000c 0000     		.2byte	0
 1472 000e 0000     		.2byte	0
 1473 0010 00000000 		.4byte	.LFB7
 1474 0014 0A000000 		.4byte	.LFE7-.LFB7
 1475 0018 00000000 		.4byte	.LFB8
 1476 001c 24000000 		.4byte	.LFE8-.LFB8
 1477 0020 00000000 		.4byte	.LFB9
 1478 0024 18000000 		.4byte	.LFE9-.LFB9
 1479 0028 00000000 		.4byte	.LFB10
 1480 002c 2C000000 		.4byte	.LFE10-.LFB10
 1481 0030 00000000 		.4byte	.LFB11
 1482 0034 08000000 		.4byte	.LFE11-.LFB11
ARM GAS  /tmp/cc50Ck8s.s 			page 27


 1483 0038 00000000 		.4byte	.LFB12
 1484 003c 14000000 		.4byte	.LFE12-.LFB12
 1485 0040 00000000 		.4byte	0
 1486 0044 00000000 		.4byte	0
 1487              		.section	.debug_ranges,"",%progbits
 1488              	.Ldebug_ranges0:
 1489 0000 0A000000 		.4byte	.LBB18
 1490 0004 0C000000 		.4byte	.LBE18
 1491 0008 0E000000 		.4byte	.LBB22
 1492 000c 12000000 		.4byte	.LBE22
 1493 0010 00000000 		.4byte	0
 1494 0014 00000000 		.4byte	0
 1495 0018 0C000000 		.4byte	.LBB21
 1496 001c 0E000000 		.4byte	.LBE21
 1497 0020 12000000 		.4byte	.LBB23
 1498 0024 16000000 		.4byte	.LBE23
 1499 0028 00000000 		.4byte	0
 1500 002c 00000000 		.4byte	0
 1501 0030 0A000000 		.4byte	.LBB25
 1502 0034 12000000 		.4byte	.LBE25
 1503 0038 1A000000 		.4byte	.LBB29
 1504 003c 24000000 		.4byte	.LBE29
 1505 0040 00000000 		.4byte	0
 1506 0044 00000000 		.4byte	0
 1507 0048 12000000 		.4byte	.LBB28
 1508 004c 18000000 		.4byte	.LBE28
 1509 0050 24000000 		.4byte	.LBB30
 1510 0054 2A000000 		.4byte	.LBE30
 1511 0058 00000000 		.4byte	0
 1512 005c 00000000 		.4byte	0
 1513 0060 06000000 		.4byte	.LBB32
 1514 0064 08000000 		.4byte	.LBE32
 1515 0068 0A000000 		.4byte	.LBB36
 1516 006c 0E000000 		.4byte	.LBE36
 1517 0070 00000000 		.4byte	0
 1518 0074 00000000 		.4byte	0
 1519 0078 08000000 		.4byte	.LBB35
 1520 007c 0A000000 		.4byte	.LBE35
 1521 0080 0E000000 		.4byte	.LBB37
 1522 0084 14000000 		.4byte	.LBE37
 1523 0088 00000000 		.4byte	0
 1524 008c 00000000 		.4byte	0
 1525 0090 00000000 		.4byte	.LFB7
 1526 0094 0A000000 		.4byte	.LFE7
 1527 0098 00000000 		.4byte	.LFB8
 1528 009c 24000000 		.4byte	.LFE8
 1529 00a0 00000000 		.4byte	.LFB9
 1530 00a4 18000000 		.4byte	.LFE9
 1531 00a8 00000000 		.4byte	.LFB10
 1532 00ac 2C000000 		.4byte	.LFE10
 1533 00b0 00000000 		.4byte	.LFB11
 1534 00b4 08000000 		.4byte	.LFE11
 1535 00b8 00000000 		.4byte	.LFB12
 1536 00bc 14000000 		.4byte	.LFE12
 1537 00c0 00000000 		.4byte	0
 1538 00c4 00000000 		.4byte	0
 1539              		.section	.debug_line,"",%progbits
ARM GAS  /tmp/cc50Ck8s.s 			page 28


 1540              	.Ldebug_line0:
 1541 0000 9C010000 		.section	.debug_str,"MS",%progbits,1
 1541      0200F100 
 1541      00000201 
 1541      FB0E0D00 
 1541      01010101 
 1542              	.LASF3:
 1543 0000 5F5F7569 		.ascii	"__uint8_t\000"
 1543      6E74385F 
 1543      7400
 1544              	.LASF2:
 1545 000a 73697A65 		.ascii	"size_t\000"
 1545      5F7400
 1546              	.LASF19:
 1547 0011 6D705F6F 		.ascii	"mp_object_size\000"
 1547      626A6563 
 1547      745F7369 
 1547      7A6500
 1548              	.LASF29:
 1549 0020 6368506F 		.ascii	"chPoolLoadArray\000"
 1549      6F6C4C6F 
 1549      61644172 
 1549      72617900 
 1550              	.LASF33:
 1551 0030 706F6F6C 		.ascii	"pool_header\000"
 1551      5F686561 
 1551      64657200 
 1552              	.LASF26:
 1553 003c 73697A65 		.ascii	"size\000"
 1553      00
 1554              	.LASF9:
 1555 0041 6C6F6E67 		.ascii	"long unsigned int\000"
 1555      20756E73 
 1555      69676E65 
 1555      6420696E 
 1555      7400
 1556              	.LASF6:
 1557 0053 73686F72 		.ascii	"short unsigned int\000"
 1557      7420756E 
 1557      7369676E 
 1557      65642069 
 1557      6E7400
 1558              	.LASF27:
 1559 0066 70726F76 		.ascii	"provider\000"
 1559      69646572 
 1559      00
 1560              	.LASF24:
 1561 006f 6368506F 		.ascii	"chPoolFreeI\000"
 1561      6F6C4672 
 1561      65654900 
 1562              	.LASF31:
 1563 007b 2E2E2F2E 		.ascii	"../../os/kernel/src/chmempools.c\000"
 1563      2E2F6F73 
 1563      2F6B6572 
 1563      6E656C2F 
 1563      7372632F 
 1564              	.LASF4:
ARM GAS  /tmp/cc50Ck8s.s 			page 29


 1565 009c 756E7369 		.ascii	"unsigned char\000"
 1565      676E6564 
 1565      20636861 
 1565      7200
 1566              	.LASF8:
 1567 00aa 5F5F7569 		.ascii	"__uint32_t\000"
 1567      6E743332 
 1567      5F7400
 1568              	.LASF25:
 1569 00b5 6368506F 		.ascii	"chPoolFree\000"
 1569      6F6C4672 
 1569      656500
 1570              	.LASF21:
 1571 00c0 4D656D6F 		.ascii	"MemoryPool\000"
 1571      7279506F 
 1571      6F6C00
 1572              	.LASF23:
 1573 00cb 6F626A70 		.ascii	"objp\000"
 1573      00
 1574              	.LASF32:
 1575 00d0 2F686F6D 		.ascii	"/home/development/Projects/openpv/TF_OSC_ChibiOS/jo"
 1575      652F6465 
 1575      76656C6F 
 1575      706D656E 
 1575      742F5072 
 1576 0103 6D626C6F 		.ascii	"mblo/BASIC\000"
 1576      2F424153 
 1576      494300
 1577              	.LASF34:
 1578 010e 6368506F 		.ascii	"chPoolAllocI\000"
 1578      6F6C416C 
 1578      6C6F6349 
 1578      00
 1579              	.LASF0:
 1580 011b 756E7369 		.ascii	"unsigned int\000"
 1580      676E6564 
 1580      20696E74 
 1580      00
 1581              	.LASF11:
 1582 0128 6C6F6E67 		.ascii	"long long unsigned int\000"
 1582      206C6F6E 
 1582      6720756E 
 1582      7369676E 
 1582      65642069 
 1583              	.LASF12:
 1584 013f 75696E74 		.ascii	"uint8_t\000"
 1584      385F7400 
 1585              	.LASF17:
 1586 0147 70685F6E 		.ascii	"ph_next\000"
 1586      65787400 
 1587              	.LASF15:
 1588 014f 73697A65 		.ascii	"sizetype\000"
 1588      74797065 
 1588      00
 1589              	.LASF10:
 1590 0158 6C6F6E67 		.ascii	"long long int\000"
 1590      206C6F6E 
ARM GAS  /tmp/cc50Ck8s.s 			page 30


 1590      6720696E 
 1590      7400
 1591              	.LASF22:
 1592 0166 63686172 		.ascii	"char\000"
 1592      00
 1593              	.LASF16:
 1594 016b 6D656D67 		.ascii	"memgetfunc_t\000"
 1594      65746675 
 1594      6E635F74 
 1594      00
 1595              	.LASF20:
 1596 0178 6D705F70 		.ascii	"mp_provider\000"
 1596      726F7669 
 1596      64657200 
 1597              	.LASF5:
 1598 0184 73686F72 		.ascii	"short int\000"
 1598      7420696E 
 1598      7400
 1599              	.LASF35:
 1600 018e 6368506F 		.ascii	"chPoolAlloc\000"
 1600      6F6C416C 
 1600      6C6F6300 
 1601              	.LASF13:
 1602 019a 75696E74 		.ascii	"uint32_t\000"
 1602      33325F74 
 1602      00
 1603              	.LASF7:
 1604 01a3 6C6F6E67 		.ascii	"long int\000"
 1604      20696E74 
 1604      00
 1605              	.LASF1:
 1606 01ac 7369676E 		.ascii	"signed char\000"
 1606      65642063 
 1606      68617200 
 1607              	.LASF18:
 1608 01b8 6D705F6E 		.ascii	"mp_next\000"
 1608      65787400 
 1609              	.LASF30:
 1610 01c0 474E5520 		.ascii	"GNU C 4.8.3 -mcpu=cortex-m3 -mno-thumb-interwork -m"
 1610      4320342E 
 1610      382E3320 
 1610      2D6D6370 
 1610      753D636F 
 1611 01f3 7468756D 		.ascii	"thumb -ggdb -O2 -fomit-frame-pointer -ffunction-sec"
 1611      62202D67 
 1611      67646220 
 1611      2D4F3220 
 1611      2D666F6D 
 1612 0226 74696F6E 		.ascii	"tions -fdata-sections -fno-common\000"
 1612      73202D66 
 1612      64617461 
 1612      2D736563 
 1612      74696F6E 
 1613              	.LASF14:
 1614 0248 5F426F6F 		.ascii	"_Bool\000"
 1614      6C00
 1615              	.LASF28:
ARM GAS  /tmp/cc50Ck8s.s 			page 31


 1616 024e 6368506F 		.ascii	"chPoolInit\000"
 1616      6F6C496E 
 1616      697400
 1617              		.ident	"GCC: (4.8.3-18ubuntu2+12) 4.8.3"
ARM GAS  /tmp/cc50Ck8s.s 			page 32


DEFINED SYMBOLS
                            *ABS*:00000000 chmempools.c
     /tmp/cc50Ck8s.s:19     .text.chPoolInit:00000000 $t
     /tmp/cc50Ck8s.s:24     .text.chPoolInit:00000000 chPoolInit
     /tmp/cc50Ck8s.s:46     .text.chPoolLoadArray:00000000 $t
     /tmp/cc50Ck8s.s:51     .text.chPoolLoadArray:00000000 chPoolLoadArray
     /tmp/cc50Ck8s.s:121    .text.chPoolAllocI:00000000 $t
     /tmp/cc50Ck8s.s:126    .text.chPoolAllocI:00000000 chPoolAllocI
     /tmp/cc50Ck8s.s:164    .text.chPoolAlloc:00000000 $t
     /tmp/cc50Ck8s.s:169    .text.chPoolAlloc:00000000 chPoolAlloc
     /tmp/cc50Ck8s.s:241    .text.chPoolFreeI:00000000 $t
     /tmp/cc50Ck8s.s:246    .text.chPoolFreeI:00000000 chPoolFreeI
     /tmp/cc50Ck8s.s:265    .text.chPoolFree:00000000 $t
     /tmp/cc50Ck8s.s:270    .text.chPoolFree:00000000 chPoolFree
                     .debug_frame:00000010 $d

NO UNDEFINED SYMBOLS
