ARM GAS  /tmp/cc0YdJHd.s 			page 1


   1              		.syntax unified
   2              		.cpu cortex-m3
   3              		.fpu softvfp
   4              		.eabi_attribute 20, 1
   5              		.eabi_attribute 21, 1
   6              		.eabi_attribute 23, 3
   7              		.eabi_attribute 24, 1
   8              		.eabi_attribute 25, 1
   9              		.eabi_attribute 26, 1
  10              		.eabi_attribute 30, 2
  11              		.eabi_attribute 34, 1
  12              		.eabi_attribute 18, 4
  13              		.thumb
  14              		.file	"chmemcore.c"
  15              		.text
  16              	.Ltext0:
  17              		.cfi_sections	.debug_frame
  18              		.section	.text._core_init,"ax",%progbits
  19              		.align	2
  20              		.global	_core_init
  21              		.thumb
  22              		.thumb_func
  23              		.type	_core_init, %function
  24              	_core_init:
  25              	.LFB7:
  26              		.file 1 "../../os/kernel/src/chmemcore.c"
  27              		.loc 1 66 0
  28              		.cfi_startproc
  29              		@ args = 0, pretend = 0, frame = 0
  30              		@ frame_needed = 0, uses_anonymous_args = 0
  31              		@ link register save eliminated.
  32              		.loc 1 70 0
  33 0000 0548     		ldr	r0, .L2
  34              		.loc 1 71 0
  35 0002 064A     		ldr	r2, .L2+4
  36              		.loc 1 70 0
  37 0004 0649     		ldr	r1, .L2+8
  38              		.loc 1 71 0
  39 0006 074B     		ldr	r3, .L2+12
  40              		.loc 1 70 0
  41 0008 20F00700 		bic	r0, r0, #7
  42              		.loc 1 71 0
  43 000c 22F00702 		bic	r2, r2, #7
  44              		.loc 1 70 0
  45 0010 0860     		str	r0, [r1]
  46              		.loc 1 71 0
  47 0012 1A60     		str	r2, [r3]
  48 0014 7047     		bx	lr
  49              	.L3:
  50 0016 00BF     		.align	2
  51              	.L2:
  52 0018 07000000 		.word	__heap_base__+7
  53 001c 00000000 		.word	__heap_end__
  54 0020 00000000 		.word	.LANCHOR0
  55 0024 00000000 		.word	.LANCHOR1
  56              		.cfi_endproc
  57              	.LFE7:
ARM GAS  /tmp/cc0YdJHd.s 			page 2


  58              		.size	_core_init, .-_core_init
  59              		.section	.text.chCoreAlloc,"ax",%progbits
  60              		.align	2
  61              		.global	chCoreAlloc
  62              		.thumb
  63              		.thumb_func
  64              		.type	chCoreAlloc, %function
  65              	chCoreAlloc:
  66              	.LFB8:
  67              		.loc 1 91 0
  68              		.cfi_startproc
  69              		@ args = 0, pretend = 0, frame = 0
  70              		@ frame_needed = 0, uses_anonymous_args = 0
  71              		@ link register save eliminated.
  72              	.LVL0:
  73              	.LBB6:
  74              		.loc 1 94 0
  75 0000 2023     		movs	r3, #32
  76              	@ 94 "../../os/kernel/src/chmemcore.c" 1
  77 0002 83F31188 		msr     BASEPRI, r3
  78              	@ 0 "" 2
  79              	.LVL1:
  80              		.thumb
  81              	.LBE6:
  82              	.LBB7:
  83              	.LBB8:
  84              		.loc 1 118 0
  85 0006 094A     		ldr	r2, .L7
  86 0008 0949     		ldr	r1, .L7+4
  87 000a 1368     		ldr	r3, [r2]
  88 000c 0968     		ldr	r1, [r1]
  89              		.loc 1 117 0
  90 000e 0730     		adds	r0, r0, #7
  91              	.LVL2:
  92 0010 20F00700 		bic	r0, r0, #7
  93              	.LVL3:
  94              		.loc 1 118 0
  95 0014 C91A     		subs	r1, r1, r3
  96 0016 8842     		cmp	r0, r1
  97              	.LVL4:
  98              		.loc 1 121 0
  99 0018 9BBF     		ittet	ls
 100 001a C018     		addls	r0, r0, r3
 101              	.LVL5:
 102 001c 1060     		strls	r0, [r2]
 103              		.loc 1 119 0
 104 001e 0020     		movhi	r0, #0
 105              		.loc 1 122 0
 106 0020 1846     		movls	r0, r3
 107              	.LBE8:
 108              	.LBE7:
 109              	.LBB9:
 110              		.loc 1 96 0
 111 0022 0023     		movs	r3, #0
 112              	.LVL6:
 113              	@ 96 "../../os/kernel/src/chmemcore.c" 1
 114 0024 83F31188 		msr     BASEPRI, r3
ARM GAS  /tmp/cc0YdJHd.s 			page 3


 115              	@ 0 "" 2
 116              		.thumb
 117              	.LBE9:
 118              		.loc 1 98 0
 119 0028 7047     		bx	lr
 120              	.L8:
 121 002a 00BF     		.align	2
 122              	.L7:
 123 002c 00000000 		.word	.LANCHOR0
 124 0030 00000000 		.word	.LANCHOR1
 125              		.cfi_endproc
 126              	.LFE8:
 127              		.size	chCoreAlloc, .-chCoreAlloc
 128              		.section	.text.chCoreAllocI,"ax",%progbits
 129              		.align	2
 130              		.global	chCoreAllocI
 131              		.thumb
 132              		.thumb_func
 133              		.type	chCoreAllocI, %function
 134              	chCoreAllocI:
 135              	.LFB9:
 136              		.loc 1 112 0
 137              		.cfi_startproc
 138              		@ args = 0, pretend = 0, frame = 0
 139              		@ frame_needed = 0, uses_anonymous_args = 0
 140              		@ link register save eliminated.
 141              	.LVL7:
 142              		.loc 1 118 0
 143 0000 074A     		ldr	r2, .L12
 144 0002 0849     		ldr	r1, .L12+4
 145 0004 1368     		ldr	r3, [r2]
 146 0006 0968     		ldr	r1, [r1]
 147              		.loc 1 117 0
 148 0008 0730     		adds	r0, r0, #7
 149              	.LVL8:
 150 000a 20F00700 		bic	r0, r0, #7
 151              	.LVL9:
 152              		.loc 1 118 0
 153 000e C91A     		subs	r1, r1, r3
 154 0010 8842     		cmp	r0, r1
 155              	.LVL10:
 156              		.loc 1 121 0
 157 0012 9DBF     		ittte	ls
 158 0014 C018     		addls	r0, r0, r3
 159              	.LVL11:
 160 0016 1060     		strls	r0, [r2]
 161              		.loc 1 122 0
 162 0018 1846     		movls	r0, r3
 163              		.loc 1 119 0
 164 001a 0020     		movhi	r0, #0
 165              		.loc 1 123 0
 166 001c 7047     		bx	lr
 167              	.L13:
 168 001e 00BF     		.align	2
 169              	.L12:
 170 0020 00000000 		.word	.LANCHOR0
 171 0024 00000000 		.word	.LANCHOR1
ARM GAS  /tmp/cc0YdJHd.s 			page 4


 172              		.cfi_endproc
 173              	.LFE9:
 174              		.size	chCoreAllocI, .-chCoreAllocI
 175              		.section	.text.chCoreStatus,"ax",%progbits
 176              		.align	2
 177              		.global	chCoreStatus
 178              		.thumb
 179              		.thumb_func
 180              		.type	chCoreStatus, %function
 181              	chCoreStatus:
 182              	.LFB10:
 183              		.loc 1 132 0
 184              		.cfi_startproc
 185              		@ args = 0, pretend = 0, frame = 0
 186              		@ frame_needed = 0, uses_anonymous_args = 0
 187              		@ link register save eliminated.
 188              		.loc 1 134 0
 189 0000 024A     		ldr	r2, .L15
 190 0002 034B     		ldr	r3, .L15+4
 191 0004 1068     		ldr	r0, [r2]
 192 0006 1B68     		ldr	r3, [r3]
 193              		.loc 1 135 0
 194 0008 C01A     		subs	r0, r0, r3
 195 000a 7047     		bx	lr
 196              	.L16:
 197              		.align	2
 198              	.L15:
 199 000c 00000000 		.word	.LANCHOR1
 200 0010 00000000 		.word	.LANCHOR0
 201              		.cfi_endproc
 202              	.LFE10:
 203              		.size	chCoreStatus, .-chCoreStatus
 204              		.section	.bss.endmem,"aw",%nobits
 205              		.align	2
 206              		.set	.LANCHOR1,. + 0
 207              		.type	endmem, %object
 208              		.size	endmem, 4
 209              	endmem:
 210 0000 00000000 		.space	4
 211              		.section	.bss.nextmem,"aw",%nobits
 212              		.align	2
 213              		.set	.LANCHOR0,. + 0
 214              		.type	nextmem, %object
 215              		.size	nextmem, 4
 216              	nextmem:
 217 0000 00000000 		.space	4
 218              		.text
 219              	.Letext0:
 220              		.file 2 "/usr/lib/gcc/arm-none-eabi/4.8/include/stddef.h"
 221              		.file 3 "/usr/include/newlib/machine/_default_types.h"
 222              		.file 4 "/usr/include/newlib/stdint.h"
 223              		.section	.debug_info,"",%progbits
 224              	.Ldebug_info0:
 225 0000 1D020000 		.4byte	0x21d
 226 0004 0400     		.2byte	0x4
 227 0006 00000000 		.4byte	.Ldebug_abbrev0
 228 000a 04       		.byte	0x4
ARM GAS  /tmp/cc0YdJHd.s 			page 5


 229 000b 01       		.uleb128 0x1
 230 000c 7D010000 		.4byte	.LASF21
 231 0010 01       		.byte	0x1
 232 0011 3C010000 		.4byte	.LASF22
 233 0015 91000000 		.4byte	.LASF23
 234 0019 00000000 		.4byte	.Ldebug_ranges0+0
 235 001d 00000000 		.4byte	0
 236 0021 00000000 		.4byte	.Ldebug_line0
 237 0025 02       		.uleb128 0x2
 238 0026 04       		.byte	0x4
 239 0027 05       		.byte	0x5
 240 0028 696E7400 		.ascii	"int\000"
 241 002c 03       		.uleb128 0x3
 242 002d 11000000 		.4byte	.LASF2
 243 0031 02       		.byte	0x2
 244 0032 D4       		.byte	0xd4
 245 0033 37000000 		.4byte	0x37
 246 0037 04       		.uleb128 0x4
 247 0038 04       		.byte	0x4
 248 0039 07       		.byte	0x7
 249 003a CF000000 		.4byte	.LASF0
 250 003e 04       		.uleb128 0x4
 251 003f 01       		.byte	0x1
 252 0040 06       		.byte	0x6
 253 0041 71010000 		.4byte	.LASF1
 254 0045 03       		.uleb128 0x3
 255 0046 07000000 		.4byte	.LASF3
 256 004a 03       		.byte	0x3
 257 004b 1D       		.byte	0x1d
 258 004c 50000000 		.4byte	0x50
 259 0050 04       		.uleb128 0x4
 260 0051 01       		.byte	0x1
 261 0052 08       		.byte	0x8
 262 0053 6D000000 		.4byte	.LASF4
 263 0057 04       		.uleb128 0x4
 264 0058 02       		.byte	0x2
 265 0059 05       		.byte	0x5
 266 005a 32010000 		.4byte	.LASF5
 267 005e 04       		.uleb128 0x4
 268 005f 02       		.byte	0x2
 269 0060 07       		.byte	0x7
 270 0061 51000000 		.4byte	.LASF6
 271 0065 04       		.uleb128 0x4
 272 0066 04       		.byte	0x4
 273 0067 05       		.byte	0x5
 274 0068 68010000 		.4byte	.LASF7
 275 006c 03       		.uleb128 0x3
 276 006d 7B000000 		.4byte	.LASF8
 277 0071 03       		.byte	0x3
 278 0072 41       		.byte	0x41
 279 0073 77000000 		.4byte	0x77
 280 0077 04       		.uleb128 0x4
 281 0078 04       		.byte	0x4
 282 0079 07       		.byte	0x7
 283 007a 32000000 		.4byte	.LASF9
 284 007e 04       		.uleb128 0x4
 285 007f 08       		.byte	0x8
ARM GAS  /tmp/cc0YdJHd.s 			page 6


 286 0080 05       		.byte	0x5
 287 0081 12010000 		.4byte	.LASF10
 288 0085 04       		.uleb128 0x4
 289 0086 08       		.byte	0x8
 290 0087 07       		.byte	0x7
 291 0088 DC000000 		.4byte	.LASF11
 292 008c 03       		.uleb128 0x3
 293 008d F3000000 		.4byte	.LASF12
 294 0091 04       		.byte	0x4
 295 0092 2A       		.byte	0x2a
 296 0093 45000000 		.4byte	0x45
 297 0097 03       		.uleb128 0x3
 298 0098 64000000 		.4byte	.LASF13
 299 009c 04       		.byte	0x4
 300 009d 42       		.byte	0x42
 301 009e 6C000000 		.4byte	0x6c
 302 00a2 04       		.uleb128 0x4
 303 00a3 01       		.byte	0x1
 304 00a4 02       		.byte	0x2
 305 00a5 05020000 		.4byte	.LASF14
 306 00a9 05       		.uleb128 0x5
 307 00aa 04       		.byte	0x4
 308 00ab 04       		.uleb128 0x4
 309 00ac 04       		.byte	0x4
 310 00ad 07       		.byte	0x7
 311 00ae 09010000 		.4byte	.LASF15
 312 00b2 04       		.uleb128 0x4
 313 00b3 01       		.byte	0x1
 314 00b4 08       		.byte	0x8
 315 00b5 20010000 		.4byte	.LASF16
 316 00b9 06       		.uleb128 0x6
 317 00ba 04       		.byte	0x4
 318 00bb 8C000000 		.4byte	0x8c
 319 00bf 07       		.uleb128 0x7
 320 00c0 20000000 		.4byte	.LASF24
 321 00c4 01       		.byte	0x1
 322 00c5 70       		.byte	0x70
 323 00c6 A9000000 		.4byte	0xa9
 324 00ca 01       		.byte	0x1
 325 00cb E4000000 		.4byte	0xe4
 326 00cf 08       		.uleb128 0x8
 327 00d0 2D000000 		.4byte	.LASF25
 328 00d4 01       		.byte	0x1
 329 00d5 70       		.byte	0x70
 330 00d6 2C000000 		.4byte	0x2c
 331 00da 09       		.uleb128 0x9
 332 00db 7000     		.ascii	"p\000"
 333 00dd 01       		.byte	0x1
 334 00de 71       		.byte	0x71
 335 00df A9000000 		.4byte	0xa9
 336 00e3 00       		.byte	0
 337 00e4 0A       		.uleb128 0xa
 338 00e5 86000000 		.4byte	.LASF26
 339 00e9 01       		.byte	0x1
 340 00ea 42       		.byte	0x42
 341 00eb 00000000 		.4byte	.LFB7
 342 00ef 28000000 		.4byte	.LFE7-.LFB7
ARM GAS  /tmp/cc0YdJHd.s 			page 7


 343 00f3 01       		.uleb128 0x1
 344 00f4 9C       		.byte	0x9c
 345 00f5 10010000 		.4byte	0x110
 346 00f9 0B       		.uleb128 0xb
 347 00fa FB000000 		.4byte	.LASF17
 348 00fe 01       		.byte	0x1
 349 00ff 44       		.byte	0x44
 350 0100 10010000 		.4byte	0x110
 351 0104 0B       		.uleb128 0xb
 352 0105 25010000 		.4byte	.LASF18
 353 0109 01       		.byte	0x1
 354 010a 45       		.byte	0x45
 355 010b 10010000 		.4byte	0x110
 356 010f 00       		.byte	0
 357 0110 0C       		.uleb128 0xc
 358 0111 8C000000 		.4byte	0x8c
 359 0115 1B010000 		.4byte	0x11b
 360 0119 0D       		.uleb128 0xd
 361 011a 00       		.byte	0
 362 011b 0E       		.uleb128 0xe
 363 011c 5C010000 		.4byte	.LASF27
 364 0120 01       		.byte	0x1
 365 0121 5B       		.byte	0x5b
 366 0122 A9000000 		.4byte	0xa9
 367 0126 00000000 		.4byte	.LFB8
 368 012a 34000000 		.4byte	.LFE8-.LFB8
 369 012e 01       		.uleb128 0x1
 370 012f 9C       		.byte	0x9c
 371 0130 AF010000 		.4byte	0x1af
 372 0134 0F       		.uleb128 0xf
 373 0135 2D000000 		.4byte	.LASF25
 374 0139 01       		.byte	0x1
 375 013a 5B       		.byte	0x5b
 376 013b 2C000000 		.4byte	0x2c
 377 013f 00000000 		.4byte	.LLST0
 378 0143 09       		.uleb128 0x9
 379 0144 7000     		.ascii	"p\000"
 380 0146 01       		.byte	0x1
 381 0147 5C       		.byte	0x5c
 382 0148 A9000000 		.4byte	0xa9
 383 014c 10       		.uleb128 0x10
 384 014d 00000000 		.4byte	.LBB6
 385 0151 06000000 		.4byte	.LBE6-.LBB6
 386 0155 67010000 		.4byte	0x167
 387 0159 11       		.uleb128 0x11
 388 015a 746D7000 		.ascii	"tmp\000"
 389 015e 01       		.byte	0x1
 390 015f 5E       		.byte	0x5e
 391 0160 97000000 		.4byte	0x97
 392 0164 01       		.uleb128 0x1
 393 0165 53       		.byte	0x53
 394 0166 00       		.byte	0
 395 0167 12       		.uleb128 0x12
 396 0168 BF000000 		.4byte	0xbf
 397 016c 06000000 		.4byte	.LBB7
 398 0170 1C000000 		.4byte	.LBE7-.LBB7
 399 0174 01       		.byte	0x1
ARM GAS  /tmp/cc0YdJHd.s 			page 8


 400 0175 5F       		.byte	0x5f
 401 0176 97010000 		.4byte	0x197
 402 017a 13       		.uleb128 0x13
 403 017b CF000000 		.4byte	0xcf
 404 017f 2E000000 		.4byte	.LLST1
 405 0183 14       		.uleb128 0x14
 406 0184 06000000 		.4byte	.LBB8
 407 0188 1C000000 		.4byte	.LBE8-.LBB8
 408 018c 15       		.uleb128 0x15
 409 018d DA000000 		.4byte	0xda
 410 0191 6C000000 		.4byte	.LLST2
 411 0195 00       		.byte	0
 412 0196 00       		.byte	0
 413 0197 14       		.uleb128 0x14
 414 0198 22000000 		.4byte	.LBB9
 415 019c 06000000 		.4byte	.LBE9-.LBB9
 416 01a0 11       		.uleb128 0x11
 417 01a1 746D7000 		.ascii	"tmp\000"
 418 01a5 01       		.byte	0x1
 419 01a6 60       		.byte	0x60
 420 01a7 97000000 		.4byte	0x97
 421 01ab 01       		.uleb128 0x1
 422 01ac 53       		.byte	0x53
 423 01ad 00       		.byte	0
 424 01ae 00       		.byte	0
 425 01af 16       		.uleb128 0x16
 426 01b0 BF000000 		.4byte	0xbf
 427 01b4 00000000 		.4byte	.LFB9
 428 01b8 28000000 		.4byte	.LFE9-.LFB9
 429 01bc 01       		.uleb128 0x1
 430 01bd 9C       		.byte	0x9c
 431 01be D3010000 		.4byte	0x1d3
 432 01c2 13       		.uleb128 0x13
 433 01c3 CF000000 		.4byte	0xcf
 434 01c7 8E000000 		.4byte	.LLST3
 435 01cb 17       		.uleb128 0x17
 436 01cc DA000000 		.4byte	0xda
 437 01d0 01       		.uleb128 0x1
 438 01d1 53       		.byte	0x53
 439 01d2 00       		.byte	0
 440 01d3 18       		.uleb128 0x18
 441 01d4 44000000 		.4byte	.LASF28
 442 01d8 01       		.byte	0x1
 443 01d9 84       		.byte	0x84
 444 01da 2C000000 		.4byte	0x2c
 445 01de 00000000 		.4byte	.LFB10
 446 01e2 14000000 		.4byte	.LFE10-.LFB10
 447 01e6 01       		.uleb128 0x1
 448 01e7 9C       		.byte	0x9c
 449 01e8 19       		.uleb128 0x19
 450 01e9 18000000 		.4byte	.LASF19
 451 01ed 01       		.byte	0x1
 452 01ee 3A       		.byte	0x3a
 453 01ef B9000000 		.4byte	0xb9
 454 01f3 05       		.uleb128 0x5
 455 01f4 03       		.byte	0x3
 456 01f5 00000000 		.4byte	nextmem
ARM GAS  /tmp/cc0YdJHd.s 			page 9


 457 01f9 19       		.uleb128 0x19
 458 01fa 00000000 		.4byte	.LASF20
 459 01fe 01       		.byte	0x1
 460 01ff 3B       		.byte	0x3b
 461 0200 B9000000 		.4byte	0xb9
 462 0204 05       		.uleb128 0x5
 463 0205 03       		.byte	0x3
 464 0206 00000000 		.4byte	endmem
 465 020a 0B       		.uleb128 0xb
 466 020b FB000000 		.4byte	.LASF17
 467 020f 01       		.byte	0x1
 468 0210 44       		.byte	0x44
 469 0211 10010000 		.4byte	0x110
 470 0215 0B       		.uleb128 0xb
 471 0216 25010000 		.4byte	.LASF18
 472 021a 01       		.byte	0x1
 473 021b 45       		.byte	0x45
 474 021c 10010000 		.4byte	0x110
 475 0220 00       		.byte	0
 476              		.section	.debug_abbrev,"",%progbits
 477              	.Ldebug_abbrev0:
 478 0000 01       		.uleb128 0x1
 479 0001 11       		.uleb128 0x11
 480 0002 01       		.byte	0x1
 481 0003 25       		.uleb128 0x25
 482 0004 0E       		.uleb128 0xe
 483 0005 13       		.uleb128 0x13
 484 0006 0B       		.uleb128 0xb
 485 0007 03       		.uleb128 0x3
 486 0008 0E       		.uleb128 0xe
 487 0009 1B       		.uleb128 0x1b
 488 000a 0E       		.uleb128 0xe
 489 000b 55       		.uleb128 0x55
 490 000c 17       		.uleb128 0x17
 491 000d 11       		.uleb128 0x11
 492 000e 01       		.uleb128 0x1
 493 000f 10       		.uleb128 0x10
 494 0010 17       		.uleb128 0x17
 495 0011 00       		.byte	0
 496 0012 00       		.byte	0
 497 0013 02       		.uleb128 0x2
 498 0014 24       		.uleb128 0x24
 499 0015 00       		.byte	0
 500 0016 0B       		.uleb128 0xb
 501 0017 0B       		.uleb128 0xb
 502 0018 3E       		.uleb128 0x3e
 503 0019 0B       		.uleb128 0xb
 504 001a 03       		.uleb128 0x3
 505 001b 08       		.uleb128 0x8
 506 001c 00       		.byte	0
 507 001d 00       		.byte	0
 508 001e 03       		.uleb128 0x3
 509 001f 16       		.uleb128 0x16
 510 0020 00       		.byte	0
 511 0021 03       		.uleb128 0x3
 512 0022 0E       		.uleb128 0xe
 513 0023 3A       		.uleb128 0x3a
ARM GAS  /tmp/cc0YdJHd.s 			page 10


 514 0024 0B       		.uleb128 0xb
 515 0025 3B       		.uleb128 0x3b
 516 0026 0B       		.uleb128 0xb
 517 0027 49       		.uleb128 0x49
 518 0028 13       		.uleb128 0x13
 519 0029 00       		.byte	0
 520 002a 00       		.byte	0
 521 002b 04       		.uleb128 0x4
 522 002c 24       		.uleb128 0x24
 523 002d 00       		.byte	0
 524 002e 0B       		.uleb128 0xb
 525 002f 0B       		.uleb128 0xb
 526 0030 3E       		.uleb128 0x3e
 527 0031 0B       		.uleb128 0xb
 528 0032 03       		.uleb128 0x3
 529 0033 0E       		.uleb128 0xe
 530 0034 00       		.byte	0
 531 0035 00       		.byte	0
 532 0036 05       		.uleb128 0x5
 533 0037 0F       		.uleb128 0xf
 534 0038 00       		.byte	0
 535 0039 0B       		.uleb128 0xb
 536 003a 0B       		.uleb128 0xb
 537 003b 00       		.byte	0
 538 003c 00       		.byte	0
 539 003d 06       		.uleb128 0x6
 540 003e 0F       		.uleb128 0xf
 541 003f 00       		.byte	0
 542 0040 0B       		.uleb128 0xb
 543 0041 0B       		.uleb128 0xb
 544 0042 49       		.uleb128 0x49
 545 0043 13       		.uleb128 0x13
 546 0044 00       		.byte	0
 547 0045 00       		.byte	0
 548 0046 07       		.uleb128 0x7
 549 0047 2E       		.uleb128 0x2e
 550 0048 01       		.byte	0x1
 551 0049 3F       		.uleb128 0x3f
 552 004a 19       		.uleb128 0x19
 553 004b 03       		.uleb128 0x3
 554 004c 0E       		.uleb128 0xe
 555 004d 3A       		.uleb128 0x3a
 556 004e 0B       		.uleb128 0xb
 557 004f 3B       		.uleb128 0x3b
 558 0050 0B       		.uleb128 0xb
 559 0051 27       		.uleb128 0x27
 560 0052 19       		.uleb128 0x19
 561 0053 49       		.uleb128 0x49
 562 0054 13       		.uleb128 0x13
 563 0055 20       		.uleb128 0x20
 564 0056 0B       		.uleb128 0xb
 565 0057 01       		.uleb128 0x1
 566 0058 13       		.uleb128 0x13
 567 0059 00       		.byte	0
 568 005a 00       		.byte	0
 569 005b 08       		.uleb128 0x8
 570 005c 05       		.uleb128 0x5
ARM GAS  /tmp/cc0YdJHd.s 			page 11


 571 005d 00       		.byte	0
 572 005e 03       		.uleb128 0x3
 573 005f 0E       		.uleb128 0xe
 574 0060 3A       		.uleb128 0x3a
 575 0061 0B       		.uleb128 0xb
 576 0062 3B       		.uleb128 0x3b
 577 0063 0B       		.uleb128 0xb
 578 0064 49       		.uleb128 0x49
 579 0065 13       		.uleb128 0x13
 580 0066 00       		.byte	0
 581 0067 00       		.byte	0
 582 0068 09       		.uleb128 0x9
 583 0069 34       		.uleb128 0x34
 584 006a 00       		.byte	0
 585 006b 03       		.uleb128 0x3
 586 006c 08       		.uleb128 0x8
 587 006d 3A       		.uleb128 0x3a
 588 006e 0B       		.uleb128 0xb
 589 006f 3B       		.uleb128 0x3b
 590 0070 0B       		.uleb128 0xb
 591 0071 49       		.uleb128 0x49
 592 0072 13       		.uleb128 0x13
 593 0073 00       		.byte	0
 594 0074 00       		.byte	0
 595 0075 0A       		.uleb128 0xa
 596 0076 2E       		.uleb128 0x2e
 597 0077 01       		.byte	0x1
 598 0078 3F       		.uleb128 0x3f
 599 0079 19       		.uleb128 0x19
 600 007a 03       		.uleb128 0x3
 601 007b 0E       		.uleb128 0xe
 602 007c 3A       		.uleb128 0x3a
 603 007d 0B       		.uleb128 0xb
 604 007e 3B       		.uleb128 0x3b
 605 007f 0B       		.uleb128 0xb
 606 0080 27       		.uleb128 0x27
 607 0081 19       		.uleb128 0x19
 608 0082 11       		.uleb128 0x11
 609 0083 01       		.uleb128 0x1
 610 0084 12       		.uleb128 0x12
 611 0085 06       		.uleb128 0x6
 612 0086 40       		.uleb128 0x40
 613 0087 18       		.uleb128 0x18
 614 0088 9742     		.uleb128 0x2117
 615 008a 19       		.uleb128 0x19
 616 008b 01       		.uleb128 0x1
 617 008c 13       		.uleb128 0x13
 618 008d 00       		.byte	0
 619 008e 00       		.byte	0
 620 008f 0B       		.uleb128 0xb
 621 0090 34       		.uleb128 0x34
 622 0091 00       		.byte	0
 623 0092 03       		.uleb128 0x3
 624 0093 0E       		.uleb128 0xe
 625 0094 3A       		.uleb128 0x3a
 626 0095 0B       		.uleb128 0xb
 627 0096 3B       		.uleb128 0x3b
ARM GAS  /tmp/cc0YdJHd.s 			page 12


 628 0097 0B       		.uleb128 0xb
 629 0098 49       		.uleb128 0x49
 630 0099 13       		.uleb128 0x13
 631 009a 3F       		.uleb128 0x3f
 632 009b 19       		.uleb128 0x19
 633 009c 3C       		.uleb128 0x3c
 634 009d 19       		.uleb128 0x19
 635 009e 00       		.byte	0
 636 009f 00       		.byte	0
 637 00a0 0C       		.uleb128 0xc
 638 00a1 01       		.uleb128 0x1
 639 00a2 01       		.byte	0x1
 640 00a3 49       		.uleb128 0x49
 641 00a4 13       		.uleb128 0x13
 642 00a5 01       		.uleb128 0x1
 643 00a6 13       		.uleb128 0x13
 644 00a7 00       		.byte	0
 645 00a8 00       		.byte	0
 646 00a9 0D       		.uleb128 0xd
 647 00aa 21       		.uleb128 0x21
 648 00ab 00       		.byte	0
 649 00ac 00       		.byte	0
 650 00ad 00       		.byte	0
 651 00ae 0E       		.uleb128 0xe
 652 00af 2E       		.uleb128 0x2e
 653 00b0 01       		.byte	0x1
 654 00b1 3F       		.uleb128 0x3f
 655 00b2 19       		.uleb128 0x19
 656 00b3 03       		.uleb128 0x3
 657 00b4 0E       		.uleb128 0xe
 658 00b5 3A       		.uleb128 0x3a
 659 00b6 0B       		.uleb128 0xb
 660 00b7 3B       		.uleb128 0x3b
 661 00b8 0B       		.uleb128 0xb
 662 00b9 27       		.uleb128 0x27
 663 00ba 19       		.uleb128 0x19
 664 00bb 49       		.uleb128 0x49
 665 00bc 13       		.uleb128 0x13
 666 00bd 11       		.uleb128 0x11
 667 00be 01       		.uleb128 0x1
 668 00bf 12       		.uleb128 0x12
 669 00c0 06       		.uleb128 0x6
 670 00c1 40       		.uleb128 0x40
 671 00c2 18       		.uleb128 0x18
 672 00c3 9742     		.uleb128 0x2117
 673 00c5 19       		.uleb128 0x19
 674 00c6 01       		.uleb128 0x1
 675 00c7 13       		.uleb128 0x13
 676 00c8 00       		.byte	0
 677 00c9 00       		.byte	0
 678 00ca 0F       		.uleb128 0xf
 679 00cb 05       		.uleb128 0x5
 680 00cc 00       		.byte	0
 681 00cd 03       		.uleb128 0x3
 682 00ce 0E       		.uleb128 0xe
 683 00cf 3A       		.uleb128 0x3a
 684 00d0 0B       		.uleb128 0xb
ARM GAS  /tmp/cc0YdJHd.s 			page 13


 685 00d1 3B       		.uleb128 0x3b
 686 00d2 0B       		.uleb128 0xb
 687 00d3 49       		.uleb128 0x49
 688 00d4 13       		.uleb128 0x13
 689 00d5 02       		.uleb128 0x2
 690 00d6 17       		.uleb128 0x17
 691 00d7 00       		.byte	0
 692 00d8 00       		.byte	0
 693 00d9 10       		.uleb128 0x10
 694 00da 0B       		.uleb128 0xb
 695 00db 01       		.byte	0x1
 696 00dc 11       		.uleb128 0x11
 697 00dd 01       		.uleb128 0x1
 698 00de 12       		.uleb128 0x12
 699 00df 06       		.uleb128 0x6
 700 00e0 01       		.uleb128 0x1
 701 00e1 13       		.uleb128 0x13
 702 00e2 00       		.byte	0
 703 00e3 00       		.byte	0
 704 00e4 11       		.uleb128 0x11
 705 00e5 34       		.uleb128 0x34
 706 00e6 00       		.byte	0
 707 00e7 03       		.uleb128 0x3
 708 00e8 08       		.uleb128 0x8
 709 00e9 3A       		.uleb128 0x3a
 710 00ea 0B       		.uleb128 0xb
 711 00eb 3B       		.uleb128 0x3b
 712 00ec 0B       		.uleb128 0xb
 713 00ed 49       		.uleb128 0x49
 714 00ee 13       		.uleb128 0x13
 715 00ef 02       		.uleb128 0x2
 716 00f0 18       		.uleb128 0x18
 717 00f1 00       		.byte	0
 718 00f2 00       		.byte	0
 719 00f3 12       		.uleb128 0x12
 720 00f4 1D       		.uleb128 0x1d
 721 00f5 01       		.byte	0x1
 722 00f6 31       		.uleb128 0x31
 723 00f7 13       		.uleb128 0x13
 724 00f8 11       		.uleb128 0x11
 725 00f9 01       		.uleb128 0x1
 726 00fa 12       		.uleb128 0x12
 727 00fb 06       		.uleb128 0x6
 728 00fc 58       		.uleb128 0x58
 729 00fd 0B       		.uleb128 0xb
 730 00fe 59       		.uleb128 0x59
 731 00ff 0B       		.uleb128 0xb
 732 0100 01       		.uleb128 0x1
 733 0101 13       		.uleb128 0x13
 734 0102 00       		.byte	0
 735 0103 00       		.byte	0
 736 0104 13       		.uleb128 0x13
 737 0105 05       		.uleb128 0x5
 738 0106 00       		.byte	0
 739 0107 31       		.uleb128 0x31
 740 0108 13       		.uleb128 0x13
 741 0109 02       		.uleb128 0x2
ARM GAS  /tmp/cc0YdJHd.s 			page 14


 742 010a 17       		.uleb128 0x17
 743 010b 00       		.byte	0
 744 010c 00       		.byte	0
 745 010d 14       		.uleb128 0x14
 746 010e 0B       		.uleb128 0xb
 747 010f 01       		.byte	0x1
 748 0110 11       		.uleb128 0x11
 749 0111 01       		.uleb128 0x1
 750 0112 12       		.uleb128 0x12
 751 0113 06       		.uleb128 0x6
 752 0114 00       		.byte	0
 753 0115 00       		.byte	0
 754 0116 15       		.uleb128 0x15
 755 0117 34       		.uleb128 0x34
 756 0118 00       		.byte	0
 757 0119 31       		.uleb128 0x31
 758 011a 13       		.uleb128 0x13
 759 011b 02       		.uleb128 0x2
 760 011c 17       		.uleb128 0x17
 761 011d 00       		.byte	0
 762 011e 00       		.byte	0
 763 011f 16       		.uleb128 0x16
 764 0120 2E       		.uleb128 0x2e
 765 0121 01       		.byte	0x1
 766 0122 31       		.uleb128 0x31
 767 0123 13       		.uleb128 0x13
 768 0124 11       		.uleb128 0x11
 769 0125 01       		.uleb128 0x1
 770 0126 12       		.uleb128 0x12
 771 0127 06       		.uleb128 0x6
 772 0128 40       		.uleb128 0x40
 773 0129 18       		.uleb128 0x18
 774 012a 9742     		.uleb128 0x2117
 775 012c 19       		.uleb128 0x19
 776 012d 01       		.uleb128 0x1
 777 012e 13       		.uleb128 0x13
 778 012f 00       		.byte	0
 779 0130 00       		.byte	0
 780 0131 17       		.uleb128 0x17
 781 0132 34       		.uleb128 0x34
 782 0133 00       		.byte	0
 783 0134 31       		.uleb128 0x31
 784 0135 13       		.uleb128 0x13
 785 0136 02       		.uleb128 0x2
 786 0137 18       		.uleb128 0x18
 787 0138 00       		.byte	0
 788 0139 00       		.byte	0
 789 013a 18       		.uleb128 0x18
 790 013b 2E       		.uleb128 0x2e
 791 013c 00       		.byte	0
 792 013d 3F       		.uleb128 0x3f
 793 013e 19       		.uleb128 0x19
 794 013f 03       		.uleb128 0x3
 795 0140 0E       		.uleb128 0xe
 796 0141 3A       		.uleb128 0x3a
 797 0142 0B       		.uleb128 0xb
 798 0143 3B       		.uleb128 0x3b
ARM GAS  /tmp/cc0YdJHd.s 			page 15


 799 0144 0B       		.uleb128 0xb
 800 0145 27       		.uleb128 0x27
 801 0146 19       		.uleb128 0x19
 802 0147 49       		.uleb128 0x49
 803 0148 13       		.uleb128 0x13
 804 0149 11       		.uleb128 0x11
 805 014a 01       		.uleb128 0x1
 806 014b 12       		.uleb128 0x12
 807 014c 06       		.uleb128 0x6
 808 014d 40       		.uleb128 0x40
 809 014e 18       		.uleb128 0x18
 810 014f 9742     		.uleb128 0x2117
 811 0151 19       		.uleb128 0x19
 812 0152 00       		.byte	0
 813 0153 00       		.byte	0
 814 0154 19       		.uleb128 0x19
 815 0155 34       		.uleb128 0x34
 816 0156 00       		.byte	0
 817 0157 03       		.uleb128 0x3
 818 0158 0E       		.uleb128 0xe
 819 0159 3A       		.uleb128 0x3a
 820 015a 0B       		.uleb128 0xb
 821 015b 3B       		.uleb128 0x3b
 822 015c 0B       		.uleb128 0xb
 823 015d 49       		.uleb128 0x49
 824 015e 13       		.uleb128 0x13
 825 015f 02       		.uleb128 0x2
 826 0160 18       		.uleb128 0x18
 827 0161 00       		.byte	0
 828 0162 00       		.byte	0
 829 0163 00       		.byte	0
 830              		.section	.debug_loc,"",%progbits
 831              	.Ldebug_loc0:
 832              	.LLST0:
 833 0000 00000000 		.4byte	.LVL0
 834 0004 10000000 		.4byte	.LVL2
 835 0008 0100     		.2byte	0x1
 836 000a 50       		.byte	0x50
 837 000b 10000000 		.4byte	.LVL2
 838 000f 14000000 		.4byte	.LVL3
 839 0013 0300     		.2byte	0x3
 840 0015 70       		.byte	0x70
 841 0016 79       		.sleb128 -7
 842 0017 9F       		.byte	0x9f
 843 0018 14000000 		.4byte	.LVL3
 844 001c 34000000 		.4byte	.LFE8
 845 0020 0400     		.2byte	0x4
 846 0022 F3       		.byte	0xf3
 847 0023 01       		.uleb128 0x1
 848 0024 50       		.byte	0x50
 849 0025 9F       		.byte	0x9f
 850 0026 00000000 		.4byte	0
 851 002a 00000000 		.4byte	0
 852              	.LLST1:
 853 002e 06000000 		.4byte	.LVL1
 854 0032 10000000 		.4byte	.LVL2
 855 0036 0100     		.2byte	0x1
ARM GAS  /tmp/cc0YdJHd.s 			page 16


 856 0038 50       		.byte	0x50
 857 0039 10000000 		.4byte	.LVL2
 858 003d 14000000 		.4byte	.LVL3
 859 0041 0300     		.2byte	0x3
 860 0043 70       		.byte	0x70
 861 0044 79       		.sleb128 -7
 862 0045 9F       		.byte	0x9f
 863 0046 14000000 		.4byte	.LVL3
 864 004a 1C000000 		.4byte	.LVL5
 865 004e 0100     		.2byte	0x1
 866 0050 50       		.byte	0x50
 867 0051 1C000000 		.4byte	.LVL5
 868 0055 34000000 		.4byte	.LFE8
 869 0059 0900     		.2byte	0x9
 870 005b F3       		.byte	0xf3
 871 005c 01       		.uleb128 0x1
 872 005d 50       		.byte	0x50
 873 005e 23       		.byte	0x23
 874 005f 07       		.uleb128 0x7
 875 0060 09       		.byte	0x9
 876 0061 F8       		.byte	0xf8
 877 0062 1A       		.byte	0x1a
 878 0063 9F       		.byte	0x9f
 879 0064 00000000 		.4byte	0
 880 0068 00000000 		.4byte	0
 881              	.LLST2:
 882 006c 18000000 		.4byte	.LVL4
 883 0070 24000000 		.4byte	.LVL6
 884 0074 0100     		.2byte	0x1
 885 0076 53       		.byte	0x53
 886 0077 24000000 		.4byte	.LVL6
 887 007b 34000000 		.4byte	.LFE8
 888 007f 0500     		.2byte	0x5
 889 0081 03       		.byte	0x3
 890 0082 00000000 		.4byte	nextmem
 891 0086 00000000 		.4byte	0
 892 008a 00000000 		.4byte	0
 893              	.LLST3:
 894 008e 00000000 		.4byte	.LVL7
 895 0092 0A000000 		.4byte	.LVL8
 896 0096 0100     		.2byte	0x1
 897 0098 50       		.byte	0x50
 898 0099 0A000000 		.4byte	.LVL8
 899 009d 0E000000 		.4byte	.LVL9
 900 00a1 0300     		.2byte	0x3
 901 00a3 70       		.byte	0x70
 902 00a4 79       		.sleb128 -7
 903 00a5 9F       		.byte	0x9f
 904 00a6 0E000000 		.4byte	.LVL9
 905 00aa 16000000 		.4byte	.LVL11
 906 00ae 0100     		.2byte	0x1
 907 00b0 50       		.byte	0x50
 908 00b1 16000000 		.4byte	.LVL11
 909 00b5 28000000 		.4byte	.LFE9
 910 00b9 0900     		.2byte	0x9
 911 00bb F3       		.byte	0xf3
 912 00bc 01       		.uleb128 0x1
ARM GAS  /tmp/cc0YdJHd.s 			page 17


 913 00bd 50       		.byte	0x50
 914 00be 23       		.byte	0x23
 915 00bf 07       		.uleb128 0x7
 916 00c0 09       		.byte	0x9
 917 00c1 F8       		.byte	0xf8
 918 00c2 1A       		.byte	0x1a
 919 00c3 9F       		.byte	0x9f
 920 00c4 00000000 		.4byte	0
 921 00c8 00000000 		.4byte	0
 922              		.section	.debug_aranges,"",%progbits
 923 0000 34000000 		.4byte	0x34
 924 0004 0200     		.2byte	0x2
 925 0006 00000000 		.4byte	.Ldebug_info0
 926 000a 04       		.byte	0x4
 927 000b 00       		.byte	0
 928 000c 0000     		.2byte	0
 929 000e 0000     		.2byte	0
 930 0010 00000000 		.4byte	.LFB7
 931 0014 28000000 		.4byte	.LFE7-.LFB7
 932 0018 00000000 		.4byte	.LFB8
 933 001c 34000000 		.4byte	.LFE8-.LFB8
 934 0020 00000000 		.4byte	.LFB9
 935 0024 28000000 		.4byte	.LFE9-.LFB9
 936 0028 00000000 		.4byte	.LFB10
 937 002c 14000000 		.4byte	.LFE10-.LFB10
 938 0030 00000000 		.4byte	0
 939 0034 00000000 		.4byte	0
 940              		.section	.debug_ranges,"",%progbits
 941              	.Ldebug_ranges0:
 942 0000 00000000 		.4byte	.LFB7
 943 0004 28000000 		.4byte	.LFE7
 944 0008 00000000 		.4byte	.LFB8
 945 000c 34000000 		.4byte	.LFE8
 946 0010 00000000 		.4byte	.LFB9
 947 0014 28000000 		.4byte	.LFE9
 948 0018 00000000 		.4byte	.LFB10
 949 001c 14000000 		.4byte	.LFE10
 950 0020 00000000 		.4byte	0
 951 0024 00000000 		.4byte	0
 952              		.section	.debug_line,"",%progbits
 953              	.Ldebug_line0:
 954 0000 1D010000 		.section	.debug_str,"MS",%progbits,1
 954      0200B900 
 954      00000201 
 954      FB0E0D00 
 954      01010101 
 955              	.LASF20:
 956 0000 656E646D 		.ascii	"endmem\000"
 956      656D00
 957              	.LASF3:
 958 0007 5F5F7569 		.ascii	"__uint8_t\000"
 958      6E74385F 
 958      7400
 959              	.LASF2:
 960 0011 73697A65 		.ascii	"size_t\000"
 960      5F7400
 961              	.LASF19:
ARM GAS  /tmp/cc0YdJHd.s 			page 18


 962 0018 6E657874 		.ascii	"nextmem\000"
 962      6D656D00 
 963              	.LASF24:
 964 0020 6368436F 		.ascii	"chCoreAllocI\000"
 964      7265416C 
 964      6C6F6349 
 964      00
 965              	.LASF25:
 966 002d 73697A65 		.ascii	"size\000"
 966      00
 967              	.LASF9:
 968 0032 6C6F6E67 		.ascii	"long unsigned int\000"
 968      20756E73 
 968      69676E65 
 968      6420696E 
 968      7400
 969              	.LASF28:
 970 0044 6368436F 		.ascii	"chCoreStatus\000"
 970      72655374 
 970      61747573 
 970      00
 971              	.LASF6:
 972 0051 73686F72 		.ascii	"short unsigned int\000"
 972      7420756E 
 972      7369676E 
 972      65642069 
 972      6E7400
 973              	.LASF13:
 974 0064 75696E74 		.ascii	"uint32_t\000"
 974      33325F74 
 974      00
 975              	.LASF4:
 976 006d 756E7369 		.ascii	"unsigned char\000"
 976      676E6564 
 976      20636861 
 976      7200
 977              	.LASF8:
 978 007b 5F5F7569 		.ascii	"__uint32_t\000"
 978      6E743332 
 978      5F7400
 979              	.LASF26:
 980 0086 5F636F72 		.ascii	"_core_init\000"
 980      655F696E 
 980      697400
 981              	.LASF23:
 982 0091 2F686F6D 		.ascii	"/home/development/Projects/openpv/TF_OSC_ChibiOS/jo"
 982      652F6465 
 982      76656C6F 
 982      706D656E 
 982      742F5072 
 983 00c4 6D626C6F 		.ascii	"mblo/BASIC\000"
 983      2F424153 
 983      494300
 984              	.LASF0:
 985 00cf 756E7369 		.ascii	"unsigned int\000"
 985      676E6564 
 985      20696E74 
ARM GAS  /tmp/cc0YdJHd.s 			page 19


 985      00
 986              	.LASF11:
 987 00dc 6C6F6E67 		.ascii	"long long unsigned int\000"
 987      206C6F6E 
 987      6720756E 
 987      7369676E 
 987      65642069 
 988              	.LASF12:
 989 00f3 75696E74 		.ascii	"uint8_t\000"
 989      385F7400 
 990              	.LASF17:
 991 00fb 5F5F6865 		.ascii	"__heap_base__\000"
 991      61705F62 
 991      6173655F 
 991      5F00
 992              	.LASF15:
 993 0109 73697A65 		.ascii	"sizetype\000"
 993      74797065 
 993      00
 994              	.LASF10:
 995 0112 6C6F6E67 		.ascii	"long long int\000"
 995      206C6F6E 
 995      6720696E 
 995      7400
 996              	.LASF16:
 997 0120 63686172 		.ascii	"char\000"
 997      00
 998              	.LASF18:
 999 0125 5F5F6865 		.ascii	"__heap_end__\000"
 999      61705F65 
 999      6E645F5F 
 999      00
 1000              	.LASF5:
 1001 0132 73686F72 		.ascii	"short int\000"
 1001      7420696E 
 1001      7400
 1002              	.LASF22:
 1003 013c 2E2E2F2E 		.ascii	"../../os/kernel/src/chmemcore.c\000"
 1003      2E2F6F73 
 1003      2F6B6572 
 1003      6E656C2F 
 1003      7372632F 
 1004              	.LASF27:
 1005 015c 6368436F 		.ascii	"chCoreAlloc\000"
 1005      7265416C 
 1005      6C6F6300 
 1006              	.LASF7:
 1007 0168 6C6F6E67 		.ascii	"long int\000"
 1007      20696E74 
 1007      00
 1008              	.LASF1:
 1009 0171 7369676E 		.ascii	"signed char\000"
 1009      65642063 
 1009      68617200 
 1010              	.LASF21:
 1011 017d 474E5520 		.ascii	"GNU C 4.8.3 -mcpu=cortex-m3 -mno-thumb-interwork -m"
 1011      4320342E 
ARM GAS  /tmp/cc0YdJHd.s 			page 20


 1011      382E3320 
 1011      2D6D6370 
 1011      753D636F 
 1012 01b0 7468756D 		.ascii	"thumb -ggdb -O2 -fomit-frame-pointer -ffunction-sec"
 1012      62202D67 
 1012      67646220 
 1012      2D4F3220 
 1012      2D666F6D 
 1013 01e3 74696F6E 		.ascii	"tions -fdata-sections -fno-common\000"
 1013      73202D66 
 1013      64617461 
 1013      2D736563 
 1013      74696F6E 
 1014              	.LASF14:
 1015 0205 5F426F6F 		.ascii	"_Bool\000"
 1015      6C00
 1016              		.ident	"GCC: (4.8.3-18ubuntu2+12) 4.8.3"
ARM GAS  /tmp/cc0YdJHd.s 			page 21


DEFINED SYMBOLS
                            *ABS*:00000000 chmemcore.c
     /tmp/cc0YdJHd.s:19     .text._core_init:00000000 $t
     /tmp/cc0YdJHd.s:24     .text._core_init:00000000 _core_init
     /tmp/cc0YdJHd.s:52     .text._core_init:00000018 $d
     /tmp/cc0YdJHd.s:60     .text.chCoreAlloc:00000000 $t
     /tmp/cc0YdJHd.s:65     .text.chCoreAlloc:00000000 chCoreAlloc
     /tmp/cc0YdJHd.s:123    .text.chCoreAlloc:0000002c $d
     /tmp/cc0YdJHd.s:129    .text.chCoreAllocI:00000000 $t
     /tmp/cc0YdJHd.s:134    .text.chCoreAllocI:00000000 chCoreAllocI
     /tmp/cc0YdJHd.s:170    .text.chCoreAllocI:00000020 $d
     /tmp/cc0YdJHd.s:176    .text.chCoreStatus:00000000 $t
     /tmp/cc0YdJHd.s:181    .text.chCoreStatus:00000000 chCoreStatus
     /tmp/cc0YdJHd.s:199    .text.chCoreStatus:0000000c $d
     /tmp/cc0YdJHd.s:205    .bss.endmem:00000000 $d
     /tmp/cc0YdJHd.s:209    .bss.endmem:00000000 endmem
     /tmp/cc0YdJHd.s:212    .bss.nextmem:00000000 $d
     /tmp/cc0YdJHd.s:216    .bss.nextmem:00000000 nextmem
                     .debug_frame:00000010 $d

UNDEFINED SYMBOLS
__heap_base__
__heap_end__
