ARM GAS  /tmp/cc9DosNL.s 			page 1


   1              		.syntax unified
   2              		.cpu cortex-m3
   3              		.fpu softvfp
   4              		.eabi_attribute 20, 1
   5              		.eabi_attribute 21, 1
   6              		.eabi_attribute 23, 3
   7              		.eabi_attribute 24, 1
   8              		.eabi_attribute 25, 1
   9              		.eabi_attribute 26, 1
  10              		.eabi_attribute 30, 2
  11              		.eabi_attribute 34, 1
  12              		.eabi_attribute 18, 4
  13              		.thumb
  14              		.file	"chmsg.c"
  15              		.text
  16              	.Ltext0:
  17              		.cfi_sections	.debug_frame
  18              		.section	.text.chMsgSend,"ax",%progbits
  19              		.align	2
  20              		.global	chMsgSend
  21              		.thumb
  22              		.thumb_func
  23              		.type	chMsgSend, %function
  24              	chMsgSend:
  25              	.LFB7:
  26              		.file 1 "../../os/kernel/src/chmsg.c"
  27              		.loc 1 75 0
  28              		.cfi_startproc
  29              		@ args = 0, pretend = 0, frame = 0
  30              		@ frame_needed = 0, uses_anonymous_args = 0
  31              	.LVL0:
  32              		.loc 1 76 0
  33 0000 0E4B     		ldr	r3, .L5
  34              		.loc 1 75 0
  35 0002 70B5     		push	{r4, r5, r6, lr}
  36              		.cfi_def_cfa_offset 16
  37              		.cfi_offset 4, -16
  38              		.cfi_offset 5, -12
  39              		.cfi_offset 6, -8
  40              		.cfi_offset 14, -4
  41              		.loc 1 76 0
  42 0004 9C69     		ldr	r4, [r3, #24]
  43              	.LVL1:
  44              	.LBB10:
  45              		.loc 1 80 0
  46 0006 2023     		movs	r3, #32
  47              	@ 80 "../../os/kernel/src/chmsg.c" 1
  48 0008 83F31188 		msr     BASEPRI, r3
  49              	@ 0 "" 2
  50              		.thumb
  51              	.LBE10:
  52              		.loc 1 82 0
  53 000c 00F12C05 		add	r5, r0, #44
  54              		.loc 1 84 0
  55 0010 067F     		ldrb	r6, [r0, #28]	@ zero_extendqisi2
  56              		.loc 1 82 0
  57 0012 6562     		str	r5, [r4, #36]
ARM GAS  /tmp/cc9DosNL.s 			page 2


  58              	.LVL2:
  59              	.LBB11:
  60              	.LBB12:
  61              		.file 2 "../../os/kernel/include/chinline.h"
  62              		.loc 2 55 0
  63 0014 036B     		ldr	r3, [r0, #48]
  64              	.LBE12:
  65              	.LBE11:
  66              		.loc 1 84 0
  67 0016 0C2E     		cmp	r6, #12
  68              		.loc 1 81 0
  69 0018 6163     		str	r1, [r4, #52]
  70              	.LBB14:
  71              	.LBB13:
  72              		.loc 2 54 0
  73 001a 2560     		str	r5, [r4]
  74              		.loc 2 55 0
  75 001c 6360     		str	r3, [r4, #4]
  76              		.loc 2 56 0
  77 001e 0463     		str	r4, [r0, #48]
  78 0020 1C60     		str	r4, [r3]
  79              	.LBE13:
  80              	.LBE14:
  81              		.loc 1 84 0
  82 0022 07D0     		beq	.L4
  83              	.LVL3:
  84              	.L2:
  85              		.loc 1 86 0
  86 0024 0A20     		movs	r0, #10
  87 0026 FFF7FEFF 		bl	chSchGoSleepS
  88              	.LVL4:
  89              		.loc 1 87 0
  90 002a 606A     		ldr	r0, [r4, #36]
  91              	.LVL5:
  92              	.LBB15:
  93              		.loc 1 88 0
  94 002c 0023     		movs	r3, #0
  95              	@ 88 "../../os/kernel/src/chmsg.c" 1
  96 002e 83F31188 		msr     BASEPRI, r3
  97              	@ 0 "" 2
  98              		.thumb
  99              	.LBE15:
 100              		.loc 1 90 0
 101 0032 70BD     		pop	{r4, r5, r6, pc}
 102              	.LVL6:
 103              	.L4:
 104              		.loc 1 85 0
 105 0034 FFF7FEFF 		bl	chSchReadyI
 106              	.LVL7:
 107 0038 F4E7     		b	.L2
 108              	.L6:
 109 003a 00BF     		.align	2
 110              	.L5:
 111 003c 00000000 		.word	rlist
 112              		.cfi_endproc
 113              	.LFE7:
 114              		.size	chMsgSend, .-chMsgSend
ARM GAS  /tmp/cc9DosNL.s 			page 3


 115              		.section	.text.chMsgWait,"ax",%progbits
 116              		.align	2
 117              		.global	chMsgWait
 118              		.thumb
 119              		.thumb_func
 120              		.type	chMsgWait, %function
 121              	chMsgWait:
 122              	.LFB8:
 123              		.loc 1 106 0
 124              		.cfi_startproc
 125              		@ args = 0, pretend = 0, frame = 0
 126              		@ frame_needed = 0, uses_anonymous_args = 0
 127 0000 10B5     		push	{r4, lr}
 128              		.cfi_def_cfa_offset 8
 129              		.cfi_offset 4, -8
 130              		.cfi_offset 14, -4
 131              	.LBB16:
 132              		.loc 1 109 0
 133 0002 2023     		movs	r3, #32
 134              	@ 109 "../../os/kernel/src/chmsg.c" 1
 135 0004 83F31188 		msr     BASEPRI, r3
 136              	@ 0 "" 2
 137              		.thumb
 138              	.LBE16:
 139              		.loc 1 110 0
 140 0008 0B4C     		ldr	r4, .L10
 141 000a A369     		ldr	r3, [r4, #24]
 142 000c 1A46     		mov	r2, r3
 143 000e 52F82C0F 		ldr	r0, [r2, #44]!
 144 0012 9042     		cmp	r0, r2
 145 0014 08D0     		beq	.L9
 146              	.L8:
 147              	.LVL8:
 148              	.LBB17:
 149              	.LBB18:
 150              		.loc 2 62 0
 151 0016 0168     		ldr	r1, [r0]
 152              	.LBE18:
 153              	.LBE17:
 154              		.loc 1 113 0
 155 0018 0B24     		movs	r4, #11
 156              	.LBB20:
 157              	.LBB19:
 158              		.loc 2 62 0
 159 001a D962     		str	r1, [r3, #44]
 160 001c 4A60     		str	r2, [r1, #4]
 161              	.LBE19:
 162              	.LBE20:
 163              	.LBB21:
 164              		.loc 1 114 0
 165 001e 0023     		movs	r3, #0
 166              	.LBE21:
 167              		.loc 1 113 0
 168 0020 0477     		strb	r4, [r0, #28]
 169              	.LBB22:
 170              		.loc 1 114 0
 171              	@ 114 "../../os/kernel/src/chmsg.c" 1
ARM GAS  /tmp/cc9DosNL.s 			page 4


 172 0022 83F31188 		msr     BASEPRI, r3
 173              	@ 0 "" 2
 174              		.thumb
 175              	.LBE22:
 176              		.loc 1 116 0
 177 0026 10BD     		pop	{r4, pc}
 178              	.LVL9:
 179              	.L9:
 180              		.loc 1 111 0
 181 0028 0C20     		movs	r0, #12
 182 002a FFF7FEFF 		bl	chSchGoSleepS
 183              	.LVL10:
 184 002e A369     		ldr	r3, [r4, #24]
 185 0030 D86A     		ldr	r0, [r3, #44]
 186 0032 03F12C02 		add	r2, r3, #44
 187 0036 EEE7     		b	.L8
 188              	.L11:
 189              		.align	2
 190              	.L10:
 191 0038 00000000 		.word	rlist
 192              		.cfi_endproc
 193              	.LFE8:
 194              		.size	chMsgWait, .-chMsgWait
 195              		.section	.text.chMsgRelease,"ax",%progbits
 196              		.align	2
 197              		.global	chMsgRelease
 198              		.thumb
 199              		.thumb_func
 200              		.type	chMsgRelease, %function
 201              	chMsgRelease:
 202              	.LFB9:
 203              		.loc 1 128 0
 204              		.cfi_startproc
 205              		@ args = 0, pretend = 0, frame = 0
 206              		@ frame_needed = 0, uses_anonymous_args = 0
 207              	.LVL11:
 208 0000 08B5     		push	{r3, lr}
 209              		.cfi_def_cfa_offset 8
 210              		.cfi_offset 3, -8
 211              		.cfi_offset 14, -4
 212              	.LBB23:
 213              		.loc 1 130 0
 214 0002 2023     		movs	r3, #32
 215              	@ 130 "../../os/kernel/src/chmsg.c" 1
 216 0004 83F31188 		msr     BASEPRI, r3
 217              	@ 0 "" 2
 218              		.thumb
 219              	.LBE23:
 220              		.loc 1 133 0
 221 0008 FFF7FEFF 		bl	chSchWakeupS
 222              	.LVL12:
 223              	.LBB24:
 224              		.loc 1 134 0
 225 000c 0023     		movs	r3, #0
 226              	@ 134 "../../os/kernel/src/chmsg.c" 1
 227 000e 83F31188 		msr     BASEPRI, r3
 228              	@ 0 "" 2
ARM GAS  /tmp/cc9DosNL.s 			page 5


 229              		.thumb
 230 0012 08BD     		pop	{r3, pc}
 231              	.LBE24:
 232              		.cfi_endproc
 233              	.LFE9:
 234              		.size	chMsgRelease, .-chMsgRelease
 235              		.text
 236              	.Letext0:
 237              		.file 3 "/usr/include/newlib/machine/_default_types.h"
 238              		.file 4 "/usr/include/newlib/stdint.h"
 239              		.file 5 "../../os/ports/GCC/ARMCMx/chtypes.h"
 240              		.file 6 "../../os/kernel/include/chlists.h"
 241              		.file 7 "../../os/kernel/include/chthreads.h"
 242              		.file 8 "../../os/ports/GCC/ARMCMx/chcore_v7m.h"
 243              		.file 9 "../../os/kernel/include/chschd.h"
 244              		.file 10 "../../os/kernel/include/chmtx.h"
 245              		.section	.debug_info,"",%progbits
 246              	.Ldebug_info0:
 247 0000 5F060000 		.4byte	0x65f
 248 0004 0400     		.2byte	0x4
 249 0006 00000000 		.4byte	.Ldebug_abbrev0
 250 000a 04       		.byte	0x4
 251 000b 01       		.uleb128 0x1
 252 000c 79010000 		.4byte	.LASF68
 253 0010 01       		.byte	0x1
 254 0011 75030000 		.4byte	.LASF69
 255 0015 E8020000 		.4byte	.LASF70
 256 0019 48000000 		.4byte	.Ldebug_ranges0+0x48
 257 001d 00000000 		.4byte	0
 258 0021 00000000 		.4byte	.Ldebug_line0
 259 0025 02       		.uleb128 0x2
 260 0026 04       		.byte	0x4
 261 0027 05       		.byte	0x5
 262 0028 696E7400 		.ascii	"int\000"
 263 002c 03       		.uleb128 0x3
 264 002d 04       		.byte	0x4
 265 002e 07       		.byte	0x7
 266 002f BE000000 		.4byte	.LASF0
 267 0033 03       		.uleb128 0x3
 268 0034 01       		.byte	0x1
 269 0035 06       		.byte	0x6
 270 0036 60000000 		.4byte	.LASF1
 271 003a 04       		.uleb128 0x4
 272 003b 21000000 		.4byte	.LASF5
 273 003f 03       		.byte	0x3
 274 0040 1D       		.byte	0x1d
 275 0041 45000000 		.4byte	0x45
 276 0045 03       		.uleb128 0x3
 277 0046 01       		.byte	0x1
 278 0047 08       		.byte	0x8
 279 0048 0F020000 		.4byte	.LASF2
 280 004c 03       		.uleb128 0x3
 281 004d 02       		.byte	0x2
 282 004e 05       		.byte	0x5
 283 004f 27020000 		.4byte	.LASF3
 284 0053 03       		.uleb128 0x3
 285 0054 02       		.byte	0x2
ARM GAS  /tmp/cc9DosNL.s 			page 6


 286 0055 07       		.byte	0x7
 287 0056 E5000000 		.4byte	.LASF4
 288 005a 04       		.uleb128 0x4
 289 005b D7020000 		.4byte	.LASF6
 290 005f 03       		.byte	0x3
 291 0060 3F       		.byte	0x3f
 292 0061 65000000 		.4byte	0x65
 293 0065 03       		.uleb128 0x3
 294 0066 04       		.byte	0x4
 295 0067 05       		.byte	0x5
 296 0068 86000000 		.4byte	.LASF7
 297 006c 04       		.uleb128 0x4
 298 006d AA000000 		.4byte	.LASF8
 299 0071 03       		.byte	0x3
 300 0072 41       		.byte	0x41
 301 0073 77000000 		.4byte	0x77
 302 0077 03       		.uleb128 0x3
 303 0078 04       		.byte	0x4
 304 0079 07       		.byte	0x7
 305 007a CB000000 		.4byte	.LASF9
 306 007e 03       		.uleb128 0x3
 307 007f 08       		.byte	0x8
 308 0080 05       		.byte	0x5
 309 0081 52000000 		.4byte	.LASF10
 310 0085 03       		.uleb128 0x3
 311 0086 08       		.byte	0x8
 312 0087 07       		.byte	0x7
 313 0088 2B000000 		.4byte	.LASF11
 314 008c 04       		.uleb128 0x4
 315 008d 5F030000 		.4byte	.LASF12
 316 0091 04       		.byte	0x4
 317 0092 2A       		.byte	0x2a
 318 0093 3A000000 		.4byte	0x3a
 319 0097 04       		.uleb128 0x4
 320 0098 07020000 		.4byte	.LASF13
 321 009c 04       		.byte	0x4
 322 009d 41       		.byte	0x41
 323 009e 5A000000 		.4byte	0x5a
 324 00a2 04       		.uleb128 0x4
 325 00a3 8D020000 		.4byte	.LASF14
 326 00a7 04       		.byte	0x4
 327 00a8 42       		.byte	0x42
 328 00a9 6C000000 		.4byte	0x6c
 329 00ad 03       		.uleb128 0x3
 330 00ae 01       		.byte	0x1
 331 00af 02       		.byte	0x2
 332 00b0 01020000 		.4byte	.LASF15
 333 00b4 04       		.uleb128 0x4
 334 00b5 06010000 		.4byte	.LASF16
 335 00b9 05       		.byte	0x5
 336 00ba 2C       		.byte	0x2c
 337 00bb 8C000000 		.4byte	0x8c
 338 00bf 04       		.uleb128 0x4
 339 00c0 99000000 		.4byte	.LASF17
 340 00c4 05       		.byte	0x5
 341 00c5 2D       		.byte	0x2d
 342 00c6 8C000000 		.4byte	0x8c
ARM GAS  /tmp/cc9DosNL.s 			page 7


 343 00ca 04       		.uleb128 0x4
 344 00cb 62010000 		.4byte	.LASF18
 345 00cf 05       		.byte	0x5
 346 00d0 2E       		.byte	0x2e
 347 00d1 8C000000 		.4byte	0x8c
 348 00d5 04       		.uleb128 0x4
 349 00d6 7C000000 		.4byte	.LASF19
 350 00da 05       		.byte	0x5
 351 00db 2F       		.byte	0x2f
 352 00dc 8C000000 		.4byte	0x8c
 353 00e0 04       		.uleb128 0x4
 354 00e1 71010000 		.4byte	.LASF20
 355 00e5 05       		.byte	0x5
 356 00e6 30       		.byte	0x30
 357 00e7 A2000000 		.4byte	0xa2
 358 00eb 04       		.uleb128 0x4
 359 00ec F8000000 		.4byte	.LASF21
 360 00f0 05       		.byte	0x5
 361 00f1 31       		.byte	0x31
 362 00f2 97000000 		.4byte	0x97
 363 00f6 04       		.uleb128 0x4
 364 00f7 1A010000 		.4byte	.LASF22
 365 00fb 05       		.byte	0x5
 366 00fc 33       		.byte	0x33
 367 00fd A2000000 		.4byte	0xa2
 368 0101 04       		.uleb128 0x4
 369 0102 C2020000 		.4byte	.LASF23
 370 0106 05       		.byte	0x5
 371 0107 35       		.byte	0x35
 372 0108 A2000000 		.4byte	0xa2
 373 010c 04       		.uleb128 0x4
 374 010d 60020000 		.4byte	.LASF24
 375 0111 06       		.byte	0x6
 376 0112 2A       		.byte	0x2a
 377 0113 17010000 		.4byte	0x117
 378 0117 05       		.uleb128 0x5
 379 0118 60020000 		.4byte	.LASF24
 380 011c 48       		.byte	0x48
 381 011d 07       		.byte	0x7
 382 011e 5E       		.byte	0x5e
 383 011f 14020000 		.4byte	0x214
 384 0123 06       		.uleb128 0x6
 385 0124 51020000 		.4byte	.LASF25
 386 0128 07       		.byte	0x7
 387 0129 5F       		.byte	0x5f
 388 012a 35020000 		.4byte	0x235
 389 012e 00       		.byte	0
 390 012f 06       		.uleb128 0x6
 391 0130 6A010000 		.4byte	.LASF26
 392 0134 07       		.byte	0x7
 393 0135 61       		.byte	0x61
 394 0136 35020000 		.4byte	0x235
 395 013a 04       		.byte	0x4
 396 013b 06       		.uleb128 0x6
 397 013c 4B000000 		.4byte	.LASF27
 398 0140 07       		.byte	0x7
 399 0141 63       		.byte	0x63
ARM GAS  /tmp/cc9DosNL.s 			page 8


 400 0142 E0000000 		.4byte	0xe0
 401 0146 08       		.byte	0x8
 402 0147 06       		.uleb128 0x6
 403 0148 99030000 		.4byte	.LASF28
 404 014c 07       		.byte	0x7
 405 014d 64       		.byte	0x64
 406 014e EF020000 		.4byte	0x2ef
 407 0152 0C       		.byte	0xc
 408 0153 06       		.uleb128 0x6
 409 0154 A2000000 		.4byte	.LASF29
 410 0158 07       		.byte	0x7
 411 0159 66       		.byte	0x66
 412 015a 35020000 		.4byte	0x235
 413 015e 10       		.byte	0x10
 414 015f 06       		.uleb128 0x6
 415 0160 35010000 		.4byte	.LASF30
 416 0164 07       		.byte	0x7
 417 0165 67       		.byte	0x67
 418 0166 35020000 		.4byte	0x235
 419 016a 14       		.byte	0x14
 420 016b 06       		.uleb128 0x6
 421 016c 6E030000 		.4byte	.LASF31
 422 0170 07       		.byte	0x7
 423 0171 6E       		.byte	0x6e
 424 0172 EF030000 		.4byte	0x3ef
 425 0176 18       		.byte	0x18
 426 0177 06       		.uleb128 0x6
 427 0178 31020000 		.4byte	.LASF32
 428 017c 07       		.byte	0x7
 429 017d 79       		.byte	0x79
 430 017e BF000000 		.4byte	0xbf
 431 0182 1C       		.byte	0x1c
 432 0183 06       		.uleb128 0x6
 433 0184 58020000 		.4byte	.LASF33
 434 0188 07       		.byte	0x7
 435 0189 7D       		.byte	0x7d
 436 018a B4000000 		.4byte	0xb4
 437 018e 1D       		.byte	0x1d
 438 018f 06       		.uleb128 0x6
 439 0190 48030000 		.4byte	.LASF34
 440 0194 07       		.byte	0x7
 441 0195 82       		.byte	0x82
 442 0196 CA000000 		.4byte	0xca
 443 019a 1E       		.byte	0x1e
 444 019b 06       		.uleb128 0x6
 445 019c 39020000 		.4byte	.LASF35
 446 01a0 07       		.byte	0x7
 447 01a1 88       		.byte	0x88
 448 01a2 D5000000 		.4byte	0xd5
 449 01a6 1F       		.byte	0x1f
 450 01a7 06       		.uleb128 0x6
 451 01a8 E1020000 		.4byte	.LASF36
 452 01ac 07       		.byte	0x7
 453 01ad 8F       		.byte	0x8f
 454 01ae 17030000 		.4byte	0x317
 455 01b2 20       		.byte	0x20
 456 01b3 07       		.uleb128 0x7
ARM GAS  /tmp/cc9DosNL.s 			page 9


 457 01b4 705F7500 		.ascii	"p_u\000"
 458 01b8 07       		.byte	0x7
 459 01b9 B4       		.byte	0xb4
 460 01ba BA030000 		.4byte	0x3ba
 461 01be 24       		.byte	0x24
 462 01bf 06       		.uleb128 0x6
 463 01c0 9F030000 		.4byte	.LASF37
 464 01c4 07       		.byte	0x7
 465 01c5 B9       		.byte	0xb9
 466 01c6 5B020000 		.4byte	0x25b
 467 01ca 28       		.byte	0x28
 468 01cb 06       		.uleb128 0x6
 469 01cc 26030000 		.4byte	.LASF38
 470 01d0 07       		.byte	0x7
 471 01d1 BF       		.byte	0xbf
 472 01d2 3B020000 		.4byte	0x23b
 473 01d6 2C       		.byte	0x2c
 474 01d7 06       		.uleb128 0x6
 475 01d8 07000000 		.4byte	.LASF39
 476 01dc 07       		.byte	0x7
 477 01dd C3       		.byte	0xc3
 478 01de EB000000 		.4byte	0xeb
 479 01e2 34       		.byte	0x34
 480 01e3 06       		.uleb128 0x6
 481 01e4 82020000 		.4byte	.LASF40
 482 01e8 07       		.byte	0x7
 483 01e9 C9       		.byte	0xc9
 484 01ea F6000000 		.4byte	0xf6
 485 01ee 38       		.byte	0x38
 486 01ef 06       		.uleb128 0x6
 487 01f0 1D020000 		.4byte	.LASF41
 488 01f4 07       		.byte	0x7
 489 01f5 D0       		.byte	0xd0
 490 01f6 01040000 		.4byte	0x401
 491 01fa 3C       		.byte	0x3c
 492 01fb 06       		.uleb128 0x6
 493 01fc CC020000 		.4byte	.LASF42
 494 0200 07       		.byte	0x7
 495 0201 D4       		.byte	0xd4
 496 0202 E0000000 		.4byte	0xe0
 497 0206 40       		.byte	0x40
 498 0207 06       		.uleb128 0x6
 499 0208 6C000000 		.4byte	.LASF43
 500 020c 07       		.byte	0x7
 501 020d DA       		.byte	0xda
 502 020e 71020000 		.4byte	0x271
 503 0212 44       		.byte	0x44
 504 0213 00       		.byte	0
 505 0214 08       		.uleb128 0x8
 506 0215 08       		.byte	0x8
 507 0216 06       		.byte	0x6
 508 0217 61       		.byte	0x61
 509 0218 35020000 		.4byte	0x235
 510 021c 06       		.uleb128 0x6
 511 021d 51020000 		.4byte	.LASF25
 512 0221 06       		.byte	0x6
 513 0222 62       		.byte	0x62
ARM GAS  /tmp/cc9DosNL.s 			page 10


 514 0223 35020000 		.4byte	0x235
 515 0227 00       		.byte	0
 516 0228 06       		.uleb128 0x6
 517 0229 6A010000 		.4byte	.LASF26
 518 022d 06       		.byte	0x6
 519 022e 64       		.byte	0x64
 520 022f 35020000 		.4byte	0x235
 521 0233 04       		.byte	0x4
 522 0234 00       		.byte	0
 523 0235 09       		.uleb128 0x9
 524 0236 04       		.byte	0x4
 525 0237 0C010000 		.4byte	0x10c
 526 023b 04       		.uleb128 0x4
 527 023c 43010000 		.4byte	.LASF44
 528 0240 06       		.byte	0x6
 529 0241 66       		.byte	0x66
 530 0242 14020000 		.4byte	0x214
 531 0246 08       		.uleb128 0x8
 532 0247 04       		.byte	0x4
 533 0248 06       		.byte	0x6
 534 0249 6B       		.byte	0x6b
 535 024a 5B020000 		.4byte	0x25b
 536 024e 06       		.uleb128 0x6
 537 024f 51020000 		.4byte	.LASF25
 538 0253 06       		.byte	0x6
 539 0254 6D       		.byte	0x6d
 540 0255 35020000 		.4byte	0x235
 541 0259 00       		.byte	0
 542 025a 00       		.byte	0
 543 025b 04       		.uleb128 0x4
 544 025c 0E010000 		.4byte	.LASF45
 545 0260 06       		.byte	0x6
 546 0261 70       		.byte	0x70
 547 0262 46020000 		.4byte	0x246
 548 0266 04       		.uleb128 0x4
 549 0267 B5000000 		.4byte	.LASF46
 550 026b 08       		.byte	0x8
 551 026c E5       		.byte	0xe5
 552 026d 71020000 		.4byte	0x271
 553 0271 0A       		.uleb128 0xa
 554 0272 04       		.byte	0x4
 555 0273 0B       		.uleb128 0xb
 556 0274 00000000 		.4byte	.LASF47
 557 0278 24       		.byte	0x24
 558 0279 08       		.byte	0x8
 559 027a 0C01     		.2byte	0x10c
 560 027c EF020000 		.4byte	0x2ef
 561 0280 0C       		.uleb128 0xc
 562 0281 723400   		.ascii	"r4\000"
 563 0284 08       		.byte	0x8
 564 0285 1F01     		.2byte	0x11f
 565 0287 66020000 		.4byte	0x266
 566 028b 00       		.byte	0
 567 028c 0C       		.uleb128 0xc
 568 028d 723500   		.ascii	"r5\000"
 569 0290 08       		.byte	0x8
 570 0291 2001     		.2byte	0x120
ARM GAS  /tmp/cc9DosNL.s 			page 11


 571 0293 66020000 		.4byte	0x266
 572 0297 04       		.byte	0x4
 573 0298 0C       		.uleb128 0xc
 574 0299 723600   		.ascii	"r6\000"
 575 029c 08       		.byte	0x8
 576 029d 2101     		.2byte	0x121
 577 029f 66020000 		.4byte	0x266
 578 02a3 08       		.byte	0x8
 579 02a4 0C       		.uleb128 0xc
 580 02a5 723700   		.ascii	"r7\000"
 581 02a8 08       		.byte	0x8
 582 02a9 2201     		.2byte	0x122
 583 02ab 66020000 		.4byte	0x266
 584 02af 0C       		.byte	0xc
 585 02b0 0C       		.uleb128 0xc
 586 02b1 723800   		.ascii	"r8\000"
 587 02b4 08       		.byte	0x8
 588 02b5 2301     		.2byte	0x123
 589 02b7 66020000 		.4byte	0x266
 590 02bb 10       		.byte	0x10
 591 02bc 0C       		.uleb128 0xc
 592 02bd 723900   		.ascii	"r9\000"
 593 02c0 08       		.byte	0x8
 594 02c1 2401     		.2byte	0x124
 595 02c3 66020000 		.4byte	0x266
 596 02c7 14       		.byte	0x14
 597 02c8 0C       		.uleb128 0xc
 598 02c9 72313000 		.ascii	"r10\000"
 599 02cd 08       		.byte	0x8
 600 02ce 2501     		.2byte	0x125
 601 02d0 66020000 		.4byte	0x266
 602 02d4 18       		.byte	0x18
 603 02d5 0C       		.uleb128 0xc
 604 02d6 72313100 		.ascii	"r11\000"
 605 02da 08       		.byte	0x8
 606 02db 2601     		.2byte	0x126
 607 02dd 66020000 		.4byte	0x266
 608 02e1 1C       		.byte	0x1c
 609 02e2 0C       		.uleb128 0xc
 610 02e3 6C7200   		.ascii	"lr\000"
 611 02e6 08       		.byte	0x8
 612 02e7 2701     		.2byte	0x127
 613 02e9 66020000 		.4byte	0x266
 614 02ed 20       		.byte	0x20
 615 02ee 00       		.byte	0
 616 02ef 0B       		.uleb128 0xb
 617 02f0 DD000000 		.4byte	.LASF48
 618 02f4 04       		.byte	0x4
 619 02f5 08       		.byte	0x8
 620 02f6 3101     		.2byte	0x131
 621 02f8 0A030000 		.4byte	0x30a
 622 02fc 0C       		.uleb128 0xc
 623 02fd 72313300 		.ascii	"r13\000"
 624 0301 08       		.byte	0x8
 625 0302 3201     		.2byte	0x132
 626 0304 0A030000 		.4byte	0x30a
 627 0308 00       		.byte	0
ARM GAS  /tmp/cc9DosNL.s 			page 12


 628 0309 00       		.byte	0
 629 030a 09       		.uleb128 0x9
 630 030b 04       		.byte	0x4
 631 030c 73020000 		.4byte	0x273
 632 0310 03       		.uleb128 0x3
 633 0311 04       		.byte	0x4
 634 0312 07       		.byte	0x7
 635 0313 2C010000 		.4byte	.LASF49
 636 0317 0D       		.uleb128 0xd
 637 0318 01010000 		.4byte	0x101
 638 031c 08       		.uleb128 0x8
 639 031d 1C       		.byte	0x1c
 640 031e 09       		.byte	0x9
 641 031f 5E       		.byte	0x5e
 642 0320 6D030000 		.4byte	0x36d
 643 0324 06       		.uleb128 0x6
 644 0325 96020000 		.4byte	.LASF50
 645 0329 09       		.byte	0x9
 646 032a 5F       		.byte	0x5f
 647 032b 3B020000 		.4byte	0x23b
 648 032f 00       		.byte	0
 649 0330 06       		.uleb128 0x6
 650 0331 43020000 		.4byte	.LASF51
 651 0335 09       		.byte	0x9
 652 0336 60       		.byte	0x60
 653 0337 E0000000 		.4byte	0xe0
 654 033b 08       		.byte	0x8
 655 033c 06       		.uleb128 0x6
 656 033d 3D010000 		.4byte	.LASF52
 657 0341 09       		.byte	0x9
 658 0342 62       		.byte	0x62
 659 0343 EF020000 		.4byte	0x2ef
 660 0347 0C       		.byte	0xc
 661 0348 06       		.uleb128 0x6
 662 0349 FE000000 		.4byte	.LASF53
 663 034d 09       		.byte	0x9
 664 034e 65       		.byte	0x65
 665 034f 35020000 		.4byte	0x235
 666 0353 10       		.byte	0x10
 667 0354 06       		.uleb128 0x6
 668 0355 5A010000 		.4byte	.LASF54
 669 0359 09       		.byte	0x9
 670 035a 66       		.byte	0x66
 671 035b 35020000 		.4byte	0x235
 672 035f 14       		.byte	0x14
 673 0360 06       		.uleb128 0x6
 674 0361 50010000 		.4byte	.LASF55
 675 0365 09       		.byte	0x9
 676 0366 69       		.byte	0x69
 677 0367 35020000 		.4byte	0x235
 678 036b 18       		.byte	0x18
 679 036c 00       		.byte	0
 680 036d 04       		.uleb128 0x4
 681 036e 4F030000 		.4byte	.LASF56
 682 0372 09       		.byte	0x9
 683 0373 6B       		.byte	0x6b
 684 0374 1C030000 		.4byte	0x31c
ARM GAS  /tmp/cc9DosNL.s 			page 13


 685 0378 05       		.uleb128 0x5
 686 0379 26010000 		.4byte	.LASF57
 687 037d 10       		.byte	0x10
 688 037e 0A       		.byte	0xa
 689 037f 2C       		.byte	0x2c
 690 0380 A9030000 		.4byte	0x3a9
 691 0384 06       		.uleb128 0x6
 692 0385 74000000 		.4byte	.LASF58
 693 0389 0A       		.byte	0xa
 694 038a 2D       		.byte	0x2d
 695 038b 3B020000 		.4byte	0x23b
 696 038f 00       		.byte	0
 697 0390 06       		.uleb128 0x6
 698 0391 91030000 		.4byte	.LASF59
 699 0395 0A       		.byte	0xa
 700 0396 2F       		.byte	0x2f
 701 0397 35020000 		.4byte	0x235
 702 039b 08       		.byte	0x8
 703 039c 06       		.uleb128 0x6
 704 039d BB020000 		.4byte	.LASF60
 705 03a1 0A       		.byte	0xa
 706 03a2 31       		.byte	0x31
 707 03a3 A9030000 		.4byte	0x3a9
 708 03a7 0C       		.byte	0xc
 709 03a8 00       		.byte	0
 710 03a9 09       		.uleb128 0x9
 711 03aa 04       		.byte	0x4
 712 03ab 78030000 		.4byte	0x378
 713 03af 04       		.uleb128 0x4
 714 03b0 26010000 		.4byte	.LASF57
 715 03b4 0A       		.byte	0xa
 716 03b5 33       		.byte	0x33
 717 03b6 78030000 		.4byte	0x378
 718 03ba 0E       		.uleb128 0xe
 719 03bb 04       		.byte	0x4
 720 03bc 07       		.byte	0x7
 721 03bd 96       		.byte	0x96
 722 03be EF030000 		.4byte	0x3ef
 723 03c2 0F       		.uleb128 0xf
 724 03c3 1A000000 		.4byte	.LASF61
 725 03c7 07       		.byte	0x7
 726 03c8 9D       		.byte	0x9d
 727 03c9 EB000000 		.4byte	0xeb
 728 03cd 0F       		.uleb128 0xf
 729 03ce 42000000 		.4byte	.LASF62
 730 03d2 07       		.byte	0x7
 731 03d3 A4       		.byte	0xa4
 732 03d4 EB000000 		.4byte	0xeb
 733 03d8 0F       		.uleb128 0xf
 734 03d9 67030000 		.4byte	.LASF63
 735 03dd 07       		.byte	0x7
 736 03de AB       		.byte	0xab
 737 03df 71020000 		.4byte	0x271
 738 03e3 0F       		.uleb128 0xf
 739 03e4 4A020000 		.4byte	.LASF64
 740 03e8 07       		.byte	0x7
 741 03e9 B2       		.byte	0xb2
ARM GAS  /tmp/cc9DosNL.s 			page 14


 742 03ea F6000000 		.4byte	0xf6
 743 03ee 00       		.byte	0
 744 03ef 09       		.uleb128 0x9
 745 03f0 04       		.byte	0x4
 746 03f1 F5030000 		.4byte	0x3f5
 747 03f5 10       		.uleb128 0x10
 748 03f6 FA030000 		.4byte	0x3fa
 749 03fa 03       		.uleb128 0x3
 750 03fb 01       		.byte	0x1
 751 03fc 08       		.byte	0x8
 752 03fd AA020000 		.4byte	.LASF65
 753 0401 09       		.uleb128 0x9
 754 0402 04       		.byte	0x4
 755 0403 AF030000 		.4byte	0x3af
 756 0407 11       		.uleb128 0x11
 757 0408 0D000000 		.4byte	.LASF71
 758 040c 02       		.byte	0x2
 759 040d 34       		.byte	0x34
 760 040e 03       		.byte	0x3
 761 040f 29040000 		.4byte	0x429
 762 0413 12       		.uleb128 0x12
 763 0414 747000   		.ascii	"tp\000"
 764 0417 02       		.byte	0x2
 765 0418 34       		.byte	0x34
 766 0419 35020000 		.4byte	0x235
 767 041d 12       		.uleb128 0x12
 768 041e 74717000 		.ascii	"tqp\000"
 769 0422 02       		.byte	0x2
 770 0423 34       		.byte	0x34
 771 0424 29040000 		.4byte	0x429
 772 0428 00       		.byte	0
 773 0429 09       		.uleb128 0x9
 774 042a 04       		.byte	0x4
 775 042b 3B020000 		.4byte	0x23b
 776 042f 13       		.uleb128 0x13
 777 0430 AF020000 		.4byte	.LASF72
 778 0434 02       		.byte	0x2
 779 0435 3B       		.byte	0x3b
 780 0436 35020000 		.4byte	0x235
 781 043a 03       		.byte	0x3
 782 043b 55040000 		.4byte	0x455
 783 043f 12       		.uleb128 0x12
 784 0440 74717000 		.ascii	"tqp\000"
 785 0444 02       		.byte	0x2
 786 0445 3B       		.byte	0x3b
 787 0446 29040000 		.4byte	0x429
 788 044a 14       		.uleb128 0x14
 789 044b 747000   		.ascii	"tp\000"
 790 044e 02       		.byte	0x2
 791 044f 3C       		.byte	0x3c
 792 0450 35020000 		.4byte	0x235
 793 0454 00       		.byte	0
 794 0455 15       		.uleb128 0x15
 795 0456 8F000000 		.4byte	.LASF66
 796 045a 01       		.byte	0x1
 797 045b 4B       		.byte	0x4b
 798 045c EB000000 		.4byte	0xeb
ARM GAS  /tmp/cc9DosNL.s 			page 15


 799 0460 00000000 		.4byte	.LFB7
 800 0464 40000000 		.4byte	.LFE7-.LFB7
 801 0468 01       		.uleb128 0x1
 802 0469 9C       		.byte	0x9c
 803 046a 0D050000 		.4byte	0x50d
 804 046e 16       		.uleb128 0x16
 805 046f 747000   		.ascii	"tp\000"
 806 0472 01       		.byte	0x1
 807 0473 4B       		.byte	0x4b
 808 0474 35020000 		.4byte	0x235
 809 0478 00000000 		.4byte	.LLST0
 810 047c 16       		.uleb128 0x16
 811 047d 6D736700 		.ascii	"msg\000"
 812 0481 01       		.byte	0x1
 813 0482 4B       		.byte	0x4b
 814 0483 EB000000 		.4byte	0xeb
 815 0487 38000000 		.4byte	.LLST1
 816 048b 17       		.uleb128 0x17
 817 048c 63747000 		.ascii	"ctp\000"
 818 0490 01       		.byte	0x1
 819 0491 4C       		.byte	0x4c
 820 0492 35020000 		.4byte	0x235
 821 0496 01       		.uleb128 0x1
 822 0497 54       		.byte	0x54
 823 0498 18       		.uleb128 0x18
 824 0499 06000000 		.4byte	.LBB10
 825 049d 06000000 		.4byte	.LBE10-.LBB10
 826 04a1 B3040000 		.4byte	0x4b3
 827 04a5 17       		.uleb128 0x17
 828 04a6 746D7000 		.ascii	"tmp\000"
 829 04aa 01       		.byte	0x1
 830 04ab 50       		.byte	0x50
 831 04ac A2000000 		.4byte	0xa2
 832 04b0 01       		.uleb128 0x1
 833 04b1 53       		.byte	0x53
 834 04b2 00       		.byte	0
 835 04b3 19       		.uleb128 0x19
 836 04b4 07040000 		.4byte	0x407
 837 04b8 14000000 		.4byte	.LBB11
 838 04bc 00000000 		.4byte	.Ldebug_ranges0+0
 839 04c0 01       		.byte	0x1
 840 04c1 53       		.byte	0x53
 841 04c2 D5040000 		.4byte	0x4d5
 842 04c6 1A       		.uleb128 0x1a
 843 04c7 1D040000 		.4byte	0x41d
 844 04cb 01       		.uleb128 0x1
 845 04cc 55       		.byte	0x55
 846 04cd 1A       		.uleb128 0x1a
 847 04ce 13040000 		.4byte	0x413
 848 04d2 01       		.uleb128 0x1
 849 04d3 54       		.byte	0x54
 850 04d4 00       		.byte	0
 851 04d5 18       		.uleb128 0x18
 852 04d6 2C000000 		.4byte	.LBB15
 853 04da 06000000 		.4byte	.LBE15-.LBB15
 854 04de F0040000 		.4byte	0x4f0
 855 04e2 17       		.uleb128 0x17
ARM GAS  /tmp/cc9DosNL.s 			page 16


 856 04e3 746D7000 		.ascii	"tmp\000"
 857 04e7 01       		.byte	0x1
 858 04e8 58       		.byte	0x58
 859 04e9 A2000000 		.4byte	0xa2
 860 04ed 01       		.uleb128 0x1
 861 04ee 53       		.byte	0x53
 862 04ef 00       		.byte	0
 863 04f0 1B       		.uleb128 0x1b
 864 04f1 2A000000 		.4byte	.LVL4
 865 04f5 2A060000 		.4byte	0x62a
 866 04f9 03050000 		.4byte	0x503
 867 04fd 1C       		.uleb128 0x1c
 868 04fe 01       		.uleb128 0x1
 869 04ff 50       		.byte	0x50
 870 0500 01       		.uleb128 0x1
 871 0501 3A       		.byte	0x3a
 872 0502 00       		.byte	0
 873 0503 1D       		.uleb128 0x1d
 874 0504 38000000 		.4byte	.LVL7
 875 0508 3B060000 		.4byte	0x63b
 876 050c 00       		.byte	0
 877 050d 15       		.uleb128 0x15
 878 050e 3E030000 		.4byte	.LASF67
 879 0512 01       		.byte	0x1
 880 0513 6A       		.byte	0x6a
 881 0514 35020000 		.4byte	0x235
 882 0518 00000000 		.4byte	.LFB8
 883 051c 3C000000 		.4byte	.LFE8-.LFB8
 884 0520 01       		.uleb128 0x1
 885 0521 9C       		.byte	0x9c
 886 0522 9E050000 		.4byte	0x59e
 887 0526 14       		.uleb128 0x14
 888 0527 747000   		.ascii	"tp\000"
 889 052a 01       		.byte	0x1
 890 052b 6B       		.byte	0x6b
 891 052c 35020000 		.4byte	0x235
 892 0530 18       		.uleb128 0x18
 893 0531 02000000 		.4byte	.LBB16
 894 0535 06000000 		.4byte	.LBE16-.LBB16
 895 0539 4B050000 		.4byte	0x54b
 896 053d 17       		.uleb128 0x17
 897 053e 746D7000 		.ascii	"tmp\000"
 898 0542 01       		.byte	0x1
 899 0543 6D       		.byte	0x6d
 900 0544 A2000000 		.4byte	0xa2
 901 0548 01       		.uleb128 0x1
 902 0549 53       		.byte	0x53
 903 054a 00       		.byte	0
 904 054b 19       		.uleb128 0x19
 905 054c 2F040000 		.4byte	0x42f
 906 0550 16000000 		.4byte	.LBB17
 907 0554 18000000 		.4byte	.Ldebug_ranges0+0x18
 908 0558 01       		.byte	0x1
 909 0559 70       		.byte	0x70
 910 055a 77050000 		.4byte	0x577
 911 055e 1E       		.uleb128 0x1e
 912 055f 3F040000 		.4byte	0x43f
ARM GAS  /tmp/cc9DosNL.s 			page 17


 913 0563 7D000000 		.4byte	.LLST2
 914 0567 1F       		.uleb128 0x1f
 915 0568 18000000 		.4byte	.Ldebug_ranges0+0x18
 916 056c 20       		.uleb128 0x20
 917 056d 4A040000 		.4byte	0x44a
 918 0571 90000000 		.4byte	.LLST3
 919 0575 00       		.byte	0
 920 0576 00       		.byte	0
 921 0577 21       		.uleb128 0x21
 922 0578 30000000 		.4byte	.Ldebug_ranges0+0x30
 923 057c 8E050000 		.4byte	0x58e
 924 0580 17       		.uleb128 0x17
 925 0581 746D7000 		.ascii	"tmp\000"
 926 0585 01       		.byte	0x1
 927 0586 72       		.byte	0x72
 928 0587 A2000000 		.4byte	0xa2
 929 058b 01       		.uleb128 0x1
 930 058c 53       		.byte	0x53
 931 058d 00       		.byte	0
 932 058e 22       		.uleb128 0x22
 933 058f 2E000000 		.4byte	.LVL10
 934 0593 2A060000 		.4byte	0x62a
 935 0597 1C       		.uleb128 0x1c
 936 0598 01       		.uleb128 0x1
 937 0599 50       		.byte	0x50
 938 059a 01       		.uleb128 0x1
 939 059b 3C       		.byte	0x3c
 940 059c 00       		.byte	0
 941 059d 00       		.byte	0
 942 059e 23       		.uleb128 0x23
 943 059f 67020000 		.4byte	.LASF73
 944 05a3 01       		.byte	0x1
 945 05a4 80       		.byte	0x80
 946 05a5 00000000 		.4byte	.LFB9
 947 05a9 14000000 		.4byte	.LFE9-.LFB9
 948 05ad 01       		.uleb128 0x1
 949 05ae 9C       		.byte	0x9c
 950 05af 1F060000 		.4byte	0x61f
 951 05b3 16       		.uleb128 0x16
 952 05b4 747000   		.ascii	"tp\000"
 953 05b7 01       		.byte	0x1
 954 05b8 80       		.byte	0x80
 955 05b9 35020000 		.4byte	0x235
 956 05bd A3000000 		.4byte	.LLST4
 957 05c1 16       		.uleb128 0x16
 958 05c2 6D736700 		.ascii	"msg\000"
 959 05c6 01       		.byte	0x1
 960 05c7 80       		.byte	0x80
 961 05c8 EB000000 		.4byte	0xeb
 962 05cc C4000000 		.4byte	.LLST5
 963 05d0 18       		.uleb128 0x18
 964 05d1 02000000 		.4byte	.LBB23
 965 05d5 06000000 		.4byte	.LBE23-.LBB23
 966 05d9 EB050000 		.4byte	0x5eb
 967 05dd 17       		.uleb128 0x17
 968 05de 746D7000 		.ascii	"tmp\000"
 969 05e2 01       		.byte	0x1
ARM GAS  /tmp/cc9DosNL.s 			page 18


 970 05e3 82       		.byte	0x82
 971 05e4 A2000000 		.4byte	0xa2
 972 05e8 01       		.uleb128 0x1
 973 05e9 53       		.byte	0x53
 974 05ea 00       		.byte	0
 975 05eb 18       		.uleb128 0x18
 976 05ec 0C000000 		.4byte	.LBB24
 977 05f0 08000000 		.4byte	.LBE24-.LBB24
 978 05f4 06060000 		.4byte	0x606
 979 05f8 17       		.uleb128 0x17
 980 05f9 746D7000 		.ascii	"tmp\000"
 981 05fd 01       		.byte	0x1
 982 05fe 86       		.byte	0x86
 983 05ff A2000000 		.4byte	0xa2
 984 0603 01       		.uleb128 0x1
 985 0604 53       		.byte	0x53
 986 0605 00       		.byte	0
 987 0606 22       		.uleb128 0x22
 988 0607 0C000000 		.4byte	.LVL12
 989 060b 50060000 		.4byte	0x650
 990 060f 1C       		.uleb128 0x1c
 991 0610 01       		.uleb128 0x1
 992 0611 51       		.byte	0x51
 993 0612 03       		.uleb128 0x3
 994 0613 F3       		.byte	0xf3
 995 0614 01       		.uleb128 0x1
 996 0615 51       		.byte	0x51
 997 0616 1C       		.uleb128 0x1c
 998 0617 01       		.uleb128 0x1
 999 0618 50       		.byte	0x50
 1000 0619 03       		.uleb128 0x3
 1001 061a F3       		.byte	0xf3
 1002 061b 01       		.uleb128 0x1
 1003 061c 50       		.byte	0x50
 1004 061d 00       		.byte	0
 1005 061e 00       		.byte	0
 1006 061f 24       		.uleb128 0x24
 1007 0620 59030000 		.4byte	.LASF74
 1008 0624 09       		.byte	0x9
 1009 0625 6F       		.byte	0x6f
 1010 0626 6D030000 		.4byte	0x36d
 1011 062a 25       		.uleb128 0x25
 1012 062b 74020000 		.4byte	.LASF75
 1013 062f 09       		.byte	0x9
 1014 0630 93       		.byte	0x93
 1015 0631 3B060000 		.4byte	0x63b
 1016 0635 26       		.uleb128 0x26
 1017 0636 BF000000 		.4byte	0xbf
 1018 063a 00       		.byte	0
 1019 063b 27       		.uleb128 0x27
 1020 063c 9E020000 		.4byte	.LASF76
 1021 0640 09       		.byte	0x9
 1022 0641 90       		.byte	0x90
 1023 0642 35020000 		.4byte	0x235
 1024 0646 50060000 		.4byte	0x650
 1025 064a 26       		.uleb128 0x26
 1026 064b 35020000 		.4byte	0x235
ARM GAS  /tmp/cc9DosNL.s 			page 19


 1027 064f 00       		.byte	0
 1028 0650 28       		.uleb128 0x28
 1029 0651 31030000 		.4byte	.LASF77
 1030 0655 09       		.byte	0x9
 1031 0656 99       		.byte	0x99
 1032 0657 26       		.uleb128 0x26
 1033 0658 35020000 		.4byte	0x235
 1034 065c 26       		.uleb128 0x26
 1035 065d EB000000 		.4byte	0xeb
 1036 0661 00       		.byte	0
 1037 0662 00       		.byte	0
 1038              		.section	.debug_abbrev,"",%progbits
 1039              	.Ldebug_abbrev0:
 1040 0000 01       		.uleb128 0x1
 1041 0001 11       		.uleb128 0x11
 1042 0002 01       		.byte	0x1
 1043 0003 25       		.uleb128 0x25
 1044 0004 0E       		.uleb128 0xe
 1045 0005 13       		.uleb128 0x13
 1046 0006 0B       		.uleb128 0xb
 1047 0007 03       		.uleb128 0x3
 1048 0008 0E       		.uleb128 0xe
 1049 0009 1B       		.uleb128 0x1b
 1050 000a 0E       		.uleb128 0xe
 1051 000b 55       		.uleb128 0x55
 1052 000c 17       		.uleb128 0x17
 1053 000d 11       		.uleb128 0x11
 1054 000e 01       		.uleb128 0x1
 1055 000f 10       		.uleb128 0x10
 1056 0010 17       		.uleb128 0x17
 1057 0011 00       		.byte	0
 1058 0012 00       		.byte	0
 1059 0013 02       		.uleb128 0x2
 1060 0014 24       		.uleb128 0x24
 1061 0015 00       		.byte	0
 1062 0016 0B       		.uleb128 0xb
 1063 0017 0B       		.uleb128 0xb
 1064 0018 3E       		.uleb128 0x3e
 1065 0019 0B       		.uleb128 0xb
 1066 001a 03       		.uleb128 0x3
 1067 001b 08       		.uleb128 0x8
 1068 001c 00       		.byte	0
 1069 001d 00       		.byte	0
 1070 001e 03       		.uleb128 0x3
 1071 001f 24       		.uleb128 0x24
 1072 0020 00       		.byte	0
 1073 0021 0B       		.uleb128 0xb
 1074 0022 0B       		.uleb128 0xb
 1075 0023 3E       		.uleb128 0x3e
 1076 0024 0B       		.uleb128 0xb
 1077 0025 03       		.uleb128 0x3
 1078 0026 0E       		.uleb128 0xe
 1079 0027 00       		.byte	0
 1080 0028 00       		.byte	0
 1081 0029 04       		.uleb128 0x4
 1082 002a 16       		.uleb128 0x16
 1083 002b 00       		.byte	0
ARM GAS  /tmp/cc9DosNL.s 			page 20


 1084 002c 03       		.uleb128 0x3
 1085 002d 0E       		.uleb128 0xe
 1086 002e 3A       		.uleb128 0x3a
 1087 002f 0B       		.uleb128 0xb
 1088 0030 3B       		.uleb128 0x3b
 1089 0031 0B       		.uleb128 0xb
 1090 0032 49       		.uleb128 0x49
 1091 0033 13       		.uleb128 0x13
 1092 0034 00       		.byte	0
 1093 0035 00       		.byte	0
 1094 0036 05       		.uleb128 0x5
 1095 0037 13       		.uleb128 0x13
 1096 0038 01       		.byte	0x1
 1097 0039 03       		.uleb128 0x3
 1098 003a 0E       		.uleb128 0xe
 1099 003b 0B       		.uleb128 0xb
 1100 003c 0B       		.uleb128 0xb
 1101 003d 3A       		.uleb128 0x3a
 1102 003e 0B       		.uleb128 0xb
 1103 003f 3B       		.uleb128 0x3b
 1104 0040 0B       		.uleb128 0xb
 1105 0041 01       		.uleb128 0x1
 1106 0042 13       		.uleb128 0x13
 1107 0043 00       		.byte	0
 1108 0044 00       		.byte	0
 1109 0045 06       		.uleb128 0x6
 1110 0046 0D       		.uleb128 0xd
 1111 0047 00       		.byte	0
 1112 0048 03       		.uleb128 0x3
 1113 0049 0E       		.uleb128 0xe
 1114 004a 3A       		.uleb128 0x3a
 1115 004b 0B       		.uleb128 0xb
 1116 004c 3B       		.uleb128 0x3b
 1117 004d 0B       		.uleb128 0xb
 1118 004e 49       		.uleb128 0x49
 1119 004f 13       		.uleb128 0x13
 1120 0050 38       		.uleb128 0x38
 1121 0051 0B       		.uleb128 0xb
 1122 0052 00       		.byte	0
 1123 0053 00       		.byte	0
 1124 0054 07       		.uleb128 0x7
 1125 0055 0D       		.uleb128 0xd
 1126 0056 00       		.byte	0
 1127 0057 03       		.uleb128 0x3
 1128 0058 08       		.uleb128 0x8
 1129 0059 3A       		.uleb128 0x3a
 1130 005a 0B       		.uleb128 0xb
 1131 005b 3B       		.uleb128 0x3b
 1132 005c 0B       		.uleb128 0xb
 1133 005d 49       		.uleb128 0x49
 1134 005e 13       		.uleb128 0x13
 1135 005f 38       		.uleb128 0x38
 1136 0060 0B       		.uleb128 0xb
 1137 0061 00       		.byte	0
 1138 0062 00       		.byte	0
 1139 0063 08       		.uleb128 0x8
 1140 0064 13       		.uleb128 0x13
ARM GAS  /tmp/cc9DosNL.s 			page 21


 1141 0065 01       		.byte	0x1
 1142 0066 0B       		.uleb128 0xb
 1143 0067 0B       		.uleb128 0xb
 1144 0068 3A       		.uleb128 0x3a
 1145 0069 0B       		.uleb128 0xb
 1146 006a 3B       		.uleb128 0x3b
 1147 006b 0B       		.uleb128 0xb
 1148 006c 01       		.uleb128 0x1
 1149 006d 13       		.uleb128 0x13
 1150 006e 00       		.byte	0
 1151 006f 00       		.byte	0
 1152 0070 09       		.uleb128 0x9
 1153 0071 0F       		.uleb128 0xf
 1154 0072 00       		.byte	0
 1155 0073 0B       		.uleb128 0xb
 1156 0074 0B       		.uleb128 0xb
 1157 0075 49       		.uleb128 0x49
 1158 0076 13       		.uleb128 0x13
 1159 0077 00       		.byte	0
 1160 0078 00       		.byte	0
 1161 0079 0A       		.uleb128 0xa
 1162 007a 0F       		.uleb128 0xf
 1163 007b 00       		.byte	0
 1164 007c 0B       		.uleb128 0xb
 1165 007d 0B       		.uleb128 0xb
 1166 007e 00       		.byte	0
 1167 007f 00       		.byte	0
 1168 0080 0B       		.uleb128 0xb
 1169 0081 13       		.uleb128 0x13
 1170 0082 01       		.byte	0x1
 1171 0083 03       		.uleb128 0x3
 1172 0084 0E       		.uleb128 0xe
 1173 0085 0B       		.uleb128 0xb
 1174 0086 0B       		.uleb128 0xb
 1175 0087 3A       		.uleb128 0x3a
 1176 0088 0B       		.uleb128 0xb
 1177 0089 3B       		.uleb128 0x3b
 1178 008a 05       		.uleb128 0x5
 1179 008b 01       		.uleb128 0x1
 1180 008c 13       		.uleb128 0x13
 1181 008d 00       		.byte	0
 1182 008e 00       		.byte	0
 1183 008f 0C       		.uleb128 0xc
 1184 0090 0D       		.uleb128 0xd
 1185 0091 00       		.byte	0
 1186 0092 03       		.uleb128 0x3
 1187 0093 08       		.uleb128 0x8
 1188 0094 3A       		.uleb128 0x3a
 1189 0095 0B       		.uleb128 0xb
 1190 0096 3B       		.uleb128 0x3b
 1191 0097 05       		.uleb128 0x5
 1192 0098 49       		.uleb128 0x49
 1193 0099 13       		.uleb128 0x13
 1194 009a 38       		.uleb128 0x38
 1195 009b 0B       		.uleb128 0xb
 1196 009c 00       		.byte	0
 1197 009d 00       		.byte	0
ARM GAS  /tmp/cc9DosNL.s 			page 22


 1198 009e 0D       		.uleb128 0xd
 1199 009f 35       		.uleb128 0x35
 1200 00a0 00       		.byte	0
 1201 00a1 49       		.uleb128 0x49
 1202 00a2 13       		.uleb128 0x13
 1203 00a3 00       		.byte	0
 1204 00a4 00       		.byte	0
 1205 00a5 0E       		.uleb128 0xe
 1206 00a6 17       		.uleb128 0x17
 1207 00a7 01       		.byte	0x1
 1208 00a8 0B       		.uleb128 0xb
 1209 00a9 0B       		.uleb128 0xb
 1210 00aa 3A       		.uleb128 0x3a
 1211 00ab 0B       		.uleb128 0xb
 1212 00ac 3B       		.uleb128 0x3b
 1213 00ad 0B       		.uleb128 0xb
 1214 00ae 01       		.uleb128 0x1
 1215 00af 13       		.uleb128 0x13
 1216 00b0 00       		.byte	0
 1217 00b1 00       		.byte	0
 1218 00b2 0F       		.uleb128 0xf
 1219 00b3 0D       		.uleb128 0xd
 1220 00b4 00       		.byte	0
 1221 00b5 03       		.uleb128 0x3
 1222 00b6 0E       		.uleb128 0xe
 1223 00b7 3A       		.uleb128 0x3a
 1224 00b8 0B       		.uleb128 0xb
 1225 00b9 3B       		.uleb128 0x3b
 1226 00ba 0B       		.uleb128 0xb
 1227 00bb 49       		.uleb128 0x49
 1228 00bc 13       		.uleb128 0x13
 1229 00bd 00       		.byte	0
 1230 00be 00       		.byte	0
 1231 00bf 10       		.uleb128 0x10
 1232 00c0 26       		.uleb128 0x26
 1233 00c1 00       		.byte	0
 1234 00c2 49       		.uleb128 0x49
 1235 00c3 13       		.uleb128 0x13
 1236 00c4 00       		.byte	0
 1237 00c5 00       		.byte	0
 1238 00c6 11       		.uleb128 0x11
 1239 00c7 2E       		.uleb128 0x2e
 1240 00c8 01       		.byte	0x1
 1241 00c9 03       		.uleb128 0x3
 1242 00ca 0E       		.uleb128 0xe
 1243 00cb 3A       		.uleb128 0x3a
 1244 00cc 0B       		.uleb128 0xb
 1245 00cd 3B       		.uleb128 0x3b
 1246 00ce 0B       		.uleb128 0xb
 1247 00cf 27       		.uleb128 0x27
 1248 00d0 19       		.uleb128 0x19
 1249 00d1 20       		.uleb128 0x20
 1250 00d2 0B       		.uleb128 0xb
 1251 00d3 01       		.uleb128 0x1
 1252 00d4 13       		.uleb128 0x13
 1253 00d5 00       		.byte	0
 1254 00d6 00       		.byte	0
ARM GAS  /tmp/cc9DosNL.s 			page 23


 1255 00d7 12       		.uleb128 0x12
 1256 00d8 05       		.uleb128 0x5
 1257 00d9 00       		.byte	0
 1258 00da 03       		.uleb128 0x3
 1259 00db 08       		.uleb128 0x8
 1260 00dc 3A       		.uleb128 0x3a
 1261 00dd 0B       		.uleb128 0xb
 1262 00de 3B       		.uleb128 0x3b
 1263 00df 0B       		.uleb128 0xb
 1264 00e0 49       		.uleb128 0x49
 1265 00e1 13       		.uleb128 0x13
 1266 00e2 00       		.byte	0
 1267 00e3 00       		.byte	0
 1268 00e4 13       		.uleb128 0x13
 1269 00e5 2E       		.uleb128 0x2e
 1270 00e6 01       		.byte	0x1
 1271 00e7 03       		.uleb128 0x3
 1272 00e8 0E       		.uleb128 0xe
 1273 00e9 3A       		.uleb128 0x3a
 1274 00ea 0B       		.uleb128 0xb
 1275 00eb 3B       		.uleb128 0x3b
 1276 00ec 0B       		.uleb128 0xb
 1277 00ed 27       		.uleb128 0x27
 1278 00ee 19       		.uleb128 0x19
 1279 00ef 49       		.uleb128 0x49
 1280 00f0 13       		.uleb128 0x13
 1281 00f1 20       		.uleb128 0x20
 1282 00f2 0B       		.uleb128 0xb
 1283 00f3 01       		.uleb128 0x1
 1284 00f4 13       		.uleb128 0x13
 1285 00f5 00       		.byte	0
 1286 00f6 00       		.byte	0
 1287 00f7 14       		.uleb128 0x14
 1288 00f8 34       		.uleb128 0x34
 1289 00f9 00       		.byte	0
 1290 00fa 03       		.uleb128 0x3
 1291 00fb 08       		.uleb128 0x8
 1292 00fc 3A       		.uleb128 0x3a
 1293 00fd 0B       		.uleb128 0xb
 1294 00fe 3B       		.uleb128 0x3b
 1295 00ff 0B       		.uleb128 0xb
 1296 0100 49       		.uleb128 0x49
 1297 0101 13       		.uleb128 0x13
 1298 0102 00       		.byte	0
 1299 0103 00       		.byte	0
 1300 0104 15       		.uleb128 0x15
 1301 0105 2E       		.uleb128 0x2e
 1302 0106 01       		.byte	0x1
 1303 0107 3F       		.uleb128 0x3f
 1304 0108 19       		.uleb128 0x19
 1305 0109 03       		.uleb128 0x3
 1306 010a 0E       		.uleb128 0xe
 1307 010b 3A       		.uleb128 0x3a
 1308 010c 0B       		.uleb128 0xb
 1309 010d 3B       		.uleb128 0x3b
 1310 010e 0B       		.uleb128 0xb
 1311 010f 27       		.uleb128 0x27
ARM GAS  /tmp/cc9DosNL.s 			page 24


 1312 0110 19       		.uleb128 0x19
 1313 0111 49       		.uleb128 0x49
 1314 0112 13       		.uleb128 0x13
 1315 0113 11       		.uleb128 0x11
 1316 0114 01       		.uleb128 0x1
 1317 0115 12       		.uleb128 0x12
 1318 0116 06       		.uleb128 0x6
 1319 0117 40       		.uleb128 0x40
 1320 0118 18       		.uleb128 0x18
 1321 0119 9742     		.uleb128 0x2117
 1322 011b 19       		.uleb128 0x19
 1323 011c 01       		.uleb128 0x1
 1324 011d 13       		.uleb128 0x13
 1325 011e 00       		.byte	0
 1326 011f 00       		.byte	0
 1327 0120 16       		.uleb128 0x16
 1328 0121 05       		.uleb128 0x5
 1329 0122 00       		.byte	0
 1330 0123 03       		.uleb128 0x3
 1331 0124 08       		.uleb128 0x8
 1332 0125 3A       		.uleb128 0x3a
 1333 0126 0B       		.uleb128 0xb
 1334 0127 3B       		.uleb128 0x3b
 1335 0128 0B       		.uleb128 0xb
 1336 0129 49       		.uleb128 0x49
 1337 012a 13       		.uleb128 0x13
 1338 012b 02       		.uleb128 0x2
 1339 012c 17       		.uleb128 0x17
 1340 012d 00       		.byte	0
 1341 012e 00       		.byte	0
 1342 012f 17       		.uleb128 0x17
 1343 0130 34       		.uleb128 0x34
 1344 0131 00       		.byte	0
 1345 0132 03       		.uleb128 0x3
 1346 0133 08       		.uleb128 0x8
 1347 0134 3A       		.uleb128 0x3a
 1348 0135 0B       		.uleb128 0xb
 1349 0136 3B       		.uleb128 0x3b
 1350 0137 0B       		.uleb128 0xb
 1351 0138 49       		.uleb128 0x49
 1352 0139 13       		.uleb128 0x13
 1353 013a 02       		.uleb128 0x2
 1354 013b 18       		.uleb128 0x18
 1355 013c 00       		.byte	0
 1356 013d 00       		.byte	0
 1357 013e 18       		.uleb128 0x18
 1358 013f 0B       		.uleb128 0xb
 1359 0140 01       		.byte	0x1
 1360 0141 11       		.uleb128 0x11
 1361 0142 01       		.uleb128 0x1
 1362 0143 12       		.uleb128 0x12
 1363 0144 06       		.uleb128 0x6
 1364 0145 01       		.uleb128 0x1
 1365 0146 13       		.uleb128 0x13
 1366 0147 00       		.byte	0
 1367 0148 00       		.byte	0
 1368 0149 19       		.uleb128 0x19
ARM GAS  /tmp/cc9DosNL.s 			page 25


 1369 014a 1D       		.uleb128 0x1d
 1370 014b 01       		.byte	0x1
 1371 014c 31       		.uleb128 0x31
 1372 014d 13       		.uleb128 0x13
 1373 014e 52       		.uleb128 0x52
 1374 014f 01       		.uleb128 0x1
 1375 0150 55       		.uleb128 0x55
 1376 0151 17       		.uleb128 0x17
 1377 0152 58       		.uleb128 0x58
 1378 0153 0B       		.uleb128 0xb
 1379 0154 59       		.uleb128 0x59
 1380 0155 0B       		.uleb128 0xb
 1381 0156 01       		.uleb128 0x1
 1382 0157 13       		.uleb128 0x13
 1383 0158 00       		.byte	0
 1384 0159 00       		.byte	0
 1385 015a 1A       		.uleb128 0x1a
 1386 015b 05       		.uleb128 0x5
 1387 015c 00       		.byte	0
 1388 015d 31       		.uleb128 0x31
 1389 015e 13       		.uleb128 0x13
 1390 015f 02       		.uleb128 0x2
 1391 0160 18       		.uleb128 0x18
 1392 0161 00       		.byte	0
 1393 0162 00       		.byte	0
 1394 0163 1B       		.uleb128 0x1b
 1395 0164 898201   		.uleb128 0x4109
 1396 0167 01       		.byte	0x1
 1397 0168 11       		.uleb128 0x11
 1398 0169 01       		.uleb128 0x1
 1399 016a 31       		.uleb128 0x31
 1400 016b 13       		.uleb128 0x13
 1401 016c 01       		.uleb128 0x1
 1402 016d 13       		.uleb128 0x13
 1403 016e 00       		.byte	0
 1404 016f 00       		.byte	0
 1405 0170 1C       		.uleb128 0x1c
 1406 0171 8A8201   		.uleb128 0x410a
 1407 0174 00       		.byte	0
 1408 0175 02       		.uleb128 0x2
 1409 0176 18       		.uleb128 0x18
 1410 0177 9142     		.uleb128 0x2111
 1411 0179 18       		.uleb128 0x18
 1412 017a 00       		.byte	0
 1413 017b 00       		.byte	0
 1414 017c 1D       		.uleb128 0x1d
 1415 017d 898201   		.uleb128 0x4109
 1416 0180 00       		.byte	0
 1417 0181 11       		.uleb128 0x11
 1418 0182 01       		.uleb128 0x1
 1419 0183 31       		.uleb128 0x31
 1420 0184 13       		.uleb128 0x13
 1421 0185 00       		.byte	0
 1422 0186 00       		.byte	0
 1423 0187 1E       		.uleb128 0x1e
 1424 0188 05       		.uleb128 0x5
 1425 0189 00       		.byte	0
ARM GAS  /tmp/cc9DosNL.s 			page 26


 1426 018a 31       		.uleb128 0x31
 1427 018b 13       		.uleb128 0x13
 1428 018c 02       		.uleb128 0x2
 1429 018d 17       		.uleb128 0x17
 1430 018e 00       		.byte	0
 1431 018f 00       		.byte	0
 1432 0190 1F       		.uleb128 0x1f
 1433 0191 0B       		.uleb128 0xb
 1434 0192 01       		.byte	0x1
 1435 0193 55       		.uleb128 0x55
 1436 0194 17       		.uleb128 0x17
 1437 0195 00       		.byte	0
 1438 0196 00       		.byte	0
 1439 0197 20       		.uleb128 0x20
 1440 0198 34       		.uleb128 0x34
 1441 0199 00       		.byte	0
 1442 019a 31       		.uleb128 0x31
 1443 019b 13       		.uleb128 0x13
 1444 019c 02       		.uleb128 0x2
 1445 019d 17       		.uleb128 0x17
 1446 019e 00       		.byte	0
 1447 019f 00       		.byte	0
 1448 01a0 21       		.uleb128 0x21
 1449 01a1 0B       		.uleb128 0xb
 1450 01a2 01       		.byte	0x1
 1451 01a3 55       		.uleb128 0x55
 1452 01a4 17       		.uleb128 0x17
 1453 01a5 01       		.uleb128 0x1
 1454 01a6 13       		.uleb128 0x13
 1455 01a7 00       		.byte	0
 1456 01a8 00       		.byte	0
 1457 01a9 22       		.uleb128 0x22
 1458 01aa 898201   		.uleb128 0x4109
 1459 01ad 01       		.byte	0x1
 1460 01ae 11       		.uleb128 0x11
 1461 01af 01       		.uleb128 0x1
 1462 01b0 31       		.uleb128 0x31
 1463 01b1 13       		.uleb128 0x13
 1464 01b2 00       		.byte	0
 1465 01b3 00       		.byte	0
 1466 01b4 23       		.uleb128 0x23
 1467 01b5 2E       		.uleb128 0x2e
 1468 01b6 01       		.byte	0x1
 1469 01b7 3F       		.uleb128 0x3f
 1470 01b8 19       		.uleb128 0x19
 1471 01b9 03       		.uleb128 0x3
 1472 01ba 0E       		.uleb128 0xe
 1473 01bb 3A       		.uleb128 0x3a
 1474 01bc 0B       		.uleb128 0xb
 1475 01bd 3B       		.uleb128 0x3b
 1476 01be 0B       		.uleb128 0xb
 1477 01bf 27       		.uleb128 0x27
 1478 01c0 19       		.uleb128 0x19
 1479 01c1 11       		.uleb128 0x11
 1480 01c2 01       		.uleb128 0x1
 1481 01c3 12       		.uleb128 0x12
 1482 01c4 06       		.uleb128 0x6
ARM GAS  /tmp/cc9DosNL.s 			page 27


 1483 01c5 40       		.uleb128 0x40
 1484 01c6 18       		.uleb128 0x18
 1485 01c7 9742     		.uleb128 0x2117
 1486 01c9 19       		.uleb128 0x19
 1487 01ca 01       		.uleb128 0x1
 1488 01cb 13       		.uleb128 0x13
 1489 01cc 00       		.byte	0
 1490 01cd 00       		.byte	0
 1491 01ce 24       		.uleb128 0x24
 1492 01cf 34       		.uleb128 0x34
 1493 01d0 00       		.byte	0
 1494 01d1 03       		.uleb128 0x3
 1495 01d2 0E       		.uleb128 0xe
 1496 01d3 3A       		.uleb128 0x3a
 1497 01d4 0B       		.uleb128 0xb
 1498 01d5 3B       		.uleb128 0x3b
 1499 01d6 0B       		.uleb128 0xb
 1500 01d7 49       		.uleb128 0x49
 1501 01d8 13       		.uleb128 0x13
 1502 01d9 3F       		.uleb128 0x3f
 1503 01da 19       		.uleb128 0x19
 1504 01db 3C       		.uleb128 0x3c
 1505 01dc 19       		.uleb128 0x19
 1506 01dd 00       		.byte	0
 1507 01de 00       		.byte	0
 1508 01df 25       		.uleb128 0x25
 1509 01e0 2E       		.uleb128 0x2e
 1510 01e1 01       		.byte	0x1
 1511 01e2 3F       		.uleb128 0x3f
 1512 01e3 19       		.uleb128 0x19
 1513 01e4 03       		.uleb128 0x3
 1514 01e5 0E       		.uleb128 0xe
 1515 01e6 3A       		.uleb128 0x3a
 1516 01e7 0B       		.uleb128 0xb
 1517 01e8 3B       		.uleb128 0x3b
 1518 01e9 0B       		.uleb128 0xb
 1519 01ea 27       		.uleb128 0x27
 1520 01eb 19       		.uleb128 0x19
 1521 01ec 3C       		.uleb128 0x3c
 1522 01ed 19       		.uleb128 0x19
 1523 01ee 01       		.uleb128 0x1
 1524 01ef 13       		.uleb128 0x13
 1525 01f0 00       		.byte	0
 1526 01f1 00       		.byte	0
 1527 01f2 26       		.uleb128 0x26
 1528 01f3 05       		.uleb128 0x5
 1529 01f4 00       		.byte	0
 1530 01f5 49       		.uleb128 0x49
 1531 01f6 13       		.uleb128 0x13
 1532 01f7 00       		.byte	0
 1533 01f8 00       		.byte	0
 1534 01f9 27       		.uleb128 0x27
 1535 01fa 2E       		.uleb128 0x2e
 1536 01fb 01       		.byte	0x1
 1537 01fc 3F       		.uleb128 0x3f
 1538 01fd 19       		.uleb128 0x19
 1539 01fe 03       		.uleb128 0x3
ARM GAS  /tmp/cc9DosNL.s 			page 28


 1540 01ff 0E       		.uleb128 0xe
 1541 0200 3A       		.uleb128 0x3a
 1542 0201 0B       		.uleb128 0xb
 1543 0202 3B       		.uleb128 0x3b
 1544 0203 0B       		.uleb128 0xb
 1545 0204 27       		.uleb128 0x27
 1546 0205 19       		.uleb128 0x19
 1547 0206 49       		.uleb128 0x49
 1548 0207 13       		.uleb128 0x13
 1549 0208 3C       		.uleb128 0x3c
 1550 0209 19       		.uleb128 0x19
 1551 020a 01       		.uleb128 0x1
 1552 020b 13       		.uleb128 0x13
 1553 020c 00       		.byte	0
 1554 020d 00       		.byte	0
 1555 020e 28       		.uleb128 0x28
 1556 020f 2E       		.uleb128 0x2e
 1557 0210 01       		.byte	0x1
 1558 0211 3F       		.uleb128 0x3f
 1559 0212 19       		.uleb128 0x19
 1560 0213 03       		.uleb128 0x3
 1561 0214 0E       		.uleb128 0xe
 1562 0215 3A       		.uleb128 0x3a
 1563 0216 0B       		.uleb128 0xb
 1564 0217 3B       		.uleb128 0x3b
 1565 0218 0B       		.uleb128 0xb
 1566 0219 27       		.uleb128 0x27
 1567 021a 19       		.uleb128 0x19
 1568 021b 3C       		.uleb128 0x3c
 1569 021c 19       		.uleb128 0x19
 1570 021d 00       		.byte	0
 1571 021e 00       		.byte	0
 1572 021f 00       		.byte	0
 1573              		.section	.debug_loc,"",%progbits
 1574              	.Ldebug_loc0:
 1575              	.LLST0:
 1576 0000 00000000 		.4byte	.LVL0
 1577 0004 24000000 		.4byte	.LVL3
 1578 0008 0100     		.2byte	0x1
 1579 000a 50       		.byte	0x50
 1580 000b 24000000 		.4byte	.LVL3
 1581 000f 34000000 		.4byte	.LVL6
 1582 0013 0300     		.2byte	0x3
 1583 0015 75       		.byte	0x75
 1584 0016 54       		.sleb128 -44
 1585 0017 9F       		.byte	0x9f
 1586 0018 34000000 		.4byte	.LVL6
 1587 001c 37000000 		.4byte	.LVL7-1
 1588 0020 0100     		.2byte	0x1
 1589 0022 50       		.byte	0x50
 1590 0023 37000000 		.4byte	.LVL7-1
 1591 0027 40000000 		.4byte	.LFE7
 1592 002b 0300     		.2byte	0x3
 1593 002d 75       		.byte	0x75
 1594 002e 54       		.sleb128 -44
 1595 002f 9F       		.byte	0x9f
 1596 0030 00000000 		.4byte	0
ARM GAS  /tmp/cc9DosNL.s 			page 29


 1597 0034 00000000 		.4byte	0
 1598              	.LLST1:
 1599 0038 00000000 		.4byte	.LVL0
 1600 003c 24000000 		.4byte	.LVL3
 1601 0040 0100     		.2byte	0x1
 1602 0042 51       		.byte	0x51
 1603 0043 24000000 		.4byte	.LVL3
 1604 0047 2C000000 		.4byte	.LVL5
 1605 004b 0400     		.2byte	0x4
 1606 004d F3       		.byte	0xf3
 1607 004e 01       		.uleb128 0x1
 1608 004f 51       		.byte	0x51
 1609 0050 9F       		.byte	0x9f
 1610 0051 2C000000 		.4byte	.LVL5
 1611 0055 34000000 		.4byte	.LVL6
 1612 0059 0100     		.2byte	0x1
 1613 005b 50       		.byte	0x50
 1614 005c 34000000 		.4byte	.LVL6
 1615 0060 37000000 		.4byte	.LVL7-1
 1616 0064 0100     		.2byte	0x1
 1617 0066 51       		.byte	0x51
 1618 0067 37000000 		.4byte	.LVL7-1
 1619 006b 40000000 		.4byte	.LFE7
 1620 006f 0400     		.2byte	0x4
 1621 0071 F3       		.byte	0xf3
 1622 0072 01       		.uleb128 0x1
 1623 0073 51       		.byte	0x51
 1624 0074 9F       		.byte	0x9f
 1625 0075 00000000 		.4byte	0
 1626 0079 00000000 		.4byte	0
 1627              	.LLST2:
 1628 007d 16000000 		.4byte	.LVL8
 1629 0081 28000000 		.4byte	.LVL9
 1630 0085 0100     		.2byte	0x1
 1631 0087 52       		.byte	0x52
 1632 0088 00000000 		.4byte	0
 1633 008c 00000000 		.4byte	0
 1634              	.LLST3:
 1635 0090 16000000 		.4byte	.LVL8
 1636 0094 28000000 		.4byte	.LVL9
 1637 0098 0100     		.2byte	0x1
 1638 009a 50       		.byte	0x50
 1639 009b 00000000 		.4byte	0
 1640 009f 00000000 		.4byte	0
 1641              	.LLST4:
 1642 00a3 00000000 		.4byte	.LVL11
 1643 00a7 0B000000 		.4byte	.LVL12-1
 1644 00ab 0100     		.2byte	0x1
 1645 00ad 50       		.byte	0x50
 1646 00ae 0B000000 		.4byte	.LVL12-1
 1647 00b2 14000000 		.4byte	.LFE9
 1648 00b6 0400     		.2byte	0x4
 1649 00b8 F3       		.byte	0xf3
 1650 00b9 01       		.uleb128 0x1
 1651 00ba 50       		.byte	0x50
 1652 00bb 9F       		.byte	0x9f
 1653 00bc 00000000 		.4byte	0
ARM GAS  /tmp/cc9DosNL.s 			page 30


 1654 00c0 00000000 		.4byte	0
 1655              	.LLST5:
 1656 00c4 00000000 		.4byte	.LVL11
 1657 00c8 0B000000 		.4byte	.LVL12-1
 1658 00cc 0100     		.2byte	0x1
 1659 00ce 51       		.byte	0x51
 1660 00cf 0B000000 		.4byte	.LVL12-1
 1661 00d3 14000000 		.4byte	.LFE9
 1662 00d7 0400     		.2byte	0x4
 1663 00d9 F3       		.byte	0xf3
 1664 00da 01       		.uleb128 0x1
 1665 00db 51       		.byte	0x51
 1666 00dc 9F       		.byte	0x9f
 1667 00dd 00000000 		.4byte	0
 1668 00e1 00000000 		.4byte	0
 1669              		.section	.debug_aranges,"",%progbits
 1670 0000 2C000000 		.4byte	0x2c
 1671 0004 0200     		.2byte	0x2
 1672 0006 00000000 		.4byte	.Ldebug_info0
 1673 000a 04       		.byte	0x4
 1674 000b 00       		.byte	0
 1675 000c 0000     		.2byte	0
 1676 000e 0000     		.2byte	0
 1677 0010 00000000 		.4byte	.LFB7
 1678 0014 40000000 		.4byte	.LFE7-.LFB7
 1679 0018 00000000 		.4byte	.LFB8
 1680 001c 3C000000 		.4byte	.LFE8-.LFB8
 1681 0020 00000000 		.4byte	.LFB9
 1682 0024 14000000 		.4byte	.LFE9-.LFB9
 1683 0028 00000000 		.4byte	0
 1684 002c 00000000 		.4byte	0
 1685              		.section	.debug_ranges,"",%progbits
 1686              	.Ldebug_ranges0:
 1687 0000 14000000 		.4byte	.LBB11
 1688 0004 16000000 		.4byte	.LBE11
 1689 0008 1A000000 		.4byte	.LBB14
 1690 000c 22000000 		.4byte	.LBE14
 1691 0010 00000000 		.4byte	0
 1692 0014 00000000 		.4byte	0
 1693 0018 16000000 		.4byte	.LBB17
 1694 001c 18000000 		.4byte	.LBE17
 1695 0020 1A000000 		.4byte	.LBB20
 1696 0024 1E000000 		.4byte	.LBE20
 1697 0028 00000000 		.4byte	0
 1698 002c 00000000 		.4byte	0
 1699 0030 1E000000 		.4byte	.LBB21
 1700 0034 20000000 		.4byte	.LBE21
 1701 0038 22000000 		.4byte	.LBB22
 1702 003c 26000000 		.4byte	.LBE22
 1703 0040 00000000 		.4byte	0
 1704 0044 00000000 		.4byte	0
 1705 0048 00000000 		.4byte	.LFB7
 1706 004c 40000000 		.4byte	.LFE7
 1707 0050 00000000 		.4byte	.LFB8
 1708 0054 3C000000 		.4byte	.LFE8
 1709 0058 00000000 		.4byte	.LFB9
 1710 005c 14000000 		.4byte	.LFE9
ARM GAS  /tmp/cc9DosNL.s 			page 31


 1711 0060 00000000 		.4byte	0
 1712 0064 00000000 		.4byte	0
 1713              		.section	.debug_line,"",%progbits
 1714              	.Ldebug_line0:
 1715 0000 88010000 		.section	.debug_str,"MS",%progbits,1
 1715      02001201 
 1715      00000201 
 1715      FB0E0D00 
 1715      01010101 
 1716              	.LASF47:
 1717 0000 696E7463 		.ascii	"intctx\000"
 1717      747800
 1718              	.LASF39:
 1719 0007 705F6D73 		.ascii	"p_msg\000"
 1719      6700
 1720              	.LASF71:
 1721 000d 71756575 		.ascii	"queue_insert\000"
 1721      655F696E 
 1721      73657274 
 1721      00
 1722              	.LASF61:
 1723 001a 7264796D 		.ascii	"rdymsg\000"
 1723      736700
 1724              	.LASF5:
 1725 0021 5F5F7569 		.ascii	"__uint8_t\000"
 1725      6E74385F 
 1725      7400
 1726              	.LASF11:
 1727 002b 6C6F6E67 		.ascii	"long long unsigned int\000"
 1727      206C6F6E 
 1727      6720756E 
 1727      7369676E 
 1727      65642069 
 1728              	.LASF62:
 1729 0042 65786974 		.ascii	"exitcode\000"
 1729      636F6465 
 1729      00
 1730              	.LASF27:
 1731 004b 705F7072 		.ascii	"p_prio\000"
 1731      696F00
 1732              	.LASF10:
 1733 0052 6C6F6E67 		.ascii	"long long int\000"
 1733      206C6F6E 
 1733      6720696E 
 1733      7400
 1734              	.LASF1:
 1735 0060 7369676E 		.ascii	"signed char\000"
 1735      65642063 
 1735      68617200 
 1736              	.LASF43:
 1737 006c 705F6D70 		.ascii	"p_mpool\000"
 1737      6F6F6C00 
 1738              	.LASF58:
 1739 0074 6D5F7175 		.ascii	"m_queue\000"
 1739      65756500 
 1740              	.LASF19:
 1741 007c 74736C69 		.ascii	"tslices_t\000"
ARM GAS  /tmp/cc9DosNL.s 			page 32


 1741      6365735F 
 1741      7400
 1742              	.LASF7:
 1743 0086 6C6F6E67 		.ascii	"long int\000"
 1743      20696E74 
 1743      00
 1744              	.LASF66:
 1745 008f 63684D73 		.ascii	"chMsgSend\000"
 1745      6753656E 
 1745      6400
 1746              	.LASF17:
 1747 0099 74737461 		.ascii	"tstate_t\000"
 1747      74655F74 
 1747      00
 1748              	.LASF29:
 1749 00a2 705F6E65 		.ascii	"p_newer\000"
 1749      77657200 
 1750              	.LASF8:
 1751 00aa 5F5F7569 		.ascii	"__uint32_t\000"
 1751      6E743332 
 1751      5F7400
 1752              	.LASF46:
 1753 00b5 72656761 		.ascii	"regarm_t\000"
 1753      726D5F74 
 1753      00
 1754              	.LASF0:
 1755 00be 756E7369 		.ascii	"unsigned int\000"
 1755      676E6564 
 1755      20696E74 
 1755      00
 1756              	.LASF9:
 1757 00cb 6C6F6E67 		.ascii	"long unsigned int\000"
 1757      20756E73 
 1757      69676E65 
 1757      6420696E 
 1757      7400
 1758              	.LASF48:
 1759 00dd 636F6E74 		.ascii	"context\000"
 1759      65787400 
 1760              	.LASF4:
 1761 00e5 73686F72 		.ascii	"short unsigned int\000"
 1761      7420756E 
 1761      7369676E 
 1761      65642069 
 1761      6E7400
 1762              	.LASF21:
 1763 00f8 6D73675F 		.ascii	"msg_t\000"
 1763      7400
 1764              	.LASF53:
 1765 00fe 725F6E65 		.ascii	"r_newer\000"
 1765      77657200 
 1766              	.LASF16:
 1767 0106 746D6F64 		.ascii	"tmode_t\000"
 1767      655F7400 
 1768              	.LASF45:
 1769 010e 54687265 		.ascii	"ThreadsList\000"
 1769      6164734C 
ARM GAS  /tmp/cc9DosNL.s 			page 33


 1769      69737400 
 1770              	.LASF22:
 1771 011a 6576656E 		.ascii	"eventmask_t\000"
 1771      746D6173 
 1771      6B5F7400 
 1772              	.LASF57:
 1773 0126 4D757465 		.ascii	"Mutex\000"
 1773      7800
 1774              	.LASF49:
 1775 012c 73697A65 		.ascii	"sizetype\000"
 1775      74797065 
 1775      00
 1776              	.LASF30:
 1777 0135 705F6F6C 		.ascii	"p_older\000"
 1777      64657200 
 1778              	.LASF52:
 1779 013d 725F6374 		.ascii	"r_ctx\000"
 1779      7800
 1780              	.LASF44:
 1781 0143 54687265 		.ascii	"ThreadsQueue\000"
 1781      61647351 
 1781      75657565 
 1781      00
 1782              	.LASF55:
 1783 0150 725F6375 		.ascii	"r_current\000"
 1783      7272656E 
 1783      7400
 1784              	.LASF54:
 1785 015a 725F6F6C 		.ascii	"r_older\000"
 1785      64657200 
 1786              	.LASF18:
 1787 0162 74726566 		.ascii	"trefs_t\000"
 1787      735F7400 
 1788              	.LASF26:
 1789 016a 705F7072 		.ascii	"p_prev\000"
 1789      657600
 1790              	.LASF20:
 1791 0171 74707269 		.ascii	"tprio_t\000"
 1791      6F5F7400 
 1792              	.LASF68:
 1793 0179 474E5520 		.ascii	"GNU C 4.8.3 -mcpu=cortex-m3 -mno-thumb-interwork -m"
 1793      4320342E 
 1793      382E3320 
 1793      2D6D6370 
 1793      753D636F 
 1794 01ac 7468756D 		.ascii	"thumb -ggdb -O2 -fomit-frame-pointer -ffunction-sec"
 1794      62202D67 
 1794      67646220 
 1794      2D4F3220 
 1794      2D666F6D 
 1795 01df 74696F6E 		.ascii	"tions -fdata-sections -fno-common\000"
 1795      73202D66 
 1795      64617461 
 1795      2D736563 
 1795      74696F6E 
 1796              	.LASF15:
 1797 0201 5F426F6F 		.ascii	"_Bool\000"
ARM GAS  /tmp/cc9DosNL.s 			page 34


 1797      6C00
 1798              	.LASF13:
 1799 0207 696E7433 		.ascii	"int32_t\000"
 1799      325F7400 
 1800              	.LASF2:
 1801 020f 756E7369 		.ascii	"unsigned char\000"
 1801      676E6564 
 1801      20636861 
 1801      7200
 1802              	.LASF41:
 1803 021d 705F6D74 		.ascii	"p_mtxlist\000"
 1803      786C6973 
 1803      7400
 1804              	.LASF3:
 1805 0227 73686F72 		.ascii	"short int\000"
 1805      7420696E 
 1805      7400
 1806              	.LASF32:
 1807 0231 705F7374 		.ascii	"p_state\000"
 1807      61746500 
 1808              	.LASF35:
 1809 0239 705F7072 		.ascii	"p_preempt\000"
 1809      65656D70 
 1809      7400
 1810              	.LASF51:
 1811 0243 725F7072 		.ascii	"r_prio\000"
 1811      696F00
 1812              	.LASF64:
 1813 024a 65776D61 		.ascii	"ewmask\000"
 1813      736B00
 1814              	.LASF25:
 1815 0251 705F6E65 		.ascii	"p_next\000"
 1815      787400
 1816              	.LASF33:
 1817 0258 705F666C 		.ascii	"p_flags\000"
 1817      61677300 
 1818              	.LASF24:
 1819 0260 54687265 		.ascii	"Thread\000"
 1819      616400
 1820              	.LASF73:
 1821 0267 63684D73 		.ascii	"chMsgRelease\000"
 1821      6752656C 
 1821      65617365 
 1821      00
 1822              	.LASF75:
 1823 0274 63685363 		.ascii	"chSchGoSleepS\000"
 1823      68476F53 
 1823      6C656570 
 1823      5300
 1824              	.LASF40:
 1825 0282 705F6570 		.ascii	"p_epending\000"
 1825      656E6469 
 1825      6E6700
 1826              	.LASF14:
 1827 028d 75696E74 		.ascii	"uint32_t\000"
 1827      33325F74 
 1827      00
ARM GAS  /tmp/cc9DosNL.s 			page 35


 1828              	.LASF50:
 1829 0296 725F7175 		.ascii	"r_queue\000"
 1829      65756500 
 1830              	.LASF76:
 1831 029e 63685363 		.ascii	"chSchReadyI\000"
 1831      68526561 
 1831      64794900 
 1832              	.LASF65:
 1833 02aa 63686172 		.ascii	"char\000"
 1833      00
 1834              	.LASF72:
 1835 02af 6669666F 		.ascii	"fifo_remove\000"
 1835      5F72656D 
 1835      6F766500 
 1836              	.LASF60:
 1837 02bb 6D5F6E65 		.ascii	"m_next\000"
 1837      787400
 1838              	.LASF23:
 1839 02c2 73797374 		.ascii	"systime_t\000"
 1839      696D655F 
 1839      7400
 1840              	.LASF42:
 1841 02cc 705F7265 		.ascii	"p_realprio\000"
 1841      616C7072 
 1841      696F00
 1842              	.LASF6:
 1843 02d7 5F5F696E 		.ascii	"__int32_t\000"
 1843      7433325F 
 1843      7400
 1844              	.LASF36:
 1845 02e1 705F7469 		.ascii	"p_time\000"
 1845      6D6500
 1846              	.LASF70:
 1847 02e8 2F686F6D 		.ascii	"/home/development/Projects/openpv/TF_OSC_ChibiOS/jo"
 1847      652F6465 
 1847      76656C6F 
 1847      706D656E 
 1847      742F5072 
 1848 031b 6D626C6F 		.ascii	"mblo/BASIC\000"
 1848      2F424153 
 1848      494300
 1849              	.LASF38:
 1850 0326 705F6D73 		.ascii	"p_msgqueue\000"
 1850      67717565 
 1850      756500
 1851              	.LASF77:
 1852 0331 63685363 		.ascii	"chSchWakeupS\000"
 1852      6857616B 
 1852      65757053 
 1852      00
 1853              	.LASF67:
 1854 033e 63684D73 		.ascii	"chMsgWait\000"
 1854      67576169 
 1854      7400
 1855              	.LASF34:
 1856 0348 705F7265 		.ascii	"p_refs\000"
 1856      667300
ARM GAS  /tmp/cc9DosNL.s 			page 36


 1857              	.LASF56:
 1858 034f 52656164 		.ascii	"ReadyList\000"
 1858      794C6973 
 1858      7400
 1859              	.LASF74:
 1860 0359 726C6973 		.ascii	"rlist\000"
 1860      7400
 1861              	.LASF12:
 1862 035f 75696E74 		.ascii	"uint8_t\000"
 1862      385F7400 
 1863              	.LASF63:
 1864 0367 77746F62 		.ascii	"wtobjp\000"
 1864      6A7000
 1865              	.LASF31:
 1866 036e 705F6E61 		.ascii	"p_name\000"
 1866      6D6500
 1867              	.LASF69:
 1868 0375 2E2E2F2E 		.ascii	"../../os/kernel/src/chmsg.c\000"
 1868      2E2F6F73 
 1868      2F6B6572 
 1868      6E656C2F 
 1868      7372632F 
 1869              	.LASF59:
 1870 0391 6D5F6F77 		.ascii	"m_owner\000"
 1870      6E657200 
 1871              	.LASF28:
 1872 0399 705F6374 		.ascii	"p_ctx\000"
 1872      7800
 1873              	.LASF37:
 1874 039f 705F7761 		.ascii	"p_waiting\000"
 1874      6974696E 
 1874      6700
 1875              		.ident	"GCC: (4.8.3-18ubuntu2+12) 4.8.3"
ARM GAS  /tmp/cc9DosNL.s 			page 37


DEFINED SYMBOLS
                            *ABS*:00000000 chmsg.c
     /tmp/cc9DosNL.s:19     .text.chMsgSend:00000000 $t
     /tmp/cc9DosNL.s:24     .text.chMsgSend:00000000 chMsgSend
     /tmp/cc9DosNL.s:111    .text.chMsgSend:0000003c $d
     /tmp/cc9DosNL.s:116    .text.chMsgWait:00000000 $t
     /tmp/cc9DosNL.s:121    .text.chMsgWait:00000000 chMsgWait
     /tmp/cc9DosNL.s:191    .text.chMsgWait:00000038 $d
     /tmp/cc9DosNL.s:196    .text.chMsgRelease:00000000 $t
     /tmp/cc9DosNL.s:201    .text.chMsgRelease:00000000 chMsgRelease
                     .debug_frame:00000010 $d

UNDEFINED SYMBOLS
chSchGoSleepS
chSchReadyI
rlist
chSchWakeupS
