ARM GAS  /tmp/ccUtKk68.s 			page 1


   1              		.syntax unified
   2              		.cpu cortex-m3
   3              		.fpu softvfp
   4              		.eabi_attribute 20, 1
   5              		.eabi_attribute 21, 1
   6              		.eabi_attribute 23, 3
   7              		.eabi_attribute 24, 1
   8              		.eabi_attribute 25, 1
   9              		.eabi_attribute 26, 1
  10              		.eabi_attribute 30, 2
  11              		.eabi_attribute 34, 1
  12              		.eabi_attribute 18, 4
  13              		.thumb
  14              		.file	"chregistry.c"
  15              		.text
  16              	.Ltext0:
  17              		.cfi_sections	.debug_frame
  18              		.section	.text.chRegFirstThread,"ax",%progbits
  19              		.align	2
  20              		.global	chRegFirstThread
  21              		.thumb
  22              		.thumb_func
  23              		.type	chRegFirstThread, %function
  24              	chRegFirstThread:
  25              	.LFB7:
  26              		.file 1 "../../os/kernel/src/chregistry.c"
  27              		.loc 1 117 0
  28              		.cfi_startproc
  29              		@ args = 0, pretend = 0, frame = 0
  30              		@ frame_needed = 0, uses_anonymous_args = 0
  31              		@ link register save eliminated.
  32              	.LBB2:
  33              		.loc 1 120 0
  34 0000 2023     		movs	r3, #32
  35              	@ 120 "../../os/kernel/src/chregistry.c" 1
  36 0002 83F31188 		msr     BASEPRI, r3
  37              	@ 0 "" 2
  38              		.thumb
  39              	.LBE2:
  40              		.loc 1 121 0
  41 0006 044A     		ldr	r2, .L2
  42              	.LBB3:
  43              		.loc 1 125 0
  44 0008 0023     		movs	r3, #0
  45              	.LBE3:
  46              		.loc 1 121 0
  47 000a 1069     		ldr	r0, [r2, #16]
  48              	.LVL0:
  49              		.loc 1 123 0
  50 000c 827F     		ldrb	r2, [r0, #30]	@ zero_extendqisi2
  51 000e 0132     		adds	r2, r2, #1
  52 0010 8277     		strb	r2, [r0, #30]
  53              	.LBB4:
  54              		.loc 1 125 0
  55              	@ 125 "../../os/kernel/src/chregistry.c" 1
  56 0012 83F31188 		msr     BASEPRI, r3
  57              	@ 0 "" 2
ARM GAS  /tmp/ccUtKk68.s 			page 2


  58              		.thumb
  59              	.LBE4:
  60              		.loc 1 127 0
  61 0016 7047     		bx	lr
  62              	.L3:
  63              		.align	2
  64              	.L2:
  65 0018 00000000 		.word	rlist
  66              		.cfi_endproc
  67              	.LFE7:
  68              		.size	chRegFirstThread, .-chRegFirstThread
  69              		.section	.text.chRegNextThread,"ax",%progbits
  70              		.align	2
  71              		.global	chRegNextThread
  72              		.thumb
  73              		.thumb_func
  74              		.type	chRegNextThread, %function
  75              	chRegNextThread:
  76              	.LFB8:
  77              		.loc 1 140 0
  78              		.cfi_startproc
  79              		@ args = 0, pretend = 0, frame = 0
  80              		@ frame_needed = 0, uses_anonymous_args = 0
  81              	.LVL1:
  82 0000 10B5     		push	{r4, lr}
  83              		.cfi_def_cfa_offset 8
  84              		.cfi_offset 4, -8
  85              		.cfi_offset 14, -4
  86              	.LBB5:
  87              		.loc 1 143 0
  88 0002 2023     		movs	r3, #32
  89              	@ 143 "../../os/kernel/src/chregistry.c" 1
  90 0004 83F31188 		msr     BASEPRI, r3
  91              	@ 0 "" 2
  92              		.thumb
  93              	.LBE5:
  94              		.loc 1 145 0
  95 0008 074B     		ldr	r3, .L7
  96              		.loc 1 144 0
  97 000a 0469     		ldr	r4, [r0, #16]
  98              	.LVL2:
  99              		.loc 1 145 0
 100 000c 9C42     		cmp	r4, r3
 101              		.loc 1 151 0
 102 000e 17BF     		itett	ne
 103 0010 A37F     		ldrbne	r3, [r4, #30]	@ zero_extendqisi2
 104              		.loc 1 146 0
 105 0012 0024     		moveq	r4, #0
 106              	.LVL3:
 107              		.loc 1 151 0
 108 0014 0133     		addne	r3, r3, #1
 109 0016 A377     		strbne	r3, [r4, #30]
 110              	.LBB6:
 111              		.loc 1 154 0
 112 0018 0023     		movs	r3, #0
 113              	@ 154 "../../os/kernel/src/chregistry.c" 1
 114 001a 83F31188 		msr     BASEPRI, r3
ARM GAS  /tmp/ccUtKk68.s 			page 3


 115              	@ 0 "" 2
 116              		.thumb
 117              	.LBE6:
 118              		.loc 1 156 0
 119 001e FFF7FEFF 		bl	chThdRelease
 120              	.LVL4:
 121              		.loc 1 159 0
 122 0022 2046     		mov	r0, r4
 123 0024 10BD     		pop	{r4, pc}
 124              	.LVL5:
 125              	.L8:
 126 0026 00BF     		.align	2
 127              	.L7:
 128 0028 00000000 		.word	rlist
 129              		.cfi_endproc
 130              	.LFE8:
 131              		.size	chRegNextThread, .-chRegNextThread
 132              		.global	ch_debug
 133              		.section	.rodata.ch_debug,"a",%progbits
 134              		.align	2
 135              		.type	ch_debug, %object
 136              		.size	ch_debug, 22
 137              	ch_debug:
 138 0000 6D61696E 		.ascii	"main"
 139 0004 00       		.byte	0
 140 0005 16       		.byte	22
 141 0006 8211     		.short	4482
 142 0008 04       		.byte	4
 143 0009 04       		.byte	4
 144 000a 48       		.byte	72
 145 000b 08       		.byte	8
 146 000c 0C       		.byte	12
 147 000d 10       		.byte	16
 148 000e 14       		.byte	20
 149 000f 18       		.byte	24
 150 0010 00       		.byte	0
 151 0011 1C       		.byte	28
 152 0012 1D       		.byte	29
 153 0013 1E       		.byte	30
 154 0014 1F       		.byte	31
 155 0015 20       		.byte	32
 156 0016 0000     		.text
 157              	.Letext0:
 158              		.file 2 "/usr/lib/gcc/arm-none-eabi/4.8/include/stddef.h"
 159              		.file 3 "/usr/include/newlib/machine/_default_types.h"
 160              		.file 4 "/usr/include/newlib/stdint.h"
 161              		.file 5 "../../os/ports/GCC/ARMCMx/chtypes.h"
 162              		.file 6 "../../os/kernel/include/chlists.h"
 163              		.file 7 "../../os/kernel/include/chthreads.h"
 164              		.file 8 "../../os/ports/GCC/ARMCMx/chcore_v7m.h"
 165              		.file 9 "../../os/kernel/include/chschd.h"
 166              		.file 10 "../../os/kernel/include/chmtx.h"
 167              		.file 11 "../../os/kernel/include/chregistry.h"
 168              		.file 12 "../../os/kernel/include/chdynamic.h"
 169              		.section	.debug_info,"",%progbits
 170              	.Ldebug_info0:
 171 0000 21060000 		.4byte	0x621
ARM GAS  /tmp/ccUtKk68.s 			page 4


 172 0004 0400     		.2byte	0x4
 173 0006 00000000 		.4byte	.Ldebug_abbrev0
 174 000a 04       		.byte	0x4
 175 000b 01       		.uleb128 0x1
 176 000c 28020000 		.4byte	.LASF92
 177 0010 01       		.byte	0x1
 178 0011 09040000 		.4byte	.LASF93
 179 0015 C0030000 		.4byte	.LASF94
 180 0019 18000000 		.4byte	.Ldebug_ranges0+0x18
 181 001d 00000000 		.4byte	0
 182 0021 00000000 		.4byte	.Ldebug_line0
 183 0025 02       		.uleb128 0x2
 184 0026 04       		.byte	0x4
 185 0027 05       		.byte	0x5
 186 0028 696E7400 		.ascii	"int\000"
 187 002c 03       		.uleb128 0x3
 188 002d 1A000000 		.4byte	.LASF2
 189 0031 02       		.byte	0x2
 190 0032 D4       		.byte	0xd4
 191 0033 37000000 		.4byte	0x37
 192 0037 04       		.uleb128 0x4
 193 0038 04       		.byte	0x4
 194 0039 07       		.byte	0x7
 195 003a 17010000 		.4byte	.LASF0
 196 003e 04       		.uleb128 0x4
 197 003f 01       		.byte	0x1
 198 0040 06       		.byte	0x6
 199 0041 93000000 		.4byte	.LASF1
 200 0045 03       		.uleb128 0x3
 201 0046 28000000 		.4byte	.LASF3
 202 004a 03       		.byte	0x3
 203 004b 1D       		.byte	0x1d
 204 004c 50000000 		.4byte	0x50
 205 0050 04       		.uleb128 0x4
 206 0051 01       		.byte	0x1
 207 0052 08       		.byte	0x8
 208 0053 BE020000 		.4byte	.LASF4
 209 0057 04       		.uleb128 0x4
 210 0058 02       		.byte	0x2
 211 0059 05       		.byte	0x5
 212 005a D6020000 		.4byte	.LASF5
 213 005e 03       		.uleb128 0x3
 214 005f 88030000 		.4byte	.LASF6
 215 0063 03       		.byte	0x3
 216 0064 2B       		.byte	0x2b
 217 0065 69000000 		.4byte	0x69
 218 0069 04       		.uleb128 0x4
 219 006a 02       		.byte	0x2
 220 006b 07       		.byte	0x7
 221 006c 55010000 		.4byte	.LASF7
 222 0070 03       		.uleb128 0x3
 223 0071 AF030000 		.4byte	.LASF8
 224 0075 03       		.byte	0x3
 225 0076 3F       		.byte	0x3f
 226 0077 7B000000 		.4byte	0x7b
 227 007b 04       		.uleb128 0x4
 228 007c 04       		.byte	0x4
ARM GAS  /tmp/ccUtKk68.s 			page 5


 229 007d 05       		.byte	0x5
 230 007e D6000000 		.4byte	.LASF9
 231 0082 03       		.uleb128 0x3
 232 0083 03010000 		.4byte	.LASF10
 233 0087 03       		.byte	0x3
 234 0088 41       		.byte	0x41
 235 0089 8D000000 		.4byte	0x8d
 236 008d 04       		.uleb128 0x4
 237 008e 04       		.byte	0x4
 238 008f 07       		.byte	0x7
 239 0090 24010000 		.4byte	.LASF11
 240 0094 04       		.uleb128 0x4
 241 0095 08       		.byte	0x8
 242 0096 05       		.byte	0x5
 243 0097 85000000 		.4byte	.LASF12
 244 009b 04       		.uleb128 0x4
 245 009c 08       		.byte	0x8
 246 009d 07       		.byte	0x7
 247 009e 32000000 		.4byte	.LASF13
 248 00a2 03       		.uleb128 0x3
 249 00a3 4C040000 		.4byte	.LASF14
 250 00a7 04       		.byte	0x4
 251 00a8 2A       		.byte	0x2a
 252 00a9 45000000 		.4byte	0x45
 253 00ad 03       		.uleb128 0x3
 254 00ae E8000000 		.4byte	.LASF15
 255 00b2 04       		.byte	0x4
 256 00b3 36       		.byte	0x36
 257 00b4 5E000000 		.4byte	0x5e
 258 00b8 03       		.uleb128 0x3
 259 00b9 B6020000 		.4byte	.LASF16
 260 00bd 04       		.byte	0x4
 261 00be 41       		.byte	0x41
 262 00bf 70000000 		.4byte	0x70
 263 00c3 03       		.uleb128 0x3
 264 00c4 56030000 		.4byte	.LASF17
 265 00c8 04       		.byte	0x4
 266 00c9 42       		.byte	0x42
 267 00ca 82000000 		.4byte	0x82
 268 00ce 04       		.uleb128 0x4
 269 00cf 01       		.byte	0x1
 270 00d0 02       		.byte	0x2
 271 00d1 B0020000 		.4byte	.LASF18
 272 00d5 03       		.uleb128 0x3
 273 00d6 76010000 		.4byte	.LASF19
 274 00da 05       		.byte	0x5
 275 00db 2C       		.byte	0x2c
 276 00dc A2000000 		.4byte	0xa2
 277 00e0 03       		.uleb128 0x3
 278 00e1 DF000000 		.4byte	.LASF20
 279 00e5 05       		.byte	0x5
 280 00e6 2D       		.byte	0x2d
 281 00e7 A2000000 		.4byte	0xa2
 282 00eb 03       		.uleb128 0x3
 283 00ec 06020000 		.4byte	.LASF21
 284 00f0 05       		.byte	0x5
 285 00f1 2E       		.byte	0x2e
ARM GAS  /tmp/ccUtKk68.s 			page 6


 286 00f2 A2000000 		.4byte	0xa2
 287 00f6 03       		.uleb128 0x3
 288 00f7 CC000000 		.4byte	.LASF22
 289 00fb 05       		.byte	0x5
 290 00fc 2F       		.byte	0x2f
 291 00fd A2000000 		.4byte	0xa2
 292 0101 03       		.uleb128 0x3
 293 0102 20020000 		.4byte	.LASF23
 294 0106 05       		.byte	0x5
 295 0107 30       		.byte	0x30
 296 0108 C3000000 		.4byte	0xc3
 297 010c 03       		.uleb128 0x3
 298 010d 68010000 		.4byte	.LASF24
 299 0111 05       		.byte	0x5
 300 0112 31       		.byte	0x31
 301 0113 B8000000 		.4byte	0xb8
 302 0117 03       		.uleb128 0x3
 303 0118 8A010000 		.4byte	.LASF25
 304 011c 05       		.byte	0x5
 305 011d 33       		.byte	0x33
 306 011e C3000000 		.4byte	0xc3
 307 0122 03       		.uleb128 0x3
 308 0123 9A030000 		.4byte	.LASF26
 309 0127 05       		.byte	0x5
 310 0128 35       		.byte	0x35
 311 0129 C3000000 		.4byte	0xc3
 312 012d 03       		.uleb128 0x3
 313 012e 37030000 		.4byte	.LASF27
 314 0132 06       		.byte	0x6
 315 0133 2A       		.byte	0x2a
 316 0134 38010000 		.4byte	0x138
 317 0138 05       		.uleb128 0x5
 318 0139 37030000 		.4byte	.LASF27
 319 013d 48       		.byte	0x48
 320 013e 07       		.byte	0x7
 321 013f 5E       		.byte	0x5e
 322 0140 35020000 		.4byte	0x235
 323 0144 06       		.uleb128 0x6
 324 0145 0C030000 		.4byte	.LASF28
 325 0149 07       		.byte	0x7
 326 014a 5F       		.byte	0x5f
 327 014b 56020000 		.4byte	0x256
 328 014f 00       		.byte	0
 329 0150 06       		.uleb128 0x6
 330 0151 19020000 		.4byte	.LASF29
 331 0155 07       		.byte	0x7
 332 0156 61       		.byte	0x61
 333 0157 56020000 		.4byte	0x256
 334 015b 04       		.byte	0x4
 335 015c 06       		.uleb128 0x6
 336 015d 71000000 		.4byte	.LASF30
 337 0161 07       		.byte	0x7
 338 0162 63       		.byte	0x63
 339 0163 01010000 		.4byte	0x101
 340 0167 08       		.byte	0x8
 341 0168 06       		.uleb128 0x6
 342 0169 75040000 		.4byte	.LASF31
ARM GAS  /tmp/ccUtKk68.s 			page 7


 343 016d 07       		.byte	0x7
 344 016e 64       		.byte	0x64
 345 016f 10030000 		.4byte	0x310
 346 0173 0C       		.byte	0xc
 347 0174 06       		.uleb128 0x6
 348 0175 FB000000 		.4byte	.LASF32
 349 0179 07       		.byte	0x7
 350 017a 66       		.byte	0x66
 351 017b 56020000 		.4byte	0x256
 352 017f 10       		.byte	0x10
 353 0180 06       		.uleb128 0x6
 354 0181 D1010000 		.4byte	.LASF33
 355 0185 07       		.byte	0x7
 356 0186 67       		.byte	0x67
 357 0187 56020000 		.4byte	0x256
 358 018b 14       		.byte	0x14
 359 018c 06       		.uleb128 0x6
 360 018d 5B040000 		.4byte	.LASF34
 361 0191 07       		.byte	0x7
 362 0192 6E       		.byte	0x6e
 363 0193 10040000 		.4byte	0x410
 364 0197 18       		.byte	0x18
 365 0198 06       		.uleb128 0x6
 366 0199 E0020000 		.4byte	.LASF35
 367 019d 07       		.byte	0x7
 368 019e 79       		.byte	0x79
 369 019f E0000000 		.4byte	0xe0
 370 01a3 1C       		.byte	0x1c
 371 01a4 06       		.uleb128 0x6
 372 01a5 22030000 		.4byte	.LASF36
 373 01a9 07       		.byte	0x7
 374 01aa 7D       		.byte	0x7d
 375 01ab D5000000 		.4byte	0xd5
 376 01af 1D       		.byte	0x1d
 377 01b0 06       		.uleb128 0x6
 378 01b1 35040000 		.4byte	.LASF37
 379 01b5 07       		.byte	0x7
 380 01b6 82       		.byte	0x82
 381 01b7 EB000000 		.4byte	0xeb
 382 01bb 1E       		.byte	0x1e
 383 01bc 06       		.uleb128 0x6
 384 01bd E8020000 		.4byte	.LASF38
 385 01c1 07       		.byte	0x7
 386 01c2 88       		.byte	0x88
 387 01c3 F6000000 		.4byte	0xf6
 388 01c7 1F       		.byte	0x1f
 389 01c8 06       		.uleb128 0x6
 390 01c9 B9030000 		.4byte	.LASF39
 391 01cd 07       		.byte	0x7
 392 01ce 8F       		.byte	0x8f
 393 01cf 38030000 		.4byte	0x338
 394 01d3 20       		.byte	0x20
 395 01d4 07       		.uleb128 0x7
 396 01d5 705F7500 		.ascii	"p_u\000"
 397 01d9 07       		.byte	0x7
 398 01da B4       		.byte	0xb4
 399 01db DB030000 		.4byte	0x3db
ARM GAS  /tmp/ccUtKk68.s 			page 8


 400 01df 24       		.byte	0x24
 401 01e0 06       		.uleb128 0x6
 402 01e1 7B040000 		.4byte	.LASF40
 403 01e5 07       		.byte	0x7
 404 01e6 B9       		.byte	0xb9
 405 01e7 7C020000 		.4byte	0x27c
 406 01eb 28       		.byte	0x28
 407 01ec 06       		.uleb128 0x6
 408 01ed FE030000 		.4byte	.LASF41
 409 01f1 07       		.byte	0x7
 410 01f2 BF       		.byte	0xbf
 411 01f3 5C020000 		.4byte	0x25c
 412 01f7 2C       		.byte	0x2c
 413 01f8 06       		.uleb128 0x6
 414 01f9 14000000 		.4byte	.LASF42
 415 01fd 07       		.byte	0x7
 416 01fe C3       		.byte	0xc3
 417 01ff 0C010000 		.4byte	0x10c
 418 0203 34       		.byte	0x34
 419 0204 06       		.uleb128 0x6
 420 0205 4B030000 		.4byte	.LASF43
 421 0209 07       		.byte	0x7
 422 020a C9       		.byte	0xc9
 423 020b 17010000 		.4byte	0x117
 424 020f 38       		.byte	0x38
 425 0210 06       		.uleb128 0x6
 426 0211 CC020000 		.4byte	.LASF44
 427 0215 07       		.byte	0x7
 428 0216 D0       		.byte	0xd0
 429 0217 22040000 		.4byte	0x422
 430 021b 3C       		.byte	0x3c
 431 021c 06       		.uleb128 0x6
 432 021d A4030000 		.4byte	.LASF45
 433 0221 07       		.byte	0x7
 434 0222 D4       		.byte	0xd4
 435 0223 01010000 		.4byte	0x101
 436 0227 40       		.byte	0x40
 437 0228 06       		.uleb128 0x6
 438 0229 BC000000 		.4byte	.LASF46
 439 022d 07       		.byte	0x7
 440 022e DA       		.byte	0xda
 441 022f 92020000 		.4byte	0x292
 442 0233 44       		.byte	0x44
 443 0234 00       		.byte	0
 444 0235 08       		.uleb128 0x8
 445 0236 08       		.byte	0x8
 446 0237 06       		.byte	0x6
 447 0238 61       		.byte	0x61
 448 0239 56020000 		.4byte	0x256
 449 023d 06       		.uleb128 0x6
 450 023e 0C030000 		.4byte	.LASF28
 451 0242 06       		.byte	0x6
 452 0243 62       		.byte	0x62
 453 0244 56020000 		.4byte	0x256
 454 0248 00       		.byte	0
 455 0249 06       		.uleb128 0x6
 456 024a 19020000 		.4byte	.LASF29
ARM GAS  /tmp/ccUtKk68.s 			page 9


 457 024e 06       		.byte	0x6
 458 024f 64       		.byte	0x64
 459 0250 56020000 		.4byte	0x256
 460 0254 04       		.byte	0x4
 461 0255 00       		.byte	0
 462 0256 09       		.uleb128 0x9
 463 0257 04       		.byte	0x4
 464 0258 2D010000 		.4byte	0x12d
 465 025c 03       		.uleb128 0x3
 466 025d DF010000 		.4byte	.LASF47
 467 0261 06       		.byte	0x6
 468 0262 66       		.byte	0x66
 469 0263 35020000 		.4byte	0x235
 470 0267 08       		.uleb128 0x8
 471 0268 04       		.byte	0x4
 472 0269 06       		.byte	0x6
 473 026a 6B       		.byte	0x6b
 474 026b 7C020000 		.4byte	0x27c
 475 026f 06       		.uleb128 0x6
 476 0270 0C030000 		.4byte	.LASF28
 477 0274 06       		.byte	0x6
 478 0275 6D       		.byte	0x6d
 479 0276 56020000 		.4byte	0x256
 480 027a 00       		.byte	0
 481 027b 00       		.byte	0
 482 027c 03       		.uleb128 0x3
 483 027d 7E010000 		.4byte	.LASF48
 484 0281 06       		.byte	0x6
 485 0282 70       		.byte	0x70
 486 0283 67020000 		.4byte	0x267
 487 0287 03       		.uleb128 0x3
 488 0288 0E010000 		.4byte	.LASF49
 489 028c 08       		.byte	0x8
 490 028d E5       		.byte	0xe5
 491 028e 92020000 		.4byte	0x292
 492 0292 0A       		.uleb128 0xa
 493 0293 04       		.byte	0x4
 494 0294 0B       		.uleb128 0xb
 495 0295 00000000 		.4byte	.LASF50
 496 0299 24       		.byte	0x24
 497 029a 08       		.byte	0x8
 498 029b 0C01     		.2byte	0x10c
 499 029d 10030000 		.4byte	0x310
 500 02a1 0C       		.uleb128 0xc
 501 02a2 723400   		.ascii	"r4\000"
 502 02a5 08       		.byte	0x8
 503 02a6 1F01     		.2byte	0x11f
 504 02a8 87020000 		.4byte	0x287
 505 02ac 00       		.byte	0
 506 02ad 0C       		.uleb128 0xc
 507 02ae 723500   		.ascii	"r5\000"
 508 02b1 08       		.byte	0x8
 509 02b2 2001     		.2byte	0x120
 510 02b4 87020000 		.4byte	0x287
 511 02b8 04       		.byte	0x4
 512 02b9 0C       		.uleb128 0xc
 513 02ba 723600   		.ascii	"r6\000"
ARM GAS  /tmp/ccUtKk68.s 			page 10


 514 02bd 08       		.byte	0x8
 515 02be 2101     		.2byte	0x121
 516 02c0 87020000 		.4byte	0x287
 517 02c4 08       		.byte	0x8
 518 02c5 0C       		.uleb128 0xc
 519 02c6 723700   		.ascii	"r7\000"
 520 02c9 08       		.byte	0x8
 521 02ca 2201     		.2byte	0x122
 522 02cc 87020000 		.4byte	0x287
 523 02d0 0C       		.byte	0xc
 524 02d1 0C       		.uleb128 0xc
 525 02d2 723800   		.ascii	"r8\000"
 526 02d5 08       		.byte	0x8
 527 02d6 2301     		.2byte	0x123
 528 02d8 87020000 		.4byte	0x287
 529 02dc 10       		.byte	0x10
 530 02dd 0C       		.uleb128 0xc
 531 02de 723900   		.ascii	"r9\000"
 532 02e1 08       		.byte	0x8
 533 02e2 2401     		.2byte	0x124
 534 02e4 87020000 		.4byte	0x287
 535 02e8 14       		.byte	0x14
 536 02e9 0C       		.uleb128 0xc
 537 02ea 72313000 		.ascii	"r10\000"
 538 02ee 08       		.byte	0x8
 539 02ef 2501     		.2byte	0x125
 540 02f1 87020000 		.4byte	0x287
 541 02f5 18       		.byte	0x18
 542 02f6 0C       		.uleb128 0xc
 543 02f7 72313100 		.ascii	"r11\000"
 544 02fb 08       		.byte	0x8
 545 02fc 2601     		.2byte	0x126
 546 02fe 87020000 		.4byte	0x287
 547 0302 1C       		.byte	0x1c
 548 0303 0C       		.uleb128 0xc
 549 0304 6C7200   		.ascii	"lr\000"
 550 0307 08       		.byte	0x8
 551 0308 2701     		.2byte	0x127
 552 030a 87020000 		.4byte	0x287
 553 030e 20       		.byte	0x20
 554 030f 00       		.byte	0
 555 0310 0B       		.uleb128 0xb
 556 0311 4D010000 		.4byte	.LASF51
 557 0315 04       		.byte	0x4
 558 0316 08       		.byte	0x8
 559 0317 3101     		.2byte	0x131
 560 0319 2B030000 		.4byte	0x32b
 561 031d 0C       		.uleb128 0xc
 562 031e 72313300 		.ascii	"r13\000"
 563 0322 08       		.byte	0x8
 564 0323 3201     		.2byte	0x132
 565 0325 2B030000 		.4byte	0x32b
 566 0329 00       		.byte	0
 567 032a 00       		.byte	0
 568 032b 09       		.uleb128 0x9
 569 032c 04       		.byte	0x4
 570 032d 94020000 		.4byte	0x294
ARM GAS  /tmp/ccUtKk68.s 			page 11


 571 0331 04       		.uleb128 0x4
 572 0332 04       		.byte	0x4
 573 0333 07       		.byte	0x7
 574 0334 B0010000 		.4byte	.LASF52
 575 0338 0D       		.uleb128 0xd
 576 0339 22010000 		.4byte	0x122
 577 033d 08       		.uleb128 0x8
 578 033e 1C       		.byte	0x1c
 579 033f 09       		.byte	0x9
 580 0340 5E       		.byte	0x5e
 581 0341 8E030000 		.4byte	0x38e
 582 0345 06       		.uleb128 0x6
 583 0346 6B030000 		.4byte	.LASF53
 584 034a 09       		.byte	0x9
 585 034b 5F       		.byte	0x5f
 586 034c 5C020000 		.4byte	0x25c
 587 0350 00       		.byte	0
 588 0351 06       		.uleb128 0x6
 589 0352 FE020000 		.4byte	.LASF54
 590 0356 09       		.byte	0x9
 591 0357 60       		.byte	0x60
 592 0358 01010000 		.4byte	0x101
 593 035c 08       		.byte	0x8
 594 035d 06       		.uleb128 0x6
 595 035e D9010000 		.4byte	.LASF55
 596 0362 09       		.byte	0x9
 597 0363 62       		.byte	0x62
 598 0364 10030000 		.4byte	0x310
 599 0368 0C       		.byte	0xc
 600 0369 06       		.uleb128 0x6
 601 036a 6E010000 		.4byte	.LASF56
 602 036e 09       		.byte	0x9
 603 036f 65       		.byte	0x65
 604 0370 56020000 		.4byte	0x256
 605 0374 10       		.byte	0x10
 606 0375 06       		.uleb128 0x6
 607 0376 FE010000 		.4byte	.LASF57
 608 037a 09       		.byte	0x9
 609 037b 66       		.byte	0x66
 610 037c 56020000 		.4byte	0x256
 611 0380 14       		.byte	0x14
 612 0381 06       		.uleb128 0x6
 613 0382 F4010000 		.4byte	.LASF58
 614 0386 09       		.byte	0x9
 615 0387 69       		.byte	0x69
 616 0388 56020000 		.4byte	0x256
 617 038c 18       		.byte	0x18
 618 038d 00       		.byte	0
 619 038e 03       		.uleb128 0x3
 620 038f 3C040000 		.4byte	.LASF59
 621 0393 09       		.byte	0x9
 622 0394 6B       		.byte	0x6b
 623 0395 3D030000 		.4byte	0x33d
 624 0399 05       		.uleb128 0x5
 625 039a 96010000 		.4byte	.LASF60
 626 039e 10       		.byte	0x10
 627 039f 0A       		.byte	0xa
ARM GAS  /tmp/ccUtKk68.s 			page 12


 628 03a0 2C       		.byte	0x2c
 629 03a1 CA030000 		.4byte	0x3ca
 630 03a5 06       		.uleb128 0x6
 631 03a6 C4000000 		.4byte	.LASF61
 632 03aa 0A       		.byte	0xa
 633 03ab 2D       		.byte	0x2d
 634 03ac 5C020000 		.4byte	0x25c
 635 03b0 00       		.byte	0
 636 03b1 06       		.uleb128 0x6
 637 03b2 6D040000 		.4byte	.LASF62
 638 03b6 0A       		.byte	0xa
 639 03b7 2F       		.byte	0x2f
 640 03b8 56020000 		.4byte	0x256
 641 03bc 08       		.byte	0x8
 642 03bd 06       		.uleb128 0x6
 643 03be 93030000 		.4byte	.LASF63
 644 03c2 0A       		.byte	0xa
 645 03c3 31       		.byte	0x31
 646 03c4 CA030000 		.4byte	0x3ca
 647 03c8 0C       		.byte	0xc
 648 03c9 00       		.byte	0
 649 03ca 09       		.uleb128 0x9
 650 03cb 04       		.byte	0x4
 651 03cc 99030000 		.4byte	0x399
 652 03d0 03       		.uleb128 0x3
 653 03d1 96010000 		.4byte	.LASF60
 654 03d5 0A       		.byte	0xa
 655 03d6 33       		.byte	0x33
 656 03d7 99030000 		.4byte	0x399
 657 03db 0E       		.uleb128 0xe
 658 03dc 04       		.byte	0x4
 659 03dd 07       		.byte	0x7
 660 03de 96       		.byte	0x96
 661 03df 10040000 		.4byte	0x410
 662 03e3 0F       		.uleb128 0xf
 663 03e4 21000000 		.4byte	.LASF64
 664 03e8 07       		.byte	0x7
 665 03e9 9D       		.byte	0x9d
 666 03ea 0C010000 		.4byte	0x10c
 667 03ee 0F       		.uleb128 0xf
 668 03ef 57000000 		.4byte	.LASF65
 669 03f3 07       		.byte	0x7
 670 03f4 A4       		.byte	0xa4
 671 03f5 0C010000 		.4byte	0x10c
 672 03f9 0F       		.uleb128 0xf
 673 03fa 54040000 		.4byte	.LASF66
 674 03fe 07       		.byte	0x7
 675 03ff AB       		.byte	0xab
 676 0400 92020000 		.4byte	0x292
 677 0404 0F       		.uleb128 0xf
 678 0405 05030000 		.4byte	.LASF67
 679 0409 07       		.byte	0x7
 680 040a B2       		.byte	0xb2
 681 040b 17010000 		.4byte	0x117
 682 040f 00       		.byte	0
 683 0410 09       		.uleb128 0x9
 684 0411 04       		.byte	0x4
ARM GAS  /tmp/ccUtKk68.s 			page 13


 685 0412 16040000 		.4byte	0x416
 686 0416 10       		.uleb128 0x10
 687 0417 1B040000 		.4byte	0x41b
 688 041b 04       		.uleb128 0x4
 689 041c 01       		.byte	0x1
 690 041d 08       		.byte	0x8
 691 041e 73030000 		.4byte	.LASF68
 692 0422 09       		.uleb128 0x9
 693 0423 04       		.byte	0x4
 694 0424 D0030000 		.4byte	0x3d0
 695 0428 08       		.uleb128 0x8
 696 0429 16       		.byte	0x16
 697 042a 0B       		.byte	0xb
 698 042b 2C       		.byte	0x2c
 699 042c 09050000 		.4byte	0x509
 700 0430 06       		.uleb128 0x6
 701 0431 3F010000 		.4byte	.LASF69
 702 0435 0B       		.byte	0xb
 703 0436 2D       		.byte	0x2d
 704 0437 09050000 		.4byte	0x509
 705 043b 00       		.byte	0
 706 043c 06       		.uleb128 0x6
 707 043d 9C010000 		.4byte	.LASF70
 708 0441 0B       		.byte	0xb
 709 0442 2E       		.byte	0x2e
 710 0443 A2000000 		.4byte	0xa2
 711 0447 04       		.byte	0x4
 712 0448 06       		.uleb128 0x6
 713 0449 EC010000 		.4byte	.LASF71
 714 044d 0B       		.byte	0xb
 715 044e 2F       		.byte	0x2f
 716 044f A2000000 		.4byte	0xa2
 717 0453 05       		.byte	0x5
 718 0454 06       		.uleb128 0x6
 719 0455 62040000 		.4byte	.LASF72
 720 0459 0B       		.byte	0xb
 721 045a 30       		.byte	0x30
 722 045b AD000000 		.4byte	0xad
 723 045f 06       		.byte	0x6
 724 0460 06       		.uleb128 0x6
 725 0461 0E020000 		.4byte	.LASF73
 726 0465 0B       		.byte	0xb
 727 0466 31       		.byte	0x31
 728 0467 A2000000 		.4byte	0xa2
 729 046b 08       		.byte	0x8
 730 046c 06       		.uleb128 0x6
 731 046d B9010000 		.4byte	.LASF74
 732 0471 0B       		.byte	0xb
 733 0472 32       		.byte	0x32
 734 0473 A2000000 		.4byte	0xa2
 735 0477 09       		.byte	0x9
 736 0478 06       		.uleb128 0x6
 737 0479 49000000 		.4byte	.LASF75
 738 047d 0B       		.byte	0xb
 739 047e 33       		.byte	0x33
 740 047f A2000000 		.4byte	0xa2
 741 0483 0A       		.byte	0xa
ARM GAS  /tmp/ccUtKk68.s 			page 14


 742 0484 06       		.uleb128 0x6
 743 0485 5F030000 		.4byte	.LASF76
 744 0489 0B       		.byte	0xb
 745 048a 34       		.byte	0x34
 746 048b A2000000 		.4byte	0xa2
 747 048f 0B       		.byte	0xb
 748 0490 06       		.uleb128 0x6
 749 0491 2A040000 		.4byte	.LASF77
 750 0495 0B       		.byte	0xb
 751 0496 35       		.byte	0x35
 752 0497 A2000000 		.4byte	0xa2
 753 049b 0C       		.byte	0xc
 754 049c 06       		.uleb128 0x6
 755 049d 3E030000 		.4byte	.LASF78
 756 04a1 0B       		.byte	0xb
 757 04a2 36       		.byte	0x36
 758 04a3 A2000000 		.4byte	0xa2
 759 04a7 0D       		.byte	0xd
 760 04a8 06       		.uleb128 0x6
 761 04a9 07000000 		.4byte	.LASF79
 762 04ad 0B       		.byte	0xb
 763 04ae 37       		.byte	0x37
 764 04af A2000000 		.4byte	0xa2
 765 04b3 0E       		.byte	0xe
 766 04b4 06       		.uleb128 0x6
 767 04b5 C5010000 		.4byte	.LASF80
 768 04b9 0B       		.byte	0xb
 769 04ba 38       		.byte	0x38
 770 04bb A2000000 		.4byte	0xa2
 771 04bf 0F       		.byte	0xf
 772 04c0 06       		.uleb128 0x6
 773 04c1 9F000000 		.4byte	.LASF81
 774 04c5 0B       		.byte	0xb
 775 04c6 39       		.byte	0x39
 776 04c7 A2000000 		.4byte	0xa2
 777 04cb 10       		.byte	0x10
 778 04cc 06       		.uleb128 0x6
 779 04cd 78000000 		.4byte	.LASF82
 780 04d1 0B       		.byte	0xb
 781 04d2 3B       		.byte	0x3b
 782 04d3 A2000000 		.4byte	0xa2
 783 04d7 11       		.byte	0x11
 784 04d8 06       		.uleb128 0x6
 785 04d9 AF000000 		.4byte	.LASF83
 786 04dd 0B       		.byte	0xb
 787 04de 3C       		.byte	0x3c
 788 04df A2000000 		.4byte	0xa2
 789 04e3 12       		.byte	0x12
 790 04e4 06       		.uleb128 0x6
 791 04e5 A4010000 		.4byte	.LASF84
 792 04e9 0B       		.byte	0xb
 793 04ea 3D       		.byte	0x3d
 794 04eb A2000000 		.4byte	0xa2
 795 04ef 13       		.byte	0x13
 796 04f0 06       		.uleb128 0x6
 797 04f1 13030000 		.4byte	.LASF85
 798 04f5 0B       		.byte	0xb
ARM GAS  /tmp/ccUtKk68.s 			page 15


 799 04f6 3E       		.byte	0x3e
 800 04f7 A2000000 		.4byte	0xa2
 801 04fb 14       		.byte	0x14
 802 04fc 06       		.uleb128 0x6
 803 04fd F2020000 		.4byte	.LASF86
 804 0501 0B       		.byte	0xb
 805 0502 40       		.byte	0x40
 806 0503 A2000000 		.4byte	0xa2
 807 0507 15       		.byte	0x15
 808 0508 00       		.byte	0
 809 0509 11       		.uleb128 0x11
 810 050a 1B040000 		.4byte	0x41b
 811 050e 19050000 		.4byte	0x519
 812 0512 12       		.uleb128 0x12
 813 0513 31030000 		.4byte	0x331
 814 0517 03       		.byte	0x3
 815 0518 00       		.byte	0
 816 0519 03       		.uleb128 0x3
 817 051a F1000000 		.4byte	.LASF87
 818 051e 0B       		.byte	0xb
 819 051f 41       		.byte	0x41
 820 0520 28040000 		.4byte	0x428
 821 0524 13       		.uleb128 0x13
 822 0525 60000000 		.4byte	.LASF88
 823 0529 01       		.byte	0x1
 824 052a 75       		.byte	0x75
 825 052b 56020000 		.4byte	0x256
 826 052f 00000000 		.4byte	.LFB7
 827 0533 1C000000 		.4byte	.LFE7-.LFB7
 828 0537 01       		.uleb128 0x1
 829 0538 9C       		.byte	0x9c
 830 0539 78050000 		.4byte	0x578
 831 053d 14       		.uleb128 0x14
 832 053e 747000   		.ascii	"tp\000"
 833 0541 01       		.byte	0x1
 834 0542 76       		.byte	0x76
 835 0543 56020000 		.4byte	0x256
 836 0547 01       		.uleb128 0x1
 837 0548 50       		.byte	0x50
 838 0549 15       		.uleb128 0x15
 839 054a 00000000 		.4byte	.LBB2
 840 054e 06000000 		.4byte	.LBE2-.LBB2
 841 0552 64050000 		.4byte	0x564
 842 0556 14       		.uleb128 0x14
 843 0557 746D7000 		.ascii	"tmp\000"
 844 055b 01       		.byte	0x1
 845 055c 78       		.byte	0x78
 846 055d C3000000 		.4byte	0xc3
 847 0561 01       		.uleb128 0x1
 848 0562 53       		.byte	0x53
 849 0563 00       		.byte	0
 850 0564 16       		.uleb128 0x16
 851 0565 00000000 		.4byte	.Ldebug_ranges0+0
 852 0569 14       		.uleb128 0x14
 853 056a 746D7000 		.ascii	"tmp\000"
 854 056e 01       		.byte	0x1
 855 056f 7D       		.byte	0x7d
ARM GAS  /tmp/ccUtKk68.s 			page 16


 856 0570 C3000000 		.4byte	0xc3
 857 0574 01       		.uleb128 0x1
 858 0575 53       		.byte	0x53
 859 0576 00       		.byte	0
 860 0577 00       		.byte	0
 861 0578 13       		.uleb128 0x13
 862 0579 78030000 		.4byte	.LASF89
 863 057d 01       		.byte	0x1
 864 057e 8C       		.byte	0x8c
 865 057f 56020000 		.4byte	0x256
 866 0583 00000000 		.4byte	.LFB8
 867 0587 2C000000 		.4byte	.LFE8-.LFB8
 868 058b 01       		.uleb128 0x1
 869 058c 9C       		.byte	0x9c
 870 058d F6050000 		.4byte	0x5f6
 871 0591 17       		.uleb128 0x17
 872 0592 747000   		.ascii	"tp\000"
 873 0595 01       		.byte	0x1
 874 0596 8C       		.byte	0x8c
 875 0597 56020000 		.4byte	0x256
 876 059b 00000000 		.4byte	.LLST0
 877 059f 18       		.uleb128 0x18
 878 05a0 6E747000 		.ascii	"ntp\000"
 879 05a4 01       		.byte	0x1
 880 05a5 8D       		.byte	0x8d
 881 05a6 56020000 		.4byte	0x256
 882 05aa 21000000 		.4byte	.LLST1
 883 05ae 15       		.uleb128 0x15
 884 05af 02000000 		.4byte	.LBB5
 885 05b3 06000000 		.4byte	.LBE5-.LBB5
 886 05b7 C9050000 		.4byte	0x5c9
 887 05bb 14       		.uleb128 0x14
 888 05bc 746D7000 		.ascii	"tmp\000"
 889 05c0 01       		.byte	0x1
 890 05c1 8F       		.byte	0x8f
 891 05c2 C3000000 		.4byte	0xc3
 892 05c6 01       		.uleb128 0x1
 893 05c7 53       		.byte	0x53
 894 05c8 00       		.byte	0
 895 05c9 15       		.uleb128 0x15
 896 05ca 18000000 		.4byte	.LBB6
 897 05ce 06000000 		.4byte	.LBE6-.LBB6
 898 05d2 E4050000 		.4byte	0x5e4
 899 05d6 14       		.uleb128 0x14
 900 05d7 746D7000 		.ascii	"tmp\000"
 901 05db 01       		.byte	0x1
 902 05dc 9A       		.byte	0x9a
 903 05dd C3000000 		.4byte	0xc3
 904 05e1 01       		.uleb128 0x1
 905 05e2 53       		.byte	0x53
 906 05e3 00       		.byte	0
 907 05e4 19       		.uleb128 0x19
 908 05e5 22000000 		.4byte	.LVL4
 909 05e9 17060000 		.4byte	0x617
 910 05ed 1A       		.uleb128 0x1a
 911 05ee 01       		.uleb128 0x1
 912 05ef 50       		.byte	0x50
ARM GAS  /tmp/ccUtKk68.s 			page 17


 913 05f0 03       		.uleb128 0x3
 914 05f1 F3       		.byte	0xf3
 915 05f2 01       		.uleb128 0x1
 916 05f3 50       		.byte	0x50
 917 05f4 00       		.byte	0
 918 05f5 00       		.byte	0
 919 05f6 1B       		.uleb128 0x1b
 920 05f7 46040000 		.4byte	.LASF90
 921 05fb 09       		.byte	0x9
 922 05fc 6F       		.byte	0x6f
 923 05fd 8E030000 		.4byte	0x38e
 924 0601 1C       		.uleb128 0x1c
 925 0602 36010000 		.4byte	.LASF91
 926 0606 01       		.byte	0x1
 927 0607 42       		.byte	0x42
 928 0608 12060000 		.4byte	0x612
 929 060c 05       		.uleb128 0x5
 930 060d 03       		.byte	0x3
 931 060e 00000000 		.4byte	ch_debug
 932 0612 10       		.uleb128 0x10
 933 0613 19050000 		.4byte	0x519
 934 0617 1D       		.uleb128 0x1d
 935 0618 2A030000 		.4byte	.LASF95
 936 061c 0C       		.byte	0xc
 937 061d 3A       		.byte	0x3a
 938 061e 1E       		.uleb128 0x1e
 939 061f 56020000 		.4byte	0x256
 940 0623 00       		.byte	0
 941 0624 00       		.byte	0
 942              		.section	.debug_abbrev,"",%progbits
 943              	.Ldebug_abbrev0:
 944 0000 01       		.uleb128 0x1
 945 0001 11       		.uleb128 0x11
 946 0002 01       		.byte	0x1
 947 0003 25       		.uleb128 0x25
 948 0004 0E       		.uleb128 0xe
 949 0005 13       		.uleb128 0x13
 950 0006 0B       		.uleb128 0xb
 951 0007 03       		.uleb128 0x3
 952 0008 0E       		.uleb128 0xe
 953 0009 1B       		.uleb128 0x1b
 954 000a 0E       		.uleb128 0xe
 955 000b 55       		.uleb128 0x55
 956 000c 17       		.uleb128 0x17
 957 000d 11       		.uleb128 0x11
 958 000e 01       		.uleb128 0x1
 959 000f 10       		.uleb128 0x10
 960 0010 17       		.uleb128 0x17
 961 0011 00       		.byte	0
 962 0012 00       		.byte	0
 963 0013 02       		.uleb128 0x2
 964 0014 24       		.uleb128 0x24
 965 0015 00       		.byte	0
 966 0016 0B       		.uleb128 0xb
 967 0017 0B       		.uleb128 0xb
 968 0018 3E       		.uleb128 0x3e
 969 0019 0B       		.uleb128 0xb
ARM GAS  /tmp/ccUtKk68.s 			page 18


 970 001a 03       		.uleb128 0x3
 971 001b 08       		.uleb128 0x8
 972 001c 00       		.byte	0
 973 001d 00       		.byte	0
 974 001e 03       		.uleb128 0x3
 975 001f 16       		.uleb128 0x16
 976 0020 00       		.byte	0
 977 0021 03       		.uleb128 0x3
 978 0022 0E       		.uleb128 0xe
 979 0023 3A       		.uleb128 0x3a
 980 0024 0B       		.uleb128 0xb
 981 0025 3B       		.uleb128 0x3b
 982 0026 0B       		.uleb128 0xb
 983 0027 49       		.uleb128 0x49
 984 0028 13       		.uleb128 0x13
 985 0029 00       		.byte	0
 986 002a 00       		.byte	0
 987 002b 04       		.uleb128 0x4
 988 002c 24       		.uleb128 0x24
 989 002d 00       		.byte	0
 990 002e 0B       		.uleb128 0xb
 991 002f 0B       		.uleb128 0xb
 992 0030 3E       		.uleb128 0x3e
 993 0031 0B       		.uleb128 0xb
 994 0032 03       		.uleb128 0x3
 995 0033 0E       		.uleb128 0xe
 996 0034 00       		.byte	0
 997 0035 00       		.byte	0
 998 0036 05       		.uleb128 0x5
 999 0037 13       		.uleb128 0x13
 1000 0038 01       		.byte	0x1
 1001 0039 03       		.uleb128 0x3
 1002 003a 0E       		.uleb128 0xe
 1003 003b 0B       		.uleb128 0xb
 1004 003c 0B       		.uleb128 0xb
 1005 003d 3A       		.uleb128 0x3a
 1006 003e 0B       		.uleb128 0xb
 1007 003f 3B       		.uleb128 0x3b
 1008 0040 0B       		.uleb128 0xb
 1009 0041 01       		.uleb128 0x1
 1010 0042 13       		.uleb128 0x13
 1011 0043 00       		.byte	0
 1012 0044 00       		.byte	0
 1013 0045 06       		.uleb128 0x6
 1014 0046 0D       		.uleb128 0xd
 1015 0047 00       		.byte	0
 1016 0048 03       		.uleb128 0x3
 1017 0049 0E       		.uleb128 0xe
 1018 004a 3A       		.uleb128 0x3a
 1019 004b 0B       		.uleb128 0xb
 1020 004c 3B       		.uleb128 0x3b
 1021 004d 0B       		.uleb128 0xb
 1022 004e 49       		.uleb128 0x49
 1023 004f 13       		.uleb128 0x13
 1024 0050 38       		.uleb128 0x38
 1025 0051 0B       		.uleb128 0xb
 1026 0052 00       		.byte	0
ARM GAS  /tmp/ccUtKk68.s 			page 19


 1027 0053 00       		.byte	0
 1028 0054 07       		.uleb128 0x7
 1029 0055 0D       		.uleb128 0xd
 1030 0056 00       		.byte	0
 1031 0057 03       		.uleb128 0x3
 1032 0058 08       		.uleb128 0x8
 1033 0059 3A       		.uleb128 0x3a
 1034 005a 0B       		.uleb128 0xb
 1035 005b 3B       		.uleb128 0x3b
 1036 005c 0B       		.uleb128 0xb
 1037 005d 49       		.uleb128 0x49
 1038 005e 13       		.uleb128 0x13
 1039 005f 38       		.uleb128 0x38
 1040 0060 0B       		.uleb128 0xb
 1041 0061 00       		.byte	0
 1042 0062 00       		.byte	0
 1043 0063 08       		.uleb128 0x8
 1044 0064 13       		.uleb128 0x13
 1045 0065 01       		.byte	0x1
 1046 0066 0B       		.uleb128 0xb
 1047 0067 0B       		.uleb128 0xb
 1048 0068 3A       		.uleb128 0x3a
 1049 0069 0B       		.uleb128 0xb
 1050 006a 3B       		.uleb128 0x3b
 1051 006b 0B       		.uleb128 0xb
 1052 006c 01       		.uleb128 0x1
 1053 006d 13       		.uleb128 0x13
 1054 006e 00       		.byte	0
 1055 006f 00       		.byte	0
 1056 0070 09       		.uleb128 0x9
 1057 0071 0F       		.uleb128 0xf
 1058 0072 00       		.byte	0
 1059 0073 0B       		.uleb128 0xb
 1060 0074 0B       		.uleb128 0xb
 1061 0075 49       		.uleb128 0x49
 1062 0076 13       		.uleb128 0x13
 1063 0077 00       		.byte	0
 1064 0078 00       		.byte	0
 1065 0079 0A       		.uleb128 0xa
 1066 007a 0F       		.uleb128 0xf
 1067 007b 00       		.byte	0
 1068 007c 0B       		.uleb128 0xb
 1069 007d 0B       		.uleb128 0xb
 1070 007e 00       		.byte	0
 1071 007f 00       		.byte	0
 1072 0080 0B       		.uleb128 0xb
 1073 0081 13       		.uleb128 0x13
 1074 0082 01       		.byte	0x1
 1075 0083 03       		.uleb128 0x3
 1076 0084 0E       		.uleb128 0xe
 1077 0085 0B       		.uleb128 0xb
 1078 0086 0B       		.uleb128 0xb
 1079 0087 3A       		.uleb128 0x3a
 1080 0088 0B       		.uleb128 0xb
 1081 0089 3B       		.uleb128 0x3b
 1082 008a 05       		.uleb128 0x5
 1083 008b 01       		.uleb128 0x1
ARM GAS  /tmp/ccUtKk68.s 			page 20


 1084 008c 13       		.uleb128 0x13
 1085 008d 00       		.byte	0
 1086 008e 00       		.byte	0
 1087 008f 0C       		.uleb128 0xc
 1088 0090 0D       		.uleb128 0xd
 1089 0091 00       		.byte	0
 1090 0092 03       		.uleb128 0x3
 1091 0093 08       		.uleb128 0x8
 1092 0094 3A       		.uleb128 0x3a
 1093 0095 0B       		.uleb128 0xb
 1094 0096 3B       		.uleb128 0x3b
 1095 0097 05       		.uleb128 0x5
 1096 0098 49       		.uleb128 0x49
 1097 0099 13       		.uleb128 0x13
 1098 009a 38       		.uleb128 0x38
 1099 009b 0B       		.uleb128 0xb
 1100 009c 00       		.byte	0
 1101 009d 00       		.byte	0
 1102 009e 0D       		.uleb128 0xd
 1103 009f 35       		.uleb128 0x35
 1104 00a0 00       		.byte	0
 1105 00a1 49       		.uleb128 0x49
 1106 00a2 13       		.uleb128 0x13
 1107 00a3 00       		.byte	0
 1108 00a4 00       		.byte	0
 1109 00a5 0E       		.uleb128 0xe
 1110 00a6 17       		.uleb128 0x17
 1111 00a7 01       		.byte	0x1
 1112 00a8 0B       		.uleb128 0xb
 1113 00a9 0B       		.uleb128 0xb
 1114 00aa 3A       		.uleb128 0x3a
 1115 00ab 0B       		.uleb128 0xb
 1116 00ac 3B       		.uleb128 0x3b
 1117 00ad 0B       		.uleb128 0xb
 1118 00ae 01       		.uleb128 0x1
 1119 00af 13       		.uleb128 0x13
 1120 00b0 00       		.byte	0
 1121 00b1 00       		.byte	0
 1122 00b2 0F       		.uleb128 0xf
 1123 00b3 0D       		.uleb128 0xd
 1124 00b4 00       		.byte	0
 1125 00b5 03       		.uleb128 0x3
 1126 00b6 0E       		.uleb128 0xe
 1127 00b7 3A       		.uleb128 0x3a
 1128 00b8 0B       		.uleb128 0xb
 1129 00b9 3B       		.uleb128 0x3b
 1130 00ba 0B       		.uleb128 0xb
 1131 00bb 49       		.uleb128 0x49
 1132 00bc 13       		.uleb128 0x13
 1133 00bd 00       		.byte	0
 1134 00be 00       		.byte	0
 1135 00bf 10       		.uleb128 0x10
 1136 00c0 26       		.uleb128 0x26
 1137 00c1 00       		.byte	0
 1138 00c2 49       		.uleb128 0x49
 1139 00c3 13       		.uleb128 0x13
 1140 00c4 00       		.byte	0
ARM GAS  /tmp/ccUtKk68.s 			page 21


 1141 00c5 00       		.byte	0
 1142 00c6 11       		.uleb128 0x11
 1143 00c7 01       		.uleb128 0x1
 1144 00c8 01       		.byte	0x1
 1145 00c9 49       		.uleb128 0x49
 1146 00ca 13       		.uleb128 0x13
 1147 00cb 01       		.uleb128 0x1
 1148 00cc 13       		.uleb128 0x13
 1149 00cd 00       		.byte	0
 1150 00ce 00       		.byte	0
 1151 00cf 12       		.uleb128 0x12
 1152 00d0 21       		.uleb128 0x21
 1153 00d1 00       		.byte	0
 1154 00d2 49       		.uleb128 0x49
 1155 00d3 13       		.uleb128 0x13
 1156 00d4 2F       		.uleb128 0x2f
 1157 00d5 0B       		.uleb128 0xb
 1158 00d6 00       		.byte	0
 1159 00d7 00       		.byte	0
 1160 00d8 13       		.uleb128 0x13
 1161 00d9 2E       		.uleb128 0x2e
 1162 00da 01       		.byte	0x1
 1163 00db 3F       		.uleb128 0x3f
 1164 00dc 19       		.uleb128 0x19
 1165 00dd 03       		.uleb128 0x3
 1166 00de 0E       		.uleb128 0xe
 1167 00df 3A       		.uleb128 0x3a
 1168 00e0 0B       		.uleb128 0xb
 1169 00e1 3B       		.uleb128 0x3b
 1170 00e2 0B       		.uleb128 0xb
 1171 00e3 27       		.uleb128 0x27
 1172 00e4 19       		.uleb128 0x19
 1173 00e5 49       		.uleb128 0x49
 1174 00e6 13       		.uleb128 0x13
 1175 00e7 11       		.uleb128 0x11
 1176 00e8 01       		.uleb128 0x1
 1177 00e9 12       		.uleb128 0x12
 1178 00ea 06       		.uleb128 0x6
 1179 00eb 40       		.uleb128 0x40
 1180 00ec 18       		.uleb128 0x18
 1181 00ed 9742     		.uleb128 0x2117
 1182 00ef 19       		.uleb128 0x19
 1183 00f0 01       		.uleb128 0x1
 1184 00f1 13       		.uleb128 0x13
 1185 00f2 00       		.byte	0
 1186 00f3 00       		.byte	0
 1187 00f4 14       		.uleb128 0x14
 1188 00f5 34       		.uleb128 0x34
 1189 00f6 00       		.byte	0
 1190 00f7 03       		.uleb128 0x3
 1191 00f8 08       		.uleb128 0x8
 1192 00f9 3A       		.uleb128 0x3a
 1193 00fa 0B       		.uleb128 0xb
 1194 00fb 3B       		.uleb128 0x3b
 1195 00fc 0B       		.uleb128 0xb
 1196 00fd 49       		.uleb128 0x49
 1197 00fe 13       		.uleb128 0x13
ARM GAS  /tmp/ccUtKk68.s 			page 22


 1198 00ff 02       		.uleb128 0x2
 1199 0100 18       		.uleb128 0x18
 1200 0101 00       		.byte	0
 1201 0102 00       		.byte	0
 1202 0103 15       		.uleb128 0x15
 1203 0104 0B       		.uleb128 0xb
 1204 0105 01       		.byte	0x1
 1205 0106 11       		.uleb128 0x11
 1206 0107 01       		.uleb128 0x1
 1207 0108 12       		.uleb128 0x12
 1208 0109 06       		.uleb128 0x6
 1209 010a 01       		.uleb128 0x1
 1210 010b 13       		.uleb128 0x13
 1211 010c 00       		.byte	0
 1212 010d 00       		.byte	0
 1213 010e 16       		.uleb128 0x16
 1214 010f 0B       		.uleb128 0xb
 1215 0110 01       		.byte	0x1
 1216 0111 55       		.uleb128 0x55
 1217 0112 17       		.uleb128 0x17
 1218 0113 00       		.byte	0
 1219 0114 00       		.byte	0
 1220 0115 17       		.uleb128 0x17
 1221 0116 05       		.uleb128 0x5
 1222 0117 00       		.byte	0
 1223 0118 03       		.uleb128 0x3
 1224 0119 08       		.uleb128 0x8
 1225 011a 3A       		.uleb128 0x3a
 1226 011b 0B       		.uleb128 0xb
 1227 011c 3B       		.uleb128 0x3b
 1228 011d 0B       		.uleb128 0xb
 1229 011e 49       		.uleb128 0x49
 1230 011f 13       		.uleb128 0x13
 1231 0120 02       		.uleb128 0x2
 1232 0121 17       		.uleb128 0x17
 1233 0122 00       		.byte	0
 1234 0123 00       		.byte	0
 1235 0124 18       		.uleb128 0x18
 1236 0125 34       		.uleb128 0x34
 1237 0126 00       		.byte	0
 1238 0127 03       		.uleb128 0x3
 1239 0128 08       		.uleb128 0x8
 1240 0129 3A       		.uleb128 0x3a
 1241 012a 0B       		.uleb128 0xb
 1242 012b 3B       		.uleb128 0x3b
 1243 012c 0B       		.uleb128 0xb
 1244 012d 49       		.uleb128 0x49
 1245 012e 13       		.uleb128 0x13
 1246 012f 02       		.uleb128 0x2
 1247 0130 17       		.uleb128 0x17
 1248 0131 00       		.byte	0
 1249 0132 00       		.byte	0
 1250 0133 19       		.uleb128 0x19
 1251 0134 898201   		.uleb128 0x4109
 1252 0137 01       		.byte	0x1
 1253 0138 11       		.uleb128 0x11
 1254 0139 01       		.uleb128 0x1
ARM GAS  /tmp/ccUtKk68.s 			page 23


 1255 013a 31       		.uleb128 0x31
 1256 013b 13       		.uleb128 0x13
 1257 013c 00       		.byte	0
 1258 013d 00       		.byte	0
 1259 013e 1A       		.uleb128 0x1a
 1260 013f 8A8201   		.uleb128 0x410a
 1261 0142 00       		.byte	0
 1262 0143 02       		.uleb128 0x2
 1263 0144 18       		.uleb128 0x18
 1264 0145 9142     		.uleb128 0x2111
 1265 0147 18       		.uleb128 0x18
 1266 0148 00       		.byte	0
 1267 0149 00       		.byte	0
 1268 014a 1B       		.uleb128 0x1b
 1269 014b 34       		.uleb128 0x34
 1270 014c 00       		.byte	0
 1271 014d 03       		.uleb128 0x3
 1272 014e 0E       		.uleb128 0xe
 1273 014f 3A       		.uleb128 0x3a
 1274 0150 0B       		.uleb128 0xb
 1275 0151 3B       		.uleb128 0x3b
 1276 0152 0B       		.uleb128 0xb
 1277 0153 49       		.uleb128 0x49
 1278 0154 13       		.uleb128 0x13
 1279 0155 3F       		.uleb128 0x3f
 1280 0156 19       		.uleb128 0x19
 1281 0157 3C       		.uleb128 0x3c
 1282 0158 19       		.uleb128 0x19
 1283 0159 00       		.byte	0
 1284 015a 00       		.byte	0
 1285 015b 1C       		.uleb128 0x1c
 1286 015c 34       		.uleb128 0x34
 1287 015d 00       		.byte	0
 1288 015e 03       		.uleb128 0x3
 1289 015f 0E       		.uleb128 0xe
 1290 0160 3A       		.uleb128 0x3a
 1291 0161 0B       		.uleb128 0xb
 1292 0162 3B       		.uleb128 0x3b
 1293 0163 0B       		.uleb128 0xb
 1294 0164 49       		.uleb128 0x49
 1295 0165 13       		.uleb128 0x13
 1296 0166 3F       		.uleb128 0x3f
 1297 0167 19       		.uleb128 0x19
 1298 0168 02       		.uleb128 0x2
 1299 0169 18       		.uleb128 0x18
 1300 016a 00       		.byte	0
 1301 016b 00       		.byte	0
 1302 016c 1D       		.uleb128 0x1d
 1303 016d 2E       		.uleb128 0x2e
 1304 016e 01       		.byte	0x1
 1305 016f 3F       		.uleb128 0x3f
 1306 0170 19       		.uleb128 0x19
 1307 0171 03       		.uleb128 0x3
 1308 0172 0E       		.uleb128 0xe
 1309 0173 3A       		.uleb128 0x3a
 1310 0174 0B       		.uleb128 0xb
 1311 0175 3B       		.uleb128 0x3b
ARM GAS  /tmp/ccUtKk68.s 			page 24


 1312 0176 0B       		.uleb128 0xb
 1313 0177 27       		.uleb128 0x27
 1314 0178 19       		.uleb128 0x19
 1315 0179 3C       		.uleb128 0x3c
 1316 017a 19       		.uleb128 0x19
 1317 017b 00       		.byte	0
 1318 017c 00       		.byte	0
 1319 017d 1E       		.uleb128 0x1e
 1320 017e 05       		.uleb128 0x5
 1321 017f 00       		.byte	0
 1322 0180 49       		.uleb128 0x49
 1323 0181 13       		.uleb128 0x13
 1324 0182 00       		.byte	0
 1325 0183 00       		.byte	0
 1326 0184 00       		.byte	0
 1327              		.section	.debug_loc,"",%progbits
 1328              	.Ldebug_loc0:
 1329              	.LLST0:
 1330 0000 00000000 		.4byte	.LVL1
 1331 0004 21000000 		.4byte	.LVL4-1
 1332 0008 0100     		.2byte	0x1
 1333 000a 50       		.byte	0x50
 1334 000b 21000000 		.4byte	.LVL4-1
 1335 000f 2C000000 		.4byte	.LFE8
 1336 0013 0400     		.2byte	0x4
 1337 0015 F3       		.byte	0xf3
 1338 0016 01       		.uleb128 0x1
 1339 0017 50       		.byte	0x50
 1340 0018 9F       		.byte	0x9f
 1341 0019 00000000 		.4byte	0
 1342 001d 00000000 		.4byte	0
 1343              	.LLST1:
 1344 0021 0C000000 		.4byte	.LVL2
 1345 0025 26000000 		.4byte	.LVL5
 1346 0029 0100     		.2byte	0x1
 1347 002b 54       		.byte	0x54
 1348 002c 26000000 		.4byte	.LVL5
 1349 0030 2C000000 		.4byte	.LFE8
 1350 0034 0100     		.2byte	0x1
 1351 0036 50       		.byte	0x50
 1352 0037 00000000 		.4byte	0
 1353 003b 00000000 		.4byte	0
 1354              		.section	.debug_aranges,"",%progbits
 1355 0000 24000000 		.4byte	0x24
 1356 0004 0200     		.2byte	0x2
 1357 0006 00000000 		.4byte	.Ldebug_info0
 1358 000a 04       		.byte	0x4
 1359 000b 00       		.byte	0
 1360 000c 0000     		.2byte	0
 1361 000e 0000     		.2byte	0
 1362 0010 00000000 		.4byte	.LFB7
 1363 0014 1C000000 		.4byte	.LFE7-.LFB7
 1364 0018 00000000 		.4byte	.LFB8
 1365 001c 2C000000 		.4byte	.LFE8-.LFB8
 1366 0020 00000000 		.4byte	0
 1367 0024 00000000 		.4byte	0
 1368              		.section	.debug_ranges,"",%progbits
ARM GAS  /tmp/ccUtKk68.s 			page 25


 1369              	.Ldebug_ranges0:
 1370 0000 08000000 		.4byte	.LBB3
 1371 0004 0A000000 		.4byte	.LBE3
 1372 0008 12000000 		.4byte	.LBB4
 1373 000c 16000000 		.4byte	.LBE4
 1374 0010 00000000 		.4byte	0
 1375 0014 00000000 		.4byte	0
 1376 0018 00000000 		.4byte	.LFB7
 1377 001c 1C000000 		.4byte	.LFE7
 1378 0020 00000000 		.4byte	.LFB8
 1379 0024 2C000000 		.4byte	.LFE8
 1380 0028 00000000 		.4byte	0
 1381 002c 00000000 		.4byte	0
 1382              		.section	.debug_line,"",%progbits
 1383              	.Ldebug_line0:
 1384 0000 92010000 		.section	.debug_str,"MS",%progbits,1
 1384      02005B01 
 1384      00000201 
 1384      FB0E0D00 
 1384      01010101 
 1385              	.LASF50:
 1386 0000 696E7463 		.ascii	"intctx\000"
 1386      747800
 1387              	.LASF79:
 1388 0007 63665F6F 		.ascii	"cf_off_older\000"
 1388      66665F6F 
 1388      6C646572 
 1388      00
 1389              	.LASF42:
 1390 0014 705F6D73 		.ascii	"p_msg\000"
 1390      6700
 1391              	.LASF2:
 1392 001a 73697A65 		.ascii	"size_t\000"
 1392      5F7400
 1393              	.LASF64:
 1394 0021 7264796D 		.ascii	"rdymsg\000"
 1394      736700
 1395              	.LASF3:
 1396 0028 5F5F7569 		.ascii	"__uint8_t\000"
 1396      6E74385F 
 1396      7400
 1397              	.LASF13:
 1398 0032 6C6F6E67 		.ascii	"long long unsigned int\000"
 1398      206C6F6E 
 1398      6720756E 
 1398      7369676E 
 1398      65642069 
 1399              	.LASF75:
 1400 0049 63685F74 		.ascii	"ch_threadsize\000"
 1400      68726561 
 1400      6473697A 
 1400      6500
 1401              	.LASF65:
 1402 0057 65786974 		.ascii	"exitcode\000"
 1402      636F6465 
 1402      00
 1403              	.LASF88:
ARM GAS  /tmp/ccUtKk68.s 			page 26


 1404 0060 63685265 		.ascii	"chRegFirstThread\000"
 1404      67466972 
 1404      73745468 
 1404      72656164 
 1404      00
 1405              	.LASF30:
 1406 0071 705F7072 		.ascii	"p_prio\000"
 1406      696F00
 1407              	.LASF82:
 1408 0078 63665F6F 		.ascii	"cf_off_state\000"
 1408      66665F73 
 1408      74617465 
 1408      00
 1409              	.LASF12:
 1410 0085 6C6F6E67 		.ascii	"long long int\000"
 1410      206C6F6E 
 1410      6720696E 
 1410      7400
 1411              	.LASF1:
 1412 0093 7369676E 		.ascii	"signed char\000"
 1412      65642063 
 1412      68617200 
 1413              	.LASF81:
 1414 009f 63665F6F 		.ascii	"cf_off_stklimit\000"
 1414      66665F73 
 1414      746B6C69 
 1414      6D697400 
 1415              	.LASF83:
 1416 00af 63665F6F 		.ascii	"cf_off_flags\000"
 1416      66665F66 
 1416      6C616773 
 1416      00
 1417              	.LASF46:
 1418 00bc 705F6D70 		.ascii	"p_mpool\000"
 1418      6F6F6C00 
 1419              	.LASF61:
 1420 00c4 6D5F7175 		.ascii	"m_queue\000"
 1420      65756500 
 1421              	.LASF22:
 1422 00cc 74736C69 		.ascii	"tslices_t\000"
 1422      6365735F 
 1422      7400
 1423              	.LASF9:
 1424 00d6 6C6F6E67 		.ascii	"long int\000"
 1424      20696E74 
 1424      00
 1425              	.LASF20:
 1426 00df 74737461 		.ascii	"tstate_t\000"
 1426      74655F74 
 1426      00
 1427              	.LASF15:
 1428 00e8 75696E74 		.ascii	"uint16_t\000"
 1428      31365F74 
 1428      00
 1429              	.LASF87:
 1430 00f1 63686465 		.ascii	"chdebug_t\000"
 1430      6275675F 
ARM GAS  /tmp/ccUtKk68.s 			page 27


 1430      7400
 1431              	.LASF32:
 1432 00fb 705F6E65 		.ascii	"p_newer\000"
 1432      77657200 
 1433              	.LASF10:
 1434 0103 5F5F7569 		.ascii	"__uint32_t\000"
 1434      6E743332 
 1434      5F7400
 1435              	.LASF49:
 1436 010e 72656761 		.ascii	"regarm_t\000"
 1436      726D5F74 
 1436      00
 1437              	.LASF0:
 1438 0117 756E7369 		.ascii	"unsigned int\000"
 1438      676E6564 
 1438      20696E74 
 1438      00
 1439              	.LASF11:
 1440 0124 6C6F6E67 		.ascii	"long unsigned int\000"
 1440      20756E73 
 1440      69676E65 
 1440      6420696E 
 1440      7400
 1441              	.LASF91:
 1442 0136 63685F64 		.ascii	"ch_debug\000"
 1442      65627567 
 1442      00
 1443              	.LASF69:
 1444 013f 63685F69 		.ascii	"ch_identifier\000"
 1444      64656E74 
 1444      69666965 
 1444      7200
 1445              	.LASF51:
 1446 014d 636F6E74 		.ascii	"context\000"
 1446      65787400 
 1447              	.LASF7:
 1448 0155 73686F72 		.ascii	"short unsigned int\000"
 1448      7420756E 
 1448      7369676E 
 1448      65642069 
 1448      6E7400
 1449              	.LASF24:
 1450 0168 6D73675F 		.ascii	"msg_t\000"
 1450      7400
 1451              	.LASF56:
 1452 016e 725F6E65 		.ascii	"r_newer\000"
 1452      77657200 
 1453              	.LASF19:
 1454 0176 746D6F64 		.ascii	"tmode_t\000"
 1454      655F7400 
 1455              	.LASF48:
 1456 017e 54687265 		.ascii	"ThreadsList\000"
 1456      6164734C 
 1456      69737400 
 1457              	.LASF25:
 1458 018a 6576656E 		.ascii	"eventmask_t\000"
 1458      746D6173 
ARM GAS  /tmp/ccUtKk68.s 			page 28


 1458      6B5F7400 
 1459              	.LASF60:
 1460 0196 4D757465 		.ascii	"Mutex\000"
 1460      7800
 1461              	.LASF70:
 1462 019c 63685F7A 		.ascii	"ch_zero\000"
 1462      65726F00 
 1463              	.LASF84:
 1464 01a4 63665F6F 		.ascii	"cf_off_refs\000"
 1464      66665F72 
 1464      65667300 
 1465              	.LASF52:
 1466 01b0 73697A65 		.ascii	"sizetype\000"
 1466      74797065 
 1466      00
 1467              	.LASF74:
 1468 01b9 63685F74 		.ascii	"ch_timesize\000"
 1468      696D6573 
 1468      697A6500 
 1469              	.LASF80:
 1470 01c5 63665F6F 		.ascii	"cf_off_name\000"
 1470      66665F6E 
 1470      616D6500 
 1471              	.LASF33:
 1472 01d1 705F6F6C 		.ascii	"p_older\000"
 1472      64657200 
 1473              	.LASF55:
 1474 01d9 725F6374 		.ascii	"r_ctx\000"
 1474      7800
 1475              	.LASF47:
 1476 01df 54687265 		.ascii	"ThreadsQueue\000"
 1476      61647351 
 1476      75657565 
 1476      00
 1477              	.LASF71:
 1478 01ec 63685F73 		.ascii	"ch_size\000"
 1478      697A6500 
 1479              	.LASF58:
 1480 01f4 725F6375 		.ascii	"r_current\000"
 1480      7272656E 
 1480      7400
 1481              	.LASF57:
 1482 01fe 725F6F6C 		.ascii	"r_older\000"
 1482      64657200 
 1483              	.LASF21:
 1484 0206 74726566 		.ascii	"trefs_t\000"
 1484      735F7400 
 1485              	.LASF73:
 1486 020e 63685F70 		.ascii	"ch_ptrsize\000"
 1486      74727369 
 1486      7A6500
 1487              	.LASF29:
 1488 0219 705F7072 		.ascii	"p_prev\000"
 1488      657600
 1489              	.LASF23:
 1490 0220 74707269 		.ascii	"tprio_t\000"
 1490      6F5F7400 
ARM GAS  /tmp/ccUtKk68.s 			page 29


 1491              	.LASF92:
 1492 0228 474E5520 		.ascii	"GNU C 4.8.3 -mcpu=cortex-m3 -mno-thumb-interwork -m"
 1492      4320342E 
 1492      382E3320 
 1492      2D6D6370 
 1492      753D636F 
 1493 025b 7468756D 		.ascii	"thumb -ggdb -O2 -fomit-frame-pointer -ffunction-sec"
 1493      62202D67 
 1493      67646220 
 1493      2D4F3220 
 1493      2D666F6D 
 1494 028e 74696F6E 		.ascii	"tions -fdata-sections -fno-common\000"
 1494      73202D66 
 1494      64617461 
 1494      2D736563 
 1494      74696F6E 
 1495              	.LASF18:
 1496 02b0 5F426F6F 		.ascii	"_Bool\000"
 1496      6C00
 1497              	.LASF16:
 1498 02b6 696E7433 		.ascii	"int32_t\000"
 1498      325F7400 
 1499              	.LASF4:
 1500 02be 756E7369 		.ascii	"unsigned char\000"
 1500      676E6564 
 1500      20636861 
 1500      7200
 1501              	.LASF44:
 1502 02cc 705F6D74 		.ascii	"p_mtxlist\000"
 1502      786C6973 
 1502      7400
 1503              	.LASF5:
 1504 02d6 73686F72 		.ascii	"short int\000"
 1504      7420696E 
 1504      7400
 1505              	.LASF35:
 1506 02e0 705F7374 		.ascii	"p_state\000"
 1506      61746500 
 1507              	.LASF38:
 1508 02e8 705F7072 		.ascii	"p_preempt\000"
 1508      65656D70 
 1508      7400
 1509              	.LASF86:
 1510 02f2 63665F6F 		.ascii	"cf_off_time\000"
 1510      66665F74 
 1510      696D6500 
 1511              	.LASF54:
 1512 02fe 725F7072 		.ascii	"r_prio\000"
 1512      696F00
 1513              	.LASF67:
 1514 0305 65776D61 		.ascii	"ewmask\000"
 1514      736B00
 1515              	.LASF28:
 1516 030c 705F6E65 		.ascii	"p_next\000"
 1516      787400
 1517              	.LASF85:
 1518 0313 63665F6F 		.ascii	"cf_off_preempt\000"
ARM GAS  /tmp/ccUtKk68.s 			page 30


 1518      66665F70 
 1518      7265656D 
 1518      707400
 1519              	.LASF36:
 1520 0322 705F666C 		.ascii	"p_flags\000"
 1520      61677300 
 1521              	.LASF95:
 1522 032a 63685468 		.ascii	"chThdRelease\000"
 1522      6452656C 
 1522      65617365 
 1522      00
 1523              	.LASF27:
 1524 0337 54687265 		.ascii	"Thread\000"
 1524      616400
 1525              	.LASF78:
 1526 033e 63665F6F 		.ascii	"cf_off_newer\000"
 1526      66665F6E 
 1526      65776572 
 1526      00
 1527              	.LASF43:
 1528 034b 705F6570 		.ascii	"p_epending\000"
 1528      656E6469 
 1528      6E6700
 1529              	.LASF17:
 1530 0356 75696E74 		.ascii	"uint32_t\000"
 1530      33325F74 
 1530      00
 1531              	.LASF76:
 1532 035f 63665F6F 		.ascii	"cf_off_prio\000"
 1532      66665F70 
 1532      72696F00 
 1533              	.LASF53:
 1534 036b 725F7175 		.ascii	"r_queue\000"
 1534      65756500 
 1535              	.LASF68:
 1536 0373 63686172 		.ascii	"char\000"
 1536      00
 1537              	.LASF89:
 1538 0378 63685265 		.ascii	"chRegNextThread\000"
 1538      674E6578 
 1538      74546872 
 1538      65616400 
 1539              	.LASF6:
 1540 0388 5F5F7569 		.ascii	"__uint16_t\000"
 1540      6E743136 
 1540      5F7400
 1541              	.LASF63:
 1542 0393 6D5F6E65 		.ascii	"m_next\000"
 1542      787400
 1543              	.LASF26:
 1544 039a 73797374 		.ascii	"systime_t\000"
 1544      696D655F 
 1544      7400
 1545              	.LASF45:
 1546 03a4 705F7265 		.ascii	"p_realprio\000"
 1546      616C7072 
 1546      696F00
ARM GAS  /tmp/ccUtKk68.s 			page 31


 1547              	.LASF8:
 1548 03af 5F5F696E 		.ascii	"__int32_t\000"
 1548      7433325F 
 1548      7400
 1549              	.LASF39:
 1550 03b9 705F7469 		.ascii	"p_time\000"
 1550      6D6500
 1551              	.LASF94:
 1552 03c0 2F686F6D 		.ascii	"/home/development/Projects/openpv/TF_OSC_ChibiOS/jo"
 1552      652F6465 
 1552      76656C6F 
 1552      706D656E 
 1552      742F5072 
 1553 03f3 6D626C6F 		.ascii	"mblo/BASIC\000"
 1553      2F424153 
 1553      494300
 1554              	.LASF41:
 1555 03fe 705F6D73 		.ascii	"p_msgqueue\000"
 1555      67717565 
 1555      756500
 1556              	.LASF93:
 1557 0409 2E2E2F2E 		.ascii	"../../os/kernel/src/chregistry.c\000"
 1557      2E2F6F73 
 1557      2F6B6572 
 1557      6E656C2F 
 1557      7372632F 
 1558              	.LASF77:
 1559 042a 63665F6F 		.ascii	"cf_off_ctx\000"
 1559      66665F63 
 1559      747800
 1560              	.LASF37:
 1561 0435 705F7265 		.ascii	"p_refs\000"
 1561      667300
 1562              	.LASF59:
 1563 043c 52656164 		.ascii	"ReadyList\000"
 1563      794C6973 
 1563      7400
 1564              	.LASF90:
 1565 0446 726C6973 		.ascii	"rlist\000"
 1565      7400
 1566              	.LASF14:
 1567 044c 75696E74 		.ascii	"uint8_t\000"
 1567      385F7400 
 1568              	.LASF66:
 1569 0454 77746F62 		.ascii	"wtobjp\000"
 1569      6A7000
 1570              	.LASF34:
 1571 045b 705F6E61 		.ascii	"p_name\000"
 1571      6D6500
 1572              	.LASF72:
 1573 0462 63685F76 		.ascii	"ch_version\000"
 1573      65727369 
 1573      6F6E00
 1574              	.LASF62:
 1575 046d 6D5F6F77 		.ascii	"m_owner\000"
 1575      6E657200 
 1576              	.LASF31:
ARM GAS  /tmp/ccUtKk68.s 			page 32


 1577 0475 705F6374 		.ascii	"p_ctx\000"
 1577      7800
 1578              	.LASF40:
 1579 047b 705F7761 		.ascii	"p_waiting\000"
 1579      6974696E 
 1579      6700
 1580              		.ident	"GCC: (4.8.3-18ubuntu2+12) 4.8.3"
ARM GAS  /tmp/ccUtKk68.s 			page 33


DEFINED SYMBOLS
                            *ABS*:00000000 chregistry.c
     /tmp/ccUtKk68.s:19     .text.chRegFirstThread:00000000 $t
     /tmp/ccUtKk68.s:24     .text.chRegFirstThread:00000000 chRegFirstThread
     /tmp/ccUtKk68.s:65     .text.chRegFirstThread:00000018 $d
     /tmp/ccUtKk68.s:70     .text.chRegNextThread:00000000 $t
     /tmp/ccUtKk68.s:75     .text.chRegNextThread:00000000 chRegNextThread
     /tmp/ccUtKk68.s:128    .text.chRegNextThread:00000028 $d
     /tmp/ccUtKk68.s:137    .rodata.ch_debug:00000000 ch_debug
     /tmp/ccUtKk68.s:134    .rodata.ch_debug:00000000 $d
                     .debug_frame:00000010 $d

UNDEFINED SYMBOLS
rlist
chThdRelease
