ARM GAS  /tmp/ccisdisE.s 			page 1


   1              		.syntax unified
   2              		.cpu cortex-m3
   3              		.fpu softvfp
   4              		.eabi_attribute 20, 1
   5              		.eabi_attribute 21, 1
   6              		.eabi_attribute 23, 3
   7              		.eabi_attribute 24, 1
   8              		.eabi_attribute 25, 1
   9              		.eabi_attribute 26, 1
  10              		.eabi_attribute 30, 2
  11              		.eabi_attribute 34, 1
  12              		.eabi_attribute 18, 4
  13              		.thumb
  14              		.file	"chvt.c"
  15              		.text
  16              	.Ltext0:
  17              		.cfi_sections	.debug_frame
  18              		.section	.text._vt_init,"ax",%progbits
  19              		.align	2
  20              		.global	_vt_init
  21              		.thumb
  22              		.thumb_func
  23              		.type	_vt_init, %function
  24              	_vt_init:
  25              	.LFB7:
  26              		.file 1 "../../os/kernel/src/chvt.c"
  27              		.loc 1 50 0
  28              		.cfi_startproc
  29              		@ args = 0, pretend = 0, frame = 0
  30              		@ frame_needed = 0, uses_anonymous_args = 0
  31              		@ link register save eliminated.
  32              		.loc 1 52 0
  33 0000 044B     		ldr	r3, .L2
  34              		.loc 1 53 0
  35 0002 4FF0FF31 		mov	r1, #-1
  36              		.loc 1 54 0
  37 0006 0022     		movs	r2, #0
  38              		.loc 1 52 0
  39 0008 5B60     		str	r3, [r3, #4]
  40 000a 1B60     		str	r3, [r3]
  41              		.loc 1 53 0
  42 000c 9960     		str	r1, [r3, #8]
  43              		.loc 1 54 0
  44 000e DA60     		str	r2, [r3, #12]
  45 0010 7047     		bx	lr
  46              	.L3:
  47 0012 00BF     		.align	2
  48              	.L2:
  49 0014 00000000 		.word	.LANCHOR0
  50              		.cfi_endproc
  51              	.LFE7:
  52              		.size	_vt_init, .-_vt_init
  53              		.section	.text.chVTSetI,"ax",%progbits
  54              		.align	2
  55              		.global	chVTSetI
  56              		.thumb
  57              		.thumb_func
ARM GAS  /tmp/ccisdisE.s 			page 2


  58              		.type	chVTSetI, %function
  59              	chVTSetI:
  60              	.LFB8:
  61              		.loc 1 76 0
  62              		.cfi_startproc
  63              		@ args = 0, pretend = 0, frame = 0
  64              		@ frame_needed = 0, uses_anonymous_args = 0
  65              		@ link register save eliminated.
  66              	.LVL0:
  67 0000 70B4     		push	{r4, r5, r6}
  68              		.cfi_def_cfa_offset 12
  69              		.cfi_offset 4, -12
  70              		.cfi_offset 5, -8
  71              		.cfi_offset 6, -4
  72              		.loc 1 85 0
  73 0002 0C4E     		ldr	r6, .L9
  74 0004 3468     		ldr	r4, [r6]
  75              	.LVL1:
  76              		.loc 1 86 0
  77 0006 A568     		ldr	r5, [r4, #8]
  78              		.loc 1 83 0
  79 0008 0361     		str	r3, [r0, #16]
  80              		.loc 1 86 0
  81 000a A942     		cmp	r1, r5
  82              		.loc 1 84 0
  83 000c C260     		str	r2, [r0, #12]
  84              		.loc 1 86 0
  85 000e 04D9     		bls	.L5
  86              	.L6:
  87              		.loc 1 88 0
  88 0010 2468     		ldr	r4, [r4]
  89              	.LVL2:
  90              		.loc 1 87 0
  91 0012 491B     		subs	r1, r1, r5
  92              	.LVL3:
  93              		.loc 1 86 0
  94 0014 A568     		ldr	r5, [r4, #8]
  95 0016 8D42     		cmp	r5, r1
  96 0018 FAD3     		bcc	.L6
  97              	.L5:
  98              		.loc 1 91 0
  99 001a 6368     		ldr	r3, [r4, #4]
 100              	.LVL4:
 101              		.loc 1 94 0
 102 001c B442     		cmp	r4, r6
 103              		.loc 1 91 0
 104 001e 0460     		str	r4, [r0]
 105 0020 4360     		str	r3, [r0, #4]
 106              		.loc 1 92 0
 107 0022 6060     		str	r0, [r4, #4]
 108 0024 1860     		str	r0, [r3]
 109              		.loc 1 93 0
 110 0026 8160     		str	r1, [r0, #8]
 111              		.loc 1 94 0
 112 0028 02D0     		beq	.L4
 113              		.loc 1 95 0
 114 002a A368     		ldr	r3, [r4, #8]
ARM GAS  /tmp/ccisdisE.s 			page 3


 115 002c 591A     		subs	r1, r3, r1
 116              	.LVL5:
 117 002e A160     		str	r1, [r4, #8]
 118              	.LVL6:
 119              	.L4:
 120              		.loc 1 96 0
 121 0030 70BC     		pop	{r4, r5, r6}
 122              	.LVL7:
 123 0032 7047     		bx	lr
 124              	.L10:
 125              		.align	2
 126              	.L9:
 127 0034 00000000 		.word	.LANCHOR0
 128              		.cfi_endproc
 129              	.LFE8:
 130              		.size	chVTSetI, .-chVTSetI
 131              		.section	.text.chVTResetI,"ax",%progbits
 132              		.align	2
 133              		.global	chVTResetI
 134              		.thumb
 135              		.thumb_func
 136              		.type	chVTResetI, %function
 137              	chVTResetI:
 138              	.LFB9:
 139              		.loc 1 106 0
 140              		.cfi_startproc
 141              		@ args = 0, pretend = 0, frame = 0
 142              		@ frame_needed = 0, uses_anonymous_args = 0
 143              		@ link register save eliminated.
 144              	.LVL8:
 145              		.loc 1 114 0
 146 0000 0368     		ldr	r3, [r0]
 147 0002 074A     		ldr	r2, .L13
 148 0004 9342     		cmp	r3, r2
 149 0006 03D0     		beq	.L12
 150              		.loc 1 115 0
 151 0008 9968     		ldr	r1, [r3, #8]
 152 000a 8268     		ldr	r2, [r0, #8]
 153 000c 0A44     		add	r2, r2, r1
 154 000e 9A60     		str	r2, [r3, #8]
 155              	.L12:
 156              		.loc 1 116 0
 157 0010 4268     		ldr	r2, [r0, #4]
 158              		.loc 1 118 0
 159 0012 0021     		movs	r1, #0
 160              		.loc 1 116 0
 161 0014 1360     		str	r3, [r2]
 162              		.loc 1 117 0
 163 0016 0368     		ldr	r3, [r0]
 164 0018 5A60     		str	r2, [r3, #4]
 165              		.loc 1 118 0
 166 001a C160     		str	r1, [r0, #12]
 167 001c 7047     		bx	lr
 168              	.L14:
 169 001e 00BF     		.align	2
 170              	.L13:
 171 0020 00000000 		.word	.LANCHOR0
ARM GAS  /tmp/ccisdisE.s 			page 4


 172              		.cfi_endproc
 173              	.LFE9:
 174              		.size	chVTResetI, .-chVTResetI
 175              		.global	vtlist
 176              		.section	.bss.vtlist,"aw",%nobits
 177              		.align	2
 178              		.set	.LANCHOR0,. + 0
 179              		.type	vtlist, %object
 180              		.size	vtlist, 16
 181              	vtlist:
 182 0000 00000000 		.space	16
 182      00000000 
 182      00000000 
 182      00000000 
 183              		.text
 184              	.Letext0:
 185              		.file 2 "/usr/include/newlib/machine/_default_types.h"
 186              		.file 3 "/usr/include/newlib/stdint.h"
 187              		.file 4 "../../os/ports/GCC/ARMCMx/chtypes.h"
 188              		.file 5 "../../os/kernel/include/chvt.h"
 189              		.section	.debug_info,"",%progbits
 190              	.Ldebug_info0:
 191 0000 FF010000 		.4byte	0x1ff
 192 0004 0400     		.2byte	0x4
 193 0006 00000000 		.4byte	.Ldebug_abbrev0
 194 000a 04       		.byte	0x4
 195 000b 01       		.uleb128 0x1
 196 000c 2B010000 		.4byte	.LASF28
 197 0010 01       		.byte	0x1
 198 0011 02010000 		.4byte	.LASF29
 199 0015 78000000 		.4byte	.LASF30
 200 0019 00000000 		.4byte	.Ldebug_ranges0+0
 201 001d 00000000 		.4byte	0
 202 0021 00000000 		.4byte	.Ldebug_line0
 203 0025 02       		.uleb128 0x2
 204 0026 04       		.byte	0x4
 205 0027 05       		.byte	0x5
 206 0028 696E7400 		.ascii	"int\000"
 207 002c 03       		.uleb128 0x3
 208 002d 04       		.byte	0x4
 209 002e 07       		.byte	0x7
 210 002f B6000000 		.4byte	.LASF0
 211 0033 03       		.uleb128 0x3
 212 0034 01       		.byte	0x1
 213 0035 06       		.byte	0x6
 214 0036 EA010000 		.4byte	.LASF1
 215 003a 03       		.uleb128 0x3
 216 003b 01       		.byte	0x1
 217 003c 08       		.byte	0x8
 218 003d 56000000 		.4byte	.LASF2
 219 0041 03       		.uleb128 0x3
 220 0042 02       		.byte	0x2
 221 0043 05       		.byte	0x5
 222 0044 C6010000 		.4byte	.LASF3
 223 0048 03       		.uleb128 0x3
 224 0049 02       		.byte	0x2
 225 004a 07       		.byte	0x7
ARM GAS  /tmp/ccisdisE.s 			page 5


 226 004b 2E000000 		.4byte	.LASF4
 227 004f 03       		.uleb128 0x3
 228 0050 04       		.byte	0x4
 229 0051 05       		.byte	0x5
 230 0052 E1010000 		.4byte	.LASF5
 231 0056 04       		.uleb128 0x4
 232 0057 6D000000 		.4byte	.LASF9
 233 005b 02       		.byte	0x2
 234 005c 41       		.byte	0x41
 235 005d 61000000 		.4byte	0x61
 236 0061 03       		.uleb128 0x3
 237 0062 04       		.byte	0x4
 238 0063 07       		.byte	0x7
 239 0064 1C000000 		.4byte	.LASF6
 240 0068 03       		.uleb128 0x3
 241 0069 08       		.byte	0x8
 242 006a 05       		.byte	0x5
 243 006b 1D010000 		.4byte	.LASF7
 244 006f 03       		.uleb128 0x3
 245 0070 08       		.byte	0x8
 246 0071 07       		.byte	0x7
 247 0072 C3000000 		.4byte	.LASF8
 248 0076 04       		.uleb128 0x4
 249 0077 D8010000 		.4byte	.LASF10
 250 007b 03       		.byte	0x3
 251 007c 42       		.byte	0x42
 252 007d 56000000 		.4byte	0x56
 253 0081 03       		.uleb128 0x3
 254 0082 01       		.byte	0x1
 255 0083 02       		.byte	0x2
 256 0084 10020000 		.4byte	.LASF11
 257 0088 04       		.uleb128 0x4
 258 0089 09000000 		.4byte	.LASF12
 259 008d 04       		.byte	0x4
 260 008e 35       		.byte	0x35
 261 008f 76000000 		.4byte	0x76
 262 0093 05       		.uleb128 0x5
 263 0094 04       		.byte	0x4
 264 0095 03       		.uleb128 0x3
 265 0096 04       		.byte	0x4
 266 0097 07       		.byte	0x7
 267 0098 EE000000 		.4byte	.LASF13
 268 009c 04       		.uleb128 0x4
 269 009d 13000000 		.4byte	.LASF14
 270 00a1 05       		.byte	0x5
 271 00a2 58       		.byte	0x58
 272 00a3 A7000000 		.4byte	0xa7
 273 00a7 06       		.uleb128 0x6
 274 00a8 04       		.byte	0x4
 275 00a9 AD000000 		.4byte	0xad
 276 00ad 07       		.uleb128 0x7
 277 00ae B8000000 		.4byte	0xb8
 278 00b2 08       		.uleb128 0x8
 279 00b3 93000000 		.4byte	0x93
 280 00b7 00       		.byte	0
 281 00b8 04       		.uleb128 0x4
 282 00b9 49000000 		.4byte	.LASF15
ARM GAS  /tmp/ccisdisE.s 			page 6


 283 00bd 05       		.byte	0x5
 284 00be 5D       		.byte	0x5d
 285 00bf C3000000 		.4byte	0xc3
 286 00c3 09       		.uleb128 0x9
 287 00c4 49000000 		.4byte	.LASF15
 288 00c8 14       		.byte	0x14
 289 00c9 05       		.byte	0x5
 290 00ca 64       		.byte	0x64
 291 00cb 0C010000 		.4byte	0x10c
 292 00cf 0A       		.uleb128 0xa
 293 00d0 FD010000 		.4byte	.LASF16
 294 00d4 05       		.byte	0x5
 295 00d5 65       		.byte	0x65
 296 00d6 0C010000 		.4byte	0x10c
 297 00da 00       		.byte	0
 298 00db 0A       		.uleb128 0xa
 299 00dc D0010000 		.4byte	.LASF17
 300 00e0 05       		.byte	0x5
 301 00e1 67       		.byte	0x67
 302 00e2 0C010000 		.4byte	0x10c
 303 00e6 04       		.byte	0x4
 304 00e7 0A       		.uleb128 0xa
 305 00e8 E6000000 		.4byte	.LASF18
 306 00ec 05       		.byte	0x5
 307 00ed 69       		.byte	0x69
 308 00ee 88000000 		.4byte	0x88
 309 00f2 08       		.byte	0x8
 310 00f3 0A       		.uleb128 0xa
 311 00f4 41000000 		.4byte	.LASF19
 312 00f8 05       		.byte	0x5
 313 00f9 6A       		.byte	0x6a
 314 00fa 9C000000 		.4byte	0x9c
 315 00fe 0C       		.byte	0xc
 316 00ff 0A       		.uleb128 0xa
 317 0100 BF010000 		.4byte	.LASF20
 318 0104 05       		.byte	0x5
 319 0105 6C       		.byte	0x6c
 320 0106 93000000 		.4byte	0x93
 321 010a 10       		.byte	0x10
 322 010b 00       		.byte	0
 323 010c 06       		.uleb128 0x6
 324 010d 04       		.byte	0x4
 325 010e B8000000 		.4byte	0xb8
 326 0112 0B       		.uleb128 0xb
 327 0113 10       		.byte	0x10
 328 0114 05       		.byte	0x5
 329 0115 76       		.byte	0x76
 330 0116 4B010000 		.4byte	0x14b
 331 011a 0A       		.uleb128 0xa
 332 011b FD010000 		.4byte	.LASF16
 333 011f 05       		.byte	0x5
 334 0120 77       		.byte	0x77
 335 0121 0C010000 		.4byte	0x10c
 336 0125 00       		.byte	0
 337 0126 0A       		.uleb128 0xa
 338 0127 D0010000 		.4byte	.LASF17
 339 012b 05       		.byte	0x5
ARM GAS  /tmp/ccisdisE.s 			page 7


 340 012c 79       		.byte	0x79
 341 012d 0C010000 		.4byte	0x10c
 342 0131 04       		.byte	0x4
 343 0132 0A       		.uleb128 0xa
 344 0133 E6000000 		.4byte	.LASF18
 345 0137 05       		.byte	0x5
 346 0138 7B       		.byte	0x7b
 347 0139 88000000 		.4byte	0x88
 348 013d 08       		.byte	0x8
 349 013e 0A       		.uleb128 0xa
 350 013f F7000000 		.4byte	.LASF21
 351 0143 05       		.byte	0x5
 352 0144 7C       		.byte	0x7c
 353 0145 4B010000 		.4byte	0x14b
 354 0149 0C       		.byte	0xc
 355 014a 00       		.byte	0
 356 014b 0C       		.uleb128 0xc
 357 014c 88000000 		.4byte	0x88
 358 0150 04       		.uleb128 0x4
 359 0151 F6010000 		.4byte	.LASF22
 360 0155 05       		.byte	0x5
 361 0156 7D       		.byte	0x7d
 362 0157 12010000 		.4byte	0x112
 363 015b 03       		.uleb128 0x3
 364 015c 01       		.byte	0x1
 365 015d 08       		.byte	0x8
 366 015e BA010000 		.4byte	.LASF23
 367 0162 0D       		.uleb128 0xd
 368 0163 64000000 		.4byte	.LASF31
 369 0167 01       		.byte	0x1
 370 0168 32       		.byte	0x32
 371 0169 00000000 		.4byte	.LFB7
 372 016d 18000000 		.4byte	.LFE7-.LFB7
 373 0171 01       		.uleb128 0x1
 374 0172 9C       		.byte	0x9c
 375 0173 0E       		.uleb128 0xe
 376 0174 00000000 		.4byte	.LASF26
 377 0178 01       		.byte	0x1
 378 0179 4C       		.byte	0x4c
 379 017a 00000000 		.4byte	.LFB8
 380 017e 38000000 		.4byte	.LFE8-.LFB8
 381 0182 01       		.uleb128 0x1
 382 0183 9C       		.byte	0x9c
 383 0184 CE010000 		.4byte	0x1ce
 384 0188 0F       		.uleb128 0xf
 385 0189 76747000 		.ascii	"vtp\000"
 386 018d 01       		.byte	0x1
 387 018e 4C       		.byte	0x4c
 388 018f 0C010000 		.4byte	0x10c
 389 0193 01       		.uleb128 0x1
 390 0194 50       		.byte	0x50
 391 0195 10       		.uleb128 0x10
 392 0196 E1000000 		.4byte	.LASF24
 393 019a 01       		.byte	0x1
 394 019b 4C       		.byte	0x4c
 395 019c 88000000 		.4byte	0x88
 396 01a0 00000000 		.4byte	.LLST0
ARM GAS  /tmp/ccisdisE.s 			page 8


 397 01a4 11       		.uleb128 0x11
 398 01a5 B3010000 		.4byte	.LASF25
 399 01a9 01       		.byte	0x1
 400 01aa 4C       		.byte	0x4c
 401 01ab 9C000000 		.4byte	0x9c
 402 01af 01       		.uleb128 0x1
 403 01b0 52       		.byte	0x52
 404 01b1 12       		.uleb128 0x12
 405 01b2 70617200 		.ascii	"par\000"
 406 01b6 01       		.byte	0x1
 407 01b7 4C       		.byte	0x4c
 408 01b8 93000000 		.4byte	0x93
 409 01bc 2A000000 		.4byte	.LLST1
 410 01c0 13       		.uleb128 0x13
 411 01c1 7000     		.ascii	"p\000"
 412 01c3 01       		.byte	0x1
 413 01c4 4D       		.byte	0x4d
 414 01c5 0C010000 		.4byte	0x10c
 415 01c9 49000000 		.4byte	.LLST2
 416 01cd 00       		.byte	0
 417 01ce 0E       		.uleb128 0xe
 418 01cf 05020000 		.4byte	.LASF27
 419 01d3 01       		.byte	0x1
 420 01d4 6A       		.byte	0x6a
 421 01d5 00000000 		.4byte	.LFB9
 422 01d9 24000000 		.4byte	.LFE9-.LFB9
 423 01dd 01       		.uleb128 0x1
 424 01de 9C       		.byte	0x9c
 425 01df F1010000 		.4byte	0x1f1
 426 01e3 0F       		.uleb128 0xf
 427 01e4 76747000 		.ascii	"vtp\000"
 428 01e8 01       		.byte	0x1
 429 01e9 6A       		.byte	0x6a
 430 01ea 0C010000 		.4byte	0x10c
 431 01ee 01       		.uleb128 0x1
 432 01ef 50       		.byte	0x50
 433 01f0 00       		.byte	0
 434 01f1 14       		.uleb128 0x14
 435 01f2 DA000000 		.4byte	.LASF32
 436 01f6 01       		.byte	0x1
 437 01f7 2A       		.byte	0x2a
 438 01f8 50010000 		.4byte	0x150
 439 01fc 05       		.uleb128 0x5
 440 01fd 03       		.byte	0x3
 441 01fe 00000000 		.4byte	vtlist
 442 0202 00       		.byte	0
 443              		.section	.debug_abbrev,"",%progbits
 444              	.Ldebug_abbrev0:
 445 0000 01       		.uleb128 0x1
 446 0001 11       		.uleb128 0x11
 447 0002 01       		.byte	0x1
 448 0003 25       		.uleb128 0x25
 449 0004 0E       		.uleb128 0xe
 450 0005 13       		.uleb128 0x13
 451 0006 0B       		.uleb128 0xb
 452 0007 03       		.uleb128 0x3
 453 0008 0E       		.uleb128 0xe
ARM GAS  /tmp/ccisdisE.s 			page 9


 454 0009 1B       		.uleb128 0x1b
 455 000a 0E       		.uleb128 0xe
 456 000b 55       		.uleb128 0x55
 457 000c 17       		.uleb128 0x17
 458 000d 11       		.uleb128 0x11
 459 000e 01       		.uleb128 0x1
 460 000f 10       		.uleb128 0x10
 461 0010 17       		.uleb128 0x17
 462 0011 00       		.byte	0
 463 0012 00       		.byte	0
 464 0013 02       		.uleb128 0x2
 465 0014 24       		.uleb128 0x24
 466 0015 00       		.byte	0
 467 0016 0B       		.uleb128 0xb
 468 0017 0B       		.uleb128 0xb
 469 0018 3E       		.uleb128 0x3e
 470 0019 0B       		.uleb128 0xb
 471 001a 03       		.uleb128 0x3
 472 001b 08       		.uleb128 0x8
 473 001c 00       		.byte	0
 474 001d 00       		.byte	0
 475 001e 03       		.uleb128 0x3
 476 001f 24       		.uleb128 0x24
 477 0020 00       		.byte	0
 478 0021 0B       		.uleb128 0xb
 479 0022 0B       		.uleb128 0xb
 480 0023 3E       		.uleb128 0x3e
 481 0024 0B       		.uleb128 0xb
 482 0025 03       		.uleb128 0x3
 483 0026 0E       		.uleb128 0xe
 484 0027 00       		.byte	0
 485 0028 00       		.byte	0
 486 0029 04       		.uleb128 0x4
 487 002a 16       		.uleb128 0x16
 488 002b 00       		.byte	0
 489 002c 03       		.uleb128 0x3
 490 002d 0E       		.uleb128 0xe
 491 002e 3A       		.uleb128 0x3a
 492 002f 0B       		.uleb128 0xb
 493 0030 3B       		.uleb128 0x3b
 494 0031 0B       		.uleb128 0xb
 495 0032 49       		.uleb128 0x49
 496 0033 13       		.uleb128 0x13
 497 0034 00       		.byte	0
 498 0035 00       		.byte	0
 499 0036 05       		.uleb128 0x5
 500 0037 0F       		.uleb128 0xf
 501 0038 00       		.byte	0
 502 0039 0B       		.uleb128 0xb
 503 003a 0B       		.uleb128 0xb
 504 003b 00       		.byte	0
 505 003c 00       		.byte	0
 506 003d 06       		.uleb128 0x6
 507 003e 0F       		.uleb128 0xf
 508 003f 00       		.byte	0
 509 0040 0B       		.uleb128 0xb
 510 0041 0B       		.uleb128 0xb
ARM GAS  /tmp/ccisdisE.s 			page 10


 511 0042 49       		.uleb128 0x49
 512 0043 13       		.uleb128 0x13
 513 0044 00       		.byte	0
 514 0045 00       		.byte	0
 515 0046 07       		.uleb128 0x7
 516 0047 15       		.uleb128 0x15
 517 0048 01       		.byte	0x1
 518 0049 27       		.uleb128 0x27
 519 004a 19       		.uleb128 0x19
 520 004b 01       		.uleb128 0x1
 521 004c 13       		.uleb128 0x13
 522 004d 00       		.byte	0
 523 004e 00       		.byte	0
 524 004f 08       		.uleb128 0x8
 525 0050 05       		.uleb128 0x5
 526 0051 00       		.byte	0
 527 0052 49       		.uleb128 0x49
 528 0053 13       		.uleb128 0x13
 529 0054 00       		.byte	0
 530 0055 00       		.byte	0
 531 0056 09       		.uleb128 0x9
 532 0057 13       		.uleb128 0x13
 533 0058 01       		.byte	0x1
 534 0059 03       		.uleb128 0x3
 535 005a 0E       		.uleb128 0xe
 536 005b 0B       		.uleb128 0xb
 537 005c 0B       		.uleb128 0xb
 538 005d 3A       		.uleb128 0x3a
 539 005e 0B       		.uleb128 0xb
 540 005f 3B       		.uleb128 0x3b
 541 0060 0B       		.uleb128 0xb
 542 0061 01       		.uleb128 0x1
 543 0062 13       		.uleb128 0x13
 544 0063 00       		.byte	0
 545 0064 00       		.byte	0
 546 0065 0A       		.uleb128 0xa
 547 0066 0D       		.uleb128 0xd
 548 0067 00       		.byte	0
 549 0068 03       		.uleb128 0x3
 550 0069 0E       		.uleb128 0xe
 551 006a 3A       		.uleb128 0x3a
 552 006b 0B       		.uleb128 0xb
 553 006c 3B       		.uleb128 0x3b
 554 006d 0B       		.uleb128 0xb
 555 006e 49       		.uleb128 0x49
 556 006f 13       		.uleb128 0x13
 557 0070 38       		.uleb128 0x38
 558 0071 0B       		.uleb128 0xb
 559 0072 00       		.byte	0
 560 0073 00       		.byte	0
 561 0074 0B       		.uleb128 0xb
 562 0075 13       		.uleb128 0x13
 563 0076 01       		.byte	0x1
 564 0077 0B       		.uleb128 0xb
 565 0078 0B       		.uleb128 0xb
 566 0079 3A       		.uleb128 0x3a
 567 007a 0B       		.uleb128 0xb
ARM GAS  /tmp/ccisdisE.s 			page 11


 568 007b 3B       		.uleb128 0x3b
 569 007c 0B       		.uleb128 0xb
 570 007d 01       		.uleb128 0x1
 571 007e 13       		.uleb128 0x13
 572 007f 00       		.byte	0
 573 0080 00       		.byte	0
 574 0081 0C       		.uleb128 0xc
 575 0082 35       		.uleb128 0x35
 576 0083 00       		.byte	0
 577 0084 49       		.uleb128 0x49
 578 0085 13       		.uleb128 0x13
 579 0086 00       		.byte	0
 580 0087 00       		.byte	0
 581 0088 0D       		.uleb128 0xd
 582 0089 2E       		.uleb128 0x2e
 583 008a 00       		.byte	0
 584 008b 3F       		.uleb128 0x3f
 585 008c 19       		.uleb128 0x19
 586 008d 03       		.uleb128 0x3
 587 008e 0E       		.uleb128 0xe
 588 008f 3A       		.uleb128 0x3a
 589 0090 0B       		.uleb128 0xb
 590 0091 3B       		.uleb128 0x3b
 591 0092 0B       		.uleb128 0xb
 592 0093 27       		.uleb128 0x27
 593 0094 19       		.uleb128 0x19
 594 0095 11       		.uleb128 0x11
 595 0096 01       		.uleb128 0x1
 596 0097 12       		.uleb128 0x12
 597 0098 06       		.uleb128 0x6
 598 0099 40       		.uleb128 0x40
 599 009a 18       		.uleb128 0x18
 600 009b 9742     		.uleb128 0x2117
 601 009d 19       		.uleb128 0x19
 602 009e 00       		.byte	0
 603 009f 00       		.byte	0
 604 00a0 0E       		.uleb128 0xe
 605 00a1 2E       		.uleb128 0x2e
 606 00a2 01       		.byte	0x1
 607 00a3 3F       		.uleb128 0x3f
 608 00a4 19       		.uleb128 0x19
 609 00a5 03       		.uleb128 0x3
 610 00a6 0E       		.uleb128 0xe
 611 00a7 3A       		.uleb128 0x3a
 612 00a8 0B       		.uleb128 0xb
 613 00a9 3B       		.uleb128 0x3b
 614 00aa 0B       		.uleb128 0xb
 615 00ab 27       		.uleb128 0x27
 616 00ac 19       		.uleb128 0x19
 617 00ad 11       		.uleb128 0x11
 618 00ae 01       		.uleb128 0x1
 619 00af 12       		.uleb128 0x12
 620 00b0 06       		.uleb128 0x6
 621 00b1 40       		.uleb128 0x40
 622 00b2 18       		.uleb128 0x18
 623 00b3 9742     		.uleb128 0x2117
 624 00b5 19       		.uleb128 0x19
ARM GAS  /tmp/ccisdisE.s 			page 12


 625 00b6 01       		.uleb128 0x1
 626 00b7 13       		.uleb128 0x13
 627 00b8 00       		.byte	0
 628 00b9 00       		.byte	0
 629 00ba 0F       		.uleb128 0xf
 630 00bb 05       		.uleb128 0x5
 631 00bc 00       		.byte	0
 632 00bd 03       		.uleb128 0x3
 633 00be 08       		.uleb128 0x8
 634 00bf 3A       		.uleb128 0x3a
 635 00c0 0B       		.uleb128 0xb
 636 00c1 3B       		.uleb128 0x3b
 637 00c2 0B       		.uleb128 0xb
 638 00c3 49       		.uleb128 0x49
 639 00c4 13       		.uleb128 0x13
 640 00c5 02       		.uleb128 0x2
 641 00c6 18       		.uleb128 0x18
 642 00c7 00       		.byte	0
 643 00c8 00       		.byte	0
 644 00c9 10       		.uleb128 0x10
 645 00ca 05       		.uleb128 0x5
 646 00cb 00       		.byte	0
 647 00cc 03       		.uleb128 0x3
 648 00cd 0E       		.uleb128 0xe
 649 00ce 3A       		.uleb128 0x3a
 650 00cf 0B       		.uleb128 0xb
 651 00d0 3B       		.uleb128 0x3b
 652 00d1 0B       		.uleb128 0xb
 653 00d2 49       		.uleb128 0x49
 654 00d3 13       		.uleb128 0x13
 655 00d4 02       		.uleb128 0x2
 656 00d5 17       		.uleb128 0x17
 657 00d6 00       		.byte	0
 658 00d7 00       		.byte	0
 659 00d8 11       		.uleb128 0x11
 660 00d9 05       		.uleb128 0x5
 661 00da 00       		.byte	0
 662 00db 03       		.uleb128 0x3
 663 00dc 0E       		.uleb128 0xe
 664 00dd 3A       		.uleb128 0x3a
 665 00de 0B       		.uleb128 0xb
 666 00df 3B       		.uleb128 0x3b
 667 00e0 0B       		.uleb128 0xb
 668 00e1 49       		.uleb128 0x49
 669 00e2 13       		.uleb128 0x13
 670 00e3 02       		.uleb128 0x2
 671 00e4 18       		.uleb128 0x18
 672 00e5 00       		.byte	0
 673 00e6 00       		.byte	0
 674 00e7 12       		.uleb128 0x12
 675 00e8 05       		.uleb128 0x5
 676 00e9 00       		.byte	0
 677 00ea 03       		.uleb128 0x3
 678 00eb 08       		.uleb128 0x8
 679 00ec 3A       		.uleb128 0x3a
 680 00ed 0B       		.uleb128 0xb
 681 00ee 3B       		.uleb128 0x3b
ARM GAS  /tmp/ccisdisE.s 			page 13


 682 00ef 0B       		.uleb128 0xb
 683 00f0 49       		.uleb128 0x49
 684 00f1 13       		.uleb128 0x13
 685 00f2 02       		.uleb128 0x2
 686 00f3 17       		.uleb128 0x17
 687 00f4 00       		.byte	0
 688 00f5 00       		.byte	0
 689 00f6 13       		.uleb128 0x13
 690 00f7 34       		.uleb128 0x34
 691 00f8 00       		.byte	0
 692 00f9 03       		.uleb128 0x3
 693 00fa 08       		.uleb128 0x8
 694 00fb 3A       		.uleb128 0x3a
 695 00fc 0B       		.uleb128 0xb
 696 00fd 3B       		.uleb128 0x3b
 697 00fe 0B       		.uleb128 0xb
 698 00ff 49       		.uleb128 0x49
 699 0100 13       		.uleb128 0x13
 700 0101 02       		.uleb128 0x2
 701 0102 17       		.uleb128 0x17
 702 0103 00       		.byte	0
 703 0104 00       		.byte	0
 704 0105 14       		.uleb128 0x14
 705 0106 34       		.uleb128 0x34
 706 0107 00       		.byte	0
 707 0108 03       		.uleb128 0x3
 708 0109 0E       		.uleb128 0xe
 709 010a 3A       		.uleb128 0x3a
 710 010b 0B       		.uleb128 0xb
 711 010c 3B       		.uleb128 0x3b
 712 010d 0B       		.uleb128 0xb
 713 010e 49       		.uleb128 0x49
 714 010f 13       		.uleb128 0x13
 715 0110 3F       		.uleb128 0x3f
 716 0111 19       		.uleb128 0x19
 717 0112 02       		.uleb128 0x2
 718 0113 18       		.uleb128 0x18
 719 0114 00       		.byte	0
 720 0115 00       		.byte	0
 721 0116 00       		.byte	0
 722              		.section	.debug_loc,"",%progbits
 723              	.Ldebug_loc0:
 724              	.LLST0:
 725 0000 00000000 		.4byte	.LVL0
 726 0004 14000000 		.4byte	.LVL3
 727 0008 0100     		.2byte	0x1
 728 000a 51       		.byte	0x51
 729 000b 14000000 		.4byte	.LVL3
 730 000f 2E000000 		.4byte	.LVL5
 731 0013 0100     		.2byte	0x1
 732 0015 51       		.byte	0x51
 733 0016 2E000000 		.4byte	.LVL5
 734 001a 30000000 		.4byte	.LVL6
 735 001e 0200     		.2byte	0x2
 736 0020 70       		.byte	0x70
 737 0021 08       		.sleb128 8
 738 0022 00000000 		.4byte	0
ARM GAS  /tmp/ccisdisE.s 			page 14


 739 0026 00000000 		.4byte	0
 740              	.LLST1:
 741 002a 00000000 		.4byte	.LVL0
 742 002e 1C000000 		.4byte	.LVL4
 743 0032 0100     		.2byte	0x1
 744 0034 53       		.byte	0x53
 745 0035 1C000000 		.4byte	.LVL4
 746 0039 38000000 		.4byte	.LFE8
 747 003d 0200     		.2byte	0x2
 748 003f 70       		.byte	0x70
 749 0040 10       		.sleb128 16
 750 0041 00000000 		.4byte	0
 751 0045 00000000 		.4byte	0
 752              	.LLST2:
 753 0049 06000000 		.4byte	.LVL1
 754 004d 12000000 		.4byte	.LVL2
 755 0051 0100     		.2byte	0x1
 756 0053 54       		.byte	0x54
 757 0054 14000000 		.4byte	.LVL3
 758 0058 32000000 		.4byte	.LVL7
 759 005c 0100     		.2byte	0x1
 760 005e 54       		.byte	0x54
 761 005f 00000000 		.4byte	0
 762 0063 00000000 		.4byte	0
 763              		.section	.debug_aranges,"",%progbits
 764 0000 2C000000 		.4byte	0x2c
 765 0004 0200     		.2byte	0x2
 766 0006 00000000 		.4byte	.Ldebug_info0
 767 000a 04       		.byte	0x4
 768 000b 00       		.byte	0
 769 000c 0000     		.2byte	0
 770 000e 0000     		.2byte	0
 771 0010 00000000 		.4byte	.LFB7
 772 0014 18000000 		.4byte	.LFE7-.LFB7
 773 0018 00000000 		.4byte	.LFB8
 774 001c 38000000 		.4byte	.LFE8-.LFB8
 775 0020 00000000 		.4byte	.LFB9
 776 0024 24000000 		.4byte	.LFE9-.LFB9
 777 0028 00000000 		.4byte	0
 778 002c 00000000 		.4byte	0
 779              		.section	.debug_ranges,"",%progbits
 780              	.Ldebug_ranges0:
 781 0000 00000000 		.4byte	.LFB7
 782 0004 18000000 		.4byte	.LFE7
 783 0008 00000000 		.4byte	.LFB8
 784 000c 38000000 		.4byte	.LFE8
 785 0010 00000000 		.4byte	.LFB9
 786 0014 24000000 		.4byte	.LFE9
 787 0018 00000000 		.4byte	0
 788 001c 00000000 		.4byte	0
 789              		.section	.debug_line,"",%progbits
 790              	.Ldebug_line0:
 791 0000 1F010000 		.section	.debug_str,"MS",%progbits,1
 791      0200CA00 
 791      00000201 
 791      FB0E0D00 
 791      01010101 
ARM GAS  /tmp/ccisdisE.s 			page 15


 792              	.LASF26:
 793 0000 63685654 		.ascii	"chVTSetI\000"
 793      53657449 
 793      00
 794              	.LASF12:
 795 0009 73797374 		.ascii	"systime_t\000"
 795      696D655F 
 795      7400
 796              	.LASF14:
 797 0013 76746675 		.ascii	"vtfunc_t\000"
 797      6E635F74 
 797      00
 798              	.LASF6:
 799 001c 6C6F6E67 		.ascii	"long unsigned int\000"
 799      20756E73 
 799      69676E65 
 799      6420696E 
 799      7400
 800              	.LASF4:
 801 002e 73686F72 		.ascii	"short unsigned int\000"
 801      7420756E 
 801      7369676E 
 801      65642069 
 801      6E7400
 802              	.LASF19:
 803 0041 76745F66 		.ascii	"vt_func\000"
 803      756E6300 
 804              	.LASF15:
 805 0049 56697274 		.ascii	"VirtualTimer\000"
 805      75616C54 
 805      696D6572 
 805      00
 806              	.LASF2:
 807 0056 756E7369 		.ascii	"unsigned char\000"
 807      676E6564 
 807      20636861 
 807      7200
 808              	.LASF31:
 809 0064 5F76745F 		.ascii	"_vt_init\000"
 809      696E6974 
 809      00
 810              	.LASF9:
 811 006d 5F5F7569 		.ascii	"__uint32_t\000"
 811      6E743332 
 811      5F7400
 812              	.LASF30:
 813 0078 2F686F6D 		.ascii	"/home/development/Projects/openpv/TF_OSC_ChibiOS/jo"
 813      652F6465 
 813      76656C6F 
 813      706D656E 
 813      742F5072 
 814 00ab 6D626C6F 		.ascii	"mblo/BASIC\000"
 814      2F424153 
 814      494300
 815              	.LASF0:
 816 00b6 756E7369 		.ascii	"unsigned int\000"
 816      676E6564 
ARM GAS  /tmp/ccisdisE.s 			page 16


 816      20696E74 
 816      00
 817              	.LASF8:
 818 00c3 6C6F6E67 		.ascii	"long long unsigned int\000"
 818      206C6F6E 
 818      6720756E 
 818      7369676E 
 818      65642069 
 819              	.LASF32:
 820 00da 76746C69 		.ascii	"vtlist\000"
 820      737400
 821              	.LASF24:
 822 00e1 74696D65 		.ascii	"time\000"
 822      00
 823              	.LASF18:
 824 00e6 76745F74 		.ascii	"vt_time\000"
 824      696D6500 
 825              	.LASF13:
 826 00ee 73697A65 		.ascii	"sizetype\000"
 826      74797065 
 826      00
 827              	.LASF21:
 828 00f7 76745F73 		.ascii	"vt_systime\000"
 828      79737469 
 828      6D6500
 829              	.LASF29:
 830 0102 2E2E2F2E 		.ascii	"../../os/kernel/src/chvt.c\000"
 830      2E2F6F73 
 830      2F6B6572 
 830      6E656C2F 
 830      7372632F 
 831              	.LASF7:
 832 011d 6C6F6E67 		.ascii	"long long int\000"
 832      206C6F6E 
 832      6720696E 
 832      7400
 833              	.LASF28:
 834 012b 474E5520 		.ascii	"GNU C 4.8.3 -mcpu=cortex-m3 -mno-thumb-interwork -m"
 834      4320342E 
 834      382E3320 
 834      2D6D6370 
 834      753D636F 
 835 015e 7468756D 		.ascii	"thumb -ggdb -O2 -fomit-frame-pointer -ffunction-sec"
 835      62202D67 
 835      67646220 
 835      2D4F3220 
 835      2D666F6D 
 836 0191 74696F6E 		.ascii	"tions -fdata-sections -fno-common\000"
 836      73202D66 
 836      64617461 
 836      2D736563 
 836      74696F6E 
 837              	.LASF25:
 838 01b3 76746675 		.ascii	"vtfunc\000"
 838      6E6300
 839              	.LASF23:
 840 01ba 63686172 		.ascii	"char\000"
ARM GAS  /tmp/ccisdisE.s 			page 17


 840      00
 841              	.LASF20:
 842 01bf 76745F70 		.ascii	"vt_par\000"
 842      617200
 843              	.LASF3:
 844 01c6 73686F72 		.ascii	"short int\000"
 844      7420696E 
 844      7400
 845              	.LASF17:
 846 01d0 76745F70 		.ascii	"vt_prev\000"
 846      72657600 
 847              	.LASF10:
 848 01d8 75696E74 		.ascii	"uint32_t\000"
 848      33325F74 
 848      00
 849              	.LASF5:
 850 01e1 6C6F6E67 		.ascii	"long int\000"
 850      20696E74 
 850      00
 851              	.LASF1:
 852 01ea 7369676E 		.ascii	"signed char\000"
 852      65642063 
 852      68617200 
 853              	.LASF22:
 854 01f6 56544C69 		.ascii	"VTList\000"
 854      737400
 855              	.LASF16:
 856 01fd 76745F6E 		.ascii	"vt_next\000"
 856      65787400 
 857              	.LASF27:
 858 0205 63685654 		.ascii	"chVTResetI\000"
 858      52657365 
 858      744900
 859              	.LASF11:
 860 0210 5F426F6F 		.ascii	"_Bool\000"
 860      6C00
 861              		.ident	"GCC: (4.8.3-18ubuntu2+12) 4.8.3"
ARM GAS  /tmp/ccisdisE.s 			page 18


DEFINED SYMBOLS
                            *ABS*:00000000 chvt.c
     /tmp/ccisdisE.s:19     .text._vt_init:00000000 $t
     /tmp/ccisdisE.s:24     .text._vt_init:00000000 _vt_init
     /tmp/ccisdisE.s:49     .text._vt_init:00000014 $d
     /tmp/ccisdisE.s:54     .text.chVTSetI:00000000 $t
     /tmp/ccisdisE.s:59     .text.chVTSetI:00000000 chVTSetI
     /tmp/ccisdisE.s:127    .text.chVTSetI:00000034 $d
     /tmp/ccisdisE.s:132    .text.chVTResetI:00000000 $t
     /tmp/ccisdisE.s:137    .text.chVTResetI:00000000 chVTResetI
     /tmp/ccisdisE.s:171    .text.chVTResetI:00000020 $d
     /tmp/ccisdisE.s:181    .bss.vtlist:00000000 vtlist
     /tmp/ccisdisE.s:177    .bss.vtlist:00000000 $d
                     .debug_frame:00000010 $d

NO UNDEFINED SYMBOLS
