ARM GAS  /tmp/cc7PdGe6.s 			page 1


   1              		.syntax unified
   2              		.cpu cortex-m3
   3              		.fpu softvfp
   4              		.eabi_attribute 20, 1
   5              		.eabi_attribute 21, 1
   6              		.eabi_attribute 23, 3
   7              		.eabi_attribute 24, 1
   8              		.eabi_attribute 25, 1
   9              		.eabi_attribute 26, 1
  10              		.eabi_attribute 30, 2
  11              		.eabi_attribute 34, 1
  12              		.eabi_attribute 18, 4
  13              		.thumb
  14              		.file	"evtimer.c"
  15              		.text
  16              	.Ltext0:
  17              		.cfi_sections	.debug_frame
  18              		.section	.text.tmrcb,"ax",%progbits
  19              		.align	2
  20              		.thumb
  21              		.thumb_func
  22              		.type	tmrcb, %function
  23              	tmrcb:
  24              	.LFB7:
  25              		.file 1 "../../os/various/evtimer.c"
  26              		.loc 1 28 0
  27              		.cfi_startproc
  28              		@ args = 0, pretend = 0, frame = 0
  29              		@ frame_needed = 0, uses_anonymous_args = 0
  30              	.LVL0:
  31 0000 10B5     		push	{r4, lr}
  32              		.cfi_def_cfa_offset 8
  33              		.cfi_offset 4, -8
  34              		.cfi_offset 14, -4
  35              	.LBB2:
  36              		.loc 1 31 0
  37 0002 2023     		movs	r3, #32
  38              	.LBE2:
  39              		.loc 1 28 0
  40 0004 0446     		mov	r4, r0
  41              	.LVL1:
  42              	.LBB3:
  43              		.loc 1 31 0
  44              	@ 31 "../../os/various/evtimer.c" 1
  45 0006 83F31188 		msr     BASEPRI, r3
  46              	@ 0 "" 2
  47              		.thumb
  48              	.LBE3:
  49              		.loc 1 32 0
  50 000a 0021     		movs	r1, #0
  51 000c 1430     		adds	r0, r0, #20
  52              	.LVL2:
  53 000e FFF7FEFF 		bl	chEvtBroadcastFlagsI
  54              	.LVL3:
  55              		.loc 1 33 0
  56 0012 2346     		mov	r3, r4
  57 0014 2046     		mov	r0, r4
ARM GAS  /tmp/cc7PdGe6.s 			page 2


  58 0016 A169     		ldr	r1, [r4, #24]
  59 0018 034A     		ldr	r2, .L2
  60 001a FFF7FEFF 		bl	chVTSetI
  61              	.LVL4:
  62              	.LBB4:
  63              		.loc 1 34 0
  64 001e 0023     		movs	r3, #0
  65              	@ 34 "../../os/various/evtimer.c" 1
  66 0020 83F31188 		msr     BASEPRI, r3
  67              	@ 0 "" 2
  68              		.thumb
  69 0024 10BD     		pop	{r4, pc}
  70              	.LVL5:
  71              	.L3:
  72 0026 00BF     		.align	2
  73              	.L2:
  74 0028 00000000 		.word	tmrcb
  75              	.LBE4:
  76              		.cfi_endproc
  77              	.LFE7:
  78              		.size	tmrcb, .-tmrcb
  79              		.section	.text.evtStart,"ax",%progbits
  80              		.align	2
  81              		.global	evtStart
  82              		.thumb
  83              		.thumb_func
  84              		.type	evtStart, %function
  85              	evtStart:
  86              	.LFB8:
  87              		.loc 1 43 0
  88              		.cfi_startproc
  89              		@ args = 0, pretend = 0, frame = 0
  90              		@ frame_needed = 0, uses_anonymous_args = 0
  91              	.LVL6:
  92 0000 08B5     		push	{r3, lr}
  93              		.cfi_def_cfa_offset 8
  94              		.cfi_offset 3, -8
  95              		.cfi_offset 14, -4
  96              	.LBB5:
  97              		.loc 1 45 0
  98 0002 2023     		movs	r3, #32
  99              	@ 45 "../../os/various/evtimer.c" 1
 100 0004 83F31188 		msr     BASEPRI, r3
 101              	@ 0 "" 2
 102              		.thumb
 103              	.LBE5:
 104              		.loc 1 47 0
 105 0008 C368     		ldr	r3, [r0, #12]
 106 000a 1BB1     		cbz	r3, .L7
 107              	.LBB6:
 108              		.loc 1 50 0
 109 000c 0023     		movs	r3, #0
 110              	@ 50 "../../os/various/evtimer.c" 1
 111 000e 83F31188 		msr     BASEPRI, r3
 112              	@ 0 "" 2
 113              		.thumb
 114 0012 08BD     		pop	{r3, pc}
ARM GAS  /tmp/cc7PdGe6.s 			page 3


 115              	.L7:
 116              	.LBE6:
 117              		.loc 1 48 0
 118 0014 0346     		mov	r3, r0
 119 0016 8169     		ldr	r1, [r0, #24]
 120 0018 034A     		ldr	r2, .L8
 121 001a FFF7FEFF 		bl	chVTSetI
 122              	.LVL7:
 123              	.LBB7:
 124              		.loc 1 50 0
 125 001e 0023     		movs	r3, #0
 126              	@ 50 "../../os/various/evtimer.c" 1
 127 0020 83F31188 		msr     BASEPRI, r3
 128              	@ 0 "" 2
 129              		.thumb
 130 0024 08BD     		pop	{r3, pc}
 131              	.L9:
 132 0026 00BF     		.align	2
 133              	.L8:
 134 0028 00000000 		.word	tmrcb
 135              	.LBE7:
 136              		.cfi_endproc
 137              	.LFE8:
 138              		.size	evtStart, .-evtStart
 139              		.section	.text.evtStop,"ax",%progbits
 140              		.align	2
 141              		.global	evtStop
 142              		.thumb
 143              		.thumb_func
 144              		.type	evtStop, %function
 145              	evtStop:
 146              	.LFB9:
 147              		.loc 1 59 0
 148              		.cfi_startproc
 149              		@ args = 0, pretend = 0, frame = 0
 150              		@ frame_needed = 0, uses_anonymous_args = 0
 151              	.LVL8:
 152 0000 08B5     		push	{r3, lr}
 153              		.cfi_def_cfa_offset 8
 154              		.cfi_offset 3, -8
 155              		.cfi_offset 14, -4
 156              	.LBB8:
 157              		.loc 1 61 0
 158 0002 2023     		movs	r3, #32
 159              	@ 61 "../../os/various/evtimer.c" 1
 160 0004 83F31188 		msr     BASEPRI, r3
 161              	@ 0 "" 2
 162              		.thumb
 163              	.LBE8:
 164 0008 C368     		ldr	r3, [r0, #12]
 165 000a 0BB1     		cbz	r3, .L11
 166              		.loc 1 61 0 is_stmt 0 discriminator 1
 167 000c FFF7FEFF 		bl	chVTResetI
 168              	.LVL9:
 169              	.L11:
 170              	.LBB9:
 171              		.loc 1 61 0 discriminator 2
ARM GAS  /tmp/cc7PdGe6.s 			page 4


 172 0010 0023     		movs	r3, #0
 173              	@ 61 "../../os/various/evtimer.c" 1
 174 0012 83F31188 		msr     BASEPRI, r3
 175              	@ 0 "" 2
 176              		.thumb
 177 0016 08BD     		pop	{r3, pc}
 178              	.LBE9:
 179              		.cfi_endproc
 180              	.LFE9:
 181              		.size	evtStop, .-evtStop
 182              		.text
 183              	.Letext0:
 184              		.file 2 "/usr/include/newlib/machine/_default_types.h"
 185              		.file 3 "/usr/include/newlib/stdint.h"
 186              		.file 4 "../../os/ports/GCC/ARMCMx/chtypes.h"
 187              		.file 5 "../../os/kernel/include/chlists.h"
 188              		.file 6 "../../os/kernel/include/chthreads.h"
 189              		.file 7 "../../os/ports/GCC/ARMCMx/chcore_v7m.h"
 190              		.file 8 "../../os/kernel/include/chvt.h"
 191              		.file 9 "../../os/kernel/include/chmtx.h"
 192              		.file 10 "../../os/kernel/include/chevents.h"
 193              		.file 11 "../../os/various/evtimer.h"
 194              		.section	.debug_info,"",%progbits
 195              	.Ldebug_info0:
 196 0000 A2060000 		.4byte	0x6a2
 197 0004 0400     		.2byte	0x4
 198 0006 00000000 		.4byte	.Ldebug_abbrev0
 199 000a 04       		.byte	0x4
 200 000b 01       		.uleb128 0x1
 201 000c C8010000 		.4byte	.LASF82
 202 0010 01       		.byte	0x1
 203 0011 DD030000 		.4byte	.LASF83
 204 0015 30030000 		.4byte	.LASF84
 205 0019 30000000 		.4byte	.Ldebug_ranges0+0x30
 206 001d 00000000 		.4byte	0
 207 0021 00000000 		.4byte	.Ldebug_line0
 208 0025 02       		.uleb128 0x2
 209 0026 04       		.byte	0x4
 210 0027 05       		.byte	0x5
 211 0028 696E7400 		.ascii	"int\000"
 212 002c 03       		.uleb128 0x3
 213 002d 04       		.byte	0x4
 214 002e 07       		.byte	0x7
 215 002f ED000000 		.4byte	.LASF0
 216 0033 03       		.uleb128 0x3
 217 0034 01       		.byte	0x1
 218 0035 06       		.byte	0x6
 219 0036 68000000 		.4byte	.LASF1
 220 003a 04       		.uleb128 0x4
 221 003b 20000000 		.4byte	.LASF5
 222 003f 02       		.byte	0x2
 223 0040 1D       		.byte	0x1d
 224 0041 45000000 		.4byte	0x45
 225 0045 03       		.uleb128 0x3
 226 0046 01       		.byte	0x1
 227 0047 08       		.byte	0x8
 228 0048 5E020000 		.4byte	.LASF2
ARM GAS  /tmp/cc7PdGe6.s 			page 5


 229 004c 03       		.uleb128 0x3
 230 004d 02       		.byte	0x2
 231 004e 05       		.byte	0x5
 232 004f 8B020000 		.4byte	.LASF3
 233 0053 03       		.uleb128 0x3
 234 0054 02       		.byte	0x2
 235 0055 07       		.byte	0x7
 236 0056 25010000 		.4byte	.LASF4
 237 005a 04       		.uleb128 0x4
 238 005b 17030000 		.4byte	.LASF6
 239 005f 02       		.byte	0x2
 240 0060 3F       		.byte	0x3f
 241 0061 65000000 		.4byte	0x65
 242 0065 03       		.uleb128 0x3
 243 0066 04       		.byte	0x4
 244 0067 05       		.byte	0x5
 245 0068 96000000 		.4byte	.LASF7
 246 006c 04       		.uleb128 0x4
 247 006d C5000000 		.4byte	.LASF8
 248 0071 02       		.byte	0x2
 249 0072 41       		.byte	0x41
 250 0073 77000000 		.4byte	0x77
 251 0077 03       		.uleb128 0x3
 252 0078 04       		.byte	0x4
 253 0079 07       		.byte	0x7
 254 007a 02010000 		.4byte	.LASF9
 255 007e 03       		.uleb128 0x3
 256 007f 08       		.byte	0x8
 257 0080 05       		.byte	0x5
 258 0081 5A000000 		.4byte	.LASF10
 259 0085 03       		.uleb128 0x3
 260 0086 08       		.byte	0x8
 261 0087 07       		.byte	0x7
 262 0088 2A000000 		.4byte	.LASF11
 263 008c 04       		.uleb128 0x4
 264 008d 93030000 		.4byte	.LASF12
 265 0091 03       		.byte	0x3
 266 0092 2A       		.byte	0x2a
 267 0093 3A000000 		.4byte	0x3a
 268 0097 04       		.uleb128 0x4
 269 0098 56020000 		.4byte	.LASF13
 270 009c 03       		.byte	0x3
 271 009d 41       		.byte	0x41
 272 009e 5A000000 		.4byte	0x5a
 273 00a2 04       		.uleb128 0x4
 274 00a3 DA020000 		.4byte	.LASF14
 275 00a7 03       		.byte	0x3
 276 00a8 42       		.byte	0x42
 277 00a9 6C000000 		.4byte	0x6c
 278 00ad 03       		.uleb128 0x3
 279 00ae 01       		.byte	0x1
 280 00af 02       		.byte	0x2
 281 00b0 50020000 		.4byte	.LASF15
 282 00b4 04       		.uleb128 0x4
 283 00b5 46010000 		.4byte	.LASF16
 284 00b9 04       		.byte	0x4
 285 00ba 2C       		.byte	0x2c
ARM GAS  /tmp/cc7PdGe6.s 			page 6


 286 00bb 8C000000 		.4byte	0x8c
 287 00bf 04       		.uleb128 0x4
 288 00c0 9F000000 		.4byte	.LASF17
 289 00c4 04       		.byte	0x4
 290 00c5 2D       		.byte	0x2d
 291 00c6 8C000000 		.4byte	0x8c
 292 00ca 04       		.uleb128 0x4
 293 00cb B1010000 		.4byte	.LASF18
 294 00cf 04       		.byte	0x4
 295 00d0 2E       		.byte	0x2e
 296 00d1 8C000000 		.4byte	0x8c
 297 00d5 04       		.uleb128 0x4
 298 00d6 8C000000 		.4byte	.LASF19
 299 00da 04       		.byte	0x4
 300 00db 2F       		.byte	0x2f
 301 00dc 8C000000 		.4byte	0x8c
 302 00e0 04       		.uleb128 0x4
 303 00e1 C0010000 		.4byte	.LASF20
 304 00e5 04       		.byte	0x4
 305 00e6 30       		.byte	0x30
 306 00e7 A2000000 		.4byte	0xa2
 307 00eb 04       		.uleb128 0x4
 308 00ec 38010000 		.4byte	.LASF21
 309 00f0 04       		.byte	0x4
 310 00f1 31       		.byte	0x31
 311 00f2 97000000 		.4byte	0x97
 312 00f6 04       		.uleb128 0x4
 313 00f7 5A010000 		.4byte	.LASF22
 314 00fb 04       		.byte	0x4
 315 00fc 33       		.byte	0x33
 316 00fd A2000000 		.4byte	0xa2
 317 0101 04       		.uleb128 0x4
 318 0102 80030000 		.4byte	.LASF23
 319 0106 04       		.byte	0x4
 320 0107 34       		.byte	0x34
 321 0108 A2000000 		.4byte	0xa2
 322 010c 04       		.uleb128 0x4
 323 010d 02030000 		.4byte	.LASF24
 324 0111 04       		.byte	0x4
 325 0112 35       		.byte	0x35
 326 0113 A2000000 		.4byte	0xa2
 327 0117 04       		.uleb128 0x4
 328 0118 BD020000 		.4byte	.LASF25
 329 011c 05       		.byte	0x5
 330 011d 2A       		.byte	0x2a
 331 011e 22010000 		.4byte	0x122
 332 0122 05       		.uleb128 0x5
 333 0123 BD020000 		.4byte	.LASF25
 334 0127 48       		.byte	0x48
 335 0128 06       		.byte	0x6
 336 0129 5E       		.byte	0x5e
 337 012a 1F020000 		.4byte	0x21f
 338 012e 06       		.uleb128 0x6
 339 012f AE020000 		.4byte	.LASF26
 340 0133 06       		.byte	0x6
 341 0134 5F       		.byte	0x5f
 342 0135 40020000 		.4byte	0x240
ARM GAS  /tmp/cc7PdGe6.s 			page 7


 343 0139 00       		.byte	0
 344 013a 06       		.uleb128 0x6
 345 013b B9010000 		.4byte	.LASF27
 346 013f 06       		.byte	0x6
 347 0140 61       		.byte	0x61
 348 0141 40020000 		.4byte	0x240
 349 0145 04       		.byte	0x4
 350 0146 06       		.uleb128 0x6
 351 0147 53000000 		.4byte	.LASF28
 352 014b 06       		.byte	0x6
 353 014c 63       		.byte	0x63
 354 014d E0000000 		.4byte	0xe0
 355 0151 08       		.byte	0x8
 356 0152 06       		.uleb128 0x6
 357 0153 CD030000 		.4byte	.LASF29
 358 0157 06       		.byte	0x6
 359 0158 64       		.byte	0x64
 360 0159 FA020000 		.4byte	0x2fa
 361 015d 0C       		.byte	0xc
 362 015e 06       		.uleb128 0x6
 363 015f BD000000 		.4byte	.LASF30
 364 0163 06       		.byte	0x6
 365 0164 66       		.byte	0x66
 366 0165 40020000 		.4byte	0x240
 367 0169 10       		.byte	0x10
 368 016a 06       		.uleb128 0x6
 369 016b 94010000 		.4byte	.LASF31
 370 016f 06       		.byte	0x6
 371 0170 67       		.byte	0x67
 372 0171 40020000 		.4byte	0x240
 373 0175 14       		.byte	0x14
 374 0176 06       		.uleb128 0x6
 375 0177 B0030000 		.4byte	.LASF32
 376 017b 06       		.byte	0x6
 377 017c 6E       		.byte	0x6e
 378 017d 86040000 		.4byte	0x486
 379 0181 18       		.byte	0x18
 380 0182 06       		.uleb128 0x6
 381 0183 95020000 		.4byte	.LASF33
 382 0187 06       		.byte	0x6
 383 0188 79       		.byte	0x79
 384 0189 BF000000 		.4byte	0xbf
 385 018d 1C       		.byte	0x1c
 386 018e 06       		.uleb128 0x6
 387 018f B5020000 		.4byte	.LASF34
 388 0193 06       		.byte	0x6
 389 0194 7D       		.byte	0x7d
 390 0195 B4000000 		.4byte	0xb4
 391 0199 1D       		.byte	0x1d
 392 019a 06       		.uleb128 0x6
 393 019b 8C030000 		.4byte	.LASF35
 394 019f 06       		.byte	0x6
 395 01a0 82       		.byte	0x82
 396 01a1 CA000000 		.4byte	0xca
 397 01a5 1E       		.byte	0x1e
 398 01a6 06       		.uleb128 0x6
 399 01a7 9D020000 		.4byte	.LASF36
ARM GAS  /tmp/cc7PdGe6.s 			page 8


 400 01ab 06       		.byte	0x6
 401 01ac 88       		.byte	0x88
 402 01ad D5000000 		.4byte	0xd5
 403 01b1 1F       		.byte	0x1f
 404 01b2 06       		.uleb128 0x6
 405 01b3 29030000 		.4byte	.LASF37
 406 01b7 06       		.byte	0x6
 407 01b8 8F       		.byte	0x8f
 408 01b9 98030000 		.4byte	0x398
 409 01bd 20       		.byte	0x20
 410 01be 07       		.uleb128 0x7
 411 01bf 705F7500 		.ascii	"p_u\000"
 412 01c3 06       		.byte	0x6
 413 01c4 B4       		.byte	0xb4
 414 01c5 51040000 		.4byte	0x451
 415 01c9 24       		.byte	0x24
 416 01ca 06       		.uleb128 0x6
 417 01cb D3030000 		.4byte	.LASF38
 418 01cf 06       		.byte	0x6
 419 01d0 B9       		.byte	0xb9
 420 01d1 66020000 		.4byte	0x266
 421 01d5 28       		.byte	0x28
 422 01d6 06       		.uleb128 0x6
 423 01d7 6E030000 		.4byte	.LASF39
 424 01db 06       		.byte	0x6
 425 01dc BF       		.byte	0xbf
 426 01dd 46020000 		.4byte	0x246
 427 01e1 2C       		.byte	0x2c
 428 01e2 06       		.uleb128 0x6
 429 01e3 13000000 		.4byte	.LASF40
 430 01e7 06       		.byte	0x6
 431 01e8 C3       		.byte	0xc3
 432 01e9 EB000000 		.4byte	0xeb
 433 01ed 34       		.byte	0x34
 434 01ee 06       		.uleb128 0x6
 435 01ef CF020000 		.4byte	.LASF41
 436 01f3 06       		.byte	0x6
 437 01f4 C9       		.byte	0xc9
 438 01f5 F6000000 		.4byte	0xf6
 439 01f9 38       		.byte	0x38
 440 01fa 06       		.uleb128 0x6
 441 01fb 81020000 		.4byte	.LASF42
 442 01ff 06       		.byte	0x6
 443 0200 D0       		.byte	0xd0
 444 0201 98040000 		.4byte	0x498
 445 0205 3C       		.byte	0x3c
 446 0206 06       		.uleb128 0x6
 447 0207 0C030000 		.4byte	.LASF43
 448 020b 06       		.byte	0x6
 449 020c D4       		.byte	0xd4
 450 020d E0000000 		.4byte	0xe0
 451 0211 40       		.byte	0x40
 452 0212 06       		.uleb128 0x6
 453 0213 7C000000 		.4byte	.LASF44
 454 0217 06       		.byte	0x6
 455 0218 DA       		.byte	0xda
 456 0219 7C020000 		.4byte	0x27c
ARM GAS  /tmp/cc7PdGe6.s 			page 9


 457 021d 44       		.byte	0x44
 458 021e 00       		.byte	0
 459 021f 08       		.uleb128 0x8
 460 0220 08       		.byte	0x8
 461 0221 05       		.byte	0x5
 462 0222 61       		.byte	0x61
 463 0223 40020000 		.4byte	0x240
 464 0227 06       		.uleb128 0x6
 465 0228 AE020000 		.4byte	.LASF26
 466 022c 05       		.byte	0x5
 467 022d 62       		.byte	0x62
 468 022e 40020000 		.4byte	0x240
 469 0232 00       		.byte	0
 470 0233 06       		.uleb128 0x6
 471 0234 B9010000 		.4byte	.LASF27
 472 0238 05       		.byte	0x5
 473 0239 64       		.byte	0x64
 474 023a 40020000 		.4byte	0x240
 475 023e 04       		.byte	0x4
 476 023f 00       		.byte	0
 477 0240 09       		.uleb128 0x9
 478 0241 04       		.byte	0x4
 479 0242 17010000 		.4byte	0x117
 480 0246 04       		.uleb128 0x4
 481 0247 9C010000 		.4byte	.LASF45
 482 024b 05       		.byte	0x5
 483 024c 66       		.byte	0x66
 484 024d 1F020000 		.4byte	0x21f
 485 0251 08       		.uleb128 0x8
 486 0252 04       		.byte	0x4
 487 0253 05       		.byte	0x5
 488 0254 6B       		.byte	0x6b
 489 0255 66020000 		.4byte	0x266
 490 0259 06       		.uleb128 0x6
 491 025a AE020000 		.4byte	.LASF26
 492 025e 05       		.byte	0x5
 493 025f 6D       		.byte	0x6d
 494 0260 40020000 		.4byte	0x240
 495 0264 00       		.byte	0
 496 0265 00       		.byte	0
 497 0266 04       		.uleb128 0x4
 498 0267 4E010000 		.4byte	.LASF46
 499 026b 05       		.byte	0x5
 500 026c 70       		.byte	0x70
 501 026d 51020000 		.4byte	0x251
 502 0271 04       		.uleb128 0x4
 503 0272 D0000000 		.4byte	.LASF47
 504 0276 07       		.byte	0x7
 505 0277 E5       		.byte	0xe5
 506 0278 7C020000 		.4byte	0x27c
 507 027c 0A       		.uleb128 0xa
 508 027d 04       		.byte	0x4
 509 027e 0B       		.uleb128 0xb
 510 027f 00000000 		.4byte	.LASF48
 511 0283 24       		.byte	0x24
 512 0284 07       		.byte	0x7
 513 0285 0C01     		.2byte	0x10c
ARM GAS  /tmp/cc7PdGe6.s 			page 10


 514 0287 FA020000 		.4byte	0x2fa
 515 028b 0C       		.uleb128 0xc
 516 028c 723400   		.ascii	"r4\000"
 517 028f 07       		.byte	0x7
 518 0290 1F01     		.2byte	0x11f
 519 0292 71020000 		.4byte	0x271
 520 0296 00       		.byte	0
 521 0297 0C       		.uleb128 0xc
 522 0298 723500   		.ascii	"r5\000"
 523 029b 07       		.byte	0x7
 524 029c 2001     		.2byte	0x120
 525 029e 71020000 		.4byte	0x271
 526 02a2 04       		.byte	0x4
 527 02a3 0C       		.uleb128 0xc
 528 02a4 723600   		.ascii	"r6\000"
 529 02a7 07       		.byte	0x7
 530 02a8 2101     		.2byte	0x121
 531 02aa 71020000 		.4byte	0x271
 532 02ae 08       		.byte	0x8
 533 02af 0C       		.uleb128 0xc
 534 02b0 723700   		.ascii	"r7\000"
 535 02b3 07       		.byte	0x7
 536 02b4 2201     		.2byte	0x122
 537 02b6 71020000 		.4byte	0x271
 538 02ba 0C       		.byte	0xc
 539 02bb 0C       		.uleb128 0xc
 540 02bc 723800   		.ascii	"r8\000"
 541 02bf 07       		.byte	0x7
 542 02c0 2301     		.2byte	0x123
 543 02c2 71020000 		.4byte	0x271
 544 02c6 10       		.byte	0x10
 545 02c7 0C       		.uleb128 0xc
 546 02c8 723900   		.ascii	"r9\000"
 547 02cb 07       		.byte	0x7
 548 02cc 2401     		.2byte	0x124
 549 02ce 71020000 		.4byte	0x271
 550 02d2 14       		.byte	0x14
 551 02d3 0C       		.uleb128 0xc
 552 02d4 72313000 		.ascii	"r10\000"
 553 02d8 07       		.byte	0x7
 554 02d9 2501     		.2byte	0x125
 555 02db 71020000 		.4byte	0x271
 556 02df 18       		.byte	0x18
 557 02e0 0C       		.uleb128 0xc
 558 02e1 72313100 		.ascii	"r11\000"
 559 02e5 07       		.byte	0x7
 560 02e6 2601     		.2byte	0x126
 561 02e8 71020000 		.4byte	0x271
 562 02ec 1C       		.byte	0x1c
 563 02ed 0C       		.uleb128 0xc
 564 02ee 6C7200   		.ascii	"lr\000"
 565 02f1 07       		.byte	0x7
 566 02f2 2701     		.2byte	0x127
 567 02f4 71020000 		.4byte	0x271
 568 02f8 20       		.byte	0x20
 569 02f9 00       		.byte	0
 570 02fa 0B       		.uleb128 0xb
ARM GAS  /tmp/cc7PdGe6.s 			page 11


 571 02fb 1D010000 		.4byte	.LASF49
 572 02ff 04       		.byte	0x4
 573 0300 07       		.byte	0x7
 574 0301 3101     		.2byte	0x131
 575 0303 15030000 		.4byte	0x315
 576 0307 0C       		.uleb128 0xc
 577 0308 72313300 		.ascii	"r13\000"
 578 030c 07       		.byte	0x7
 579 030d 3201     		.2byte	0x132
 580 030f 15030000 		.4byte	0x315
 581 0313 00       		.byte	0
 582 0314 00       		.byte	0
 583 0315 09       		.uleb128 0x9
 584 0316 04       		.byte	0x4
 585 0317 7E020000 		.4byte	0x27e
 586 031b 03       		.uleb128 0x3
 587 031c 04       		.byte	0x4
 588 031d 07       		.byte	0x7
 589 031e 7A010000 		.4byte	.LASF50
 590 0322 04       		.uleb128 0x4
 591 0323 14010000 		.4byte	.LASF51
 592 0327 08       		.byte	0x8
 593 0328 58       		.byte	0x58
 594 0329 2D030000 		.4byte	0x32d
 595 032d 09       		.uleb128 0x9
 596 032e 04       		.byte	0x4
 597 032f 33030000 		.4byte	0x333
 598 0333 0D       		.uleb128 0xd
 599 0334 3E030000 		.4byte	0x33e
 600 0338 0E       		.uleb128 0xe
 601 0339 7C020000 		.4byte	0x27c
 602 033d 00       		.byte	0
 603 033e 04       		.uleb128 0x4
 604 033f E3020000 		.4byte	.LASF52
 605 0343 08       		.byte	0x8
 606 0344 5D       		.byte	0x5d
 607 0345 49030000 		.4byte	0x349
 608 0349 05       		.uleb128 0x5
 609 034a E3020000 		.4byte	.LASF52
 610 034e 14       		.byte	0x14
 611 034f 08       		.byte	0x8
 612 0350 64       		.byte	0x64
 613 0351 92030000 		.4byte	0x392
 614 0355 06       		.uleb128 0x6
 615 0356 FA000000 		.4byte	.LASF53
 616 035a 08       		.byte	0x8
 617 035b 65       		.byte	0x65
 618 035c 92030000 		.4byte	0x392
 619 0360 00       		.byte	0
 620 0361 06       		.uleb128 0x6
 621 0362 D9000000 		.4byte	.LASF54
 622 0366 08       		.byte	0x8
 623 0367 67       		.byte	0x67
 624 0368 92030000 		.4byte	0x392
 625 036c 04       		.byte	0x4
 626 036d 06       		.uleb128 0x6
 627 036e 6C010000 		.4byte	.LASF55
ARM GAS  /tmp/cc7PdGe6.s 			page 12


 628 0372 08       		.byte	0x8
 629 0373 69       		.byte	0x69
 630 0374 0C010000 		.4byte	0x10c
 631 0378 08       		.byte	0x8
 632 0379 06       		.uleb128 0x6
 633 037a 83010000 		.4byte	.LASF56
 634 037e 08       		.byte	0x8
 635 037f 6A       		.byte	0x6a
 636 0380 22030000 		.4byte	0x322
 637 0384 0C       		.byte	0xc
 638 0385 06       		.uleb128 0x6
 639 0386 79030000 		.4byte	.LASF57
 640 038a 08       		.byte	0x8
 641 038b 6C       		.byte	0x6c
 642 038c 7C020000 		.4byte	0x27c
 643 0390 10       		.byte	0x10
 644 0391 00       		.byte	0
 645 0392 09       		.uleb128 0x9
 646 0393 04       		.byte	0x4
 647 0394 3E030000 		.4byte	0x33e
 648 0398 0F       		.uleb128 0xf
 649 0399 0C010000 		.4byte	0x10c
 650 039d 05       		.uleb128 0x5
 651 039e 66010000 		.4byte	.LASF58
 652 03a2 10       		.byte	0x10
 653 03a3 09       		.byte	0x9
 654 03a4 2C       		.byte	0x2c
 655 03a5 CE030000 		.4byte	0x3ce
 656 03a9 06       		.uleb128 0x6
 657 03aa 84000000 		.4byte	.LASF59
 658 03ae 09       		.byte	0x9
 659 03af 2D       		.byte	0x2d
 660 03b0 46020000 		.4byte	0x246
 661 03b4 00       		.byte	0
 662 03b5 06       		.uleb128 0x6
 663 03b6 C5030000 		.4byte	.LASF60
 664 03ba 09       		.byte	0x9
 665 03bb 2F       		.byte	0x2f
 666 03bc 40020000 		.4byte	0x240
 667 03c0 08       		.byte	0x8
 668 03c1 06       		.uleb128 0x6
 669 03c2 FB020000 		.4byte	.LASF61
 670 03c6 09       		.byte	0x9
 671 03c7 31       		.byte	0x31
 672 03c8 CE030000 		.4byte	0x3ce
 673 03cc 0C       		.byte	0xc
 674 03cd 00       		.byte	0
 675 03ce 09       		.uleb128 0x9
 676 03cf 04       		.byte	0x4
 677 03d0 9D030000 		.4byte	0x39d
 678 03d4 04       		.uleb128 0x4
 679 03d5 66010000 		.4byte	.LASF58
 680 03d9 09       		.byte	0x9
 681 03da 33       		.byte	0x33
 682 03db 9D030000 		.4byte	0x39d
 683 03df 04       		.uleb128 0x4
 684 03e0 9B030000 		.4byte	.LASF62
ARM GAS  /tmp/cc7PdGe6.s 			page 13


 685 03e4 0A       		.byte	0xa
 686 03e5 2C       		.byte	0x2c
 687 03e6 EA030000 		.4byte	0x3ea
 688 03ea 05       		.uleb128 0x5
 689 03eb 9B030000 		.4byte	.LASF62
 690 03ef 10       		.byte	0x10
 691 03f0 0A       		.byte	0xa
 692 03f1 31       		.byte	0x31
 693 03f2 27040000 		.4byte	0x427
 694 03f6 06       		.uleb128 0x6
 695 03f7 3E010000 		.4byte	.LASF63
 696 03fb 0A       		.byte	0xa
 697 03fc 32       		.byte	0x32
 698 03fd 27040000 		.4byte	0x427
 699 0401 00       		.byte	0
 700 0402 06       		.uleb128 0x6
 701 0403 6C020000 		.4byte	.LASF64
 702 0407 0A       		.byte	0xa
 703 0408 35       		.byte	0x35
 704 0409 40020000 		.4byte	0x240
 705 040d 04       		.byte	0x4
 706 040e 06       		.uleb128 0x6
 707 040f A9010000 		.4byte	.LASF65
 708 0413 0A       		.byte	0xa
 709 0414 37       		.byte	0x37
 710 0415 F6000000 		.4byte	0xf6
 711 0419 08       		.byte	0x8
 712 041a 06       		.uleb128 0x6
 713 041b 78020000 		.4byte	.LASF66
 714 041f 0A       		.byte	0xa
 715 0420 3A       		.byte	0x3a
 716 0421 01010000 		.4byte	0x101
 717 0425 0C       		.byte	0xc
 718 0426 00       		.byte	0
 719 0427 09       		.uleb128 0x9
 720 0428 04       		.byte	0x4
 721 0429 DF030000 		.4byte	0x3df
 722 042d 05       		.uleb128 0x5
 723 042e E1000000 		.4byte	.LASF67
 724 0432 04       		.byte	0x4
 725 0433 0A       		.byte	0xa
 726 0434 41       		.byte	0x41
 727 0435 46040000 		.4byte	0x446
 728 0439 06       		.uleb128 0x6
 729 043a B7030000 		.4byte	.LASF68
 730 043e 0A       		.byte	0xa
 731 043f 42       		.byte	0x42
 732 0440 27040000 		.4byte	0x427
 733 0444 00       		.byte	0
 734 0445 00       		.byte	0
 735 0446 04       		.uleb128 0x4
 736 0447 E1000000 		.4byte	.LASF67
 737 044b 0A       		.byte	0xa
 738 044c 45       		.byte	0x45
 739 044d 2D040000 		.4byte	0x42d
 740 0451 10       		.uleb128 0x10
 741 0452 04       		.byte	0x4
ARM GAS  /tmp/cc7PdGe6.s 			page 14


 742 0453 06       		.byte	0x6
 743 0454 96       		.byte	0x96
 744 0455 86040000 		.4byte	0x486
 745 0459 11       		.uleb128 0x11
 746 045a 19000000 		.4byte	.LASF69
 747 045e 06       		.byte	0x6
 748 045f 9D       		.byte	0x9d
 749 0460 EB000000 		.4byte	0xeb
 750 0464 11       		.uleb128 0x11
 751 0465 41000000 		.4byte	.LASF70
 752 0469 06       		.byte	0x6
 753 046a A4       		.byte	0xa4
 754 046b EB000000 		.4byte	0xeb
 755 046f 11       		.uleb128 0x11
 756 0470 A9030000 		.4byte	.LASF71
 757 0474 06       		.byte	0x6
 758 0475 AB       		.byte	0xab
 759 0476 7C020000 		.4byte	0x27c
 760 047a 11       		.uleb128 0x11
 761 047b A7020000 		.4byte	.LASF72
 762 047f 06       		.byte	0x6
 763 0480 B2       		.byte	0xb2
 764 0481 F6000000 		.4byte	0xf6
 765 0485 00       		.byte	0
 766 0486 09       		.uleb128 0x9
 767 0487 04       		.byte	0x4
 768 0488 8C040000 		.4byte	0x48c
 769 048c 12       		.uleb128 0x12
 770 048d 91040000 		.4byte	0x491
 771 0491 03       		.uleb128 0x3
 772 0492 01       		.byte	0x1
 773 0493 08       		.byte	0x8
 774 0494 F0020000 		.4byte	.LASF73
 775 0498 09       		.uleb128 0x9
 776 0499 04       		.byte	0x4
 777 049a D4030000 		.4byte	0x3d4
 778 049e 08       		.uleb128 0x8
 779 049f 1C       		.byte	0x1c
 780 04a0 0B       		.byte	0xb
 781 04a1 27       		.byte	0x27
 782 04a2 CB040000 		.4byte	0x4cb
 783 04a6 06       		.uleb128 0x6
 784 04a7 BF030000 		.4byte	.LASF74
 785 04ab 0B       		.byte	0xb
 786 04ac 28       		.byte	0x28
 787 04ad 3E030000 		.4byte	0x33e
 788 04b1 00       		.byte	0
 789 04b2 06       		.uleb128 0x6
 790 04b3 74010000 		.4byte	.LASF75
 791 04b7 0B       		.byte	0xb
 792 04b8 29       		.byte	0x29
 793 04b9 46040000 		.4byte	0x446
 794 04bd 14       		.byte	0x14
 795 04be 06       		.uleb128 0x6
 796 04bf 07000000 		.4byte	.LASF76
 797 04c3 0B       		.byte	0xb
 798 04c4 2A       		.byte	0x2a
ARM GAS  /tmp/cc7PdGe6.s 			page 15


 799 04c5 0C010000 		.4byte	0x10c
 800 04c9 18       		.byte	0x18
 801 04ca 00       		.byte	0
 802 04cb 04       		.uleb128 0x4
 803 04cc 74000000 		.4byte	.LASF77
 804 04d0 0B       		.byte	0xb
 805 04d1 2B       		.byte	0x2b
 806 04d2 9E040000 		.4byte	0x49e
 807 04d6 13       		.uleb128 0x13
 808 04d7 F5020000 		.4byte	.LASF85
 809 04db 01       		.byte	0x1
 810 04dc 1C       		.byte	0x1c
 811 04dd 00000000 		.4byte	.LFB7
 812 04e1 2C000000 		.4byte	.LFE7-.LFB7
 813 04e5 01       		.uleb128 0x1
 814 04e6 9C       		.byte	0x9c
 815 04e7 72050000 		.4byte	0x572
 816 04eb 14       		.uleb128 0x14
 817 04ec 7000     		.ascii	"p\000"
 818 04ee 01       		.byte	0x1
 819 04ef 1C       		.byte	0x1c
 820 04f0 7C020000 		.4byte	0x27c
 821 04f4 00000000 		.4byte	.LLST0
 822 04f8 15       		.uleb128 0x15
 823 04f9 65747000 		.ascii	"etp\000"
 824 04fd 01       		.byte	0x1
 825 04fe 1D       		.byte	0x1d
 826 04ff 72050000 		.4byte	0x572
 827 0503 2C000000 		.4byte	.LLST1
 828 0507 16       		.uleb128 0x16
 829 0508 00000000 		.4byte	.Ldebug_ranges0+0
 830 050c 1E050000 		.4byte	0x51e
 831 0510 17       		.uleb128 0x17
 832 0511 746D7000 		.ascii	"tmp\000"
 833 0515 01       		.byte	0x1
 834 0516 1F       		.byte	0x1f
 835 0517 A2000000 		.4byte	0xa2
 836 051b 01       		.uleb128 0x1
 837 051c 53       		.byte	0x53
 838 051d 00       		.byte	0
 839 051e 18       		.uleb128 0x18
 840 051f 1E000000 		.4byte	.LBB4
 841 0523 0E000000 		.4byte	.LBE4-.LBB4
 842 0527 39050000 		.4byte	0x539
 843 052b 17       		.uleb128 0x17
 844 052c 746D7000 		.ascii	"tmp\000"
 845 0530 01       		.byte	0x1
 846 0531 22       		.byte	0x22
 847 0532 A2000000 		.4byte	0xa2
 848 0536 01       		.uleb128 0x1
 849 0537 53       		.byte	0x53
 850 0538 00       		.byte	0
 851 0539 19       		.uleb128 0x19
 852 053a 12000000 		.4byte	.LVL3
 853 053e 5C060000 		.4byte	0x65c
 854 0542 52050000 		.4byte	0x552
 855 0546 1A       		.uleb128 0x1a
ARM GAS  /tmp/cc7PdGe6.s 			page 16


 856 0547 01       		.uleb128 0x1
 857 0548 51       		.byte	0x51
 858 0549 01       		.uleb128 0x1
 859 054a 30       		.byte	0x30
 860 054b 1A       		.uleb128 0x1a
 861 054c 01       		.uleb128 0x1
 862 054d 50       		.byte	0x50
 863 054e 02       		.uleb128 0x2
 864 054f 74       		.byte	0x74
 865 0550 14       		.sleb128 20
 866 0551 00       		.byte	0
 867 0552 1B       		.uleb128 0x1b
 868 0553 1E000000 		.4byte	.LVL4
 869 0557 78060000 		.4byte	0x678
 870 055b 1A       		.uleb128 0x1a
 871 055c 01       		.uleb128 0x1
 872 055d 53       		.byte	0x53
 873 055e 02       		.uleb128 0x2
 874 055f 74       		.byte	0x74
 875 0560 00       		.sleb128 0
 876 0561 1A       		.uleb128 0x1a
 877 0562 01       		.uleb128 0x1
 878 0563 52       		.byte	0x52
 879 0564 05       		.uleb128 0x5
 880 0565 03       		.byte	0x3
 881 0566 00000000 		.4byte	tmrcb
 882 056a 1A       		.uleb128 0x1a
 883 056b 01       		.uleb128 0x1
 884 056c 50       		.byte	0x50
 885 056d 02       		.uleb128 0x2
 886 056e 74       		.byte	0x74
 887 056f 00       		.sleb128 0
 888 0570 00       		.byte	0
 889 0571 00       		.byte	0
 890 0572 09       		.uleb128 0x9
 891 0573 04       		.byte	0x4
 892 0574 CB040000 		.4byte	0x4cb
 893 0578 1C       		.uleb128 0x1c
 894 0579 4A000000 		.4byte	.LASF78
 895 057d 01       		.byte	0x1
 896 057e 2B       		.byte	0x2b
 897 057f 00000000 		.4byte	.LFB8
 898 0583 2C000000 		.4byte	.LFE8-.LFB8
 899 0587 01       		.uleb128 0x1
 900 0588 9C       		.byte	0x9c
 901 0589 F0050000 		.4byte	0x5f0
 902 058d 14       		.uleb128 0x14
 903 058e 65747000 		.ascii	"etp\000"
 904 0592 01       		.byte	0x1
 905 0593 2B       		.byte	0x2b
 906 0594 72050000 		.4byte	0x572
 907 0598 58000000 		.4byte	.LLST2
 908 059c 18       		.uleb128 0x18
 909 059d 02000000 		.4byte	.LBB5
 910 05a1 06000000 		.4byte	.LBE5-.LBB5
 911 05a5 B7050000 		.4byte	0x5b7
 912 05a9 17       		.uleb128 0x17
ARM GAS  /tmp/cc7PdGe6.s 			page 17


 913 05aa 746D7000 		.ascii	"tmp\000"
 914 05ae 01       		.byte	0x1
 915 05af 2D       		.byte	0x2d
 916 05b0 A2000000 		.4byte	0xa2
 917 05b4 01       		.uleb128 0x1
 918 05b5 53       		.byte	0x53
 919 05b6 00       		.byte	0
 920 05b7 16       		.uleb128 0x16
 921 05b8 18000000 		.4byte	.Ldebug_ranges0+0x18
 922 05bc CE050000 		.4byte	0x5ce
 923 05c0 17       		.uleb128 0x17
 924 05c1 746D7000 		.ascii	"tmp\000"
 925 05c5 01       		.byte	0x1
 926 05c6 32       		.byte	0x32
 927 05c7 A2000000 		.4byte	0xa2
 928 05cb 01       		.uleb128 0x1
 929 05cc 53       		.byte	0x53
 930 05cd 00       		.byte	0
 931 05ce 1B       		.uleb128 0x1b
 932 05cf 1E000000 		.4byte	.LVL7
 933 05d3 78060000 		.4byte	0x678
 934 05d7 1A       		.uleb128 0x1a
 935 05d8 01       		.uleb128 0x1
 936 05d9 53       		.byte	0x53
 937 05da 03       		.uleb128 0x3
 938 05db F3       		.byte	0xf3
 939 05dc 01       		.uleb128 0x1
 940 05dd 50       		.byte	0x50
 941 05de 1A       		.uleb128 0x1a
 942 05df 01       		.uleb128 0x1
 943 05e0 52       		.byte	0x52
 944 05e1 05       		.uleb128 0x5
 945 05e2 03       		.byte	0x3
 946 05e3 00000000 		.4byte	tmrcb
 947 05e7 1A       		.uleb128 0x1a
 948 05e8 01       		.uleb128 0x1
 949 05e9 50       		.byte	0x50
 950 05ea 03       		.uleb128 0x3
 951 05eb F3       		.byte	0xf3
 952 05ec 01       		.uleb128 0x1
 953 05ed 50       		.byte	0x50
 954 05ee 00       		.byte	0
 955 05ef 00       		.byte	0
 956 05f0 1C       		.uleb128 0x1c
 957 05f1 21030000 		.4byte	.LASF79
 958 05f5 01       		.byte	0x1
 959 05f6 3B       		.byte	0x3b
 960 05f7 00000000 		.4byte	.LFB9
 961 05fb 18000000 		.4byte	.LFE9-.LFB9
 962 05ff 01       		.uleb128 0x1
 963 0600 9C       		.byte	0x9c
 964 0601 5C060000 		.4byte	0x65c
 965 0605 14       		.uleb128 0x14
 966 0606 65747000 		.ascii	"etp\000"
 967 060a 01       		.byte	0x1
 968 060b 3B       		.byte	0x3b
 969 060c 72050000 		.4byte	0x572
ARM GAS  /tmp/cc7PdGe6.s 			page 18


 970 0610 79000000 		.4byte	.LLST3
 971 0614 18       		.uleb128 0x18
 972 0615 02000000 		.4byte	.LBB8
 973 0619 06000000 		.4byte	.LBE8-.LBB8
 974 061d 2F060000 		.4byte	0x62f
 975 0621 17       		.uleb128 0x17
 976 0622 746D7000 		.ascii	"tmp\000"
 977 0626 01       		.byte	0x1
 978 0627 3D       		.byte	0x3d
 979 0628 A2000000 		.4byte	0xa2
 980 062c 01       		.uleb128 0x1
 981 062d 53       		.byte	0x53
 982 062e 00       		.byte	0
 983 062f 18       		.uleb128 0x18
 984 0630 10000000 		.4byte	.LBB9
 985 0634 08000000 		.4byte	.LBE9-.LBB9
 986 0638 4A060000 		.4byte	0x64a
 987 063c 17       		.uleb128 0x17
 988 063d 746D7000 		.ascii	"tmp\000"
 989 0641 01       		.byte	0x1
 990 0642 3D       		.byte	0x3d
 991 0643 A2000000 		.4byte	0xa2
 992 0647 01       		.uleb128 0x1
 993 0648 53       		.byte	0x53
 994 0649 00       		.byte	0
 995 064a 1B       		.uleb128 0x1b
 996 064b 10000000 		.4byte	.LVL9
 997 064f 98060000 		.4byte	0x698
 998 0653 1A       		.uleb128 0x1a
 999 0654 01       		.uleb128 0x1
 1000 0655 50       		.byte	0x50
 1001 0656 03       		.uleb128 0x3
 1002 0657 F3       		.byte	0xf3
 1003 0658 01       		.uleb128 0x1
 1004 0659 50       		.byte	0x50
 1005 065a 00       		.byte	0
 1006 065b 00       		.byte	0
 1007 065c 1D       		.uleb128 0x1d
 1008 065d A8000000 		.4byte	.LASF80
 1009 0661 0A       		.byte	0xa
 1010 0662 BA       		.byte	0xba
 1011 0663 72060000 		.4byte	0x672
 1012 0667 0E       		.uleb128 0xe
 1013 0668 72060000 		.4byte	0x672
 1014 066c 0E       		.uleb128 0xe
 1015 066d 01010000 		.4byte	0x101
 1016 0671 00       		.byte	0
 1017 0672 09       		.uleb128 0x9
 1018 0673 04       		.byte	0x4
 1019 0674 46040000 		.4byte	0x446
 1020 0678 1D       		.uleb128 0x1d
 1021 0679 8B010000 		.4byte	.LASF81
 1022 067d 08       		.byte	0x8
 1023 067e FE       		.byte	0xfe
 1024 067f 98060000 		.4byte	0x698
 1025 0683 0E       		.uleb128 0xe
 1026 0684 92030000 		.4byte	0x392
ARM GAS  /tmp/cc7PdGe6.s 			page 19


 1027 0688 0E       		.uleb128 0xe
 1028 0689 0C010000 		.4byte	0x10c
 1029 068d 0E       		.uleb128 0xe
 1030 068e 22030000 		.4byte	0x322
 1031 0692 0E       		.uleb128 0xe
 1032 0693 7C020000 		.4byte	0x27c
 1033 0697 00       		.byte	0
 1034 0698 1E       		.uleb128 0x1e
 1035 0699 C4020000 		.4byte	.LASF86
 1036 069d 08       		.byte	0x8
 1037 069e FF       		.byte	0xff
 1038 069f 0E       		.uleb128 0xe
 1039 06a0 92030000 		.4byte	0x392
 1040 06a4 00       		.byte	0
 1041 06a5 00       		.byte	0
 1042              		.section	.debug_abbrev,"",%progbits
 1043              	.Ldebug_abbrev0:
 1044 0000 01       		.uleb128 0x1
 1045 0001 11       		.uleb128 0x11
 1046 0002 01       		.byte	0x1
 1047 0003 25       		.uleb128 0x25
 1048 0004 0E       		.uleb128 0xe
 1049 0005 13       		.uleb128 0x13
 1050 0006 0B       		.uleb128 0xb
 1051 0007 03       		.uleb128 0x3
 1052 0008 0E       		.uleb128 0xe
 1053 0009 1B       		.uleb128 0x1b
 1054 000a 0E       		.uleb128 0xe
 1055 000b 55       		.uleb128 0x55
 1056 000c 17       		.uleb128 0x17
 1057 000d 11       		.uleb128 0x11
 1058 000e 01       		.uleb128 0x1
 1059 000f 10       		.uleb128 0x10
 1060 0010 17       		.uleb128 0x17
 1061 0011 00       		.byte	0
 1062 0012 00       		.byte	0
 1063 0013 02       		.uleb128 0x2
 1064 0014 24       		.uleb128 0x24
 1065 0015 00       		.byte	0
 1066 0016 0B       		.uleb128 0xb
 1067 0017 0B       		.uleb128 0xb
 1068 0018 3E       		.uleb128 0x3e
 1069 0019 0B       		.uleb128 0xb
 1070 001a 03       		.uleb128 0x3
 1071 001b 08       		.uleb128 0x8
 1072 001c 00       		.byte	0
 1073 001d 00       		.byte	0
 1074 001e 03       		.uleb128 0x3
 1075 001f 24       		.uleb128 0x24
 1076 0020 00       		.byte	0
 1077 0021 0B       		.uleb128 0xb
 1078 0022 0B       		.uleb128 0xb
 1079 0023 3E       		.uleb128 0x3e
 1080 0024 0B       		.uleb128 0xb
 1081 0025 03       		.uleb128 0x3
 1082 0026 0E       		.uleb128 0xe
 1083 0027 00       		.byte	0
ARM GAS  /tmp/cc7PdGe6.s 			page 20


 1084 0028 00       		.byte	0
 1085 0029 04       		.uleb128 0x4
 1086 002a 16       		.uleb128 0x16
 1087 002b 00       		.byte	0
 1088 002c 03       		.uleb128 0x3
 1089 002d 0E       		.uleb128 0xe
 1090 002e 3A       		.uleb128 0x3a
 1091 002f 0B       		.uleb128 0xb
 1092 0030 3B       		.uleb128 0x3b
 1093 0031 0B       		.uleb128 0xb
 1094 0032 49       		.uleb128 0x49
 1095 0033 13       		.uleb128 0x13
 1096 0034 00       		.byte	0
 1097 0035 00       		.byte	0
 1098 0036 05       		.uleb128 0x5
 1099 0037 13       		.uleb128 0x13
 1100 0038 01       		.byte	0x1
 1101 0039 03       		.uleb128 0x3
 1102 003a 0E       		.uleb128 0xe
 1103 003b 0B       		.uleb128 0xb
 1104 003c 0B       		.uleb128 0xb
 1105 003d 3A       		.uleb128 0x3a
 1106 003e 0B       		.uleb128 0xb
 1107 003f 3B       		.uleb128 0x3b
 1108 0040 0B       		.uleb128 0xb
 1109 0041 01       		.uleb128 0x1
 1110 0042 13       		.uleb128 0x13
 1111 0043 00       		.byte	0
 1112 0044 00       		.byte	0
 1113 0045 06       		.uleb128 0x6
 1114 0046 0D       		.uleb128 0xd
 1115 0047 00       		.byte	0
 1116 0048 03       		.uleb128 0x3
 1117 0049 0E       		.uleb128 0xe
 1118 004a 3A       		.uleb128 0x3a
 1119 004b 0B       		.uleb128 0xb
 1120 004c 3B       		.uleb128 0x3b
 1121 004d 0B       		.uleb128 0xb
 1122 004e 49       		.uleb128 0x49
 1123 004f 13       		.uleb128 0x13
 1124 0050 38       		.uleb128 0x38
 1125 0051 0B       		.uleb128 0xb
 1126 0052 00       		.byte	0
 1127 0053 00       		.byte	0
 1128 0054 07       		.uleb128 0x7
 1129 0055 0D       		.uleb128 0xd
 1130 0056 00       		.byte	0
 1131 0057 03       		.uleb128 0x3
 1132 0058 08       		.uleb128 0x8
 1133 0059 3A       		.uleb128 0x3a
 1134 005a 0B       		.uleb128 0xb
 1135 005b 3B       		.uleb128 0x3b
 1136 005c 0B       		.uleb128 0xb
 1137 005d 49       		.uleb128 0x49
 1138 005e 13       		.uleb128 0x13
 1139 005f 38       		.uleb128 0x38
 1140 0060 0B       		.uleb128 0xb
ARM GAS  /tmp/cc7PdGe6.s 			page 21


 1141 0061 00       		.byte	0
 1142 0062 00       		.byte	0
 1143 0063 08       		.uleb128 0x8
 1144 0064 13       		.uleb128 0x13
 1145 0065 01       		.byte	0x1
 1146 0066 0B       		.uleb128 0xb
 1147 0067 0B       		.uleb128 0xb
 1148 0068 3A       		.uleb128 0x3a
 1149 0069 0B       		.uleb128 0xb
 1150 006a 3B       		.uleb128 0x3b
 1151 006b 0B       		.uleb128 0xb
 1152 006c 01       		.uleb128 0x1
 1153 006d 13       		.uleb128 0x13
 1154 006e 00       		.byte	0
 1155 006f 00       		.byte	0
 1156 0070 09       		.uleb128 0x9
 1157 0071 0F       		.uleb128 0xf
 1158 0072 00       		.byte	0
 1159 0073 0B       		.uleb128 0xb
 1160 0074 0B       		.uleb128 0xb
 1161 0075 49       		.uleb128 0x49
 1162 0076 13       		.uleb128 0x13
 1163 0077 00       		.byte	0
 1164 0078 00       		.byte	0
 1165 0079 0A       		.uleb128 0xa
 1166 007a 0F       		.uleb128 0xf
 1167 007b 00       		.byte	0
 1168 007c 0B       		.uleb128 0xb
 1169 007d 0B       		.uleb128 0xb
 1170 007e 00       		.byte	0
 1171 007f 00       		.byte	0
 1172 0080 0B       		.uleb128 0xb
 1173 0081 13       		.uleb128 0x13
 1174 0082 01       		.byte	0x1
 1175 0083 03       		.uleb128 0x3
 1176 0084 0E       		.uleb128 0xe
 1177 0085 0B       		.uleb128 0xb
 1178 0086 0B       		.uleb128 0xb
 1179 0087 3A       		.uleb128 0x3a
 1180 0088 0B       		.uleb128 0xb
 1181 0089 3B       		.uleb128 0x3b
 1182 008a 05       		.uleb128 0x5
 1183 008b 01       		.uleb128 0x1
 1184 008c 13       		.uleb128 0x13
 1185 008d 00       		.byte	0
 1186 008e 00       		.byte	0
 1187 008f 0C       		.uleb128 0xc
 1188 0090 0D       		.uleb128 0xd
 1189 0091 00       		.byte	0
 1190 0092 03       		.uleb128 0x3
 1191 0093 08       		.uleb128 0x8
 1192 0094 3A       		.uleb128 0x3a
 1193 0095 0B       		.uleb128 0xb
 1194 0096 3B       		.uleb128 0x3b
 1195 0097 05       		.uleb128 0x5
 1196 0098 49       		.uleb128 0x49
 1197 0099 13       		.uleb128 0x13
ARM GAS  /tmp/cc7PdGe6.s 			page 22


 1198 009a 38       		.uleb128 0x38
 1199 009b 0B       		.uleb128 0xb
 1200 009c 00       		.byte	0
 1201 009d 00       		.byte	0
 1202 009e 0D       		.uleb128 0xd
 1203 009f 15       		.uleb128 0x15
 1204 00a0 01       		.byte	0x1
 1205 00a1 27       		.uleb128 0x27
 1206 00a2 19       		.uleb128 0x19
 1207 00a3 01       		.uleb128 0x1
 1208 00a4 13       		.uleb128 0x13
 1209 00a5 00       		.byte	0
 1210 00a6 00       		.byte	0
 1211 00a7 0E       		.uleb128 0xe
 1212 00a8 05       		.uleb128 0x5
 1213 00a9 00       		.byte	0
 1214 00aa 49       		.uleb128 0x49
 1215 00ab 13       		.uleb128 0x13
 1216 00ac 00       		.byte	0
 1217 00ad 00       		.byte	0
 1218 00ae 0F       		.uleb128 0xf
 1219 00af 35       		.uleb128 0x35
 1220 00b0 00       		.byte	0
 1221 00b1 49       		.uleb128 0x49
 1222 00b2 13       		.uleb128 0x13
 1223 00b3 00       		.byte	0
 1224 00b4 00       		.byte	0
 1225 00b5 10       		.uleb128 0x10
 1226 00b6 17       		.uleb128 0x17
 1227 00b7 01       		.byte	0x1
 1228 00b8 0B       		.uleb128 0xb
 1229 00b9 0B       		.uleb128 0xb
 1230 00ba 3A       		.uleb128 0x3a
 1231 00bb 0B       		.uleb128 0xb
 1232 00bc 3B       		.uleb128 0x3b
 1233 00bd 0B       		.uleb128 0xb
 1234 00be 01       		.uleb128 0x1
 1235 00bf 13       		.uleb128 0x13
 1236 00c0 00       		.byte	0
 1237 00c1 00       		.byte	0
 1238 00c2 11       		.uleb128 0x11
 1239 00c3 0D       		.uleb128 0xd
 1240 00c4 00       		.byte	0
 1241 00c5 03       		.uleb128 0x3
 1242 00c6 0E       		.uleb128 0xe
 1243 00c7 3A       		.uleb128 0x3a
 1244 00c8 0B       		.uleb128 0xb
 1245 00c9 3B       		.uleb128 0x3b
 1246 00ca 0B       		.uleb128 0xb
 1247 00cb 49       		.uleb128 0x49
 1248 00cc 13       		.uleb128 0x13
 1249 00cd 00       		.byte	0
 1250 00ce 00       		.byte	0
 1251 00cf 12       		.uleb128 0x12
 1252 00d0 26       		.uleb128 0x26
 1253 00d1 00       		.byte	0
 1254 00d2 49       		.uleb128 0x49
ARM GAS  /tmp/cc7PdGe6.s 			page 23


 1255 00d3 13       		.uleb128 0x13
 1256 00d4 00       		.byte	0
 1257 00d5 00       		.byte	0
 1258 00d6 13       		.uleb128 0x13
 1259 00d7 2E       		.uleb128 0x2e
 1260 00d8 01       		.byte	0x1
 1261 00d9 03       		.uleb128 0x3
 1262 00da 0E       		.uleb128 0xe
 1263 00db 3A       		.uleb128 0x3a
 1264 00dc 0B       		.uleb128 0xb
 1265 00dd 3B       		.uleb128 0x3b
 1266 00de 0B       		.uleb128 0xb
 1267 00df 27       		.uleb128 0x27
 1268 00e0 19       		.uleb128 0x19
 1269 00e1 11       		.uleb128 0x11
 1270 00e2 01       		.uleb128 0x1
 1271 00e3 12       		.uleb128 0x12
 1272 00e4 06       		.uleb128 0x6
 1273 00e5 40       		.uleb128 0x40
 1274 00e6 18       		.uleb128 0x18
 1275 00e7 9742     		.uleb128 0x2117
 1276 00e9 19       		.uleb128 0x19
 1277 00ea 01       		.uleb128 0x1
 1278 00eb 13       		.uleb128 0x13
 1279 00ec 00       		.byte	0
 1280 00ed 00       		.byte	0
 1281 00ee 14       		.uleb128 0x14
 1282 00ef 05       		.uleb128 0x5
 1283 00f0 00       		.byte	0
 1284 00f1 03       		.uleb128 0x3
 1285 00f2 08       		.uleb128 0x8
 1286 00f3 3A       		.uleb128 0x3a
 1287 00f4 0B       		.uleb128 0xb
 1288 00f5 3B       		.uleb128 0x3b
 1289 00f6 0B       		.uleb128 0xb
 1290 00f7 49       		.uleb128 0x49
 1291 00f8 13       		.uleb128 0x13
 1292 00f9 02       		.uleb128 0x2
 1293 00fa 17       		.uleb128 0x17
 1294 00fb 00       		.byte	0
 1295 00fc 00       		.byte	0
 1296 00fd 15       		.uleb128 0x15
 1297 00fe 34       		.uleb128 0x34
 1298 00ff 00       		.byte	0
 1299 0100 03       		.uleb128 0x3
 1300 0101 08       		.uleb128 0x8
 1301 0102 3A       		.uleb128 0x3a
 1302 0103 0B       		.uleb128 0xb
 1303 0104 3B       		.uleb128 0x3b
 1304 0105 0B       		.uleb128 0xb
 1305 0106 49       		.uleb128 0x49
 1306 0107 13       		.uleb128 0x13
 1307 0108 02       		.uleb128 0x2
 1308 0109 17       		.uleb128 0x17
 1309 010a 00       		.byte	0
 1310 010b 00       		.byte	0
 1311 010c 16       		.uleb128 0x16
ARM GAS  /tmp/cc7PdGe6.s 			page 24


 1312 010d 0B       		.uleb128 0xb
 1313 010e 01       		.byte	0x1
 1314 010f 55       		.uleb128 0x55
 1315 0110 17       		.uleb128 0x17
 1316 0111 01       		.uleb128 0x1
 1317 0112 13       		.uleb128 0x13
 1318 0113 00       		.byte	0
 1319 0114 00       		.byte	0
 1320 0115 17       		.uleb128 0x17
 1321 0116 34       		.uleb128 0x34
 1322 0117 00       		.byte	0
 1323 0118 03       		.uleb128 0x3
 1324 0119 08       		.uleb128 0x8
 1325 011a 3A       		.uleb128 0x3a
 1326 011b 0B       		.uleb128 0xb
 1327 011c 3B       		.uleb128 0x3b
 1328 011d 0B       		.uleb128 0xb
 1329 011e 49       		.uleb128 0x49
 1330 011f 13       		.uleb128 0x13
 1331 0120 02       		.uleb128 0x2
 1332 0121 18       		.uleb128 0x18
 1333 0122 00       		.byte	0
 1334 0123 00       		.byte	0
 1335 0124 18       		.uleb128 0x18
 1336 0125 0B       		.uleb128 0xb
 1337 0126 01       		.byte	0x1
 1338 0127 11       		.uleb128 0x11
 1339 0128 01       		.uleb128 0x1
 1340 0129 12       		.uleb128 0x12
 1341 012a 06       		.uleb128 0x6
 1342 012b 01       		.uleb128 0x1
 1343 012c 13       		.uleb128 0x13
 1344 012d 00       		.byte	0
 1345 012e 00       		.byte	0
 1346 012f 19       		.uleb128 0x19
 1347 0130 898201   		.uleb128 0x4109
 1348 0133 01       		.byte	0x1
 1349 0134 11       		.uleb128 0x11
 1350 0135 01       		.uleb128 0x1
 1351 0136 31       		.uleb128 0x31
 1352 0137 13       		.uleb128 0x13
 1353 0138 01       		.uleb128 0x1
 1354 0139 13       		.uleb128 0x13
 1355 013a 00       		.byte	0
 1356 013b 00       		.byte	0
 1357 013c 1A       		.uleb128 0x1a
 1358 013d 8A8201   		.uleb128 0x410a
 1359 0140 00       		.byte	0
 1360 0141 02       		.uleb128 0x2
 1361 0142 18       		.uleb128 0x18
 1362 0143 9142     		.uleb128 0x2111
 1363 0145 18       		.uleb128 0x18
 1364 0146 00       		.byte	0
 1365 0147 00       		.byte	0
 1366 0148 1B       		.uleb128 0x1b
 1367 0149 898201   		.uleb128 0x4109
 1368 014c 01       		.byte	0x1
ARM GAS  /tmp/cc7PdGe6.s 			page 25


 1369 014d 11       		.uleb128 0x11
 1370 014e 01       		.uleb128 0x1
 1371 014f 31       		.uleb128 0x31
 1372 0150 13       		.uleb128 0x13
 1373 0151 00       		.byte	0
 1374 0152 00       		.byte	0
 1375 0153 1C       		.uleb128 0x1c
 1376 0154 2E       		.uleb128 0x2e
 1377 0155 01       		.byte	0x1
 1378 0156 3F       		.uleb128 0x3f
 1379 0157 19       		.uleb128 0x19
 1380 0158 03       		.uleb128 0x3
 1381 0159 0E       		.uleb128 0xe
 1382 015a 3A       		.uleb128 0x3a
 1383 015b 0B       		.uleb128 0xb
 1384 015c 3B       		.uleb128 0x3b
 1385 015d 0B       		.uleb128 0xb
 1386 015e 27       		.uleb128 0x27
 1387 015f 19       		.uleb128 0x19
 1388 0160 11       		.uleb128 0x11
 1389 0161 01       		.uleb128 0x1
 1390 0162 12       		.uleb128 0x12
 1391 0163 06       		.uleb128 0x6
 1392 0164 40       		.uleb128 0x40
 1393 0165 18       		.uleb128 0x18
 1394 0166 9742     		.uleb128 0x2117
 1395 0168 19       		.uleb128 0x19
 1396 0169 01       		.uleb128 0x1
 1397 016a 13       		.uleb128 0x13
 1398 016b 00       		.byte	0
 1399 016c 00       		.byte	0
 1400 016d 1D       		.uleb128 0x1d
 1401 016e 2E       		.uleb128 0x2e
 1402 016f 01       		.byte	0x1
 1403 0170 3F       		.uleb128 0x3f
 1404 0171 19       		.uleb128 0x19
 1405 0172 03       		.uleb128 0x3
 1406 0173 0E       		.uleb128 0xe
 1407 0174 3A       		.uleb128 0x3a
 1408 0175 0B       		.uleb128 0xb
 1409 0176 3B       		.uleb128 0x3b
 1410 0177 0B       		.uleb128 0xb
 1411 0178 27       		.uleb128 0x27
 1412 0179 19       		.uleb128 0x19
 1413 017a 3C       		.uleb128 0x3c
 1414 017b 19       		.uleb128 0x19
 1415 017c 01       		.uleb128 0x1
 1416 017d 13       		.uleb128 0x13
 1417 017e 00       		.byte	0
 1418 017f 00       		.byte	0
 1419 0180 1E       		.uleb128 0x1e
 1420 0181 2E       		.uleb128 0x2e
 1421 0182 01       		.byte	0x1
 1422 0183 3F       		.uleb128 0x3f
 1423 0184 19       		.uleb128 0x19
 1424 0185 03       		.uleb128 0x3
 1425 0186 0E       		.uleb128 0xe
ARM GAS  /tmp/cc7PdGe6.s 			page 26


 1426 0187 3A       		.uleb128 0x3a
 1427 0188 0B       		.uleb128 0xb
 1428 0189 3B       		.uleb128 0x3b
 1429 018a 0B       		.uleb128 0xb
 1430 018b 27       		.uleb128 0x27
 1431 018c 19       		.uleb128 0x19
 1432 018d 3C       		.uleb128 0x3c
 1433 018e 19       		.uleb128 0x19
 1434 018f 00       		.byte	0
 1435 0190 00       		.byte	0
 1436 0191 00       		.byte	0
 1437              		.section	.debug_loc,"",%progbits
 1438              	.Ldebug_loc0:
 1439              	.LLST0:
 1440 0000 00000000 		.4byte	.LVL0
 1441 0004 0E000000 		.4byte	.LVL2
 1442 0008 0100     		.2byte	0x1
 1443 000a 50       		.byte	0x50
 1444 000b 0E000000 		.4byte	.LVL2
 1445 000f 26000000 		.4byte	.LVL5
 1446 0013 0100     		.2byte	0x1
 1447 0015 54       		.byte	0x54
 1448 0016 26000000 		.4byte	.LVL5
 1449 001a 2C000000 		.4byte	.LFE7
 1450 001e 0400     		.2byte	0x4
 1451 0020 F3       		.byte	0xf3
 1452 0021 01       		.uleb128 0x1
 1453 0022 50       		.byte	0x50
 1454 0023 9F       		.byte	0x9f
 1455 0024 00000000 		.4byte	0
 1456 0028 00000000 		.4byte	0
 1457              	.LLST1:
 1458 002c 06000000 		.4byte	.LVL1
 1459 0030 0E000000 		.4byte	.LVL2
 1460 0034 0100     		.2byte	0x1
 1461 0036 50       		.byte	0x50
 1462 0037 0E000000 		.4byte	.LVL2
 1463 003b 26000000 		.4byte	.LVL5
 1464 003f 0100     		.2byte	0x1
 1465 0041 54       		.byte	0x54
 1466 0042 26000000 		.4byte	.LVL5
 1467 0046 2C000000 		.4byte	.LFE7
 1468 004a 0400     		.2byte	0x4
 1469 004c F3       		.byte	0xf3
 1470 004d 01       		.uleb128 0x1
 1471 004e 50       		.byte	0x50
 1472 004f 9F       		.byte	0x9f
 1473 0050 00000000 		.4byte	0
 1474 0054 00000000 		.4byte	0
 1475              	.LLST2:
 1476 0058 00000000 		.4byte	.LVL6
 1477 005c 1D000000 		.4byte	.LVL7-1
 1478 0060 0100     		.2byte	0x1
 1479 0062 50       		.byte	0x50
 1480 0063 1D000000 		.4byte	.LVL7-1
 1481 0067 2C000000 		.4byte	.LFE8
 1482 006b 0400     		.2byte	0x4
ARM GAS  /tmp/cc7PdGe6.s 			page 27


 1483 006d F3       		.byte	0xf3
 1484 006e 01       		.uleb128 0x1
 1485 006f 50       		.byte	0x50
 1486 0070 9F       		.byte	0x9f
 1487 0071 00000000 		.4byte	0
 1488 0075 00000000 		.4byte	0
 1489              	.LLST3:
 1490 0079 00000000 		.4byte	.LVL8
 1491 007d 0F000000 		.4byte	.LVL9-1
 1492 0081 0100     		.2byte	0x1
 1493 0083 50       		.byte	0x50
 1494 0084 0F000000 		.4byte	.LVL9-1
 1495 0088 18000000 		.4byte	.LFE9
 1496 008c 0400     		.2byte	0x4
 1497 008e F3       		.byte	0xf3
 1498 008f 01       		.uleb128 0x1
 1499 0090 50       		.byte	0x50
 1500 0091 9F       		.byte	0x9f
 1501 0092 00000000 		.4byte	0
 1502 0096 00000000 		.4byte	0
 1503              		.section	.debug_aranges,"",%progbits
 1504 0000 2C000000 		.4byte	0x2c
 1505 0004 0200     		.2byte	0x2
 1506 0006 00000000 		.4byte	.Ldebug_info0
 1507 000a 04       		.byte	0x4
 1508 000b 00       		.byte	0
 1509 000c 0000     		.2byte	0
 1510 000e 0000     		.2byte	0
 1511 0010 00000000 		.4byte	.LFB7
 1512 0014 2C000000 		.4byte	.LFE7-.LFB7
 1513 0018 00000000 		.4byte	.LFB8
 1514 001c 2C000000 		.4byte	.LFE8-.LFB8
 1515 0020 00000000 		.4byte	.LFB9
 1516 0024 18000000 		.4byte	.LFE9-.LFB9
 1517 0028 00000000 		.4byte	0
 1518 002c 00000000 		.4byte	0
 1519              		.section	.debug_ranges,"",%progbits
 1520              	.Ldebug_ranges0:
 1521 0000 02000000 		.4byte	.LBB2
 1522 0004 04000000 		.4byte	.LBE2
 1523 0008 06000000 		.4byte	.LBB3
 1524 000c 0A000000 		.4byte	.LBE3
 1525 0010 00000000 		.4byte	0
 1526 0014 00000000 		.4byte	0
 1527 0018 0C000000 		.4byte	.LBB6
 1528 001c 14000000 		.4byte	.LBE6
 1529 0020 1E000000 		.4byte	.LBB7
 1530 0024 2C000000 		.4byte	.LBE7
 1531 0028 00000000 		.4byte	0
 1532 002c 00000000 		.4byte	0
 1533 0030 00000000 		.4byte	.LFB7
 1534 0034 2C000000 		.4byte	.LFE7
 1535 0038 00000000 		.4byte	.LFB8
 1536 003c 2C000000 		.4byte	.LFE8
 1537 0040 00000000 		.4byte	.LFB9
 1538 0044 18000000 		.4byte	.LFE9
 1539 0048 00000000 		.4byte	0
ARM GAS  /tmp/cc7PdGe6.s 			page 28


 1540 004c 00000000 		.4byte	0
 1541              		.section	.debug_line,"",%progbits
 1542              	.Ldebug_line0:
 1543 0000 66010000 		.section	.debug_str,"MS",%progbits,1
 1543      02001C01 
 1543      00000201 
 1543      FB0E0D00 
 1543      01010101 
 1544              	.LASF48:
 1545 0000 696E7463 		.ascii	"intctx\000"
 1545      747800
 1546              	.LASF76:
 1547 0007 65745F69 		.ascii	"et_interval\000"
 1547      6E746572 
 1547      76616C00 
 1548              	.LASF40:
 1549 0013 705F6D73 		.ascii	"p_msg\000"
 1549      6700
 1550              	.LASF69:
 1551 0019 7264796D 		.ascii	"rdymsg\000"
 1551      736700
 1552              	.LASF5:
 1553 0020 5F5F7569 		.ascii	"__uint8_t\000"
 1553      6E74385F 
 1553      7400
 1554              	.LASF11:
 1555 002a 6C6F6E67 		.ascii	"long long unsigned int\000"
 1555      206C6F6E 
 1555      6720756E 
 1555      7369676E 
 1555      65642069 
 1556              	.LASF70:
 1557 0041 65786974 		.ascii	"exitcode\000"
 1557      636F6465 
 1557      00
 1558              	.LASF78:
 1559 004a 65767453 		.ascii	"evtStart\000"
 1559      74617274 
 1559      00
 1560              	.LASF28:
 1561 0053 705F7072 		.ascii	"p_prio\000"
 1561      696F00
 1562              	.LASF10:
 1563 005a 6C6F6E67 		.ascii	"long long int\000"
 1563      206C6F6E 
 1563      6720696E 
 1563      7400
 1564              	.LASF1:
 1565 0068 7369676E 		.ascii	"signed char\000"
 1565      65642063 
 1565      68617200 
 1566              	.LASF77:
 1567 0074 45765469 		.ascii	"EvTimer\000"
 1567      6D657200 
 1568              	.LASF44:
 1569 007c 705F6D70 		.ascii	"p_mpool\000"
 1569      6F6F6C00 
ARM GAS  /tmp/cc7PdGe6.s 			page 29


 1570              	.LASF59:
 1571 0084 6D5F7175 		.ascii	"m_queue\000"
 1571      65756500 
 1572              	.LASF19:
 1573 008c 74736C69 		.ascii	"tslices_t\000"
 1573      6365735F 
 1573      7400
 1574              	.LASF7:
 1575 0096 6C6F6E67 		.ascii	"long int\000"
 1575      20696E74 
 1575      00
 1576              	.LASF17:
 1577 009f 74737461 		.ascii	"tstate_t\000"
 1577      74655F74 
 1577      00
 1578              	.LASF80:
 1579 00a8 63684576 		.ascii	"chEvtBroadcastFlagsI\000"
 1579      7442726F 
 1579      61646361 
 1579      7374466C 
 1579      61677349 
 1580              	.LASF30:
 1581 00bd 705F6E65 		.ascii	"p_newer\000"
 1581      77657200 
 1582              	.LASF8:
 1583 00c5 5F5F7569 		.ascii	"__uint32_t\000"
 1583      6E743332 
 1583      5F7400
 1584              	.LASF47:
 1585 00d0 72656761 		.ascii	"regarm_t\000"
 1585      726D5F74 
 1585      00
 1586              	.LASF54:
 1587 00d9 76745F70 		.ascii	"vt_prev\000"
 1587      72657600 
 1588              	.LASF67:
 1589 00e1 4576656E 		.ascii	"EventSource\000"
 1589      74536F75 
 1589      72636500 
 1590              	.LASF0:
 1591 00ed 756E7369 		.ascii	"unsigned int\000"
 1591      676E6564 
 1591      20696E74 
 1591      00
 1592              	.LASF53:
 1593 00fa 76745F6E 		.ascii	"vt_next\000"
 1593      65787400 
 1594              	.LASF9:
 1595 0102 6C6F6E67 		.ascii	"long unsigned int\000"
 1595      20756E73 
 1595      69676E65 
 1595      6420696E 
 1595      7400
 1596              	.LASF51:
 1597 0114 76746675 		.ascii	"vtfunc_t\000"
 1597      6E635F74 
 1597      00
ARM GAS  /tmp/cc7PdGe6.s 			page 30


 1598              	.LASF49:
 1599 011d 636F6E74 		.ascii	"context\000"
 1599      65787400 
 1600              	.LASF4:
 1601 0125 73686F72 		.ascii	"short unsigned int\000"
 1601      7420756E 
 1601      7369676E 
 1601      65642069 
 1601      6E7400
 1602              	.LASF21:
 1603 0138 6D73675F 		.ascii	"msg_t\000"
 1603      7400
 1604              	.LASF63:
 1605 013e 656C5F6E 		.ascii	"el_next\000"
 1605      65787400 
 1606              	.LASF16:
 1607 0146 746D6F64 		.ascii	"tmode_t\000"
 1607      655F7400 
 1608              	.LASF46:
 1609 014e 54687265 		.ascii	"ThreadsList\000"
 1609      6164734C 
 1609      69737400 
 1610              	.LASF22:
 1611 015a 6576656E 		.ascii	"eventmask_t\000"
 1611      746D6173 
 1611      6B5F7400 
 1612              	.LASF58:
 1613 0166 4D757465 		.ascii	"Mutex\000"
 1613      7800
 1614              	.LASF55:
 1615 016c 76745F74 		.ascii	"vt_time\000"
 1615      696D6500 
 1616              	.LASF75:
 1617 0174 65745F65 		.ascii	"et_es\000"
 1617      7300
 1618              	.LASF50:
 1619 017a 73697A65 		.ascii	"sizetype\000"
 1619      74797065 
 1619      00
 1620              	.LASF56:
 1621 0183 76745F66 		.ascii	"vt_func\000"
 1621      756E6300 
 1622              	.LASF81:
 1623 018b 63685654 		.ascii	"chVTSetI\000"
 1623      53657449 
 1623      00
 1624              	.LASF31:
 1625 0194 705F6F6C 		.ascii	"p_older\000"
 1625      64657200 
 1626              	.LASF45:
 1627 019c 54687265 		.ascii	"ThreadsQueue\000"
 1627      61647351 
 1627      75657565 
 1627      00
 1628              	.LASF65:
 1629 01a9 656C5F6D 		.ascii	"el_mask\000"
 1629      61736B00 
ARM GAS  /tmp/cc7PdGe6.s 			page 31


 1630              	.LASF18:
 1631 01b1 74726566 		.ascii	"trefs_t\000"
 1631      735F7400 
 1632              	.LASF27:
 1633 01b9 705F7072 		.ascii	"p_prev\000"
 1633      657600
 1634              	.LASF20:
 1635 01c0 74707269 		.ascii	"tprio_t\000"
 1635      6F5F7400 
 1636              	.LASF82:
 1637 01c8 474E5520 		.ascii	"GNU C 4.8.3 -mcpu=cortex-m3 -mno-thumb-interwork -m"
 1637      4320342E 
 1637      382E3320 
 1637      2D6D6370 
 1637      753D636F 
 1638 01fb 7468756D 		.ascii	"thumb -ggdb -O2 -fomit-frame-pointer -ffunction-sec"
 1638      62202D67 
 1638      67646220 
 1638      2D4F3220 
 1638      2D666F6D 
 1639 022e 74696F6E 		.ascii	"tions -fdata-sections -fno-common\000"
 1639      73202D66 
 1639      64617461 
 1639      2D736563 
 1639      74696F6E 
 1640              	.LASF15:
 1641 0250 5F426F6F 		.ascii	"_Bool\000"
 1641      6C00
 1642              	.LASF13:
 1643 0256 696E7433 		.ascii	"int32_t\000"
 1643      325F7400 
 1644              	.LASF2:
 1645 025e 756E7369 		.ascii	"unsigned char\000"
 1645      676E6564 
 1645      20636861 
 1645      7200
 1646              	.LASF64:
 1647 026c 656C5F6C 		.ascii	"el_listener\000"
 1647      69737465 
 1647      6E657200 
 1648              	.LASF66:
 1649 0278 656C5F66 		.ascii	"el_flags\000"
 1649      6C616773 
 1649      00
 1650              	.LASF42:
 1651 0281 705F6D74 		.ascii	"p_mtxlist\000"
 1651      786C6973 
 1651      7400
 1652              	.LASF3:
 1653 028b 73686F72 		.ascii	"short int\000"
 1653      7420696E 
 1653      7400
 1654              	.LASF33:
 1655 0295 705F7374 		.ascii	"p_state\000"
 1655      61746500 
 1656              	.LASF36:
 1657 029d 705F7072 		.ascii	"p_preempt\000"
ARM GAS  /tmp/cc7PdGe6.s 			page 32


 1657      65656D70 
 1657      7400
 1658              	.LASF72:
 1659 02a7 65776D61 		.ascii	"ewmask\000"
 1659      736B00
 1660              	.LASF26:
 1661 02ae 705F6E65 		.ascii	"p_next\000"
 1661      787400
 1662              	.LASF34:
 1663 02b5 705F666C 		.ascii	"p_flags\000"
 1663      61677300 
 1664              	.LASF25:
 1665 02bd 54687265 		.ascii	"Thread\000"
 1665      616400
 1666              	.LASF86:
 1667 02c4 63685654 		.ascii	"chVTResetI\000"
 1667      52657365 
 1667      744900
 1668              	.LASF41:
 1669 02cf 705F6570 		.ascii	"p_epending\000"
 1669      656E6469 
 1669      6E6700
 1670              	.LASF14:
 1671 02da 75696E74 		.ascii	"uint32_t\000"
 1671      33325F74 
 1671      00
 1672              	.LASF52:
 1673 02e3 56697274 		.ascii	"VirtualTimer\000"
 1673      75616C54 
 1673      696D6572 
 1673      00
 1674              	.LASF73:
 1675 02f0 63686172 		.ascii	"char\000"
 1675      00
 1676              	.LASF85:
 1677 02f5 746D7263 		.ascii	"tmrcb\000"
 1677      6200
 1678              	.LASF61:
 1679 02fb 6D5F6E65 		.ascii	"m_next\000"
 1679      787400
 1680              	.LASF24:
 1681 0302 73797374 		.ascii	"systime_t\000"
 1681      696D655F 
 1681      7400
 1682              	.LASF43:
 1683 030c 705F7265 		.ascii	"p_realprio\000"
 1683      616C7072 
 1683      696F00
 1684              	.LASF6:
 1685 0317 5F5F696E 		.ascii	"__int32_t\000"
 1685      7433325F 
 1685      7400
 1686              	.LASF79:
 1687 0321 65767453 		.ascii	"evtStop\000"
 1687      746F7000 
 1688              	.LASF37:
 1689 0329 705F7469 		.ascii	"p_time\000"
ARM GAS  /tmp/cc7PdGe6.s 			page 33


 1689      6D6500
 1690              	.LASF84:
 1691 0330 2F686F6D 		.ascii	"/home/development/Projects/openpv/TF_OSC_ChibiOS/jo"
 1691      652F6465 
 1691      76656C6F 
 1691      706D656E 
 1691      742F5072 
 1692 0363 6D626C6F 		.ascii	"mblo/BASIC\000"
 1692      2F424153 
 1692      494300
 1693              	.LASF39:
 1694 036e 705F6D73 		.ascii	"p_msgqueue\000"
 1694      67717565 
 1694      756500
 1695              	.LASF57:
 1696 0379 76745F70 		.ascii	"vt_par\000"
 1696      617200
 1697              	.LASF23:
 1698 0380 666C6167 		.ascii	"flagsmask_t\000"
 1698      736D6173 
 1698      6B5F7400 
 1699              	.LASF35:
 1700 038c 705F7265 		.ascii	"p_refs\000"
 1700      667300
 1701              	.LASF12:
 1702 0393 75696E74 		.ascii	"uint8_t\000"
 1702      385F7400 
 1703              	.LASF62:
 1704 039b 4576656E 		.ascii	"EventListener\000"
 1704      744C6973 
 1704      74656E65 
 1704      7200
 1705              	.LASF71:
 1706 03a9 77746F62 		.ascii	"wtobjp\000"
 1706      6A7000
 1707              	.LASF32:
 1708 03b0 705F6E61 		.ascii	"p_name\000"
 1708      6D6500
 1709              	.LASF68:
 1710 03b7 65735F6E 		.ascii	"es_next\000"
 1710      65787400 
 1711              	.LASF74:
 1712 03bf 65745F76 		.ascii	"et_vt\000"
 1712      7400
 1713              	.LASF60:
 1714 03c5 6D5F6F77 		.ascii	"m_owner\000"
 1714      6E657200 
 1715              	.LASF29:
 1716 03cd 705F6374 		.ascii	"p_ctx\000"
 1716      7800
 1717              	.LASF38:
 1718 03d3 705F7761 		.ascii	"p_waiting\000"
 1718      6974696E 
 1718      6700
 1719              	.LASF83:
 1720 03dd 2E2E2F2E 		.ascii	"../../os/various/evtimer.c\000"
 1720      2E2F6F73 
ARM GAS  /tmp/cc7PdGe6.s 			page 34


 1720      2F766172 
 1720      696F7573 
 1720      2F657674 
 1721              		.ident	"GCC: (4.8.3-18ubuntu2+12) 4.8.3"
ARM GAS  /tmp/cc7PdGe6.s 			page 35


DEFINED SYMBOLS
                            *ABS*:00000000 evtimer.c
     /tmp/cc7PdGe6.s:19     .text.tmrcb:00000000 $t
     /tmp/cc7PdGe6.s:23     .text.tmrcb:00000000 tmrcb
     /tmp/cc7PdGe6.s:74     .text.tmrcb:00000028 $d
     /tmp/cc7PdGe6.s:80     .text.evtStart:00000000 $t
     /tmp/cc7PdGe6.s:85     .text.evtStart:00000000 evtStart
     /tmp/cc7PdGe6.s:134    .text.evtStart:00000028 $d
     /tmp/cc7PdGe6.s:140    .text.evtStop:00000000 $t
     /tmp/cc7PdGe6.s:145    .text.evtStop:00000000 evtStop
                     .debug_frame:00000010 $d

UNDEFINED SYMBOLS
chEvtBroadcastFlagsI
chVTSetI
chVTResetI
