ARM GAS  /tmp/ccHWuyuX.s 			page 1


   1              		.syntax unified
   2              		.cpu cortex-m3
   3              		.fpu softvfp
   4              		.eabi_attribute 20, 1
   5              		.eabi_attribute 21, 1
   6              		.eabi_attribute 23, 3
   7              		.eabi_attribute 24, 1
   8              		.eabi_attribute 25, 1
   9              		.eabi_attribute 26, 1
  10              		.eabi_attribute 30, 2
  11              		.eabi_attribute 34, 1
  12              		.eabi_attribute 18, 4
  13              		.thumb
  14              		.file	"hal.c"
  15              		.text
  16              	.Ltext0:
  17              		.cfi_sections	.debug_frame
  18              		.section	.text.halInit,"ax",%progbits
  19              		.align	2
  20              		.global	halInit
  21              		.thumb
  22              		.thumb_func
  23              		.type	halInit, %function
  24              	halInit:
  25              	.LFB63:
  26              		.file 1 "../../os/hal/src/hal.c"
  27              		.loc 1 68 0
  28              		.cfi_startproc
  29              		@ args = 0, pretend = 0, frame = 0
  30              		@ frame_needed = 0, uses_anonymous_args = 0
  31 0000 08B5     		push	{r3, lr}
  32              		.cfi_def_cfa_offset 8
  33              		.cfi_offset 3, -8
  34              		.cfi_offset 14, -4
  35              		.loc 1 70 0
  36 0002 FFF7FEFF 		bl	hal_lld_init
  37              	.LVL0:
  38              		.loc 1 73 0
  39 0006 FFF7FEFF 		bl	tmInit
  40              	.LVL1:
  41              		.loc 1 76 0
  42 000a 0448     		ldr	r0, .L2
  43 000c FFF7FEFF 		bl	_pal_lld_init
  44              	.LVL2:
  45              		.loc 1 103 0
  46 0010 FFF7FEFF 		bl	sdInit
  47              	.LVL3:
  48              		.loc 1 128 0
  49 0014 BDE80840 		pop	{r3, lr}
  50              		.loc 1 127 0
  51 0018 FFF7FEBF 		b	boardInit
  52              	.LVL4:
  53              	.L3:
  54              		.align	2
  55              	.L2:
  56 001c 00000000 		.word	pal_default_config
  57              		.cfi_endproc
ARM GAS  /tmp/ccHWuyuX.s 			page 2


  58              	.LFE63:
  59              		.size	halInit, .-halInit
  60              		.section	.text.halIsCounterWithin,"ax",%progbits
  61              		.align	2
  62              		.global	halIsCounterWithin
  63              		.thumb
  64              		.thumb_func
  65              		.type	halIsCounterWithin, %function
  66              	halIsCounterWithin:
  67              	.LFB64:
  68              		.loc 1 174 0
  69              		.cfi_startproc
  70              		@ args = 0, pretend = 0, frame = 0
  71              		@ frame_needed = 0, uses_anonymous_args = 0
  72              		@ link register save eliminated.
  73              	.LVL5:
  74              		.loc 1 175 0
  75 0000 084B     		ldr	r3, .L13
  76              		.loc 1 177 0
  77 0002 8142     		cmp	r1, r0
  78              		.loc 1 175 0
  79 0004 5B68     		ldr	r3, [r3, #4]
  80              	.LVL6:
  81              		.loc 1 177 0
  82 0006 06D9     		bls	.L5
  83              		.loc 1 177 0 is_stmt 0 discriminator 1
  84 0008 8342     		cmp	r3, r0
  85 000a 08D3     		bcc	.L9
  86              	.L11:
  87 000c 8B42     		cmp	r3, r1
  88 000e 2CBF     		ite	cs
  89 0010 0020     		movcs	r0, #0
  90              	.LVL7:
  91 0012 0120     		movcc	r0, #1
  92 0014 7047     		bx	lr
  93              	.LVL8:
  94              	.L5:
  95              		.loc 1 178 0 is_stmt 1
  96 0016 8342     		cmp	r3, r0
  97 0018 F8D3     		bcc	.L11
  98 001a 0120     		movs	r0, #1
  99              	.LVL9:
 100              		.loc 1 179 0
 101 001c 7047     		bx	lr
 102              	.LVL10:
 103              	.L9:
 104 001e 0020     		movs	r0, #0
 105              	.LVL11:
 106 0020 7047     		bx	lr
 107              	.L14:
 108 0022 00BF     		.align	2
 109              	.L13:
 110 0024 001000E0 		.word	-536866816
 111              		.cfi_endproc
 112              	.LFE64:
 113              		.size	halIsCounterWithin, .-halIsCounterWithin
 114              		.section	.text.halPolledDelay,"ax",%progbits
ARM GAS  /tmp/ccHWuyuX.s 			page 3


 115              		.align	2
 116              		.global	halPolledDelay
 117              		.thumb
 118              		.thumb_func
 119              		.type	halPolledDelay, %function
 120              	halPolledDelay:
 121              	.LFB65:
 122              		.loc 1 193 0
 123              		.cfi_startproc
 124              		@ args = 0, pretend = 0, frame = 0
 125              		@ frame_needed = 0, uses_anonymous_args = 0
 126              		@ link register save eliminated.
 127              	.LVL12:
 128              		.loc 1 194 0
 129 0000 0C49     		ldr	r1, .L26
 130 0002 4A68     		ldr	r2, [r1, #4]
 131              	.LVL13:
 132              		.loc 1 195 0
 133 0004 1044     		add	r0, r0, r2
 134              	.LVL14:
 135              	.L21:
 136              	.LBB4:
 137              	.LBB5:
 138              		.loc 1 177 0 discriminator 1
 139 0006 8242     		cmp	r2, r0
 140              		.loc 1 175 0 discriminator 1
 141 0008 4B68     		ldr	r3, [r1, #4]
 142              	.LVL15:
 143              		.loc 1 177 0 discriminator 1
 144 000a 0CD2     		bcs	.L16
 145              		.loc 1 177 0 is_stmt 0
 146 000c 9A42     		cmp	r2, r3
 147 000e 03D9     		bls	.L24
 148 0010 0023     		movs	r3, #0
 149              	.LVL16:
 150              	.LBE5:
 151              	.LBE4:
 152              		.loc 1 196 0 is_stmt 1
 153 0012 002B     		cmp	r3, #0
 154 0014 F7D1     		bne	.L21
 155              	.L25:
 156              		.loc 1 198 0
 157 0016 7047     		bx	lr
 158              	.LVL17:
 159              	.L24:
 160 0018 9842     		cmp	r0, r3
 161 001a 94BF     		ite	ls
 162 001c 0023     		movls	r3, #0
 163              	.LVL18:
 164 001e 0123     		movhi	r3, #1
 165              		.loc 1 196 0
 166 0020 002B     		cmp	r3, #0
 167 0022 F0D1     		bne	.L21
 168 0024 F7E7     		b	.L25
 169              	.LVL19:
 170              	.L16:
 171              	.LBB7:
ARM GAS  /tmp/ccHWuyuX.s 			page 4


 172              	.LBB6:
 173              		.loc 1 178 0
 174 0026 9A42     		cmp	r2, r3
 175 0028 F6D8     		bhi	.L24
 176 002a 0123     		movs	r3, #1
 177              	.LVL20:
 178              	.LBE6:
 179              	.LBE7:
 180              		.loc 1 196 0
 181 002c 002B     		cmp	r3, #0
 182 002e EAD1     		bne	.L21
 183 0030 F1E7     		b	.L25
 184              	.L27:
 185 0032 00BF     		.align	2
 186              	.L26:
 187 0034 001000E0 		.word	-536866816
 188              		.cfi_endproc
 189              	.LFE65:
 190              		.size	halPolledDelay, .-halPolledDelay
 191              		.text
 192              	.Letext0:
 193              		.file 2 "/usr/include/newlib/machine/_default_types.h"
 194              		.file 3 "/usr/include/newlib/stdint.h"
 195              		.file 4 "../../os/ports/GCC/ARMCMx/chtypes.h"
 196              		.file 5 "../../os/ports/common/ARMCMx/nvic.h"
 197              		.file 6 "../../os/hal/platforms/STM32F1xx/hal_lld.h"
 198              		.file 7 "../../os/hal/platforms/STM32/GPIOv1/pal_lld.h"
 199              		.file 8 "../../os/ports/common/ARMCMx/CMSIS/include/core_cm3.h"
 200              		.file 9 "../../os/hal/include/tm.h"
 201              		.file 10 "../../os/hal/include/serial.h"
 202              		.file 11 "../../boards/TF_OSC/board.h"
 203              		.section	.debug_info,"",%progbits
 204              	.Ldebug_info0:
 205 0000 2C030000 		.4byte	0x32c
 206 0004 0400     		.2byte	0x4
 207 0006 00000000 		.4byte	.Ldebug_abbrev0
 208 000a 04       		.byte	0x4
 209 000b 01       		.uleb128 0x1
 210 000c 19020000 		.4byte	.LASF44
 211 0010 01       		.byte	0x1
 212 0011 76010000 		.4byte	.LASF45
 213 0015 21010000 		.4byte	.LASF46
 214 0019 18000000 		.4byte	.Ldebug_ranges0+0x18
 215 001d 00000000 		.4byte	0
 216 0021 00000000 		.4byte	.Ldebug_line0
 217 0025 02       		.uleb128 0x2
 218 0026 04       		.byte	0x4
 219 0027 05       		.byte	0x5
 220 0028 696E7400 		.ascii	"int\000"
 221 002c 03       		.uleb128 0x3
 222 002d 04       		.byte	0x4
 223 002e 07       		.byte	0x7
 224 002f 3A000000 		.4byte	.LASF0
 225 0033 03       		.uleb128 0x3
 226 0034 01       		.byte	0x1
 227 0035 06       		.byte	0x6
 228 0036 03020000 		.4byte	.LASF1
ARM GAS  /tmp/ccHWuyuX.s 			page 5


 229 003a 03       		.uleb128 0x3
 230 003b 01       		.byte	0x1
 231 003c 08       		.byte	0x8
 232 003d 6E000000 		.4byte	.LASF2
 233 0041 03       		.uleb128 0x3
 234 0042 02       		.byte	0x2
 235 0043 05       		.byte	0x5
 236 0044 D8010000 		.4byte	.LASF3
 237 0048 03       		.uleb128 0x3
 238 0049 02       		.byte	0x2
 239 004a 07       		.byte	0x7
 240 004b BC000000 		.4byte	.LASF4
 241 004f 04       		.uleb128 0x4
 242 0050 2A000000 		.4byte	.LASF6
 243 0054 02       		.byte	0x2
 244 0055 3F       		.byte	0x3f
 245 0056 5A000000 		.4byte	0x5a
 246 005a 03       		.uleb128 0x3
 247 005b 04       		.byte	0x4
 248 005c 05       		.byte	0x5
 249 005d FA010000 		.4byte	.LASF5
 250 0061 04       		.uleb128 0x4
 251 0062 08010000 		.4byte	.LASF7
 252 0066 02       		.byte	0x2
 253 0067 41       		.byte	0x41
 254 0068 6C000000 		.4byte	0x6c
 255 006c 03       		.uleb128 0x3
 256 006d 04       		.byte	0x4
 257 006e 07       		.byte	0x7
 258 006f 9D000000 		.4byte	.LASF8
 259 0073 03       		.uleb128 0x3
 260 0074 08       		.byte	0x8
 261 0075 05       		.byte	0x5
 262 0076 B6010000 		.4byte	.LASF9
 263 007a 03       		.uleb128 0x3
 264 007b 08       		.byte	0x8
 265 007c 07       		.byte	0x7
 266 007d A7020000 		.4byte	.LASF10
 267 0081 04       		.uleb128 0x4
 268 0082 A5010000 		.4byte	.LASF11
 269 0086 03       		.byte	0x3
 270 0087 41       		.byte	0x41
 271 0088 4F000000 		.4byte	0x4f
 272 008c 04       		.uleb128 0x4
 273 008d F1010000 		.4byte	.LASF12
 274 0091 03       		.byte	0x3
 275 0092 42       		.byte	0x42
 276 0093 61000000 		.4byte	0x61
 277 0097 04       		.uleb128 0x4
 278 0098 47000000 		.4byte	.LASF13
 279 009c 04       		.byte	0x4
 280 009d 2B       		.byte	0x2b
 281 009e A2000000 		.4byte	0xa2
 282 00a2 03       		.uleb128 0x3
 283 00a3 01       		.byte	0x1
 284 00a4 02       		.byte	0x2
 285 00a5 A1020000 		.4byte	.LASF14
ARM GAS  /tmp/ccHWuyuX.s 			page 6


 286 00a9 04       		.uleb128 0x4
 287 00aa 5E000000 		.4byte	.LASF15
 288 00ae 05       		.byte	0x5
 289 00af 3A       		.byte	0x3a
 290 00b0 B4000000 		.4byte	0xb4
 291 00b4 05       		.uleb128 0x5
 292 00b5 8C000000 		.4byte	0x8c
 293 00b9 03       		.uleb128 0x3
 294 00ba 04       		.byte	0x4
 295 00bb 07       		.byte	0x7
 296 00bc AD010000 		.4byte	.LASF16
 297 00c0 06       		.uleb128 0x6
 298 00c1 20       		.byte	0x20
 299 00c2 05       		.byte	0x5
 300 00c3 0601     		.2byte	0x106
 301 00c5 32010000 		.4byte	0x132
 302 00c9 07       		.uleb128 0x7
 303 00ca 8D010000 		.4byte	.LASF17
 304 00ce 05       		.byte	0x5
 305 00cf 0701     		.2byte	0x107
 306 00d1 A9000000 		.4byte	0xa9
 307 00d5 00       		.byte	0
 308 00d6 07       		.uleb128 0x7
 309 00d7 1A010000 		.4byte	.LASF18
 310 00db 05       		.byte	0x5
 311 00dc 0801     		.2byte	0x108
 312 00de A9000000 		.4byte	0xa9
 313 00e2 04       		.byte	0x4
 314 00e3 07       		.uleb128 0x7
 315 00e4 CF000000 		.4byte	.LASF19
 316 00e8 05       		.byte	0x5
 317 00e9 0901     		.2byte	0x109
 318 00eb A9000000 		.4byte	0xa9
 319 00ef 08       		.byte	0x8
 320 00f0 07       		.uleb128 0x7
 321 00f1 4E000000 		.4byte	.LASF20
 322 00f5 05       		.byte	0x5
 323 00f6 0A01     		.2byte	0x10a
 324 00f8 A9000000 		.4byte	0xa9
 325 00fc 0C       		.byte	0xc
 326 00fd 07       		.uleb128 0x7
 327 00fe 55000000 		.4byte	.LASF21
 328 0102 05       		.byte	0x5
 329 0103 0B01     		.2byte	0x10b
 330 0105 A9000000 		.4byte	0xa9
 331 0109 10       		.byte	0x10
 332 010a 07       		.uleb128 0x7
 333 010b 13010000 		.4byte	.LASF22
 334 010f 05       		.byte	0x5
 335 0110 0C01     		.2byte	0x10c
 336 0112 A9000000 		.4byte	0xa9
 337 0116 14       		.byte	0x14
 338 0117 07       		.uleb128 0x7
 339 0118 E3000000 		.4byte	.LASF23
 340 011c 05       		.byte	0x5
 341 011d 0D01     		.2byte	0x10d
 342 011f A9000000 		.4byte	0xa9
ARM GAS  /tmp/ccHWuyuX.s 			page 7


 343 0123 18       		.byte	0x18
 344 0124 07       		.uleb128 0x7
 345 0125 CC010000 		.4byte	.LASF24
 346 0129 05       		.byte	0x5
 347 012a 0E01     		.2byte	0x10e
 348 012c A9000000 		.4byte	0xa9
 349 0130 1C       		.byte	0x1c
 350 0131 00       		.byte	0
 351 0132 08       		.uleb128 0x8
 352 0133 E9010000 		.4byte	.LASF25
 353 0137 05       		.byte	0x5
 354 0138 0F01     		.2byte	0x10f
 355 013a C0000000 		.4byte	0xc0
 356 013e 03       		.uleb128 0x3
 357 013f 01       		.byte	0x1
 358 0140 08       		.byte	0x8
 359 0141 71010000 		.4byte	.LASF26
 360 0145 05       		.uleb128 0x5
 361 0146 81000000 		.4byte	0x81
 362 014a 04       		.uleb128 0x4
 363 014b 66010000 		.4byte	.LASF27
 364 014f 06       		.byte	0x6
 365 0150 CE       		.byte	0xce
 366 0151 8C000000 		.4byte	0x8c
 367 0155 09       		.uleb128 0x9
 368 0156 0C       		.byte	0xc
 369 0157 07       		.byte	0x7
 370 0158 38       		.byte	0x38
 371 0159 82010000 		.4byte	0x182
 372 015d 0A       		.uleb128 0xa
 373 015e 6F647200 		.ascii	"odr\000"
 374 0162 07       		.byte	0x7
 375 0163 3A       		.byte	0x3a
 376 0164 8C000000 		.4byte	0x8c
 377 0168 00       		.byte	0
 378 0169 0A       		.uleb128 0xa
 379 016a 63726C00 		.ascii	"crl\000"
 380 016e 07       		.byte	0x7
 381 016f 3C       		.byte	0x3c
 382 0170 8C000000 		.4byte	0x8c
 383 0174 04       		.byte	0x4
 384 0175 0A       		.uleb128 0xa
 385 0176 63726800 		.ascii	"crh\000"
 386 017a 07       		.byte	0x7
 387 017b 3E       		.byte	0x3e
 388 017c 8C000000 		.4byte	0x8c
 389 0180 08       		.byte	0x8
 390 0181 00       		.byte	0
 391 0182 04       		.uleb128 0x4
 392 0183 7C000000 		.4byte	.LASF28
 393 0187 07       		.byte	0x7
 394 0188 3F       		.byte	0x3f
 395 0189 55010000 		.4byte	0x155
 396 018d 09       		.uleb128 0x9
 397 018e 30       		.byte	0x30
 398 018f 07       		.byte	0x7
 399 0190 48       		.byte	0x48
ARM GAS  /tmp/ccHWuyuX.s 			page 8


 400 0191 C6010000 		.4byte	0x1c6
 401 0195 0B       		.uleb128 0xb
 402 0196 8F000000 		.4byte	.LASF29
 403 019a 07       		.byte	0x7
 404 019b 4A       		.byte	0x4a
 405 019c 82010000 		.4byte	0x182
 406 01a0 00       		.byte	0
 407 01a1 0B       		.uleb128 0xb
 408 01a2 5F010000 		.4byte	.LASF30
 409 01a6 07       		.byte	0x7
 410 01a7 4C       		.byte	0x4c
 411 01a8 82010000 		.4byte	0x182
 412 01ac 0C       		.byte	0xc
 413 01ad 0B       		.uleb128 0xb
 414 01ae E2010000 		.4byte	.LASF31
 415 01b2 07       		.byte	0x7
 416 01b3 4E       		.byte	0x4e
 417 01b4 82010000 		.4byte	0x182
 418 01b8 18       		.byte	0x18
 419 01b9 0B       		.uleb128 0xb
 420 01ba 15000000 		.4byte	.LASF32
 421 01be 07       		.byte	0x7
 422 01bf 50       		.byte	0x50
 423 01c0 82010000 		.4byte	0x182
 424 01c4 24       		.byte	0x24
 425 01c5 00       		.byte	0
 426 01c6 04       		.uleb128 0x4
 427 01c7 EB000000 		.4byte	.LASF33
 428 01cb 07       		.byte	0x7
 429 01cc 5D       		.byte	0x5d
 430 01cd 8D010000 		.4byte	0x18d
 431 01d1 0C       		.uleb128 0xc
 432 01d2 92010000 		.4byte	.LASF47
 433 01d6 01       		.byte	0x1
 434 01d7 AE       		.byte	0xae
 435 01d8 97000000 		.4byte	0x97
 436 01dc 01       		.byte	0x1
 437 01dd 03020000 		.4byte	0x203
 438 01e1 0D       		.uleb128 0xd
 439 01e2 34000000 		.4byte	.LASF34
 440 01e6 01       		.byte	0x1
 441 01e7 AE       		.byte	0xae
 442 01e8 4A010000 		.4byte	0x14a
 443 01ec 0E       		.uleb128 0xe
 444 01ed 656E6400 		.ascii	"end\000"
 445 01f1 01       		.byte	0x1
 446 01f2 AE       		.byte	0xae
 447 01f3 4A010000 		.4byte	0x14a
 448 01f7 0F       		.uleb128 0xf
 449 01f8 6E6F7700 		.ascii	"now\000"
 450 01fc 01       		.byte	0x1
 451 01fd AF       		.byte	0xaf
 452 01fe 4A010000 		.4byte	0x14a
 453 0202 00       		.byte	0
 454 0203 10       		.uleb128 0x10
 455 0204 66000000 		.4byte	.LASF35
 456 0208 01       		.byte	0x1
ARM GAS  /tmp/ccHWuyuX.s 			page 9


 457 0209 44       		.byte	0x44
 458 020a 00000000 		.4byte	.LFB63
 459 020e 20000000 		.4byte	.LFE63-.LFB63
 460 0212 01       		.uleb128 0x1
 461 0213 9C       		.byte	0x9c
 462 0214 46020000 		.4byte	0x246
 463 0218 11       		.uleb128 0x11
 464 0219 06000000 		.4byte	.LVL0
 465 021d FA020000 		.4byte	0x2fa
 466 0221 11       		.uleb128 0x11
 467 0222 0A000000 		.4byte	.LVL1
 468 0226 01030000 		.4byte	0x301
 469 022a 11       		.uleb128 0x11
 470 022b 10000000 		.4byte	.LVL2
 471 022f 08030000 		.4byte	0x308
 472 0233 11       		.uleb128 0x11
 473 0234 14000000 		.4byte	.LVL3
 474 0238 20030000 		.4byte	0x320
 475 023c 12       		.uleb128 0x12
 476 023d 1C000000 		.4byte	.LVL4
 477 0241 28030000 		.4byte	0x328
 478 0245 00       		.byte	0
 479 0246 13       		.uleb128 0x13
 480 0247 D1010000 		.4byte	0x1d1
 481 024b 00000000 		.4byte	.LFB64
 482 024f 28000000 		.4byte	.LFE64-.LFB64
 483 0253 01       		.uleb128 0x1
 484 0254 9C       		.byte	0x9c
 485 0255 71020000 		.4byte	0x271
 486 0259 14       		.uleb128 0x14
 487 025a E1010000 		.4byte	0x1e1
 488 025e 00000000 		.4byte	.LLST0
 489 0262 15       		.uleb128 0x15
 490 0263 EC010000 		.4byte	0x1ec
 491 0267 01       		.uleb128 0x1
 492 0268 51       		.byte	0x51
 493 0269 16       		.uleb128 0x16
 494 026a F7010000 		.4byte	0x1f7
 495 026e 01       		.uleb128 0x1
 496 026f 53       		.byte	0x53
 497 0270 00       		.byte	0
 498 0271 10       		.uleb128 0x10
 499 0272 00000000 		.4byte	.LASF36
 500 0276 01       		.byte	0x1
 501 0277 C1       		.byte	0xc1
 502 0278 00000000 		.4byte	.LFB65
 503 027c 38000000 		.4byte	.LFE65-.LFB65
 504 0280 01       		.uleb128 0x1
 505 0281 9C       		.byte	0x9c
 506 0282 DD020000 		.4byte	0x2dd
 507 0286 17       		.uleb128 0x17
 508 0287 0F000000 		.4byte	.LASF48
 509 028b 01       		.byte	0x1
 510 028c C1       		.byte	0xc1
 511 028d 4A010000 		.4byte	0x14a
 512 0291 53000000 		.4byte	.LLST1
 513 0295 18       		.uleb128 0x18
ARM GAS  /tmp/ccHWuyuX.s 			page 10


 514 0296 34000000 		.4byte	.LASF34
 515 029a 01       		.byte	0x1
 516 029b C2       		.byte	0xc2
 517 029c 4A010000 		.4byte	0x14a
 518 02a0 01       		.uleb128 0x1
 519 02a1 52       		.byte	0x52
 520 02a2 18       		.uleb128 0x18
 521 02a3 C4010000 		.4byte	.LASF37
 522 02a7 01       		.byte	0x1
 523 02a8 C3       		.byte	0xc3
 524 02a9 4A010000 		.4byte	0x14a
 525 02ad 01       		.uleb128 0x1
 526 02ae 50       		.byte	0x50
 527 02af 19       		.uleb128 0x19
 528 02b0 D1010000 		.4byte	0x1d1
 529 02b4 06000000 		.4byte	.LBB4
 530 02b8 00000000 		.4byte	.Ldebug_ranges0+0
 531 02bc 01       		.byte	0x1
 532 02bd C4       		.byte	0xc4
 533 02be 15       		.uleb128 0x15
 534 02bf EC010000 		.4byte	0x1ec
 535 02c3 01       		.uleb128 0x1
 536 02c4 50       		.byte	0x50
 537 02c5 15       		.uleb128 0x15
 538 02c6 E1010000 		.4byte	0x1e1
 539 02ca 01       		.uleb128 0x1
 540 02cb 52       		.byte	0x52
 541 02cc 1A       		.uleb128 0x1a
 542 02cd 00000000 		.4byte	.Ldebug_ranges0+0
 543 02d1 1B       		.uleb128 0x1b
 544 02d2 F7010000 		.4byte	0x1f7
 545 02d6 74000000 		.4byte	.LLST2
 546 02da 00       		.byte	0
 547 02db 00       		.byte	0
 548 02dc 00       		.byte	0
 549 02dd 1C       		.uleb128 0x1c
 550 02de D6000000 		.4byte	.LASF38
 551 02e2 08       		.byte	0x8
 552 02e3 0706     		.2byte	0x607
 553 02e5 45010000 		.4byte	0x145
 554 02e9 1C       		.uleb128 0x1c
 555 02ea F5000000 		.4byte	.LASF39
 556 02ee 07       		.byte	0x7
 557 02ef 3D01     		.2byte	0x13d
 558 02f1 F5020000 		.4byte	0x2f5
 559 02f5 1D       		.uleb128 0x1d
 560 02f6 C6010000 		.4byte	0x1c6
 561 02fa 1E       		.uleb128 0x1e
 562 02fb AF000000 		.4byte	.LASF40
 563 02ff 06       		.byte	0x6
 564 0300 F7       		.byte	0xf7
 565 0301 1E       		.uleb128 0x1e
 566 0302 96000000 		.4byte	.LASF41
 567 0306 09       		.byte	0x9
 568 0307 73       		.byte	0x73
 569 0308 1F       		.uleb128 0x1f
 570 0309 1C000000 		.4byte	.LASF49
ARM GAS  /tmp/ccHWuyuX.s 			page 11


 571 030d 07       		.byte	0x7
 572 030e 4201     		.2byte	0x142
 573 0310 1A030000 		.4byte	0x31a
 574 0314 20       		.uleb128 0x20
 575 0315 1A030000 		.4byte	0x31a
 576 0319 00       		.byte	0
 577 031a 21       		.uleb128 0x21
 578 031b 04       		.byte	0x4
 579 031c F5020000 		.4byte	0x2f5
 580 0320 22       		.uleb128 0x22
 581 0321 D1010000 		.4byte	.LASF42
 582 0325 0A       		.byte	0xa
 583 0326 3501     		.2byte	0x135
 584 0328 1E       		.uleb128 0x1e
 585 0329 0F020000 		.4byte	.LASF43
 586 032d 0B       		.byte	0xb
 587 032e 45       		.byte	0x45
 588 032f 00       		.byte	0
 589              		.section	.debug_abbrev,"",%progbits
 590              	.Ldebug_abbrev0:
 591 0000 01       		.uleb128 0x1
 592 0001 11       		.uleb128 0x11
 593 0002 01       		.byte	0x1
 594 0003 25       		.uleb128 0x25
 595 0004 0E       		.uleb128 0xe
 596 0005 13       		.uleb128 0x13
 597 0006 0B       		.uleb128 0xb
 598 0007 03       		.uleb128 0x3
 599 0008 0E       		.uleb128 0xe
 600 0009 1B       		.uleb128 0x1b
 601 000a 0E       		.uleb128 0xe
 602 000b 55       		.uleb128 0x55
 603 000c 17       		.uleb128 0x17
 604 000d 11       		.uleb128 0x11
 605 000e 01       		.uleb128 0x1
 606 000f 10       		.uleb128 0x10
 607 0010 17       		.uleb128 0x17
 608 0011 00       		.byte	0
 609 0012 00       		.byte	0
 610 0013 02       		.uleb128 0x2
 611 0014 24       		.uleb128 0x24
 612 0015 00       		.byte	0
 613 0016 0B       		.uleb128 0xb
 614 0017 0B       		.uleb128 0xb
 615 0018 3E       		.uleb128 0x3e
 616 0019 0B       		.uleb128 0xb
 617 001a 03       		.uleb128 0x3
 618 001b 08       		.uleb128 0x8
 619 001c 00       		.byte	0
 620 001d 00       		.byte	0
 621 001e 03       		.uleb128 0x3
 622 001f 24       		.uleb128 0x24
 623 0020 00       		.byte	0
 624 0021 0B       		.uleb128 0xb
 625 0022 0B       		.uleb128 0xb
 626 0023 3E       		.uleb128 0x3e
 627 0024 0B       		.uleb128 0xb
ARM GAS  /tmp/ccHWuyuX.s 			page 12


 628 0025 03       		.uleb128 0x3
 629 0026 0E       		.uleb128 0xe
 630 0027 00       		.byte	0
 631 0028 00       		.byte	0
 632 0029 04       		.uleb128 0x4
 633 002a 16       		.uleb128 0x16
 634 002b 00       		.byte	0
 635 002c 03       		.uleb128 0x3
 636 002d 0E       		.uleb128 0xe
 637 002e 3A       		.uleb128 0x3a
 638 002f 0B       		.uleb128 0xb
 639 0030 3B       		.uleb128 0x3b
 640 0031 0B       		.uleb128 0xb
 641 0032 49       		.uleb128 0x49
 642 0033 13       		.uleb128 0x13
 643 0034 00       		.byte	0
 644 0035 00       		.byte	0
 645 0036 05       		.uleb128 0x5
 646 0037 35       		.uleb128 0x35
 647 0038 00       		.byte	0
 648 0039 49       		.uleb128 0x49
 649 003a 13       		.uleb128 0x13
 650 003b 00       		.byte	0
 651 003c 00       		.byte	0
 652 003d 06       		.uleb128 0x6
 653 003e 13       		.uleb128 0x13
 654 003f 01       		.byte	0x1
 655 0040 0B       		.uleb128 0xb
 656 0041 0B       		.uleb128 0xb
 657 0042 3A       		.uleb128 0x3a
 658 0043 0B       		.uleb128 0xb
 659 0044 3B       		.uleb128 0x3b
 660 0045 05       		.uleb128 0x5
 661 0046 01       		.uleb128 0x1
 662 0047 13       		.uleb128 0x13
 663 0048 00       		.byte	0
 664 0049 00       		.byte	0
 665 004a 07       		.uleb128 0x7
 666 004b 0D       		.uleb128 0xd
 667 004c 00       		.byte	0
 668 004d 03       		.uleb128 0x3
 669 004e 0E       		.uleb128 0xe
 670 004f 3A       		.uleb128 0x3a
 671 0050 0B       		.uleb128 0xb
 672 0051 3B       		.uleb128 0x3b
 673 0052 05       		.uleb128 0x5
 674 0053 49       		.uleb128 0x49
 675 0054 13       		.uleb128 0x13
 676 0055 38       		.uleb128 0x38
 677 0056 0B       		.uleb128 0xb
 678 0057 00       		.byte	0
 679 0058 00       		.byte	0
 680 0059 08       		.uleb128 0x8
 681 005a 16       		.uleb128 0x16
 682 005b 00       		.byte	0
 683 005c 03       		.uleb128 0x3
 684 005d 0E       		.uleb128 0xe
ARM GAS  /tmp/ccHWuyuX.s 			page 13


 685 005e 3A       		.uleb128 0x3a
 686 005f 0B       		.uleb128 0xb
 687 0060 3B       		.uleb128 0x3b
 688 0061 05       		.uleb128 0x5
 689 0062 49       		.uleb128 0x49
 690 0063 13       		.uleb128 0x13
 691 0064 00       		.byte	0
 692 0065 00       		.byte	0
 693 0066 09       		.uleb128 0x9
 694 0067 13       		.uleb128 0x13
 695 0068 01       		.byte	0x1
 696 0069 0B       		.uleb128 0xb
 697 006a 0B       		.uleb128 0xb
 698 006b 3A       		.uleb128 0x3a
 699 006c 0B       		.uleb128 0xb
 700 006d 3B       		.uleb128 0x3b
 701 006e 0B       		.uleb128 0xb
 702 006f 01       		.uleb128 0x1
 703 0070 13       		.uleb128 0x13
 704 0071 00       		.byte	0
 705 0072 00       		.byte	0
 706 0073 0A       		.uleb128 0xa
 707 0074 0D       		.uleb128 0xd
 708 0075 00       		.byte	0
 709 0076 03       		.uleb128 0x3
 710 0077 08       		.uleb128 0x8
 711 0078 3A       		.uleb128 0x3a
 712 0079 0B       		.uleb128 0xb
 713 007a 3B       		.uleb128 0x3b
 714 007b 0B       		.uleb128 0xb
 715 007c 49       		.uleb128 0x49
 716 007d 13       		.uleb128 0x13
 717 007e 38       		.uleb128 0x38
 718 007f 0B       		.uleb128 0xb
 719 0080 00       		.byte	0
 720 0081 00       		.byte	0
 721 0082 0B       		.uleb128 0xb
 722 0083 0D       		.uleb128 0xd
 723 0084 00       		.byte	0
 724 0085 03       		.uleb128 0x3
 725 0086 0E       		.uleb128 0xe
 726 0087 3A       		.uleb128 0x3a
 727 0088 0B       		.uleb128 0xb
 728 0089 3B       		.uleb128 0x3b
 729 008a 0B       		.uleb128 0xb
 730 008b 49       		.uleb128 0x49
 731 008c 13       		.uleb128 0x13
 732 008d 38       		.uleb128 0x38
 733 008e 0B       		.uleb128 0xb
 734 008f 00       		.byte	0
 735 0090 00       		.byte	0
 736 0091 0C       		.uleb128 0xc
 737 0092 2E       		.uleb128 0x2e
 738 0093 01       		.byte	0x1
 739 0094 3F       		.uleb128 0x3f
 740 0095 19       		.uleb128 0x19
 741 0096 03       		.uleb128 0x3
ARM GAS  /tmp/ccHWuyuX.s 			page 14


 742 0097 0E       		.uleb128 0xe
 743 0098 3A       		.uleb128 0x3a
 744 0099 0B       		.uleb128 0xb
 745 009a 3B       		.uleb128 0x3b
 746 009b 0B       		.uleb128 0xb
 747 009c 27       		.uleb128 0x27
 748 009d 19       		.uleb128 0x19
 749 009e 49       		.uleb128 0x49
 750 009f 13       		.uleb128 0x13
 751 00a0 20       		.uleb128 0x20
 752 00a1 0B       		.uleb128 0xb
 753 00a2 01       		.uleb128 0x1
 754 00a3 13       		.uleb128 0x13
 755 00a4 00       		.byte	0
 756 00a5 00       		.byte	0
 757 00a6 0D       		.uleb128 0xd
 758 00a7 05       		.uleb128 0x5
 759 00a8 00       		.byte	0
 760 00a9 03       		.uleb128 0x3
 761 00aa 0E       		.uleb128 0xe
 762 00ab 3A       		.uleb128 0x3a
 763 00ac 0B       		.uleb128 0xb
 764 00ad 3B       		.uleb128 0x3b
 765 00ae 0B       		.uleb128 0xb
 766 00af 49       		.uleb128 0x49
 767 00b0 13       		.uleb128 0x13
 768 00b1 00       		.byte	0
 769 00b2 00       		.byte	0
 770 00b3 0E       		.uleb128 0xe
 771 00b4 05       		.uleb128 0x5
 772 00b5 00       		.byte	0
 773 00b6 03       		.uleb128 0x3
 774 00b7 08       		.uleb128 0x8
 775 00b8 3A       		.uleb128 0x3a
 776 00b9 0B       		.uleb128 0xb
 777 00ba 3B       		.uleb128 0x3b
 778 00bb 0B       		.uleb128 0xb
 779 00bc 49       		.uleb128 0x49
 780 00bd 13       		.uleb128 0x13
 781 00be 00       		.byte	0
 782 00bf 00       		.byte	0
 783 00c0 0F       		.uleb128 0xf
 784 00c1 34       		.uleb128 0x34
 785 00c2 00       		.byte	0
 786 00c3 03       		.uleb128 0x3
 787 00c4 08       		.uleb128 0x8
 788 00c5 3A       		.uleb128 0x3a
 789 00c6 0B       		.uleb128 0xb
 790 00c7 3B       		.uleb128 0x3b
 791 00c8 0B       		.uleb128 0xb
 792 00c9 49       		.uleb128 0x49
 793 00ca 13       		.uleb128 0x13
 794 00cb 00       		.byte	0
 795 00cc 00       		.byte	0
 796 00cd 10       		.uleb128 0x10
 797 00ce 2E       		.uleb128 0x2e
 798 00cf 01       		.byte	0x1
ARM GAS  /tmp/ccHWuyuX.s 			page 15


 799 00d0 3F       		.uleb128 0x3f
 800 00d1 19       		.uleb128 0x19
 801 00d2 03       		.uleb128 0x3
 802 00d3 0E       		.uleb128 0xe
 803 00d4 3A       		.uleb128 0x3a
 804 00d5 0B       		.uleb128 0xb
 805 00d6 3B       		.uleb128 0x3b
 806 00d7 0B       		.uleb128 0xb
 807 00d8 27       		.uleb128 0x27
 808 00d9 19       		.uleb128 0x19
 809 00da 11       		.uleb128 0x11
 810 00db 01       		.uleb128 0x1
 811 00dc 12       		.uleb128 0x12
 812 00dd 06       		.uleb128 0x6
 813 00de 40       		.uleb128 0x40
 814 00df 18       		.uleb128 0x18
 815 00e0 9742     		.uleb128 0x2117
 816 00e2 19       		.uleb128 0x19
 817 00e3 01       		.uleb128 0x1
 818 00e4 13       		.uleb128 0x13
 819 00e5 00       		.byte	0
 820 00e6 00       		.byte	0
 821 00e7 11       		.uleb128 0x11
 822 00e8 898201   		.uleb128 0x4109
 823 00eb 00       		.byte	0
 824 00ec 11       		.uleb128 0x11
 825 00ed 01       		.uleb128 0x1
 826 00ee 31       		.uleb128 0x31
 827 00ef 13       		.uleb128 0x13
 828 00f0 00       		.byte	0
 829 00f1 00       		.byte	0
 830 00f2 12       		.uleb128 0x12
 831 00f3 898201   		.uleb128 0x4109
 832 00f6 00       		.byte	0
 833 00f7 11       		.uleb128 0x11
 834 00f8 01       		.uleb128 0x1
 835 00f9 9542     		.uleb128 0x2115
 836 00fb 19       		.uleb128 0x19
 837 00fc 31       		.uleb128 0x31
 838 00fd 13       		.uleb128 0x13
 839 00fe 00       		.byte	0
 840 00ff 00       		.byte	0
 841 0100 13       		.uleb128 0x13
 842 0101 2E       		.uleb128 0x2e
 843 0102 01       		.byte	0x1
 844 0103 31       		.uleb128 0x31
 845 0104 13       		.uleb128 0x13
 846 0105 11       		.uleb128 0x11
 847 0106 01       		.uleb128 0x1
 848 0107 12       		.uleb128 0x12
 849 0108 06       		.uleb128 0x6
 850 0109 40       		.uleb128 0x40
 851 010a 18       		.uleb128 0x18
 852 010b 9742     		.uleb128 0x2117
 853 010d 19       		.uleb128 0x19
 854 010e 01       		.uleb128 0x1
 855 010f 13       		.uleb128 0x13
ARM GAS  /tmp/ccHWuyuX.s 			page 16


 856 0110 00       		.byte	0
 857 0111 00       		.byte	0
 858 0112 14       		.uleb128 0x14
 859 0113 05       		.uleb128 0x5
 860 0114 00       		.byte	0
 861 0115 31       		.uleb128 0x31
 862 0116 13       		.uleb128 0x13
 863 0117 02       		.uleb128 0x2
 864 0118 17       		.uleb128 0x17
 865 0119 00       		.byte	0
 866 011a 00       		.byte	0
 867 011b 15       		.uleb128 0x15
 868 011c 05       		.uleb128 0x5
 869 011d 00       		.byte	0
 870 011e 31       		.uleb128 0x31
 871 011f 13       		.uleb128 0x13
 872 0120 02       		.uleb128 0x2
 873 0121 18       		.uleb128 0x18
 874 0122 00       		.byte	0
 875 0123 00       		.byte	0
 876 0124 16       		.uleb128 0x16
 877 0125 34       		.uleb128 0x34
 878 0126 00       		.byte	0
 879 0127 31       		.uleb128 0x31
 880 0128 13       		.uleb128 0x13
 881 0129 02       		.uleb128 0x2
 882 012a 18       		.uleb128 0x18
 883 012b 00       		.byte	0
 884 012c 00       		.byte	0
 885 012d 17       		.uleb128 0x17
 886 012e 05       		.uleb128 0x5
 887 012f 00       		.byte	0
 888 0130 03       		.uleb128 0x3
 889 0131 0E       		.uleb128 0xe
 890 0132 3A       		.uleb128 0x3a
 891 0133 0B       		.uleb128 0xb
 892 0134 3B       		.uleb128 0x3b
 893 0135 0B       		.uleb128 0xb
 894 0136 49       		.uleb128 0x49
 895 0137 13       		.uleb128 0x13
 896 0138 02       		.uleb128 0x2
 897 0139 17       		.uleb128 0x17
 898 013a 00       		.byte	0
 899 013b 00       		.byte	0
 900 013c 18       		.uleb128 0x18
 901 013d 34       		.uleb128 0x34
 902 013e 00       		.byte	0
 903 013f 03       		.uleb128 0x3
 904 0140 0E       		.uleb128 0xe
 905 0141 3A       		.uleb128 0x3a
 906 0142 0B       		.uleb128 0xb
 907 0143 3B       		.uleb128 0x3b
 908 0144 0B       		.uleb128 0xb
 909 0145 49       		.uleb128 0x49
 910 0146 13       		.uleb128 0x13
 911 0147 02       		.uleb128 0x2
 912 0148 18       		.uleb128 0x18
ARM GAS  /tmp/ccHWuyuX.s 			page 17


 913 0149 00       		.byte	0
 914 014a 00       		.byte	0
 915 014b 19       		.uleb128 0x19
 916 014c 1D       		.uleb128 0x1d
 917 014d 01       		.byte	0x1
 918 014e 31       		.uleb128 0x31
 919 014f 13       		.uleb128 0x13
 920 0150 52       		.uleb128 0x52
 921 0151 01       		.uleb128 0x1
 922 0152 55       		.uleb128 0x55
 923 0153 17       		.uleb128 0x17
 924 0154 58       		.uleb128 0x58
 925 0155 0B       		.uleb128 0xb
 926 0156 59       		.uleb128 0x59
 927 0157 0B       		.uleb128 0xb
 928 0158 00       		.byte	0
 929 0159 00       		.byte	0
 930 015a 1A       		.uleb128 0x1a
 931 015b 0B       		.uleb128 0xb
 932 015c 01       		.byte	0x1
 933 015d 55       		.uleb128 0x55
 934 015e 17       		.uleb128 0x17
 935 015f 00       		.byte	0
 936 0160 00       		.byte	0
 937 0161 1B       		.uleb128 0x1b
 938 0162 34       		.uleb128 0x34
 939 0163 00       		.byte	0
 940 0164 31       		.uleb128 0x31
 941 0165 13       		.uleb128 0x13
 942 0166 02       		.uleb128 0x2
 943 0167 17       		.uleb128 0x17
 944 0168 00       		.byte	0
 945 0169 00       		.byte	0
 946 016a 1C       		.uleb128 0x1c
 947 016b 34       		.uleb128 0x34
 948 016c 00       		.byte	0
 949 016d 03       		.uleb128 0x3
 950 016e 0E       		.uleb128 0xe
 951 016f 3A       		.uleb128 0x3a
 952 0170 0B       		.uleb128 0xb
 953 0171 3B       		.uleb128 0x3b
 954 0172 05       		.uleb128 0x5
 955 0173 49       		.uleb128 0x49
 956 0174 13       		.uleb128 0x13
 957 0175 3F       		.uleb128 0x3f
 958 0176 19       		.uleb128 0x19
 959 0177 3C       		.uleb128 0x3c
 960 0178 19       		.uleb128 0x19
 961 0179 00       		.byte	0
 962 017a 00       		.byte	0
 963 017b 1D       		.uleb128 0x1d
 964 017c 26       		.uleb128 0x26
 965 017d 00       		.byte	0
 966 017e 49       		.uleb128 0x49
 967 017f 13       		.uleb128 0x13
 968 0180 00       		.byte	0
 969 0181 00       		.byte	0
ARM GAS  /tmp/ccHWuyuX.s 			page 18


 970 0182 1E       		.uleb128 0x1e
 971 0183 2E       		.uleb128 0x2e
 972 0184 00       		.byte	0
 973 0185 3F       		.uleb128 0x3f
 974 0186 19       		.uleb128 0x19
 975 0187 03       		.uleb128 0x3
 976 0188 0E       		.uleb128 0xe
 977 0189 3A       		.uleb128 0x3a
 978 018a 0B       		.uleb128 0xb
 979 018b 3B       		.uleb128 0x3b
 980 018c 0B       		.uleb128 0xb
 981 018d 27       		.uleb128 0x27
 982 018e 19       		.uleb128 0x19
 983 018f 3C       		.uleb128 0x3c
 984 0190 19       		.uleb128 0x19
 985 0191 00       		.byte	0
 986 0192 00       		.byte	0
 987 0193 1F       		.uleb128 0x1f
 988 0194 2E       		.uleb128 0x2e
 989 0195 01       		.byte	0x1
 990 0196 3F       		.uleb128 0x3f
 991 0197 19       		.uleb128 0x19
 992 0198 03       		.uleb128 0x3
 993 0199 0E       		.uleb128 0xe
 994 019a 3A       		.uleb128 0x3a
 995 019b 0B       		.uleb128 0xb
 996 019c 3B       		.uleb128 0x3b
 997 019d 05       		.uleb128 0x5
 998 019e 27       		.uleb128 0x27
 999 019f 19       		.uleb128 0x19
 1000 01a0 3C       		.uleb128 0x3c
 1001 01a1 19       		.uleb128 0x19
 1002 01a2 01       		.uleb128 0x1
 1003 01a3 13       		.uleb128 0x13
 1004 01a4 00       		.byte	0
 1005 01a5 00       		.byte	0
 1006 01a6 20       		.uleb128 0x20
 1007 01a7 05       		.uleb128 0x5
 1008 01a8 00       		.byte	0
 1009 01a9 49       		.uleb128 0x49
 1010 01aa 13       		.uleb128 0x13
 1011 01ab 00       		.byte	0
 1012 01ac 00       		.byte	0
 1013 01ad 21       		.uleb128 0x21
 1014 01ae 0F       		.uleb128 0xf
 1015 01af 00       		.byte	0
 1016 01b0 0B       		.uleb128 0xb
 1017 01b1 0B       		.uleb128 0xb
 1018 01b2 49       		.uleb128 0x49
 1019 01b3 13       		.uleb128 0x13
 1020 01b4 00       		.byte	0
 1021 01b5 00       		.byte	0
 1022 01b6 22       		.uleb128 0x22
 1023 01b7 2E       		.uleb128 0x2e
 1024 01b8 00       		.byte	0
 1025 01b9 3F       		.uleb128 0x3f
 1026 01ba 19       		.uleb128 0x19
ARM GAS  /tmp/ccHWuyuX.s 			page 19


 1027 01bb 03       		.uleb128 0x3
 1028 01bc 0E       		.uleb128 0xe
 1029 01bd 3A       		.uleb128 0x3a
 1030 01be 0B       		.uleb128 0xb
 1031 01bf 3B       		.uleb128 0x3b
 1032 01c0 05       		.uleb128 0x5
 1033 01c1 27       		.uleb128 0x27
 1034 01c2 19       		.uleb128 0x19
 1035 01c3 3C       		.uleb128 0x3c
 1036 01c4 19       		.uleb128 0x19
 1037 01c5 00       		.byte	0
 1038 01c6 00       		.byte	0
 1039 01c7 00       		.byte	0
 1040              		.section	.debug_loc,"",%progbits
 1041              	.Ldebug_loc0:
 1042              	.LLST0:
 1043 0000 00000000 		.4byte	.LVL5
 1044 0004 12000000 		.4byte	.LVL7
 1045 0008 0100     		.2byte	0x1
 1046 000a 50       		.byte	0x50
 1047 000b 12000000 		.4byte	.LVL7
 1048 000f 16000000 		.4byte	.LVL8
 1049 0013 0400     		.2byte	0x4
 1050 0015 F3       		.byte	0xf3
 1051 0016 01       		.uleb128 0x1
 1052 0017 50       		.byte	0x50
 1053 0018 9F       		.byte	0x9f
 1054 0019 16000000 		.4byte	.LVL8
 1055 001d 1C000000 		.4byte	.LVL9
 1056 0021 0100     		.2byte	0x1
 1057 0023 50       		.byte	0x50
 1058 0024 1C000000 		.4byte	.LVL9
 1059 0028 1E000000 		.4byte	.LVL10
 1060 002c 0400     		.2byte	0x4
 1061 002e F3       		.byte	0xf3
 1062 002f 01       		.uleb128 0x1
 1063 0030 50       		.byte	0x50
 1064 0031 9F       		.byte	0x9f
 1065 0032 1E000000 		.4byte	.LVL10
 1066 0036 20000000 		.4byte	.LVL11
 1067 003a 0100     		.2byte	0x1
 1068 003c 50       		.byte	0x50
 1069 003d 20000000 		.4byte	.LVL11
 1070 0041 28000000 		.4byte	.LFE64
 1071 0045 0400     		.2byte	0x4
 1072 0047 F3       		.byte	0xf3
 1073 0048 01       		.uleb128 0x1
 1074 0049 50       		.byte	0x50
 1075 004a 9F       		.byte	0x9f
 1076 004b 00000000 		.4byte	0
 1077 004f 00000000 		.4byte	0
 1078              	.LLST1:
 1079 0053 00000000 		.4byte	.LVL12
 1080 0057 06000000 		.4byte	.LVL14
 1081 005b 0100     		.2byte	0x1
 1082 005d 50       		.byte	0x50
 1083 005e 06000000 		.4byte	.LVL14
ARM GAS  /tmp/ccHWuyuX.s 			page 20


 1084 0062 38000000 		.4byte	.LFE65
 1085 0066 0400     		.2byte	0x4
 1086 0068 F3       		.byte	0xf3
 1087 0069 01       		.uleb128 0x1
 1088 006a 50       		.byte	0x50
 1089 006b 9F       		.byte	0x9f
 1090 006c 00000000 		.4byte	0
 1091 0070 00000000 		.4byte	0
 1092              	.LLST2:
 1093 0074 0A000000 		.4byte	.LVL15
 1094 0078 12000000 		.4byte	.LVL16
 1095 007c 0100     		.2byte	0x1
 1096 007e 53       		.byte	0x53
 1097 007f 18000000 		.4byte	.LVL17
 1098 0083 1E000000 		.4byte	.LVL18
 1099 0087 0100     		.2byte	0x1
 1100 0089 53       		.byte	0x53
 1101 008a 26000000 		.4byte	.LVL19
 1102 008e 2C000000 		.4byte	.LVL20
 1103 0092 0100     		.2byte	0x1
 1104 0094 53       		.byte	0x53
 1105 0095 00000000 		.4byte	0
 1106 0099 00000000 		.4byte	0
 1107              		.section	.debug_aranges,"",%progbits
 1108 0000 2C000000 		.4byte	0x2c
 1109 0004 0200     		.2byte	0x2
 1110 0006 00000000 		.4byte	.Ldebug_info0
 1111 000a 04       		.byte	0x4
 1112 000b 00       		.byte	0
 1113 000c 0000     		.2byte	0
 1114 000e 0000     		.2byte	0
 1115 0010 00000000 		.4byte	.LFB63
 1116 0014 20000000 		.4byte	.LFE63-.LFB63
 1117 0018 00000000 		.4byte	.LFB64
 1118 001c 28000000 		.4byte	.LFE64-.LFB64
 1119 0020 00000000 		.4byte	.LFB65
 1120 0024 38000000 		.4byte	.LFE65-.LFB65
 1121 0028 00000000 		.4byte	0
 1122 002c 00000000 		.4byte	0
 1123              		.section	.debug_ranges,"",%progbits
 1124              	.Ldebug_ranges0:
 1125 0000 06000000 		.4byte	.LBB4
 1126 0004 12000000 		.4byte	.LBE4
 1127 0008 26000000 		.4byte	.LBB7
 1128 000c 2C000000 		.4byte	.LBE7
 1129 0010 00000000 		.4byte	0
 1130 0014 00000000 		.4byte	0
 1131 0018 00000000 		.4byte	.LFB63
 1132 001c 20000000 		.4byte	.LFE63
 1133 0020 00000000 		.4byte	.LFB64
 1134 0024 28000000 		.4byte	.LFE64
 1135 0028 00000000 		.4byte	.LFB65
 1136 002c 38000000 		.4byte	.LFE65
 1137 0030 00000000 		.4byte	0
 1138 0034 00000000 		.4byte	0
 1139              		.section	.debug_line,"",%progbits
 1140              	.Ldebug_line0:
ARM GAS  /tmp/ccHWuyuX.s 			page 21


 1141 0000 19020000 		.section	.debug_str,"MS",%progbits,1
 1141      0200AB01 
 1141      00000201 
 1141      FB0E0D00 
 1141      01010101 
 1142              	.LASF36:
 1143 0000 68616C50 		.ascii	"halPolledDelay\000"
 1143      6F6C6C65 
 1143      6444656C 
 1143      617900
 1144              	.LASF48:
 1145 000f 7469636B 		.ascii	"ticks\000"
 1145      7300
 1146              	.LASF32:
 1147 0015 50444461 		.ascii	"PDData\000"
 1147      746100
 1148              	.LASF49:
 1149 001c 5F70616C 		.ascii	"_pal_lld_init\000"
 1149      5F6C6C64 
 1149      5F696E69 
 1149      7400
 1150              	.LASF6:
 1151 002a 5F5F696E 		.ascii	"__int32_t\000"
 1151      7433325F 
 1151      7400
 1152              	.LASF34:
 1153 0034 73746172 		.ascii	"start\000"
 1153      7400
 1154              	.LASF0:
 1155 003a 756E7369 		.ascii	"unsigned int\000"
 1155      676E6564 
 1155      20696E74 
 1155      00
 1156              	.LASF13:
 1157 0047 626F6F6C 		.ascii	"bool_t\000"
 1157      5F7400
 1158              	.LASF20:
 1159 004e 45584343 		.ascii	"EXCCNT\000"
 1159      4E5400
 1160              	.LASF21:
 1161 0055 534C4545 		.ascii	"SLEEPCNT\000"
 1161      50434E54 
 1161      00
 1162              	.LASF15:
 1163 005e 494F5245 		.ascii	"IOREG32\000"
 1163      47333200 
 1164              	.LASF35:
 1165 0066 68616C49 		.ascii	"halInit\000"
 1165      6E697400 
 1166              	.LASF2:
 1167 006e 756E7369 		.ascii	"unsigned char\000"
 1167      676E6564 
 1167      20636861 
 1167      7200
 1168              	.LASF28:
 1169 007c 73746D33 		.ascii	"stm32_gpio_setup_t\000"
 1169      325F6770 
ARM GAS  /tmp/ccHWuyuX.s 			page 22


 1169      696F5F73 
 1169      65747570 
 1169      5F7400
 1170              	.LASF29:
 1171 008f 50414461 		.ascii	"PAData\000"
 1171      746100
 1172              	.LASF41:
 1173 0096 746D496E 		.ascii	"tmInit\000"
 1173      697400
 1174              	.LASF8:
 1175 009d 6C6F6E67 		.ascii	"long unsigned int\000"
 1175      20756E73 
 1175      69676E65 
 1175      6420696E 
 1175      7400
 1176              	.LASF40:
 1177 00af 68616C5F 		.ascii	"hal_lld_init\000"
 1177      6C6C645F 
 1177      696E6974 
 1177      00
 1178              	.LASF4:
 1179 00bc 73686F72 		.ascii	"short unsigned int\000"
 1179      7420756E 
 1179      7369676E 
 1179      65642069 
 1179      6E7400
 1180              	.LASF19:
 1181 00cf 43504943 		.ascii	"CPICNT\000"
 1181      4E5400
 1182              	.LASF38:
 1183 00d6 49544D5F 		.ascii	"ITM_RxBuffer\000"
 1183      52784275 
 1183      66666572 
 1183      00
 1184              	.LASF23:
 1185 00e3 464F4C44 		.ascii	"FOLDCNT\000"
 1185      434E5400 
 1186              	.LASF33:
 1187 00eb 50414C43 		.ascii	"PALConfig\000"
 1187      6F6E6669 
 1187      6700
 1188              	.LASF39:
 1189 00f5 70616C5F 		.ascii	"pal_default_config\000"
 1189      64656661 
 1189      756C745F 
 1189      636F6E66 
 1189      696700
 1190              	.LASF7:
 1191 0108 5F5F7569 		.ascii	"__uint32_t\000"
 1191      6E743332 
 1191      5F7400
 1192              	.LASF22:
 1193 0113 4C535543 		.ascii	"LSUCNT\000"
 1193      4E5400
 1194              	.LASF18:
 1195 011a 43594343 		.ascii	"CYCCNT\000"
 1195      4E5400
ARM GAS  /tmp/ccHWuyuX.s 			page 23


 1196              	.LASF46:
 1197 0121 2F686F6D 		.ascii	"/home/development/Projects/openpv/TF_OSC_ChibiOS/jo"
 1197      652F6465 
 1197      76656C6F 
 1197      706D656E 
 1197      742F5072 
 1198 0154 6D626C6F 		.ascii	"mblo/BASIC\000"
 1198      2F424153 
 1198      494300
 1199              	.LASF30:
 1200 015f 50424461 		.ascii	"PBData\000"
 1200      746100
 1201              	.LASF27:
 1202 0166 68616C72 		.ascii	"halrtcnt_t\000"
 1202      74636E74 
 1202      5F7400
 1203              	.LASF26:
 1204 0171 63686172 		.ascii	"char\000"
 1204      00
 1205              	.LASF45:
 1206 0176 2E2E2F2E 		.ascii	"../../os/hal/src/hal.c\000"
 1206      2E2F6F73 
 1206      2F68616C 
 1206      2F737263 
 1206      2F68616C 
 1207              	.LASF17:
 1208 018d 4354524C 		.ascii	"CTRL\000"
 1208      00
 1209              	.LASF47:
 1210 0192 68616C49 		.ascii	"halIsCounterWithin\000"
 1210      73436F75 
 1210      6E746572 
 1210      57697468 
 1210      696E00
 1211              	.LASF11:
 1212 01a5 696E7433 		.ascii	"int32_t\000"
 1212      325F7400 
 1213              	.LASF16:
 1214 01ad 73697A65 		.ascii	"sizetype\000"
 1214      74797065 
 1214      00
 1215              	.LASF9:
 1216 01b6 6C6F6E67 		.ascii	"long long int\000"
 1216      206C6F6E 
 1216      6720696E 
 1216      7400
 1217              	.LASF37:
 1218 01c4 74696D65 		.ascii	"timeout\000"
 1218      6F757400 
 1219              	.LASF24:
 1220 01cc 50435352 		.ascii	"PCSR\000"
 1220      00
 1221              	.LASF42:
 1222 01d1 7364496E 		.ascii	"sdInit\000"
 1222      697400
 1223              	.LASF3:
 1224 01d8 73686F72 		.ascii	"short int\000"
ARM GAS  /tmp/ccHWuyuX.s 			page 24


 1224      7420696E 
 1224      7400
 1225              	.LASF31:
 1226 01e2 50434461 		.ascii	"PCData\000"
 1226      746100
 1227              	.LASF25:
 1228 01e9 434D785F 		.ascii	"CMx_DWT\000"
 1228      44575400 
 1229              	.LASF12:
 1230 01f1 75696E74 		.ascii	"uint32_t\000"
 1230      33325F74 
 1230      00
 1231              	.LASF5:
 1232 01fa 6C6F6E67 		.ascii	"long int\000"
 1232      20696E74 
 1232      00
 1233              	.LASF1:
 1234 0203 7369676E 		.ascii	"signed char\000"
 1234      65642063 
 1234      68617200 
 1235              	.LASF43:
 1236 020f 626F6172 		.ascii	"boardInit\000"
 1236      64496E69 
 1236      7400
 1237              	.LASF44:
 1238 0219 474E5520 		.ascii	"GNU C 4.8.3 -mcpu=cortex-m3 -mno-thumb-interwork -m"
 1238      4320342E 
 1238      382E3320 
 1238      2D6D6370 
 1238      753D636F 
 1239 024c 7468756D 		.ascii	"thumb -ggdb -O2 -fomit-frame-pointer -ffunction-sec"
 1239      62202D67 
 1239      67646220 
 1239      2D4F3220 
 1239      2D666F6D 
 1240 027f 74696F6E 		.ascii	"tions -fdata-sections -fno-common\000"
 1240      73202D66 
 1240      64617461 
 1240      2D736563 
 1240      74696F6E 
 1241              	.LASF14:
 1242 02a1 5F426F6F 		.ascii	"_Bool\000"
 1242      6C00
 1243              	.LASF10:
 1244 02a7 6C6F6E67 		.ascii	"long long unsigned int\000"
 1244      206C6F6E 
 1244      6720756E 
 1244      7369676E 
 1244      65642069 
 1245              		.ident	"GCC: (4.8.3-18ubuntu2+12) 4.8.3"
ARM GAS  /tmp/ccHWuyuX.s 			page 25


DEFINED SYMBOLS
                            *ABS*:00000000 hal.c
     /tmp/ccHWuyuX.s:19     .text.halInit:00000000 $t
     /tmp/ccHWuyuX.s:24     .text.halInit:00000000 halInit
     /tmp/ccHWuyuX.s:56     .text.halInit:0000001c $d
     /tmp/ccHWuyuX.s:61     .text.halIsCounterWithin:00000000 $t
     /tmp/ccHWuyuX.s:66     .text.halIsCounterWithin:00000000 halIsCounterWithin
     /tmp/ccHWuyuX.s:110    .text.halIsCounterWithin:00000024 $d
     /tmp/ccHWuyuX.s:115    .text.halPolledDelay:00000000 $t
     /tmp/ccHWuyuX.s:120    .text.halPolledDelay:00000000 halPolledDelay
     /tmp/ccHWuyuX.s:187    .text.halPolledDelay:00000034 $d
                     .debug_frame:00000010 $d

UNDEFINED SYMBOLS
hal_lld_init
tmInit
_pal_lld_init
sdInit
boardInit
pal_default_config
