ARM GAS  /tmp/ccy0rCKe.s 			page 1


   1              		.syntax unified
   2              		.cpu cortex-m3
   3              		.fpu softvfp
   4              		.eabi_attribute 20, 1
   5              		.eabi_attribute 21, 1
   6              		.eabi_attribute 23, 3
   7              		.eabi_attribute 24, 1
   8              		.eabi_attribute 25, 1
   9              		.eabi_attribute 26, 1
  10              		.eabi_attribute 30, 2
  11              		.eabi_attribute 34, 1
  12              		.eabi_attribute 18, 4
  13              		.thumb
  14              		.file	"pal_lld.c"
  15              		.text
  16              	.Ltext0:
  17              		.cfi_sections	.debug_frame
  18              		.section	.text._pal_lld_init,"ax",%progbits
  19              		.align	2
  20              		.global	_pal_lld_init
  21              		.thumb
  22              		.thumb_func
  23              		.type	_pal_lld_init, %function
  24              	_pal_lld_init:
  25              	.LFB63:
  26              		.file 1 "../../os/hal/platforms/STM32/GPIOv1/pal_lld.c"
  27              		.loc 1 77 0
  28              		.cfi_startproc
  29              		@ args = 0, pretend = 0, frame = 0
  30              		@ frame_needed = 0, uses_anonymous_args = 0
  31              		@ link register save eliminated.
  32              	.LVL0:
  33              		.loc 1 82 0
  34 0000 114B     		ldr	r3, .L2
  35              		.loc 1 77 0
  36 0002 30B4     		push	{r4, r5}
  37              		.cfi_def_cfa_offset 8
  38              		.cfi_offset 4, -8
  39              		.cfi_offset 5, -4
  40              		.loc 1 82 0
  41 0004 9A69     		ldr	r2, [r3, #24]
  42              		.loc 1 87 0
  43 0006 114C     		ldr	r4, .L2+4
  44              		.loc 1 82 0
  45 0008 42F03D02 		orr	r2, r2, #61
  46 000c 9A61     		str	r2, [r3, #24]
  47              		.loc 1 87 0
  48 000e 0368     		ldr	r3, [r0]
  49              		.loc 1 90 0
  50 0010 0F49     		ldr	r1, .L2+8
  51              		.loc 1 87 0
  52 0012 E360     		str	r3, [r4, #12]
  53              		.loc 1 88 0
  54 0014 8368     		ldr	r3, [r0, #8]
  55              		.loc 1 93 0
  56 0016 0F4A     		ldr	r2, .L2+12
  57              		.loc 1 88 0
ARM GAS  /tmp/ccy0rCKe.s 			page 2


  58 0018 6360     		str	r3, [r4, #4]
  59              		.loc 1 89 0
  60 001a 4568     		ldr	r5, [r0, #4]
  61              		.loc 1 96 0
  62 001c 0E4B     		ldr	r3, .L2+16
  63              		.loc 1 89 0
  64 001e 2560     		str	r5, [r4]
  65              		.loc 1 90 0
  66 0020 C468     		ldr	r4, [r0, #12]
  67 0022 CC60     		str	r4, [r1, #12]
  68              		.loc 1 91 0
  69 0024 4469     		ldr	r4, [r0, #20]
  70 0026 4C60     		str	r4, [r1, #4]
  71              		.loc 1 92 0
  72 0028 0469     		ldr	r4, [r0, #16]
  73 002a 0C60     		str	r4, [r1]
  74              		.loc 1 93 0
  75 002c 8169     		ldr	r1, [r0, #24]
  76              		.loc 1 114 0
  77 002e 30BC     		pop	{r4, r5}
  78              		.loc 1 93 0
  79 0030 D160     		str	r1, [r2, #12]
  80              		.loc 1 94 0
  81 0032 016A     		ldr	r1, [r0, #32]
  82 0034 5160     		str	r1, [r2, #4]
  83              		.loc 1 95 0
  84 0036 C169     		ldr	r1, [r0, #28]
  85 0038 1160     		str	r1, [r2]
  86              		.loc 1 96 0
  87 003a 426A     		ldr	r2, [r0, #36]
  88 003c DA60     		str	r2, [r3, #12]
  89              		.loc 1 97 0
  90 003e C26A     		ldr	r2, [r0, #44]
  91 0040 5A60     		str	r2, [r3, #4]
  92              		.loc 1 98 0
  93 0042 826A     		ldr	r2, [r0, #40]
  94 0044 1A60     		str	r2, [r3]
  95              		.loc 1 114 0
  96 0046 7047     		bx	lr
  97              	.L3:
  98              		.align	2
  99              	.L2:
 100 0048 00100240 		.word	1073876992
 101 004c 00080140 		.word	1073809408
 102 0050 000C0140 		.word	1073810432
 103 0054 00100140 		.word	1073811456
 104 0058 00140140 		.word	1073812480
 105              		.cfi_endproc
 106              	.LFE63:
 107              		.size	_pal_lld_init, .-_pal_lld_init
 108              		.section	.text._pal_lld_setgroupmode,"ax",%progbits
 109              		.align	2
 110              		.global	_pal_lld_setgroupmode
 111              		.thumb
 112              		.thumb_func
 113              		.type	_pal_lld_setgroupmode, %function
 114              	_pal_lld_setgroupmode:
ARM GAS  /tmp/ccy0rCKe.s 			page 3


 115              	.LFB64:
 116              		.loc 1 133 0
 117              		.cfi_startproc
 118              		@ args = 0, pretend = 0, frame = 0
 119              		@ frame_needed = 0, uses_anonymous_args = 0
 120              		@ link register save eliminated.
 121              	.LVL1:
 122              		.loc 1 157 0
 123 0000 032A     		cmp	r2, #3
 124              		.loc 1 133 0
 125 0002 F0B4     		push	{r4, r5, r6, r7}
 126              		.cfi_def_cfa_offset 16
 127              		.cfi_offset 4, -16
 128              		.cfi_offset 5, -12
 129              		.cfi_offset 6, -8
 130              		.cfi_offset 7, -4
 131              		.loc 1 157 0
 132 0004 2BD0     		beq	.L15
 133              		.loc 1 159 0
 134 0006 042A     		cmp	r2, #4
 135              		.loc 1 160 0
 136 0008 08BF     		it	eq
 137 000a 4161     		streq	r1, [r0, #20]
 138              	.L6:
 139              		.loc 1 161 0
 140 000c 154C     		ldr	r4, .L16
 141              		.loc 1 162 0
 142 000e 0023     		movs	r3, #0
 143              		.loc 1 161 0
 144 0010 A75C     		ldrb	r7, [r4, r2]	@ zero_extendqisi2
 145              	.LVL2:
 146              		.loc 1 162 0
 147 0012 1D46     		mov	r5, r3
 148 0014 1C46     		mov	r4, r3
 149 0016 1A46     		mov	r2, r3
 150              	.LVL3:
 151              		.loc 1 161 0
 152 0018 0826     		movs	r6, #8
 153              	.LVL4:
 154              	.L12:
 155              		.loc 1 168 0
 156 001a 11F0800F 		tst	r1, #128
 157              		.loc 1 164 0
 158 001e 4FEA0212 		lsl	r2, r2, #4
 159              	.LVL5:
 160              		.loc 1 166 0
 161 0022 4FEA0313 		lsl	r3, r3, #4
 162              	.LVL6:
 163              		.loc 1 165 0
 164 0026 4FEA0515 		lsl	r5, r5, #4
 165              	.LVL7:
 166              		.loc 1 167 0
 167 002a 4FEA0414 		lsl	r4, r4, #4
 168              	.LVL8:
 169              		.loc 1 169 0
 170 002e 0CBF     		ite	eq
 171 0030 42F00F02 		orreq	r2, r2, #15
ARM GAS  /tmp/ccy0rCKe.s 			page 4


 172              	.LVL9:
 173              		.loc 1 171 0
 174 0034 3B43     		orrne	r3, r3, r7
 175              	.LVL10:
 176              		.loc 1 172 0
 177 0036 11F4004F 		tst	r1, #32768
 178              		.loc 1 173 0
 179 003a 0CBF     		ite	eq
 180 003c 45F00F05 		orreq	r5, r5, #15
 181              	.LVL11:
 182              		.loc 1 175 0
 183 0040 3C43     		orrne	r4, r4, r7
 184              	.LVL12:
 185              		.loc 1 163 0
 186 0042 013E     		subs	r6, r6, #1
 187              	.LVL13:
 188              		.loc 1 176 0
 189 0044 4FEA4101 		lsl	r1, r1, #1
 190              	.LVL14:
 191              		.loc 1 163 0
 192 0048 E7D1     		bne	.L12
 193              		.loc 1 178 0
 194 004a 4168     		ldr	r1, [r0, #4]
 195              	.LVL15:
 196 004c 0D40     		ands	r5, r5, r1
 197              	.LVL16:
 198 004e 2C43     		orrs	r4, r4, r5
 199              	.LVL17:
 200 0050 4460     		str	r4, [r0, #4]
 201              		.loc 1 179 0
 202 0052 0168     		ldr	r1, [r0]
 203              		.loc 1 180 0
 204 0054 F0BC     		pop	{r4, r5, r6, r7}
 205              	.LVL18:
 206              		.loc 1 179 0
 207 0056 0A40     		ands	r2, r2, r1
 208              	.LVL19:
 209 0058 1343     		orrs	r3, r3, r2
 210              	.LVL20:
 211 005a 0360     		str	r3, [r0]
 212              		.loc 1 180 0
 213 005c 7047     		bx	lr
 214              	.LVL21:
 215              	.L15:
 216              		.loc 1 158 0
 217 005e 0161     		str	r1, [r0, #16]
 218 0060 D4E7     		b	.L6
 219              	.L17:
 220 0062 00BF     		.align	2
 221              	.L16:
 222 0064 00000000 		.word	.LANCHOR0
 223              		.cfi_endproc
 224              	.LFE64:
 225              		.size	_pal_lld_setgroupmode, .-_pal_lld_setgroupmode
 226              		.section	.rodata.cfgtab.6057,"a",%progbits
 227              		.align	2
 228              		.set	.LANCHOR0,. + 0
ARM GAS  /tmp/ccy0rCKe.s 			page 5


 229              		.type	cfgtab.6057, %object
 230              		.size	cfgtab.6057, 18
 231              	cfgtab.6057:
 232 0000 04       		.byte	4
 233 0001 02       		.byte	2
 234 0002 04       		.byte	4
 235 0003 08       		.byte	8
 236 0004 08       		.byte	8
 237 0005 00       		.byte	0
 238 0006 03       		.byte	3
 239 0007 07       		.byte	7
 240 0008 08       		.byte	8
 241 0009 08       		.byte	8
 242 000a 08       		.byte	8
 243 000b 08       		.byte	8
 244 000c 08       		.byte	8
 245 000d 08       		.byte	8
 246 000e 08       		.byte	8
 247 000f 08       		.byte	8
 248 0010 0B       		.byte	11
 249 0011 0F       		.byte	15
 250 0012 0000     		.text
 251              	.Letext0:
 252              		.file 2 "/usr/include/newlib/machine/_default_types.h"
 253              		.file 3 "/usr/include/newlib/stdint.h"
 254              		.file 4 "../../os/hal/platforms/STM32F1xx/stm32f10x.h"
 255              		.file 5 "../../os/hal/platforms/STM32/GPIOv1/pal_lld.h"
 256              		.file 6 "../../os/ports/common/ARMCMx/CMSIS/include/core_cm3.h"
 257              		.section	.debug_info,"",%progbits
 258              	.Ldebug_info0:
 259 0000 85030000 		.4byte	0x385
 260 0004 0400     		.2byte	0x4
 261 0006 00000000 		.4byte	.Ldebug_abbrev0
 262 000a 04       		.byte	0x4
 263 000b 01       		.uleb128 0x1
 264 000c DF010000 		.4byte	.LASF47
 265 0010 01       		.byte	0x1
 266 0011 44000000 		.4byte	.LASF48
 267 0015 71020000 		.4byte	.LASF49
 268 0019 00000000 		.4byte	.Ldebug_ranges0+0
 269 001d 00000000 		.4byte	0
 270 0021 00000000 		.4byte	.Ldebug_line0
 271 0025 02       		.uleb128 0x2
 272 0026 04       		.byte	0x4
 273 0027 05       		.byte	0x5
 274 0028 696E7400 		.ascii	"int\000"
 275 002c 03       		.uleb128 0x3
 276 002d 04       		.byte	0x4
 277 002e 07       		.byte	0x7
 278 002f 68010000 		.4byte	.LASF0
 279 0033 03       		.uleb128 0x3
 280 0034 01       		.byte	0x1
 281 0035 06       		.byte	0x6
 282 0036 D5000000 		.4byte	.LASF1
 283 003a 04       		.uleb128 0x4
 284 003b 16010000 		.4byte	.LASF5
 285 003f 02       		.byte	0x2
ARM GAS  /tmp/ccy0rCKe.s 			page 6


 286 0040 1D       		.byte	0x1d
 287 0041 45000000 		.4byte	0x45
 288 0045 03       		.uleb128 0x3
 289 0046 01       		.byte	0x1
 290 0047 08       		.byte	0x8
 291 0048 32010000 		.4byte	.LASF2
 292 004c 03       		.uleb128 0x3
 293 004d 02       		.byte	0x2
 294 004e 05       		.byte	0x5
 295 004f 72000000 		.4byte	.LASF3
 296 0053 03       		.uleb128 0x3
 297 0054 02       		.byte	0x2
 298 0055 07       		.byte	0x7
 299 0056 8E010000 		.4byte	.LASF4
 300 005a 04       		.uleb128 0x4
 301 005b 67020000 		.4byte	.LASF6
 302 005f 02       		.byte	0x2
 303 0060 3F       		.byte	0x3f
 304 0061 65000000 		.4byte	0x65
 305 0065 03       		.uleb128 0x3
 306 0066 04       		.byte	0x4
 307 0067 05       		.byte	0x5
 308 0068 F6000000 		.4byte	.LASF7
 309 006c 04       		.uleb128 0x4
 310 006d 8A000000 		.4byte	.LASF8
 311 0071 02       		.byte	0x2
 312 0072 41       		.byte	0x41
 313 0073 77000000 		.4byte	0x77
 314 0077 03       		.uleb128 0x3
 315 0078 04       		.byte	0x4
 316 0079 07       		.byte	0x7
 317 007a CD010000 		.4byte	.LASF9
 318 007e 03       		.uleb128 0x3
 319 007f 08       		.byte	0x8
 320 0080 05       		.byte	0x5
 321 0081 E8000000 		.4byte	.LASF10
 322 0085 03       		.uleb128 0x3
 323 0086 08       		.byte	0x8
 324 0087 07       		.byte	0x7
 325 0088 48010000 		.4byte	.LASF11
 326 008c 04       		.uleb128 0x4
 327 008d B8000000 		.4byte	.LASF12
 328 0091 03       		.byte	0x3
 329 0092 2A       		.byte	0x2a
 330 0093 3A000000 		.4byte	0x3a
 331 0097 04       		.uleb128 0x4
 332 0098 A6010000 		.4byte	.LASF13
 333 009c 03       		.byte	0x3
 334 009d 41       		.byte	0x41
 335 009e 5A000000 		.4byte	0x5a
 336 00a2 04       		.uleb128 0x4
 337 00a3 5F010000 		.4byte	.LASF14
 338 00a7 03       		.byte	0x3
 339 00a8 42       		.byte	0x42
 340 00a9 6C000000 		.4byte	0x6c
 341 00ad 03       		.uleb128 0x3
 342 00ae 01       		.byte	0x1
ARM GAS  /tmp/ccy0rCKe.s 			page 7


 343 00af 02       		.byte	0x2
 344 00b0 B8010000 		.4byte	.LASF15
 345 00b4 05       		.uleb128 0x5
 346 00b5 A2000000 		.4byte	0xa2
 347 00b9 03       		.uleb128 0x3
 348 00ba 04       		.byte	0x4
 349 00bb 07       		.byte	0x7
 350 00bc 7C000000 		.4byte	.LASF16
 351 00c0 03       		.uleb128 0x3
 352 00c1 01       		.byte	0x1
 353 00c2 08       		.byte	0x8
 354 00c3 A1010000 		.4byte	.LASF17
 355 00c7 05       		.uleb128 0x5
 356 00c8 97000000 		.4byte	0x97
 357 00cc 06       		.uleb128 0x6
 358 00cd 1C       		.byte	0x1c
 359 00ce 04       		.byte	0x4
 360 00cf F803     		.2byte	0x3f8
 361 00d1 31010000 		.4byte	0x131
 362 00d5 07       		.uleb128 0x7
 363 00d6 43524C00 		.ascii	"CRL\000"
 364 00da 04       		.byte	0x4
 365 00db FA03     		.2byte	0x3fa
 366 00dd B4000000 		.4byte	0xb4
 367 00e1 00       		.byte	0
 368 00e2 07       		.uleb128 0x7
 369 00e3 43524800 		.ascii	"CRH\000"
 370 00e7 04       		.byte	0x4
 371 00e8 FB03     		.2byte	0x3fb
 372 00ea B4000000 		.4byte	0xb4
 373 00ee 04       		.byte	0x4
 374 00ef 07       		.uleb128 0x7
 375 00f0 49445200 		.ascii	"IDR\000"
 376 00f4 04       		.byte	0x4
 377 00f5 FC03     		.2byte	0x3fc
 378 00f7 B4000000 		.4byte	0xb4
 379 00fb 08       		.byte	0x8
 380 00fc 07       		.uleb128 0x7
 381 00fd 4F445200 		.ascii	"ODR\000"
 382 0101 04       		.byte	0x4
 383 0102 FD03     		.2byte	0x3fd
 384 0104 B4000000 		.4byte	0xb4
 385 0108 0C       		.byte	0xc
 386 0109 08       		.uleb128 0x8
 387 010a A3000000 		.4byte	.LASF18
 388 010e 04       		.byte	0x4
 389 010f FE03     		.2byte	0x3fe
 390 0111 B4000000 		.4byte	0xb4
 391 0115 10       		.byte	0x10
 392 0116 07       		.uleb128 0x7
 393 0117 42525200 		.ascii	"BRR\000"
 394 011b 04       		.byte	0x4
 395 011c FF03     		.2byte	0x3ff
 396 011e B4000000 		.4byte	0xb4
 397 0122 14       		.byte	0x14
 398 0123 08       		.uleb128 0x8
 399 0124 C8020000 		.4byte	.LASF19
ARM GAS  /tmp/ccy0rCKe.s 			page 8


 400 0128 04       		.byte	0x4
 401 0129 0004     		.2byte	0x400
 402 012b B4000000 		.4byte	0xb4
 403 012f 18       		.byte	0x18
 404 0130 00       		.byte	0
 405 0131 09       		.uleb128 0x9
 406 0132 00000000 		.4byte	.LASF20
 407 0136 04       		.byte	0x4
 408 0137 0104     		.2byte	0x401
 409 0139 CC000000 		.4byte	0xcc
 410 013d 06       		.uleb128 0x6
 411 013e 30       		.byte	0x30
 412 013f 04       		.byte	0x4
 413 0140 4304     		.2byte	0x443
 414 0142 E2010000 		.4byte	0x1e2
 415 0146 07       		.uleb128 0x7
 416 0147 435200   		.ascii	"CR\000"
 417 014a 04       		.byte	0x4
 418 014b 4504     		.2byte	0x445
 419 014d B4000000 		.4byte	0xb4
 420 0151 00       		.byte	0
 421 0152 08       		.uleb128 0x8
 422 0153 C3020000 		.4byte	.LASF21
 423 0157 04       		.byte	0x4
 424 0158 4604     		.2byte	0x446
 425 015a B4000000 		.4byte	0xb4
 426 015e 04       		.byte	0x4
 427 015f 07       		.uleb128 0x7
 428 0160 43495200 		.ascii	"CIR\000"
 429 0164 04       		.byte	0x4
 430 0165 4704     		.2byte	0x447
 431 0167 B4000000 		.4byte	0xb4
 432 016b 08       		.byte	0x8
 433 016c 08       		.uleb128 0x8
 434 016d 0D010000 		.4byte	.LASF22
 435 0171 04       		.byte	0x4
 436 0172 4804     		.2byte	0x448
 437 0174 B4000000 		.4byte	0xb4
 438 0178 0C       		.byte	0xc
 439 0179 08       		.uleb128 0x8
 440 017a 95000000 		.4byte	.LASF23
 441 017e 04       		.byte	0x4
 442 017f 4904     		.2byte	0x449
 443 0181 B4000000 		.4byte	0xb4
 444 0185 10       		.byte	0x10
 445 0186 08       		.uleb128 0x8
 446 0187 06010000 		.4byte	.LASF24
 447 018b 04       		.byte	0x4
 448 018c 4A04     		.2byte	0x44a
 449 018e B4000000 		.4byte	0xb4
 450 0192 14       		.byte	0x14
 451 0193 08       		.uleb128 0x8
 452 0194 40010000 		.4byte	.LASF25
 453 0198 04       		.byte	0x4
 454 0199 4B04     		.2byte	0x44b
 455 019b B4000000 		.4byte	0xb4
 456 019f 18       		.byte	0x18
ARM GAS  /tmp/ccy0rCKe.s 			page 9


 457 01a0 08       		.uleb128 0x8
 458 01a1 C0000000 		.4byte	.LASF26
 459 01a5 04       		.byte	0x4
 460 01a6 4C04     		.2byte	0x44c
 461 01a8 B4000000 		.4byte	0xb4
 462 01ac 1C       		.byte	0x1c
 463 01ad 08       		.uleb128 0x8
 464 01ae 85000000 		.4byte	.LASF27
 465 01b2 04       		.byte	0x4
 466 01b3 4D04     		.2byte	0x44d
 467 01b5 B4000000 		.4byte	0xb4
 468 01b9 20       		.byte	0x20
 469 01ba 07       		.uleb128 0x7
 470 01bb 43535200 		.ascii	"CSR\000"
 471 01bf 04       		.byte	0x4
 472 01c0 4E04     		.2byte	0x44e
 473 01c2 B4000000 		.4byte	0xb4
 474 01c6 24       		.byte	0x24
 475 01c7 08       		.uleb128 0x8
 476 01c8 BE010000 		.4byte	.LASF28
 477 01cc 04       		.byte	0x4
 478 01cd 5604     		.2byte	0x456
 479 01cf A2000000 		.4byte	0xa2
 480 01d3 28       		.byte	0x28
 481 01d4 08       		.uleb128 0x8
 482 01d5 75010000 		.4byte	.LASF29
 483 01d9 04       		.byte	0x4
 484 01da 5704     		.2byte	0x457
 485 01dc B4000000 		.4byte	0xb4
 486 01e0 2C       		.byte	0x2c
 487 01e1 00       		.byte	0
 488 01e2 09       		.uleb128 0x9
 489 01e3 14000000 		.4byte	.LASF30
 490 01e7 04       		.byte	0x4
 491 01e8 5904     		.2byte	0x459
 492 01ea 3D010000 		.4byte	0x13d
 493 01ee 0A       		.uleb128 0xa
 494 01ef 0C       		.byte	0xc
 495 01f0 05       		.byte	0x5
 496 01f1 38       		.byte	0x38
 497 01f2 1B020000 		.4byte	0x21b
 498 01f6 0B       		.uleb128 0xb
 499 01f7 6F647200 		.ascii	"odr\000"
 500 01fb 05       		.byte	0x5
 501 01fc 3A       		.byte	0x3a
 502 01fd A2000000 		.4byte	0xa2
 503 0201 00       		.byte	0
 504 0202 0B       		.uleb128 0xb
 505 0203 63726C00 		.ascii	"crl\000"
 506 0207 05       		.byte	0x5
 507 0208 3C       		.byte	0x3c
 508 0209 A2000000 		.4byte	0xa2
 509 020d 04       		.byte	0x4
 510 020e 0B       		.uleb128 0xb
 511 020f 63726800 		.ascii	"crh\000"
 512 0213 05       		.byte	0x5
 513 0214 3E       		.byte	0x3e
ARM GAS  /tmp/ccy0rCKe.s 			page 10


 514 0215 A2000000 		.4byte	0xa2
 515 0219 08       		.byte	0x8
 516 021a 00       		.byte	0
 517 021b 04       		.uleb128 0x4
 518 021c 7B010000 		.4byte	.LASF31
 519 0220 05       		.byte	0x5
 520 0221 3F       		.byte	0x3f
 521 0222 EE010000 		.4byte	0x1ee
 522 0226 0A       		.uleb128 0xa
 523 0227 30       		.byte	0x30
 524 0228 05       		.byte	0x5
 525 0229 48       		.byte	0x48
 526 022a 5F020000 		.4byte	0x25f
 527 022e 0C       		.uleb128 0xc
 528 022f E1000000 		.4byte	.LASF32
 529 0233 05       		.byte	0x5
 530 0234 4A       		.byte	0x4a
 531 0235 1B020000 		.4byte	0x21b
 532 0239 00       		.byte	0
 533 023a 0C       		.uleb128 0xc
 534 023b BC020000 		.4byte	.LASF33
 535 023f 05       		.byte	0x5
 536 0240 4C       		.byte	0x4c
 537 0241 1B020000 		.4byte	0x21b
 538 0245 0C       		.byte	0xc
 539 0246 0C       		.uleb128 0xc
 540 0247 0D000000 		.4byte	.LASF34
 541 024b 05       		.byte	0x5
 542 024c 4E       		.byte	0x4e
 543 024d 1B020000 		.4byte	0x21b
 544 0251 18       		.byte	0x18
 545 0252 0C       		.uleb128 0xc
 546 0253 FF000000 		.4byte	.LASF35
 547 0257 05       		.byte	0x5
 548 0258 50       		.byte	0x50
 549 0259 1B020000 		.4byte	0x21b
 550 025d 24       		.byte	0x24
 551 025e 00       		.byte	0
 552 025f 04       		.uleb128 0x4
 553 0260 AE010000 		.4byte	.LASF36
 554 0264 05       		.byte	0x5
 555 0265 5D       		.byte	0x5d
 556 0266 26020000 		.4byte	0x226
 557 026a 04       		.uleb128 0x4
 558 026b C8000000 		.4byte	.LASF37
 559 026f 05       		.byte	0x5
 560 0270 6D       		.byte	0x6d
 561 0271 A2000000 		.4byte	0xa2
 562 0275 04       		.uleb128 0x4
 563 0276 AF000000 		.4byte	.LASF38
 564 027a 05       		.byte	0x5
 565 027b 72       		.byte	0x72
 566 027c A2000000 		.4byte	0xa2
 567 0280 04       		.uleb128 0x4
 568 0281 20010000 		.4byte	.LASF39
 569 0285 05       		.byte	0x5
 570 0286 7A       		.byte	0x7a
ARM GAS  /tmp/ccy0rCKe.s 			page 11


 571 0287 8B020000 		.4byte	0x28b
 572 028b 0D       		.uleb128 0xd
 573 028c 04       		.byte	0x4
 574 028d 31010000 		.4byte	0x131
 575 0291 0E       		.uleb128 0xe
 576 0292 36000000 		.4byte	.LASF40
 577 0296 01       		.byte	0x1
 578 0297 4D       		.byte	0x4d
 579 0298 00000000 		.4byte	.LFB63
 580 029c 5C000000 		.4byte	.LFE63-.LFB63
 581 02a0 01       		.uleb128 0x1
 582 02a1 9C       		.byte	0x9c
 583 02a2 B4020000 		.4byte	0x2b4
 584 02a6 0F       		.uleb128 0xf
 585 02a7 A8000000 		.4byte	.LASF42
 586 02ab 01       		.byte	0x1
 587 02ac 4D       		.byte	0x4d
 588 02ad B4020000 		.4byte	0x2b4
 589 02b1 01       		.uleb128 0x1
 590 02b2 50       		.byte	0x50
 591 02b3 00       		.byte	0
 592 02b4 0D       		.uleb128 0xd
 593 02b5 04       		.byte	0x4
 594 02b6 BA020000 		.4byte	0x2ba
 595 02ba 10       		.uleb128 0x10
 596 02bb 5F020000 		.4byte	0x25f
 597 02bf 0E       		.uleb128 0xe
 598 02c0 20000000 		.4byte	.LASF41
 599 02c4 01       		.byte	0x1
 600 02c5 83       		.byte	0x83
 601 02c6 00000000 		.4byte	.LFB64
 602 02ca 68000000 		.4byte	.LFE64-.LFB64
 603 02ce 01       		.uleb128 0x1
 604 02cf 9C       		.byte	0x9c
 605 02d0 67030000 		.4byte	0x367
 606 02d4 0F       		.uleb128 0xf
 607 02d5 C8010000 		.4byte	.LASF43
 608 02d9 01       		.byte	0x1
 609 02da 83       		.byte	0x83
 610 02db 80020000 		.4byte	0x280
 611 02df 01       		.uleb128 0x1
 612 02e0 50       		.byte	0x50
 613 02e1 11       		.uleb128 0x11
 614 02e2 CD020000 		.4byte	.LASF44
 615 02e6 01       		.byte	0x1
 616 02e7 84       		.byte	0x84
 617 02e8 6A020000 		.4byte	0x26a
 618 02ec 00000000 		.4byte	.LLST0
 619 02f0 11       		.uleb128 0x11
 620 02f1 9E000000 		.4byte	.LASF45
 621 02f5 01       		.byte	0x1
 622 02f6 85       		.byte	0x85
 623 02f7 75020000 		.4byte	0x275
 624 02fb 29000000 		.4byte	.LLST1
 625 02ff 12       		.uleb128 0x12
 626 0300 2B010000 		.4byte	.LASF46
 627 0304 01       		.byte	0x1
ARM GAS  /tmp/ccy0rCKe.s 			page 12


 628 0305 86       		.byte	0x86
 629 0306 77030000 		.4byte	0x377
 630 030a 05       		.uleb128 0x5
 631 030b 03       		.byte	0x3
 632 030c 00000000 		.4byte	cfgtab.6057
 633 0310 13       		.uleb128 0x13
 634 0311 6D6800   		.ascii	"mh\000"
 635 0314 01       		.byte	0x1
 636 0315 9A       		.byte	0x9a
 637 0316 A2000000 		.4byte	0xa2
 638 031a 55000000 		.4byte	.LLST2
 639 031e 13       		.uleb128 0x13
 640 031f 6D6C00   		.ascii	"ml\000"
 641 0322 01       		.byte	0x1
 642 0323 9A       		.byte	0x9a
 643 0324 A2000000 		.4byte	0xa2
 644 0328 74000000 		.4byte	.LLST3
 645 032c 13       		.uleb128 0x13
 646 032d 63726800 		.ascii	"crh\000"
 647 0331 01       		.byte	0x1
 648 0332 9A       		.byte	0x9a
 649 0333 A2000000 		.4byte	0xa2
 650 0337 93000000 		.4byte	.LLST4
 651 033b 13       		.uleb128 0x13
 652 033c 63726C00 		.ascii	"crl\000"
 653 0340 01       		.byte	0x1
 654 0341 9A       		.byte	0x9a
 655 0342 A2000000 		.4byte	0xa2
 656 0346 B2000000 		.4byte	.LLST5
 657 034a 13       		.uleb128 0x13
 658 034b 63666700 		.ascii	"cfg\000"
 659 034f 01       		.byte	0x1
 660 0350 9A       		.byte	0x9a
 661 0351 A2000000 		.4byte	0xa2
 662 0355 DC000000 		.4byte	.LLST6
 663 0359 13       		.uleb128 0x13
 664 035a 6900     		.ascii	"i\000"
 665 035c 01       		.byte	0x1
 666 035d 9B       		.byte	0x9b
 667 035e 2C000000 		.4byte	0x2c
 668 0362 08010000 		.4byte	.LLST7
 669 0366 00       		.byte	0
 670 0367 14       		.uleb128 0x14
 671 0368 8C000000 		.4byte	0x8c
 672 036c 77030000 		.4byte	0x377
 673 0370 15       		.uleb128 0x15
 674 0371 B9000000 		.4byte	0xb9
 675 0375 11       		.byte	0x11
 676 0376 00       		.byte	0
 677 0377 10       		.uleb128 0x10
 678 0378 67030000 		.4byte	0x367
 679 037c 16       		.uleb128 0x16
 680 037d AF020000 		.4byte	.LASF50
 681 0381 06       		.byte	0x6
 682 0382 0706     		.2byte	0x607
 683 0384 C7000000 		.4byte	0xc7
 684 0388 00       		.byte	0
ARM GAS  /tmp/ccy0rCKe.s 			page 13


 685              		.section	.debug_abbrev,"",%progbits
 686              	.Ldebug_abbrev0:
 687 0000 01       		.uleb128 0x1
 688 0001 11       		.uleb128 0x11
 689 0002 01       		.byte	0x1
 690 0003 25       		.uleb128 0x25
 691 0004 0E       		.uleb128 0xe
 692 0005 13       		.uleb128 0x13
 693 0006 0B       		.uleb128 0xb
 694 0007 03       		.uleb128 0x3
 695 0008 0E       		.uleb128 0xe
 696 0009 1B       		.uleb128 0x1b
 697 000a 0E       		.uleb128 0xe
 698 000b 55       		.uleb128 0x55
 699 000c 17       		.uleb128 0x17
 700 000d 11       		.uleb128 0x11
 701 000e 01       		.uleb128 0x1
 702 000f 10       		.uleb128 0x10
 703 0010 17       		.uleb128 0x17
 704 0011 00       		.byte	0
 705 0012 00       		.byte	0
 706 0013 02       		.uleb128 0x2
 707 0014 24       		.uleb128 0x24
 708 0015 00       		.byte	0
 709 0016 0B       		.uleb128 0xb
 710 0017 0B       		.uleb128 0xb
 711 0018 3E       		.uleb128 0x3e
 712 0019 0B       		.uleb128 0xb
 713 001a 03       		.uleb128 0x3
 714 001b 08       		.uleb128 0x8
 715 001c 00       		.byte	0
 716 001d 00       		.byte	0
 717 001e 03       		.uleb128 0x3
 718 001f 24       		.uleb128 0x24
 719 0020 00       		.byte	0
 720 0021 0B       		.uleb128 0xb
 721 0022 0B       		.uleb128 0xb
 722 0023 3E       		.uleb128 0x3e
 723 0024 0B       		.uleb128 0xb
 724 0025 03       		.uleb128 0x3
 725 0026 0E       		.uleb128 0xe
 726 0027 00       		.byte	0
 727 0028 00       		.byte	0
 728 0029 04       		.uleb128 0x4
 729 002a 16       		.uleb128 0x16
 730 002b 00       		.byte	0
 731 002c 03       		.uleb128 0x3
 732 002d 0E       		.uleb128 0xe
 733 002e 3A       		.uleb128 0x3a
 734 002f 0B       		.uleb128 0xb
 735 0030 3B       		.uleb128 0x3b
 736 0031 0B       		.uleb128 0xb
 737 0032 49       		.uleb128 0x49
 738 0033 13       		.uleb128 0x13
 739 0034 00       		.byte	0
 740 0035 00       		.byte	0
 741 0036 05       		.uleb128 0x5
ARM GAS  /tmp/ccy0rCKe.s 			page 14


 742 0037 35       		.uleb128 0x35
 743 0038 00       		.byte	0
 744 0039 49       		.uleb128 0x49
 745 003a 13       		.uleb128 0x13
 746 003b 00       		.byte	0
 747 003c 00       		.byte	0
 748 003d 06       		.uleb128 0x6
 749 003e 13       		.uleb128 0x13
 750 003f 01       		.byte	0x1
 751 0040 0B       		.uleb128 0xb
 752 0041 0B       		.uleb128 0xb
 753 0042 3A       		.uleb128 0x3a
 754 0043 0B       		.uleb128 0xb
 755 0044 3B       		.uleb128 0x3b
 756 0045 05       		.uleb128 0x5
 757 0046 01       		.uleb128 0x1
 758 0047 13       		.uleb128 0x13
 759 0048 00       		.byte	0
 760 0049 00       		.byte	0
 761 004a 07       		.uleb128 0x7
 762 004b 0D       		.uleb128 0xd
 763 004c 00       		.byte	0
 764 004d 03       		.uleb128 0x3
 765 004e 08       		.uleb128 0x8
 766 004f 3A       		.uleb128 0x3a
 767 0050 0B       		.uleb128 0xb
 768 0051 3B       		.uleb128 0x3b
 769 0052 05       		.uleb128 0x5
 770 0053 49       		.uleb128 0x49
 771 0054 13       		.uleb128 0x13
 772 0055 38       		.uleb128 0x38
 773 0056 0B       		.uleb128 0xb
 774 0057 00       		.byte	0
 775 0058 00       		.byte	0
 776 0059 08       		.uleb128 0x8
 777 005a 0D       		.uleb128 0xd
 778 005b 00       		.byte	0
 779 005c 03       		.uleb128 0x3
 780 005d 0E       		.uleb128 0xe
 781 005e 3A       		.uleb128 0x3a
 782 005f 0B       		.uleb128 0xb
 783 0060 3B       		.uleb128 0x3b
 784 0061 05       		.uleb128 0x5
 785 0062 49       		.uleb128 0x49
 786 0063 13       		.uleb128 0x13
 787 0064 38       		.uleb128 0x38
 788 0065 0B       		.uleb128 0xb
 789 0066 00       		.byte	0
 790 0067 00       		.byte	0
 791 0068 09       		.uleb128 0x9
 792 0069 16       		.uleb128 0x16
 793 006a 00       		.byte	0
 794 006b 03       		.uleb128 0x3
 795 006c 0E       		.uleb128 0xe
 796 006d 3A       		.uleb128 0x3a
 797 006e 0B       		.uleb128 0xb
 798 006f 3B       		.uleb128 0x3b
ARM GAS  /tmp/ccy0rCKe.s 			page 15


 799 0070 05       		.uleb128 0x5
 800 0071 49       		.uleb128 0x49
 801 0072 13       		.uleb128 0x13
 802 0073 00       		.byte	0
 803 0074 00       		.byte	0
 804 0075 0A       		.uleb128 0xa
 805 0076 13       		.uleb128 0x13
 806 0077 01       		.byte	0x1
 807 0078 0B       		.uleb128 0xb
 808 0079 0B       		.uleb128 0xb
 809 007a 3A       		.uleb128 0x3a
 810 007b 0B       		.uleb128 0xb
 811 007c 3B       		.uleb128 0x3b
 812 007d 0B       		.uleb128 0xb
 813 007e 01       		.uleb128 0x1
 814 007f 13       		.uleb128 0x13
 815 0080 00       		.byte	0
 816 0081 00       		.byte	0
 817 0082 0B       		.uleb128 0xb
 818 0083 0D       		.uleb128 0xd
 819 0084 00       		.byte	0
 820 0085 03       		.uleb128 0x3
 821 0086 08       		.uleb128 0x8
 822 0087 3A       		.uleb128 0x3a
 823 0088 0B       		.uleb128 0xb
 824 0089 3B       		.uleb128 0x3b
 825 008a 0B       		.uleb128 0xb
 826 008b 49       		.uleb128 0x49
 827 008c 13       		.uleb128 0x13
 828 008d 38       		.uleb128 0x38
 829 008e 0B       		.uleb128 0xb
 830 008f 00       		.byte	0
 831 0090 00       		.byte	0
 832 0091 0C       		.uleb128 0xc
 833 0092 0D       		.uleb128 0xd
 834 0093 00       		.byte	0
 835 0094 03       		.uleb128 0x3
 836 0095 0E       		.uleb128 0xe
 837 0096 3A       		.uleb128 0x3a
 838 0097 0B       		.uleb128 0xb
 839 0098 3B       		.uleb128 0x3b
 840 0099 0B       		.uleb128 0xb
 841 009a 49       		.uleb128 0x49
 842 009b 13       		.uleb128 0x13
 843 009c 38       		.uleb128 0x38
 844 009d 0B       		.uleb128 0xb
 845 009e 00       		.byte	0
 846 009f 00       		.byte	0
 847 00a0 0D       		.uleb128 0xd
 848 00a1 0F       		.uleb128 0xf
 849 00a2 00       		.byte	0
 850 00a3 0B       		.uleb128 0xb
 851 00a4 0B       		.uleb128 0xb
 852 00a5 49       		.uleb128 0x49
 853 00a6 13       		.uleb128 0x13
 854 00a7 00       		.byte	0
 855 00a8 00       		.byte	0
ARM GAS  /tmp/ccy0rCKe.s 			page 16


 856 00a9 0E       		.uleb128 0xe
 857 00aa 2E       		.uleb128 0x2e
 858 00ab 01       		.byte	0x1
 859 00ac 3F       		.uleb128 0x3f
 860 00ad 19       		.uleb128 0x19
 861 00ae 03       		.uleb128 0x3
 862 00af 0E       		.uleb128 0xe
 863 00b0 3A       		.uleb128 0x3a
 864 00b1 0B       		.uleb128 0xb
 865 00b2 3B       		.uleb128 0x3b
 866 00b3 0B       		.uleb128 0xb
 867 00b4 27       		.uleb128 0x27
 868 00b5 19       		.uleb128 0x19
 869 00b6 11       		.uleb128 0x11
 870 00b7 01       		.uleb128 0x1
 871 00b8 12       		.uleb128 0x12
 872 00b9 06       		.uleb128 0x6
 873 00ba 40       		.uleb128 0x40
 874 00bb 18       		.uleb128 0x18
 875 00bc 9742     		.uleb128 0x2117
 876 00be 19       		.uleb128 0x19
 877 00bf 01       		.uleb128 0x1
 878 00c0 13       		.uleb128 0x13
 879 00c1 00       		.byte	0
 880 00c2 00       		.byte	0
 881 00c3 0F       		.uleb128 0xf
 882 00c4 05       		.uleb128 0x5
 883 00c5 00       		.byte	0
 884 00c6 03       		.uleb128 0x3
 885 00c7 0E       		.uleb128 0xe
 886 00c8 3A       		.uleb128 0x3a
 887 00c9 0B       		.uleb128 0xb
 888 00ca 3B       		.uleb128 0x3b
 889 00cb 0B       		.uleb128 0xb
 890 00cc 49       		.uleb128 0x49
 891 00cd 13       		.uleb128 0x13
 892 00ce 02       		.uleb128 0x2
 893 00cf 18       		.uleb128 0x18
 894 00d0 00       		.byte	0
 895 00d1 00       		.byte	0
 896 00d2 10       		.uleb128 0x10
 897 00d3 26       		.uleb128 0x26
 898 00d4 00       		.byte	0
 899 00d5 49       		.uleb128 0x49
 900 00d6 13       		.uleb128 0x13
 901 00d7 00       		.byte	0
 902 00d8 00       		.byte	0
 903 00d9 11       		.uleb128 0x11
 904 00da 05       		.uleb128 0x5
 905 00db 00       		.byte	0
 906 00dc 03       		.uleb128 0x3
 907 00dd 0E       		.uleb128 0xe
 908 00de 3A       		.uleb128 0x3a
 909 00df 0B       		.uleb128 0xb
 910 00e0 3B       		.uleb128 0x3b
 911 00e1 0B       		.uleb128 0xb
 912 00e2 49       		.uleb128 0x49
ARM GAS  /tmp/ccy0rCKe.s 			page 17


 913 00e3 13       		.uleb128 0x13
 914 00e4 02       		.uleb128 0x2
 915 00e5 17       		.uleb128 0x17
 916 00e6 00       		.byte	0
 917 00e7 00       		.byte	0
 918 00e8 12       		.uleb128 0x12
 919 00e9 34       		.uleb128 0x34
 920 00ea 00       		.byte	0
 921 00eb 03       		.uleb128 0x3
 922 00ec 0E       		.uleb128 0xe
 923 00ed 3A       		.uleb128 0x3a
 924 00ee 0B       		.uleb128 0xb
 925 00ef 3B       		.uleb128 0x3b
 926 00f0 0B       		.uleb128 0xb
 927 00f1 49       		.uleb128 0x49
 928 00f2 13       		.uleb128 0x13
 929 00f3 02       		.uleb128 0x2
 930 00f4 18       		.uleb128 0x18
 931 00f5 00       		.byte	0
 932 00f6 00       		.byte	0
 933 00f7 13       		.uleb128 0x13
 934 00f8 34       		.uleb128 0x34
 935 00f9 00       		.byte	0
 936 00fa 03       		.uleb128 0x3
 937 00fb 08       		.uleb128 0x8
 938 00fc 3A       		.uleb128 0x3a
 939 00fd 0B       		.uleb128 0xb
 940 00fe 3B       		.uleb128 0x3b
 941 00ff 0B       		.uleb128 0xb
 942 0100 49       		.uleb128 0x49
 943 0101 13       		.uleb128 0x13
 944 0102 02       		.uleb128 0x2
 945 0103 17       		.uleb128 0x17
 946 0104 00       		.byte	0
 947 0105 00       		.byte	0
 948 0106 14       		.uleb128 0x14
 949 0107 01       		.uleb128 0x1
 950 0108 01       		.byte	0x1
 951 0109 49       		.uleb128 0x49
 952 010a 13       		.uleb128 0x13
 953 010b 01       		.uleb128 0x1
 954 010c 13       		.uleb128 0x13
 955 010d 00       		.byte	0
 956 010e 00       		.byte	0
 957 010f 15       		.uleb128 0x15
 958 0110 21       		.uleb128 0x21
 959 0111 00       		.byte	0
 960 0112 49       		.uleb128 0x49
 961 0113 13       		.uleb128 0x13
 962 0114 2F       		.uleb128 0x2f
 963 0115 0B       		.uleb128 0xb
 964 0116 00       		.byte	0
 965 0117 00       		.byte	0
 966 0118 16       		.uleb128 0x16
 967 0119 34       		.uleb128 0x34
 968 011a 00       		.byte	0
 969 011b 03       		.uleb128 0x3
ARM GAS  /tmp/ccy0rCKe.s 			page 18


 970 011c 0E       		.uleb128 0xe
 971 011d 3A       		.uleb128 0x3a
 972 011e 0B       		.uleb128 0xb
 973 011f 3B       		.uleb128 0x3b
 974 0120 05       		.uleb128 0x5
 975 0121 49       		.uleb128 0x49
 976 0122 13       		.uleb128 0x13
 977 0123 3F       		.uleb128 0x3f
 978 0124 19       		.uleb128 0x19
 979 0125 3C       		.uleb128 0x3c
 980 0126 19       		.uleb128 0x19
 981 0127 00       		.byte	0
 982 0128 00       		.byte	0
 983 0129 00       		.byte	0
 984              		.section	.debug_loc,"",%progbits
 985              	.Ldebug_loc0:
 986              	.LLST0:
 987 0000 00000000 		.4byte	.LVL1
 988 0004 48000000 		.4byte	.LVL14
 989 0008 0100     		.2byte	0x1
 990 000a 51       		.byte	0x51
 991 000b 48000000 		.4byte	.LVL14
 992 000f 4C000000 		.4byte	.LVL15
 993 0013 0100     		.2byte	0x1
 994 0015 51       		.byte	0x51
 995 0016 5E000000 		.4byte	.LVL21
 996 001a 68000000 		.4byte	.LFE64
 997 001e 0100     		.2byte	0x1
 998 0020 51       		.byte	0x51
 999 0021 00000000 		.4byte	0
 1000 0025 00000000 		.4byte	0
 1001              	.LLST1:
 1002 0029 00000000 		.4byte	.LVL1
 1003 002d 18000000 		.4byte	.LVL3
 1004 0031 0100     		.2byte	0x1
 1005 0033 52       		.byte	0x52
 1006 0034 18000000 		.4byte	.LVL3
 1007 0038 5E000000 		.4byte	.LVL21
 1008 003c 0400     		.2byte	0x4
 1009 003e F3       		.byte	0xf3
 1010 003f 01       		.uleb128 0x1
 1011 0040 52       		.byte	0x52
 1012 0041 9F       		.byte	0x9f
 1013 0042 5E000000 		.4byte	.LVL21
 1014 0046 68000000 		.4byte	.LFE64
 1015 004a 0100     		.2byte	0x1
 1016 004c 52       		.byte	0x52
 1017 004d 00000000 		.4byte	0
 1018 0051 00000000 		.4byte	0
 1019              	.LLST2:
 1020 0055 12000000 		.4byte	.LVL2
 1021 0059 1A000000 		.4byte	.LVL4
 1022 005d 0200     		.2byte	0x2
 1023 005f 30       		.byte	0x30
 1024 0060 9F       		.byte	0x9f
 1025 0061 1A000000 		.4byte	.LVL4
 1026 0065 4E000000 		.4byte	.LVL16
ARM GAS  /tmp/ccy0rCKe.s 			page 19


 1027 0069 0100     		.2byte	0x1
 1028 006b 55       		.byte	0x55
 1029 006c 00000000 		.4byte	0
 1030 0070 00000000 		.4byte	0
 1031              	.LLST3:
 1032 0074 12000000 		.4byte	.LVL2
 1033 0078 1A000000 		.4byte	.LVL4
 1034 007c 0200     		.2byte	0x2
 1035 007e 30       		.byte	0x30
 1036 007f 9F       		.byte	0x9f
 1037 0080 1A000000 		.4byte	.LVL4
 1038 0084 58000000 		.4byte	.LVL19
 1039 0088 0100     		.2byte	0x1
 1040 008a 52       		.byte	0x52
 1041 008b 00000000 		.4byte	0
 1042 008f 00000000 		.4byte	0
 1043              	.LLST4:
 1044 0093 12000000 		.4byte	.LVL2
 1045 0097 1A000000 		.4byte	.LVL4
 1046 009b 0200     		.2byte	0x2
 1047 009d 30       		.byte	0x30
 1048 009e 9F       		.byte	0x9f
 1049 009f 1A000000 		.4byte	.LVL4
 1050 00a3 50000000 		.4byte	.LVL17
 1051 00a7 0100     		.2byte	0x1
 1052 00a9 54       		.byte	0x54
 1053 00aa 00000000 		.4byte	0
 1054 00ae 00000000 		.4byte	0
 1055              	.LLST5:
 1056 00b2 12000000 		.4byte	.LVL2
 1057 00b6 1A000000 		.4byte	.LVL4
 1058 00ba 0200     		.2byte	0x2
 1059 00bc 30       		.byte	0x30
 1060 00bd 9F       		.byte	0x9f
 1061 00be 1A000000 		.4byte	.LVL4
 1062 00c2 26000000 		.4byte	.LVL6
 1063 00c6 0100     		.2byte	0x1
 1064 00c8 53       		.byte	0x53
 1065 00c9 2A000000 		.4byte	.LVL7
 1066 00cd 5A000000 		.4byte	.LVL20
 1067 00d1 0100     		.2byte	0x1
 1068 00d3 53       		.byte	0x53
 1069 00d4 00000000 		.4byte	0
 1070 00d8 00000000 		.4byte	0
 1071              	.LLST6:
 1072 00dc 12000000 		.4byte	.LVL2
 1073 00e0 56000000 		.4byte	.LVL18
 1074 00e4 0100     		.2byte	0x1
 1075 00e6 57       		.byte	0x57
 1076 00e7 56000000 		.4byte	.LVL18
 1077 00eb 5E000000 		.4byte	.LVL21
 1078 00ef 0F00     		.2byte	0xf
 1079 00f1 F3       		.byte	0xf3
 1080 00f2 01       		.uleb128 0x1
 1081 00f3 52       		.byte	0x52
 1082 00f4 03       		.byte	0x3
 1083 00f5 00000000 		.4byte	.LANCHOR0
ARM GAS  /tmp/ccy0rCKe.s 			page 20


 1084 00f9 22       		.byte	0x22
 1085 00fa 94       		.byte	0x94
 1086 00fb 01       		.byte	0x1
 1087 00fc 08       		.byte	0x8
 1088 00fd FF       		.byte	0xff
 1089 00fe 1A       		.byte	0x1a
 1090 00ff 9F       		.byte	0x9f
 1091 0100 00000000 		.4byte	0
 1092 0104 00000000 		.4byte	0
 1093              	.LLST7:
 1094 0108 12000000 		.4byte	.LVL2
 1095 010c 1A000000 		.4byte	.LVL4
 1096 0110 0200     		.2byte	0x2
 1097 0112 30       		.byte	0x30
 1098 0113 9F       		.byte	0x9f
 1099 0114 1A000000 		.4byte	.LVL4
 1100 0118 44000000 		.4byte	.LVL13
 1101 011c 0500     		.2byte	0x5
 1102 011e 38       		.byte	0x38
 1103 011f 76       		.byte	0x76
 1104 0120 00       		.sleb128 0
 1105 0121 1C       		.byte	0x1c
 1106 0122 9F       		.byte	0x9f
 1107 0123 44000000 		.4byte	.LVL13
 1108 0127 48000000 		.4byte	.LVL14
 1109 012b 0500     		.2byte	0x5
 1110 012d 37       		.byte	0x37
 1111 012e 76       		.byte	0x76
 1112 012f 00       		.sleb128 0
 1113 0130 1C       		.byte	0x1c
 1114 0131 9F       		.byte	0x9f
 1115 0132 00000000 		.4byte	0
 1116 0136 00000000 		.4byte	0
 1117              		.section	.debug_aranges,"",%progbits
 1118 0000 24000000 		.4byte	0x24
 1119 0004 0200     		.2byte	0x2
 1120 0006 00000000 		.4byte	.Ldebug_info0
 1121 000a 04       		.byte	0x4
 1122 000b 00       		.byte	0
 1123 000c 0000     		.2byte	0
 1124 000e 0000     		.2byte	0
 1125 0010 00000000 		.4byte	.LFB63
 1126 0014 5C000000 		.4byte	.LFE63-.LFB63
 1127 0018 00000000 		.4byte	.LFB64
 1128 001c 68000000 		.4byte	.LFE64-.LFB64
 1129 0020 00000000 		.4byte	0
 1130 0024 00000000 		.4byte	0
 1131              		.section	.debug_ranges,"",%progbits
 1132              	.Ldebug_ranges0:
 1133 0000 00000000 		.4byte	.LFB63
 1134 0004 5C000000 		.4byte	.LFE63
 1135 0008 00000000 		.4byte	.LFB64
 1136 000c 68000000 		.4byte	.LFE64
 1137 0010 00000000 		.4byte	0
 1138 0014 00000000 		.4byte	0
 1139              		.section	.debug_line,"",%progbits
 1140              	.Ldebug_line0:
ARM GAS  /tmp/ccy0rCKe.s 			page 21


 1141 0000 7F010000 		.section	.debug_str,"MS",%progbits,1
 1141      02000A01 
 1141      00000201 
 1141      FB0E0D00 
 1141      01010101 
 1142              	.LASF20:
 1143 0000 4750494F 		.ascii	"GPIO_TypeDef\000"
 1143      5F547970 
 1143      65446566 
 1143      00
 1144              	.LASF34:
 1145 000d 50434461 		.ascii	"PCData\000"
 1145      746100
 1146              	.LASF30:
 1147 0014 5243435F 		.ascii	"RCC_TypeDef\000"
 1147      54797065 
 1147      44656600 
 1148              	.LASF41:
 1149 0020 5F70616C 		.ascii	"_pal_lld_setgroupmode\000"
 1149      5F6C6C64 
 1149      5F736574 
 1149      67726F75 
 1149      706D6F64 
 1150              	.LASF40:
 1151 0036 5F70616C 		.ascii	"_pal_lld_init\000"
 1151      5F6C6C64 
 1151      5F696E69 
 1151      7400
 1152              	.LASF48:
 1153 0044 2E2E2F2E 		.ascii	"../../os/hal/platforms/STM32/GPIOv1/pal_lld.c\000"
 1153      2E2F6F73 
 1153      2F68616C 
 1153      2F706C61 
 1153      74666F72 
 1154              	.LASF3:
 1155 0072 73686F72 		.ascii	"short int\000"
 1155      7420696E 
 1155      7400
 1156              	.LASF16:
 1157 007c 73697A65 		.ascii	"sizetype\000"
 1157      74797065 
 1157      00
 1158              	.LASF27:
 1159 0085 42444352 		.ascii	"BDCR\000"
 1159      00
 1160              	.LASF8:
 1161 008a 5F5F7569 		.ascii	"__uint32_t\000"
 1161      6E743332 
 1161      5F7400
 1162              	.LASF23:
 1163 0095 41504231 		.ascii	"APB1RSTR\000"
 1163      52535452 
 1163      00
 1164              	.LASF45:
 1165 009e 6D6F6465 		.ascii	"mode\000"
 1165      00
 1166              	.LASF18:
ARM GAS  /tmp/ccy0rCKe.s 			page 22


 1167 00a3 42535252 		.ascii	"BSRR\000"
 1167      00
 1168              	.LASF42:
 1169 00a8 636F6E66 		.ascii	"config\000"
 1169      696700
 1170              	.LASF38:
 1171 00af 696F6D6F 		.ascii	"iomode_t\000"
 1171      64655F74 
 1171      00
 1172              	.LASF12:
 1173 00b8 75696E74 		.ascii	"uint8_t\000"
 1173      385F7400 
 1174              	.LASF26:
 1175 00c0 41504231 		.ascii	"APB1ENR\000"
 1175      454E5200 
 1176              	.LASF37:
 1177 00c8 696F706F 		.ascii	"ioportmask_t\000"
 1177      72746D61 
 1177      736B5F74 
 1177      00
 1178              	.LASF1:
 1179 00d5 7369676E 		.ascii	"signed char\000"
 1179      65642063 
 1179      68617200 
 1180              	.LASF32:
 1181 00e1 50414461 		.ascii	"PAData\000"
 1181      746100
 1182              	.LASF10:
 1183 00e8 6C6F6E67 		.ascii	"long long int\000"
 1183      206C6F6E 
 1183      6720696E 
 1183      7400
 1184              	.LASF7:
 1185 00f6 6C6F6E67 		.ascii	"long int\000"
 1185      20696E74 
 1185      00
 1186              	.LASF35:
 1187 00ff 50444461 		.ascii	"PDData\000"
 1187      746100
 1188              	.LASF24:
 1189 0106 41484245 		.ascii	"AHBENR\000"
 1189      4E5200
 1190              	.LASF22:
 1191 010d 41504232 		.ascii	"APB2RSTR\000"
 1191      52535452 
 1191      00
 1192              	.LASF5:
 1193 0116 5F5F7569 		.ascii	"__uint8_t\000"
 1193      6E74385F 
 1193      7400
 1194              	.LASF39:
 1195 0120 696F706F 		.ascii	"ioportid_t\000"
 1195      72746964 
 1195      5F7400
 1196              	.LASF46:
 1197 012b 63666774 		.ascii	"cfgtab\000"
 1197      616200
ARM GAS  /tmp/ccy0rCKe.s 			page 23


 1198              	.LASF2:
 1199 0132 756E7369 		.ascii	"unsigned char\000"
 1199      676E6564 
 1199      20636861 
 1199      7200
 1200              	.LASF25:
 1201 0140 41504232 		.ascii	"APB2ENR\000"
 1201      454E5200 
 1202              	.LASF11:
 1203 0148 6C6F6E67 		.ascii	"long long unsigned int\000"
 1203      206C6F6E 
 1203      6720756E 
 1203      7369676E 
 1203      65642069 
 1204              	.LASF14:
 1205 015f 75696E74 		.ascii	"uint32_t\000"
 1205      33325F74 
 1205      00
 1206              	.LASF0:
 1207 0168 756E7369 		.ascii	"unsigned int\000"
 1207      676E6564 
 1207      20696E74 
 1207      00
 1208              	.LASF29:
 1209 0175 43464752 		.ascii	"CFGR2\000"
 1209      3200
 1210              	.LASF31:
 1211 017b 73746D33 		.ascii	"stm32_gpio_setup_t\000"
 1211      325F6770 
 1211      696F5F73 
 1211      65747570 
 1211      5F7400
 1212              	.LASF4:
 1213 018e 73686F72 		.ascii	"short unsigned int\000"
 1213      7420756E 
 1213      7369676E 
 1213      65642069 
 1213      6E7400
 1214              	.LASF17:
 1215 01a1 63686172 		.ascii	"char\000"
 1215      00
 1216              	.LASF13:
 1217 01a6 696E7433 		.ascii	"int32_t\000"
 1217      325F7400 
 1218              	.LASF36:
 1219 01ae 50414C43 		.ascii	"PALConfig\000"
 1219      6F6E6669 
 1219      6700
 1220              	.LASF15:
 1221 01b8 5F426F6F 		.ascii	"_Bool\000"
 1221      6C00
 1222              	.LASF28:
 1223 01be 52455345 		.ascii	"RESERVED0\000"
 1223      52564544 
 1223      3000
 1224              	.LASF43:
 1225 01c8 706F7274 		.ascii	"port\000"
ARM GAS  /tmp/ccy0rCKe.s 			page 24


 1225      00
 1226              	.LASF9:
 1227 01cd 6C6F6E67 		.ascii	"long unsigned int\000"
 1227      20756E73 
 1227      69676E65 
 1227      6420696E 
 1227      7400
 1228              	.LASF47:
 1229 01df 474E5520 		.ascii	"GNU C 4.8.3 -mcpu=cortex-m3 -mno-thumb-interwork -m"
 1229      4320342E 
 1229      382E3320 
 1229      2D6D6370 
 1229      753D636F 
 1230 0212 7468756D 		.ascii	"thumb -ggdb -O2 -fomit-frame-pointer -ffunction-sec"
 1230      62202D67 
 1230      67646220 
 1230      2D4F3220 
 1230      2D666F6D 
 1231 0245 74696F6E 		.ascii	"tions -fdata-sections -fno-common\000"
 1231      73202D66 
 1231      64617461 
 1231      2D736563 
 1231      74696F6E 
 1232              	.LASF6:
 1233 0267 5F5F696E 		.ascii	"__int32_t\000"
 1233      7433325F 
 1233      7400
 1234              	.LASF49:
 1235 0271 2F686F6D 		.ascii	"/home/development/Projects/openpv/TF_OSC_ChibiOS/jo"
 1235      652F6465 
 1235      76656C6F 
 1235      706D656E 
 1235      742F5072 
 1236 02a4 6D626C6F 		.ascii	"mblo/BASIC\000"
 1236      2F424153 
 1236      494300
 1237              	.LASF50:
 1238 02af 49544D5F 		.ascii	"ITM_RxBuffer\000"
 1238      52784275 
 1238      66666572 
 1238      00
 1239              	.LASF33:
 1240 02bc 50424461 		.ascii	"PBData\000"
 1240      746100
 1241              	.LASF21:
 1242 02c3 43464752 		.ascii	"CFGR\000"
 1242      00
 1243              	.LASF19:
 1244 02c8 4C434B52 		.ascii	"LCKR\000"
 1244      00
 1245              	.LASF44:
 1246 02cd 6D61736B 		.ascii	"mask\000"
 1246      00
 1247              		.ident	"GCC: (4.8.3-18ubuntu2+12) 4.8.3"
ARM GAS  /tmp/ccy0rCKe.s 			page 25


DEFINED SYMBOLS
                            *ABS*:00000000 pal_lld.c
     /tmp/ccy0rCKe.s:19     .text._pal_lld_init:00000000 $t
     /tmp/ccy0rCKe.s:24     .text._pal_lld_init:00000000 _pal_lld_init
     /tmp/ccy0rCKe.s:100    .text._pal_lld_init:00000048 $d
     /tmp/ccy0rCKe.s:109    .text._pal_lld_setgroupmode:00000000 $t
     /tmp/ccy0rCKe.s:114    .text._pal_lld_setgroupmode:00000000 _pal_lld_setgroupmode
     /tmp/ccy0rCKe.s:222    .text._pal_lld_setgroupmode:00000064 $d
     /tmp/ccy0rCKe.s:227    .rodata.cfgtab.6057:00000000 $d
     /tmp/ccy0rCKe.s:231    .rodata.cfgtab.6057:00000000 cfgtab.6057
                     .debug_frame:00000010 $d

NO UNDEFINED SYMBOLS
