ARM GAS  /tmp/ccl5aMSl.s 			page 1


   1              		.syntax unified
   2              		.cpu cortex-m3
   3              		.fpu softvfp
   4              		.eabi_attribute 20, 1
   5              		.eabi_attribute 21, 1
   6              		.eabi_attribute 23, 3
   7              		.eabi_attribute 24, 1
   8              		.eabi_attribute 25, 1
   9              		.eabi_attribute 26, 1
  10              		.eabi_attribute 30, 2
  11              		.eabi_attribute 34, 1
  12              		.eabi_attribute 18, 4
  13              		.thumb
  14              		.file	"vectors.c"
  15              		.text
  16              	.Ltext0:
  17              		.cfi_sections	.debug_frame
  18              		.section	.text._unhandled_exception,"ax",%progbits
  19              		.align	2
  20              		.global	_unhandled_exception
  21              		.thumb
  22              		.thumb_func
  23              		.type	_unhandled_exception, %function
  24              	_unhandled_exception:
  25              	.LFB7:
  26              		.file 1 "../../os/ports/GCC/ARMCMx/STM32F1xx/vectors.c"
  27              		.loc 1 241 0
  28              		.cfi_startproc
  29              		@ Naked Function: prologue and epilogue provided by programmer.
  30              		@ Volatile: function does not return.
  31              		@ args = 0, pretend = 0, frame = 0
  32              		@ frame_needed = 0, uses_anonymous_args = 0
  33              	.L2:
  34 0000 FEE7     		b	.L2
  35              		.cfi_endproc
  36              	.LFE7:
  37              		.size	_unhandled_exception, .-_unhandled_exception
  38              		.weak	NMIVector
  39              		.thumb_set NMIVector,_unhandled_exception
  40              		.weak	HardFaultVector
  41              		.thumb_set HardFaultVector,_unhandled_exception
  42              		.weak	MemManageVector
  43              		.thumb_set MemManageVector,_unhandled_exception
  44              		.weak	BusFaultVector
  45              		.thumb_set BusFaultVector,_unhandled_exception
  46              		.weak	UsageFaultVector
  47              		.thumb_set UsageFaultVector,_unhandled_exception
  48              		.weak	Vector1C
  49              		.thumb_set Vector1C,_unhandled_exception
  50              		.weak	Vector20
  51              		.thumb_set Vector20,_unhandled_exception
  52              		.weak	Vector24
  53              		.thumb_set Vector24,_unhandled_exception
  54              		.weak	Vector28
  55              		.thumb_set Vector28,_unhandled_exception
  56              		.weak	SVCallVector
  57              		.thumb_set SVCallVector,_unhandled_exception
ARM GAS  /tmp/ccl5aMSl.s 			page 2


  58              		.weak	DebugMonitorVector
  59              		.thumb_set DebugMonitorVector,_unhandled_exception
  60              		.weak	Vector34
  61              		.thumb_set Vector34,_unhandled_exception
  62              		.weak	PendSVVector
  63              		.thumb_set PendSVVector,_unhandled_exception
  64              		.weak	SysTickVector
  65              		.thumb_set SysTickVector,_unhandled_exception
  66              		.weak	Vector40
  67              		.thumb_set Vector40,_unhandled_exception
  68              		.weak	Vector44
  69              		.thumb_set Vector44,_unhandled_exception
  70              		.weak	Vector48
  71              		.thumb_set Vector48,_unhandled_exception
  72              		.weak	Vector4C
  73              		.thumb_set Vector4C,_unhandled_exception
  74              		.weak	Vector50
  75              		.thumb_set Vector50,_unhandled_exception
  76              		.weak	Vector54
  77              		.thumb_set Vector54,_unhandled_exception
  78              		.weak	Vector58
  79              		.thumb_set Vector58,_unhandled_exception
  80              		.weak	Vector5C
  81              		.thumb_set Vector5C,_unhandled_exception
  82              		.weak	Vector60
  83              		.thumb_set Vector60,_unhandled_exception
  84              		.weak	Vector64
  85              		.thumb_set Vector64,_unhandled_exception
  86              		.weak	Vector68
  87              		.thumb_set Vector68,_unhandled_exception
  88              		.weak	Vector6C
  89              		.thumb_set Vector6C,_unhandled_exception
  90              		.weak	Vector70
  91              		.thumb_set Vector70,_unhandled_exception
  92              		.weak	Vector74
  93              		.thumb_set Vector74,_unhandled_exception
  94              		.weak	Vector78
  95              		.thumb_set Vector78,_unhandled_exception
  96              		.weak	Vector7C
  97              		.thumb_set Vector7C,_unhandled_exception
  98              		.weak	Vector80
  99              		.thumb_set Vector80,_unhandled_exception
 100              		.weak	Vector84
 101              		.thumb_set Vector84,_unhandled_exception
 102              		.weak	Vector88
 103              		.thumb_set Vector88,_unhandled_exception
 104              		.weak	Vector8C
 105              		.thumb_set Vector8C,_unhandled_exception
 106              		.weak	Vector90
 107              		.thumb_set Vector90,_unhandled_exception
 108              		.weak	Vector94
 109              		.thumb_set Vector94,_unhandled_exception
 110              		.weak	Vector98
 111              		.thumb_set Vector98,_unhandled_exception
 112              		.weak	Vector9C
 113              		.thumb_set Vector9C,_unhandled_exception
 114              		.weak	VectorA0
ARM GAS  /tmp/ccl5aMSl.s 			page 3


 115              		.thumb_set VectorA0,_unhandled_exception
 116              		.weak	VectorA4
 117              		.thumb_set VectorA4,_unhandled_exception
 118              		.weak	VectorA8
 119              		.thumb_set VectorA8,_unhandled_exception
 120              		.weak	VectorAC
 121              		.thumb_set VectorAC,_unhandled_exception
 122              		.weak	VectorB0
 123              		.thumb_set VectorB0,_unhandled_exception
 124              		.weak	VectorB4
 125              		.thumb_set VectorB4,_unhandled_exception
 126              		.weak	VectorB8
 127              		.thumb_set VectorB8,_unhandled_exception
 128              		.weak	VectorBC
 129              		.thumb_set VectorBC,_unhandled_exception
 130              		.weak	VectorC0
 131              		.thumb_set VectorC0,_unhandled_exception
 132              		.weak	VectorC4
 133              		.thumb_set VectorC4,_unhandled_exception
 134              		.weak	VectorC8
 135              		.thumb_set VectorC8,_unhandled_exception
 136              		.weak	VectorCC
 137              		.thumb_set VectorCC,_unhandled_exception
 138              		.weak	VectorD0
 139              		.thumb_set VectorD0,_unhandled_exception
 140              		.weak	VectorD4
 141              		.thumb_set VectorD4,_unhandled_exception
 142              		.weak	VectorD8
 143              		.thumb_set VectorD8,_unhandled_exception
 144              		.weak	VectorDC
 145              		.thumb_set VectorDC,_unhandled_exception
 146              		.weak	VectorE0
 147              		.thumb_set VectorE0,_unhandled_exception
 148              		.weak	VectorE4
 149              		.thumb_set VectorE4,_unhandled_exception
 150              		.weak	VectorE8
 151              		.thumb_set VectorE8,_unhandled_exception
 152              		.global	_vectors
 153 0002 00BF     		.section	vectors,"aw",%progbits
 154              		.align	2
 155              		.type	_vectors, %object
 156              		.size	_vectors, 236
 157              	_vectors:
 158 0000 00000000 		.word	__main_stack_end__
 159 0004 00000000 		.word	ResetHandler
 160 0008 00000000 		.word	NMIVector
 161 000c 00000000 		.word	HardFaultVector
 162 0010 00000000 		.word	MemManageVector
 163 0014 00000000 		.word	BusFaultVector
 164 0018 00000000 		.word	UsageFaultVector
 165 001c 00000000 		.word	Vector1C
 166 0020 00000000 		.word	Vector20
 167 0024 00000000 		.word	Vector24
 168 0028 00000000 		.word	Vector28
 169 002c 00000000 		.word	SVCallVector
 170 0030 00000000 		.word	DebugMonitorVector
 171 0034 00000000 		.word	Vector34
ARM GAS  /tmp/ccl5aMSl.s 			page 4


 172 0038 00000000 		.word	PendSVVector
 173 003c 00000000 		.word	SysTickVector
 174 0040 00000000 		.word	Vector40
 175 0044 00000000 		.word	Vector44
 176 0048 00000000 		.word	Vector48
 177 004c 00000000 		.word	Vector4C
 178 0050 00000000 		.word	Vector50
 179 0054 00000000 		.word	Vector54
 180 0058 00000000 		.word	Vector58
 181 005c 00000000 		.word	Vector5C
 182 0060 00000000 		.word	Vector60
 183 0064 00000000 		.word	Vector64
 184 0068 00000000 		.word	Vector68
 185 006c 00000000 		.word	Vector6C
 186 0070 00000000 		.word	Vector70
 187 0074 00000000 		.word	Vector74
 188 0078 00000000 		.word	Vector78
 189 007c 00000000 		.word	Vector7C
 190 0080 00000000 		.word	Vector80
 191 0084 00000000 		.word	Vector84
 192 0088 00000000 		.word	Vector88
 193 008c 00000000 		.word	Vector8C
 194 0090 00000000 		.word	Vector90
 195 0094 00000000 		.word	Vector94
 196 0098 00000000 		.word	Vector98
 197 009c 00000000 		.word	Vector9C
 198 00a0 00000000 		.word	VectorA0
 199 00a4 00000000 		.word	VectorA4
 200 00a8 00000000 		.word	VectorA8
 201 00ac 00000000 		.word	VectorAC
 202 00b0 00000000 		.word	VectorB0
 203 00b4 00000000 		.word	VectorB4
 204 00b8 00000000 		.word	VectorB8
 205 00bc 00000000 		.word	VectorBC
 206 00c0 00000000 		.word	VectorC0
 207 00c4 00000000 		.word	VectorC4
 208 00c8 00000000 		.word	VectorC8
 209 00cc 00000000 		.word	VectorCC
 210 00d0 00000000 		.word	VectorD0
 211 00d4 00000000 		.word	VectorD4
 212 00d8 00000000 		.word	VectorD8
 213 00dc 00000000 		.word	VectorDC
 214 00e0 00000000 		.word	VectorE0
 215 00e4 00000000 		.word	VectorE4
 216 00e8 00000000 		.word	VectorE8
 217              		.text
 218              	.Letext0:
 219              		.file 2 "/usr/include/newlib/machine/_default_types.h"
 220              		.file 3 "/usr/include/newlib/stdint.h"
 221              		.section	.debug_info,"",%progbits
 222              	.Ldebug_info0:
 223 0000 C8010000 		.4byte	0x1c8
 224 0004 0400     		.2byte	0x4
 225 0006 00000000 		.4byte	.Ldebug_abbrev0
 226 000a 04       		.byte	0x4
 227 000b 01       		.uleb128 0x1
 228 000c 05020000 		.4byte	.LASF35
ARM GAS  /tmp/ccl5aMSl.s 			page 5


 229 0010 01       		.byte	0x1
 230 0011 ED000000 		.4byte	.LASF36
 231 0015 97000000 		.4byte	.LASF37
 232 0019 00000000 		.4byte	.Ldebug_ranges0+0
 233 001d 00000000 		.4byte	0
 234 0021 00000000 		.4byte	.Ldebug_line0
 235 0025 02       		.uleb128 0x2
 236 0026 04       		.byte	0x4
 237 0027 05       		.byte	0x5
 238 0028 696E7400 		.ascii	"int\000"
 239 002c 03       		.uleb128 0x3
 240 002d 04       		.byte	0x4
 241 002e 07       		.byte	0x7
 242 002f D5000000 		.4byte	.LASF0
 243 0033 03       		.uleb128 0x3
 244 0034 01       		.byte	0x1
 245 0035 06       		.byte	0x6
 246 0036 F9010000 		.4byte	.LASF1
 247 003a 03       		.uleb128 0x3
 248 003b 01       		.byte	0x1
 249 003c 08       		.byte	0x8
 250 003d 41000000 		.4byte	.LASF2
 251 0041 03       		.uleb128 0x3
 252 0042 02       		.byte	0x2
 253 0043 05       		.byte	0x5
 254 0044 D0010000 		.4byte	.LASF3
 255 0048 03       		.uleb128 0x3
 256 0049 02       		.byte	0x2
 257 004a 07       		.byte	0x7
 258 004b 61000000 		.4byte	.LASF4
 259 004f 03       		.uleb128 0x3
 260 0050 04       		.byte	0x4
 261 0051 05       		.byte	0x5
 262 0052 F0010000 		.4byte	.LASF5
 263 0056 04       		.uleb128 0x4
 264 0057 8C000000 		.4byte	.LASF9
 265 005b 02       		.byte	0x2
 266 005c 41       		.byte	0x41
 267 005d 61000000 		.4byte	0x61
 268 0061 03       		.uleb128 0x3
 269 0062 04       		.byte	0x4
 270 0063 07       		.byte	0x7
 271 0064 4F000000 		.4byte	.LASF6
 272 0068 03       		.uleb128 0x3
 273 0069 08       		.byte	0x8
 274 006a 05       		.byte	0x5
 275 006b 8F010000 		.4byte	.LASF7
 276 006f 03       		.uleb128 0x3
 277 0070 08       		.byte	0x8
 278 0071 07       		.byte	0x7
 279 0072 1B010000 		.4byte	.LASF8
 280 0076 04       		.uleb128 0x4
 281 0077 E7010000 		.4byte	.LASF10
 282 007b 03       		.byte	0x3
 283 007c 42       		.byte	0x42
 284 007d 56000000 		.4byte	0x56
 285 0081 03       		.uleb128 0x3
ARM GAS  /tmp/ccl5aMSl.s 			page 6


 286 0082 01       		.byte	0x1
 287 0083 02       		.byte	0x2
 288 0084 AA020000 		.4byte	.LASF11
 289 0088 03       		.uleb128 0x3
 290 0089 04       		.byte	0x4
 291 008a 07       		.byte	0x7
 292 008b 67010000 		.4byte	.LASF12
 293 008f 03       		.uleb128 0x3
 294 0090 01       		.byte	0x1
 295 0091 08       		.byte	0x8
 296 0092 9D010000 		.4byte	.LASF13
 297 0096 04       		.uleb128 0x4
 298 0097 09000000 		.4byte	.LASF14
 299 009b 01       		.byte	0x1
 300 009c 48       		.byte	0x48
 301 009d A1000000 		.4byte	0xa1
 302 00a1 05       		.uleb128 0x5
 303 00a2 04       		.byte	0x4
 304 00a3 A7000000 		.4byte	0xa7
 305 00a7 06       		.uleb128 0x6
 306 00a8 07       		.uleb128 0x7
 307 00a9 EC       		.byte	0xec
 308 00aa 01       		.byte	0x1
 309 00ab 4D       		.byte	0x4d
 310 00ac 7D010000 		.4byte	0x17d
 311 00b0 08       		.uleb128 0x8
 312 00b1 28000000 		.4byte	.LASF15
 313 00b5 01       		.byte	0x1
 314 00b6 4E       		.byte	0x4e
 315 00b7 7D010000 		.4byte	0x17d
 316 00bb 00       		.byte	0
 317 00bc 08       		.uleb128 0x8
 318 00bd DA010000 		.4byte	.LASF16
 319 00c1 01       		.byte	0x1
 320 00c2 4F       		.byte	0x4f
 321 00c3 96000000 		.4byte	0x96
 322 00c7 04       		.byte	0x4
 323 00c8 08       		.uleb128 0x8
 324 00c9 E2000000 		.4byte	.LASF17
 325 00cd 01       		.byte	0x1
 326 00ce 50       		.byte	0x50
 327 00cf 96000000 		.4byte	0x96
 328 00d3 08       		.byte	0x8
 329 00d4 08       		.uleb128 0x8
 330 00d5 7E010000 		.4byte	.LASF18
 331 00d9 01       		.byte	0x1
 332 00da 51       		.byte	0x51
 333 00db 96000000 		.4byte	0x96
 334 00df 0C       		.byte	0xc
 335 00e0 08       		.uleb128 0x8
 336 00e1 A2010000 		.4byte	.LASF19
 337 00e5 01       		.byte	0x1
 338 00e6 52       		.byte	0x52
 339 00e7 96000000 		.4byte	0x96
 340 00eb 10       		.byte	0x10
 341 00ec 08       		.uleb128 0x8
 342 00ed 32010000 		.4byte	.LASF20
ARM GAS  /tmp/ccl5aMSl.s 			page 7


 343 00f1 01       		.byte	0x1
 344 00f2 53       		.byte	0x53
 345 00f3 96000000 		.4byte	0x96
 346 00f7 14       		.byte	0x14
 347 00f8 08       		.uleb128 0x8
 348 00f9 4B010000 		.4byte	.LASF21
 349 00fd 01       		.byte	0x1
 350 00fe 54       		.byte	0x54
 351 00ff 96000000 		.4byte	0x96
 352 0103 18       		.byte	0x18
 353 0104 08       		.uleb128 0x8
 354 0105 74000000 		.4byte	.LASF22
 355 0109 01       		.byte	0x1
 356 010a 55       		.byte	0x55
 357 010b 96000000 		.4byte	0x96
 358 010f 1C       		.byte	0x1c
 359 0110 08       		.uleb128 0x8
 360 0111 A1020000 		.4byte	.LASF23
 361 0115 01       		.byte	0x1
 362 0116 56       		.byte	0x56
 363 0117 96000000 		.4byte	0x96
 364 011b 20       		.byte	0x20
 365 011c 08       		.uleb128 0x8
 366 011d 00000000 		.4byte	.LASF24
 367 0121 01       		.byte	0x1
 368 0122 57       		.byte	0x57
 369 0123 96000000 		.4byte	0x96
 370 0127 24       		.byte	0x24
 371 0128 08       		.uleb128 0x8
 372 0129 42010000 		.4byte	.LASF25
 373 012d 01       		.byte	0x1
 374 012e 58       		.byte	0x58
 375 012f 96000000 		.4byte	0x96
 376 0133 28       		.byte	0x28
 377 0134 08       		.uleb128 0x8
 378 0135 33000000 		.4byte	.LASF26
 379 0139 01       		.byte	0x1
 380 013a 59       		.byte	0x59
 381 013b 96000000 		.4byte	0x96
 382 013f 2C       		.byte	0x2c
 383 0140 08       		.uleb128 0x8
 384 0141 8D020000 		.4byte	.LASF27
 385 0145 01       		.byte	0x1
 386 0146 5A       		.byte	0x5a
 387 0147 96000000 		.4byte	0x96
 388 014b 30       		.byte	0x30
 389 014c 08       		.uleb128 0x8
 390 014d 16000000 		.4byte	.LASF28
 391 0151 01       		.byte	0x1
 392 0152 5B       		.byte	0x5b
 393 0153 96000000 		.4byte	0x96
 394 0157 34       		.byte	0x34
 395 0158 08       		.uleb128 0x8
 396 0159 70010000 		.4byte	.LASF29
 397 015d 01       		.byte	0x1
 398 015e 5C       		.byte	0x5c
 399 015f 96000000 		.4byte	0x96
ARM GAS  /tmp/ccl5aMSl.s 			page 8


 400 0163 38       		.byte	0x38
 401 0164 08       		.uleb128 0x8
 402 0165 7D000000 		.4byte	.LASF30
 403 0169 01       		.byte	0x1
 404 016a 5D       		.byte	0x5d
 405 016b 96000000 		.4byte	0x96
 406 016f 3C       		.byte	0x3c
 407 0170 08       		.uleb128 0x8
 408 0171 C8010000 		.4byte	.LASF31
 409 0175 01       		.byte	0x1
 410 0176 5E       		.byte	0x5e
 411 0177 83010000 		.4byte	0x183
 412 017b 40       		.byte	0x40
 413 017c 00       		.byte	0
 414 017d 05       		.uleb128 0x5
 415 017e 04       		.byte	0x4
 416 017f 76000000 		.4byte	0x76
 417 0183 09       		.uleb128 0x9
 418 0184 96000000 		.4byte	0x96
 419 0188 93010000 		.4byte	0x193
 420 018c 0A       		.uleb128 0xa
 421 018d 88000000 		.4byte	0x88
 422 0191 2A       		.byte	0x2a
 423 0192 00       		.byte	0
 424 0193 04       		.uleb128 0x4
 425 0194 5D010000 		.4byte	.LASF32
 426 0198 01       		.byte	0x1
 427 0199 5F       		.byte	0x5f
 428 019a A8000000 		.4byte	0xa8
 429 019e 0B       		.uleb128 0xb
 430 019f B3010000 		.4byte	.LASF38
 431 01a3 01       		.byte	0x1
 432 01a4 F1       		.byte	0xf1
 433 01a5 00000000 		.4byte	.LFB7
 434 01a9 02000000 		.4byte	.LFE7-.LFB7
 435 01ad 01       		.uleb128 0x1
 436 01ae 9C       		.byte	0x9c
 437 01af 0C       		.uleb128 0xc
 438 01b0 B0020000 		.4byte	.LASF33
 439 01b4 01       		.byte	0x1
 440 01b5 62       		.byte	0x62
 441 01b6 76000000 		.4byte	0x76
 442 01ba 0D       		.uleb128 0xd
 443 01bb 1F000000 		.4byte	.LASF34
 444 01bf 01       		.byte	0x1
 445 01c0 C5       		.byte	0xc5
 446 01c1 93010000 		.4byte	0x193
 447 01c5 05       		.uleb128 0x5
 448 01c6 03       		.byte	0x3
 449 01c7 00000000 		.4byte	_vectors
 450 01cb 00       		.byte	0
 451              		.section	.debug_abbrev,"",%progbits
 452              	.Ldebug_abbrev0:
 453 0000 01       		.uleb128 0x1
 454 0001 11       		.uleb128 0x11
 455 0002 01       		.byte	0x1
 456 0003 25       		.uleb128 0x25
ARM GAS  /tmp/ccl5aMSl.s 			page 9


 457 0004 0E       		.uleb128 0xe
 458 0005 13       		.uleb128 0x13
 459 0006 0B       		.uleb128 0xb
 460 0007 03       		.uleb128 0x3
 461 0008 0E       		.uleb128 0xe
 462 0009 1B       		.uleb128 0x1b
 463 000a 0E       		.uleb128 0xe
 464 000b 55       		.uleb128 0x55
 465 000c 17       		.uleb128 0x17
 466 000d 11       		.uleb128 0x11
 467 000e 01       		.uleb128 0x1
 468 000f 10       		.uleb128 0x10
 469 0010 17       		.uleb128 0x17
 470 0011 00       		.byte	0
 471 0012 00       		.byte	0
 472 0013 02       		.uleb128 0x2
 473 0014 24       		.uleb128 0x24
 474 0015 00       		.byte	0
 475 0016 0B       		.uleb128 0xb
 476 0017 0B       		.uleb128 0xb
 477 0018 3E       		.uleb128 0x3e
 478 0019 0B       		.uleb128 0xb
 479 001a 03       		.uleb128 0x3
 480 001b 08       		.uleb128 0x8
 481 001c 00       		.byte	0
 482 001d 00       		.byte	0
 483 001e 03       		.uleb128 0x3
 484 001f 24       		.uleb128 0x24
 485 0020 00       		.byte	0
 486 0021 0B       		.uleb128 0xb
 487 0022 0B       		.uleb128 0xb
 488 0023 3E       		.uleb128 0x3e
 489 0024 0B       		.uleb128 0xb
 490 0025 03       		.uleb128 0x3
 491 0026 0E       		.uleb128 0xe
 492 0027 00       		.byte	0
 493 0028 00       		.byte	0
 494 0029 04       		.uleb128 0x4
 495 002a 16       		.uleb128 0x16
 496 002b 00       		.byte	0
 497 002c 03       		.uleb128 0x3
 498 002d 0E       		.uleb128 0xe
 499 002e 3A       		.uleb128 0x3a
 500 002f 0B       		.uleb128 0xb
 501 0030 3B       		.uleb128 0x3b
 502 0031 0B       		.uleb128 0xb
 503 0032 49       		.uleb128 0x49
 504 0033 13       		.uleb128 0x13
 505 0034 00       		.byte	0
 506 0035 00       		.byte	0
 507 0036 05       		.uleb128 0x5
 508 0037 0F       		.uleb128 0xf
 509 0038 00       		.byte	0
 510 0039 0B       		.uleb128 0xb
 511 003a 0B       		.uleb128 0xb
 512 003b 49       		.uleb128 0x49
 513 003c 13       		.uleb128 0x13
ARM GAS  /tmp/ccl5aMSl.s 			page 10


 514 003d 00       		.byte	0
 515 003e 00       		.byte	0
 516 003f 06       		.uleb128 0x6
 517 0040 15       		.uleb128 0x15
 518 0041 00       		.byte	0
 519 0042 27       		.uleb128 0x27
 520 0043 19       		.uleb128 0x19
 521 0044 00       		.byte	0
 522 0045 00       		.byte	0
 523 0046 07       		.uleb128 0x7
 524 0047 13       		.uleb128 0x13
 525 0048 01       		.byte	0x1
 526 0049 0B       		.uleb128 0xb
 527 004a 0B       		.uleb128 0xb
 528 004b 3A       		.uleb128 0x3a
 529 004c 0B       		.uleb128 0xb
 530 004d 3B       		.uleb128 0x3b
 531 004e 0B       		.uleb128 0xb
 532 004f 01       		.uleb128 0x1
 533 0050 13       		.uleb128 0x13
 534 0051 00       		.byte	0
 535 0052 00       		.byte	0
 536 0053 08       		.uleb128 0x8
 537 0054 0D       		.uleb128 0xd
 538 0055 00       		.byte	0
 539 0056 03       		.uleb128 0x3
 540 0057 0E       		.uleb128 0xe
 541 0058 3A       		.uleb128 0x3a
 542 0059 0B       		.uleb128 0xb
 543 005a 3B       		.uleb128 0x3b
 544 005b 0B       		.uleb128 0xb
 545 005c 49       		.uleb128 0x49
 546 005d 13       		.uleb128 0x13
 547 005e 38       		.uleb128 0x38
 548 005f 0B       		.uleb128 0xb
 549 0060 00       		.byte	0
 550 0061 00       		.byte	0
 551 0062 09       		.uleb128 0x9
 552 0063 01       		.uleb128 0x1
 553 0064 01       		.byte	0x1
 554 0065 49       		.uleb128 0x49
 555 0066 13       		.uleb128 0x13
 556 0067 01       		.uleb128 0x1
 557 0068 13       		.uleb128 0x13
 558 0069 00       		.byte	0
 559 006a 00       		.byte	0
 560 006b 0A       		.uleb128 0xa
 561 006c 21       		.uleb128 0x21
 562 006d 00       		.byte	0
 563 006e 49       		.uleb128 0x49
 564 006f 13       		.uleb128 0x13
 565 0070 2F       		.uleb128 0x2f
 566 0071 0B       		.uleb128 0xb
 567 0072 00       		.byte	0
 568 0073 00       		.byte	0
 569 0074 0B       		.uleb128 0xb
 570 0075 2E       		.uleb128 0x2e
ARM GAS  /tmp/ccl5aMSl.s 			page 11


 571 0076 00       		.byte	0
 572 0077 3F       		.uleb128 0x3f
 573 0078 19       		.uleb128 0x19
 574 0079 03       		.uleb128 0x3
 575 007a 0E       		.uleb128 0xe
 576 007b 3A       		.uleb128 0x3a
 577 007c 0B       		.uleb128 0xb
 578 007d 3B       		.uleb128 0x3b
 579 007e 0B       		.uleb128 0xb
 580 007f 27       		.uleb128 0x27
 581 0080 19       		.uleb128 0x19
 582 0081 11       		.uleb128 0x11
 583 0082 01       		.uleb128 0x1
 584 0083 12       		.uleb128 0x12
 585 0084 06       		.uleb128 0x6
 586 0085 40       		.uleb128 0x40
 587 0086 18       		.uleb128 0x18
 588 0087 9742     		.uleb128 0x2117
 589 0089 19       		.uleb128 0x19
 590 008a 00       		.byte	0
 591 008b 00       		.byte	0
 592 008c 0C       		.uleb128 0xc
 593 008d 34       		.uleb128 0x34
 594 008e 00       		.byte	0
 595 008f 03       		.uleb128 0x3
 596 0090 0E       		.uleb128 0xe
 597 0091 3A       		.uleb128 0x3a
 598 0092 0B       		.uleb128 0xb
 599 0093 3B       		.uleb128 0x3b
 600 0094 0B       		.uleb128 0xb
 601 0095 49       		.uleb128 0x49
 602 0096 13       		.uleb128 0x13
 603 0097 3F       		.uleb128 0x3f
 604 0098 19       		.uleb128 0x19
 605 0099 3C       		.uleb128 0x3c
 606 009a 19       		.uleb128 0x19
 607 009b 00       		.byte	0
 608 009c 00       		.byte	0
 609 009d 0D       		.uleb128 0xd
 610 009e 34       		.uleb128 0x34
 611 009f 00       		.byte	0
 612 00a0 03       		.uleb128 0x3
 613 00a1 0E       		.uleb128 0xe
 614 00a2 3A       		.uleb128 0x3a
 615 00a3 0B       		.uleb128 0xb
 616 00a4 3B       		.uleb128 0x3b
 617 00a5 0B       		.uleb128 0xb
 618 00a6 49       		.uleb128 0x49
 619 00a7 13       		.uleb128 0x13
 620 00a8 3F       		.uleb128 0x3f
 621 00a9 19       		.uleb128 0x19
 622 00aa 02       		.uleb128 0x2
 623 00ab 18       		.uleb128 0x18
 624 00ac 00       		.byte	0
 625 00ad 00       		.byte	0
 626 00ae 00       		.byte	0
 627              		.section	.debug_aranges,"",%progbits
ARM GAS  /tmp/ccl5aMSl.s 			page 12


 628 0000 1C000000 		.4byte	0x1c
 629 0004 0200     		.2byte	0x2
 630 0006 00000000 		.4byte	.Ldebug_info0
 631 000a 04       		.byte	0x4
 632 000b 00       		.byte	0
 633 000c 0000     		.2byte	0
 634 000e 0000     		.2byte	0
 635 0010 00000000 		.4byte	.LFB7
 636 0014 02000000 		.4byte	.LFE7-.LFB7
 637 0018 00000000 		.4byte	0
 638 001c 00000000 		.4byte	0
 639              		.section	.debug_ranges,"",%progbits
 640              	.Ldebug_ranges0:
 641 0000 00000000 		.4byte	.LFB7
 642 0004 02000000 		.4byte	.LFE7
 643 0008 00000000 		.4byte	0
 644 000c 00000000 		.4byte	0
 645              		.section	.debug_line,"",%progbits
 646              	.Ldebug_line0:
 647 0000 AA000000 		.section	.debug_str,"MS",%progbits,1
 647      02009400 
 647      00000201 
 647      FB0E0D00 
 647      01010101 
 648              	.LASF24:
 649 0000 76656374 		.ascii	"vector24\000"
 649      6F723234 
 649      00
 650              	.LASF14:
 651 0009 6972715F 		.ascii	"irq_vector_t\000"
 651      76656374 
 651      6F725F74 
 651      00
 652              	.LASF28:
 653 0016 76656374 		.ascii	"vector34\000"
 653      6F723334 
 653      00
 654              	.LASF34:
 655 001f 5F766563 		.ascii	"_vectors\000"
 655      746F7273 
 655      00
 656              	.LASF15:
 657 0028 696E6974 		.ascii	"init_stack\000"
 657      5F737461 
 657      636B00
 658              	.LASF26:
 659 0033 73766361 		.ascii	"svcall_vector\000"
 659      6C6C5F76 
 659      6563746F 
 659      7200
 660              	.LASF2:
 661 0041 756E7369 		.ascii	"unsigned char\000"
 661      676E6564 
 661      20636861 
 661      7200
 662              	.LASF6:
 663 004f 6C6F6E67 		.ascii	"long unsigned int\000"
ARM GAS  /tmp/ccl5aMSl.s 			page 13


 663      20756E73 
 663      69676E65 
 663      6420696E 
 663      7400
 664              	.LASF4:
 665 0061 73686F72 		.ascii	"short unsigned int\000"
 665      7420756E 
 665      7369676E 
 665      65642069 
 665      6E7400
 666              	.LASF22:
 667 0074 76656374 		.ascii	"vector1c\000"
 667      6F723163 
 667      00
 668              	.LASF30:
 669 007d 73797374 		.ascii	"systick_vector\000"
 669      69636B5F 
 669      76656374 
 669      6F7200
 670              	.LASF9:
 671 008c 5F5F7569 		.ascii	"__uint32_t\000"
 671      6E743332 
 671      5F7400
 672              	.LASF37:
 673 0097 2F686F6D 		.ascii	"/home/development/Projects/openpv/TF_OSC_ChibiOS/jo"
 673      652F6465 
 673      76656C6F 
 673      706D656E 
 673      742F5072 
 674 00ca 6D626C6F 		.ascii	"mblo/BASIC\000"
 674      2F424153 
 674      494300
 675              	.LASF0:
 676 00d5 756E7369 		.ascii	"unsigned int\000"
 676      676E6564 
 676      20696E74 
 676      00
 677              	.LASF17:
 678 00e2 6E6D695F 		.ascii	"nmi_vector\000"
 678      76656374 
 678      6F7200
 679              	.LASF36:
 680 00ed 2E2E2F2E 		.ascii	"../../os/ports/GCC/ARMCMx/STM32F1xx/vectors.c\000"
 680      2E2F6F73 
 680      2F706F72 
 680      74732F47 
 680      43432F41 
 681              	.LASF8:
 682 011b 6C6F6E67 		.ascii	"long long unsigned int\000"
 682      206C6F6E 
 682      6720756E 
 682      7369676E 
 682      65642069 
 683              	.LASF20:
 684 0132 62757366 		.ascii	"busfault_vector\000"
 684      61756C74 
 684      5F766563 
ARM GAS  /tmp/ccl5aMSl.s 			page 14


 684      746F7200 
 685              	.LASF25:
 686 0142 76656374 		.ascii	"vector28\000"
 686      6F723238 
 686      00
 687              	.LASF21:
 688 014b 75736167 		.ascii	"usagefault_vector\000"
 688      65666175 
 688      6C745F76 
 688      6563746F 
 688      7200
 689              	.LASF32:
 690 015d 76656374 		.ascii	"vectors_t\000"
 690      6F72735F 
 690      7400
 691              	.LASF12:
 692 0167 73697A65 		.ascii	"sizetype\000"
 692      74797065 
 692      00
 693              	.LASF29:
 694 0170 70656E64 		.ascii	"pendsv_vector\000"
 694      73765F76 
 694      6563746F 
 694      7200
 695              	.LASF18:
 696 017e 68617264 		.ascii	"hardfault_vector\000"
 696      6661756C 
 696      745F7665 
 696      63746F72 
 696      00
 697              	.LASF7:
 698 018f 6C6F6E67 		.ascii	"long long int\000"
 698      206C6F6E 
 698      6720696E 
 698      7400
 699              	.LASF13:
 700 019d 63686172 		.ascii	"char\000"
 700      00
 701              	.LASF19:
 702 01a2 6D656D6D 		.ascii	"memmanage_vector\000"
 702      616E6167 
 702      655F7665 
 702      63746F72 
 702      00
 703              	.LASF38:
 704 01b3 5F756E68 		.ascii	"_unhandled_exception\000"
 704      616E646C 
 704      65645F65 
 704      78636570 
 704      74696F6E 
 705              	.LASF31:
 706 01c8 76656374 		.ascii	"vectors\000"
 706      6F727300 
 707              	.LASF3:
 708 01d0 73686F72 		.ascii	"short int\000"
 708      7420696E 
 708      7400
ARM GAS  /tmp/ccl5aMSl.s 			page 15


 709              	.LASF16:
 710 01da 72657365 		.ascii	"reset_vector\000"
 710      745F7665 
 710      63746F72 
 710      00
 711              	.LASF10:
 712 01e7 75696E74 		.ascii	"uint32_t\000"
 712      33325F74 
 712      00
 713              	.LASF5:
 714 01f0 6C6F6E67 		.ascii	"long int\000"
 714      20696E74 
 714      00
 715              	.LASF1:
 716 01f9 7369676E 		.ascii	"signed char\000"
 716      65642063 
 716      68617200 
 717              	.LASF35:
 718 0205 474E5520 		.ascii	"GNU C 4.8.3 -mcpu=cortex-m3 -mno-thumb-interwork -m"
 718      4320342E 
 718      382E3320 
 718      2D6D6370 
 718      753D636F 
 719 0238 7468756D 		.ascii	"thumb -ggdb -O2 -fomit-frame-pointer -ffunction-sec"
 719      62202D67 
 719      67646220 
 719      2D4F3220 
 719      2D666F6D 
 720 026b 74696F6E 		.ascii	"tions -fdata-sections -fno-common\000"
 720      73202D66 
 720      64617461 
 720      2D736563 
 720      74696F6E 
 721              	.LASF27:
 722 028d 64656275 		.ascii	"debugmonitor_vector\000"
 722      676D6F6E 
 722      69746F72 
 722      5F766563 
 722      746F7200 
 723              	.LASF23:
 724 02a1 76656374 		.ascii	"vector20\000"
 724      6F723230 
 724      00
 725              	.LASF11:
 726 02aa 5F426F6F 		.ascii	"_Bool\000"
 726      6C00
 727              	.LASF33:
 728 02b0 5F5F6D61 		.ascii	"__main_stack_end__\000"
 728      696E5F73 
 728      7461636B 
 728      5F656E64 
 728      5F5F00
 729              		.ident	"GCC: (4.8.3-18ubuntu2+12) 4.8.3"
ARM GAS  /tmp/ccl5aMSl.s 			page 16


DEFINED SYMBOLS
                            *ABS*:00000000 vectors.c
     /tmp/ccl5aMSl.s:19     .text._unhandled_exception:00000000 $t
     /tmp/ccl5aMSl.s:24     .text._unhandled_exception:00000000 _unhandled_exception
     /tmp/ccl5aMSl.s:24     .text._unhandled_exception:00000000 NMIVector
     /tmp/ccl5aMSl.s:24     .text._unhandled_exception:00000000 HardFaultVector
     /tmp/ccl5aMSl.s:24     .text._unhandled_exception:00000000 MemManageVector
     /tmp/ccl5aMSl.s:24     .text._unhandled_exception:00000000 BusFaultVector
     /tmp/ccl5aMSl.s:24     .text._unhandled_exception:00000000 UsageFaultVector
     /tmp/ccl5aMSl.s:24     .text._unhandled_exception:00000000 Vector1C
     /tmp/ccl5aMSl.s:24     .text._unhandled_exception:00000000 Vector20
     /tmp/ccl5aMSl.s:24     .text._unhandled_exception:00000000 Vector24
     /tmp/ccl5aMSl.s:24     .text._unhandled_exception:00000000 Vector28
     /tmp/ccl5aMSl.s:24     .text._unhandled_exception:00000000 SVCallVector
     /tmp/ccl5aMSl.s:24     .text._unhandled_exception:00000000 DebugMonitorVector
     /tmp/ccl5aMSl.s:24     .text._unhandled_exception:00000000 Vector34
     /tmp/ccl5aMSl.s:24     .text._unhandled_exception:00000000 PendSVVector
     /tmp/ccl5aMSl.s:24     .text._unhandled_exception:00000000 SysTickVector
     /tmp/ccl5aMSl.s:24     .text._unhandled_exception:00000000 Vector40
     /tmp/ccl5aMSl.s:24     .text._unhandled_exception:00000000 Vector44
     /tmp/ccl5aMSl.s:24     .text._unhandled_exception:00000000 Vector48
     /tmp/ccl5aMSl.s:24     .text._unhandled_exception:00000000 Vector4C
     /tmp/ccl5aMSl.s:24     .text._unhandled_exception:00000000 Vector50
     /tmp/ccl5aMSl.s:24     .text._unhandled_exception:00000000 Vector54
     /tmp/ccl5aMSl.s:24     .text._unhandled_exception:00000000 Vector58
     /tmp/ccl5aMSl.s:24     .text._unhandled_exception:00000000 Vector5C
     /tmp/ccl5aMSl.s:24     .text._unhandled_exception:00000000 Vector60
     /tmp/ccl5aMSl.s:24     .text._unhandled_exception:00000000 Vector64
     /tmp/ccl5aMSl.s:24     .text._unhandled_exception:00000000 Vector68
     /tmp/ccl5aMSl.s:24     .text._unhandled_exception:00000000 Vector6C
     /tmp/ccl5aMSl.s:24     .text._unhandled_exception:00000000 Vector70
     /tmp/ccl5aMSl.s:24     .text._unhandled_exception:00000000 Vector74
     /tmp/ccl5aMSl.s:24     .text._unhandled_exception:00000000 Vector78
     /tmp/ccl5aMSl.s:24     .text._unhandled_exception:00000000 Vector7C
     /tmp/ccl5aMSl.s:24     .text._unhandled_exception:00000000 Vector80
     /tmp/ccl5aMSl.s:24     .text._unhandled_exception:00000000 Vector84
     /tmp/ccl5aMSl.s:24     .text._unhandled_exception:00000000 Vector88
     /tmp/ccl5aMSl.s:24     .text._unhandled_exception:00000000 Vector8C
     /tmp/ccl5aMSl.s:24     .text._unhandled_exception:00000000 Vector90
     /tmp/ccl5aMSl.s:24     .text._unhandled_exception:00000000 Vector94
     /tmp/ccl5aMSl.s:24     .text._unhandled_exception:00000000 Vector98
     /tmp/ccl5aMSl.s:24     .text._unhandled_exception:00000000 Vector9C
     /tmp/ccl5aMSl.s:24     .text._unhandled_exception:00000000 VectorA0
     /tmp/ccl5aMSl.s:24     .text._unhandled_exception:00000000 VectorA4
     /tmp/ccl5aMSl.s:24     .text._unhandled_exception:00000000 VectorA8
     /tmp/ccl5aMSl.s:24     .text._unhandled_exception:00000000 VectorAC
     /tmp/ccl5aMSl.s:24     .text._unhandled_exception:00000000 VectorB0
     /tmp/ccl5aMSl.s:24     .text._unhandled_exception:00000000 VectorB4
     /tmp/ccl5aMSl.s:24     .text._unhandled_exception:00000000 VectorB8
     /tmp/ccl5aMSl.s:24     .text._unhandled_exception:00000000 VectorBC
     /tmp/ccl5aMSl.s:24     .text._unhandled_exception:00000000 VectorC0
     /tmp/ccl5aMSl.s:24     .text._unhandled_exception:00000000 VectorC4
     /tmp/ccl5aMSl.s:24     .text._unhandled_exception:00000000 VectorC8
     /tmp/ccl5aMSl.s:24     .text._unhandled_exception:00000000 VectorCC
     /tmp/ccl5aMSl.s:24     .text._unhandled_exception:00000000 VectorD0
     /tmp/ccl5aMSl.s:24     .text._unhandled_exception:00000000 VectorD4
     /tmp/ccl5aMSl.s:24     .text._unhandled_exception:00000000 VectorD8
ARM GAS  /tmp/ccl5aMSl.s 			page 17


     /tmp/ccl5aMSl.s:24     .text._unhandled_exception:00000000 VectorDC
     /tmp/ccl5aMSl.s:24     .text._unhandled_exception:00000000 VectorE0
     /tmp/ccl5aMSl.s:24     .text._unhandled_exception:00000000 VectorE4
     /tmp/ccl5aMSl.s:24     .text._unhandled_exception:00000000 VectorE8
     /tmp/ccl5aMSl.s:157    vectors:00000000 _vectors
     /tmp/ccl5aMSl.s:154    vectors:00000000 $d
                     .debug_frame:00000010 $d

UNDEFINED SYMBOLS
__main_stack_end__
ResetHandler
